 
Currently running leave_7_tech_7_decoder_fc4 experiment. 
Starting the process with remaining sparsity 0 and connection 1!
Loaded pretrained model
Pretrained model has AUROC / IND / OOD = 0.7556878208208504 / 2.7934911251068115 / 3.532350778579712
Pruned model (before finetuning) has AUROC / IND / OOD = 0.3970745128380383 / 9.291585922241211 / 8.733609199523926
Pruned model (after finetuning) has AUROC / IND / OOD = 0.47932440268123394 / 7.2331767082214355 / 7.098390102386475
Notification sent to chrome.
 
Currently running leave_7_tech_7_decoder_fc4 experiment. 
Starting the process with remaining sparsity 0 and connection 2!
Loaded pretrained model
Pretrained model has AUROC / IND / OOD = 0.7556878208208504 / 2.7934911251068115 / 3.532350778579712
Pruned model (before finetuning) has AUROC / IND / OOD = 0.3970547258136425 / 9.291512489318848 / 8.733437538146973
Pruned model (after finetuning) has AUROC / IND / OOD = 0.6320876579275602 / 5.825265407562256 / 6.525818824768066
Notification sent to chrome.
 
Currently running leave_7_tech_7_decoder_fc4 experiment. 
Starting the process with remaining sparsity 0 and connection 3!
Loaded pretrained model
Pretrained model has AUROC / IND / OOD = 0.7556878208208504 / 2.7934911251068115 / 3.532350778579712
Pruned model (before finetuning) has AUROC / IND / OOD = 0.3970604721823711 / 9.291566848754883 / 8.733522415161133
Pruned model (after finetuning) has AUROC / IND / OOD = 0.6481246888287122 / 5.795815467834473 / 6.54501485824585
Notification sent to chrome.
 
Currently running leave_7_tech_7_decoder_fc4 experiment. 
Starting the process with remaining sparsity 0 and connection 4!
Loaded pretrained model
Pretrained model has AUROC / IND / OOD = 0.7556878208208504 / 2.7934911251068115 / 3.532350778579712
Pruned model (before finetuning) has AUROC / IND / OOD = 0.39706947121264424 / 9.291581153869629 / 8.733576774597168
Pruned model (after finetuning) has AUROC / IND / OOD = 0.4744208527697931 / 7.233884334564209 / 7.083643913269043
Notification sent to chrome.
 
Currently running leave_7_tech_7_decoder_fc4 experiment. 
Starting the process with remaining sparsity 0 and connection 5!
Loaded pretrained model
Pretrained model has AUROC / IND / OOD = 0.7556878208208504 / 2.7934911251068115 / 3.532350778579712
Pruned model (before finetuning) has AUROC / IND / OOD = 0.3970745128380383 / 9.291585922241211 / 8.733609199523926
Pruned model (after finetuning) has AUROC / IND / OOD = 0.47533772384816747 / 7.232426643371582 / 7.08535623550415
Notification sent to chrome.
 
Currently running leave_7_tech_7_decoder_fc4 experiment. 
Starting the process with remaining sparsity 0 and connection 6!
Loaded pretrained model
Pretrained model has AUROC / IND / OOD = 0.7556878208208504 / 2.7934911251068115 / 3.532350778579712
Pruned model (before finetuning) has AUROC / IND / OOD = 0.3970745128380383 / 9.291585922241211 / 8.733609199523926
Pruned model (after finetuning) has AUROC / IND / OOD = 0.4797793416092608 / 7.23026180267334 / 7.09889030456543
Notification sent to chrome.
 
Currently running leave_7_tech_7_decoder_fc4 experiment. 
Starting the process with remaining sparsity 0 and connection 7!
Loaded pretrained model
Pretrained model has AUROC / IND / OOD = 0.7556878208208504 / 2.7934911251068115 / 3.532350778579712
Pruned model (before finetuning) has AUROC / IND / OOD = 0.39680367455343124 / 9.291596412658691 / 8.732207298278809
Pruned model (after finetuning) has AUROC / IND / OOD = 0.647157347285372 / 5.819133281707764 / 6.565341472625732
Notification sent to chrome.
 
Currently running leave_7_tech_7_decoder_fc4 experiment. 
Starting the process with remaining sparsity 0 and connection 8!
Loaded pretrained model
Pretrained model has AUROC / IND / OOD = 0.7556878208208504 / 2.7934911251068115 / 3.532350778579712
Pruned model (before finetuning) has AUROC / IND / OOD = 0.3970686580472581 / 9.291593551635742 / 8.733569145202637
Pruned model (after finetuning) has AUROC / IND / OOD = 0.6546137486100293 / 5.872213840484619 / 6.6469316482543945
Notification sent to chrome.
 
Currently running leave_7_tech_7_decoder_fc4 experiment. 
Starting the process with remaining sparsity 0 and connection 9!
Loaded pretrained model
Pretrained model has AUROC / IND / OOD = 0.7556878208208504 / 2.7934911251068115 / 3.532350778579712
Pruned model (before finetuning) has AUROC / IND / OOD = 0.3970686580472581 / 9.291594505310059 / 8.733570098876953
Pruned model (after finetuning) has AUROC / IND / OOD = 0.4735445315386737 / 7.233230113983154 / 7.078756332397461
Notification sent to chrome.
 
Currently running leave_7_tech_7_decoder_fc4 experiment. 
Starting the process with remaining sparsity 0 and connection 10!
Loaded pretrained model
Pretrained model has AUROC / IND / OOD = 0.7556878208208504 / 2.7934911251068115 / 3.532350778579712
Pruned model (before finetuning) has AUROC / IND / OOD = 0.39707169386469965 / 9.291589736938477 / 8.733588218688965
Pruned model (after finetuning) has AUROC / IND / OOD = 0.6155457055326472 / 5.909131050109863 / 6.537777423858643
Notification sent to chrome.
 
Currently running leave_7_tech_7_decoder_fc4 experiment. 
Starting the process with remaining sparsity 0 and connection 11!
Loaded pretrained model
Pretrained model has AUROC / IND / OOD = 0.7556878208208504 / 2.7934911251068115 / 3.532350778579712
Pruned model (before finetuning) has AUROC / IND / OOD = 0.3970733201954719 / 9.291589736938477 / 8.733603477478027
Pruned model (after finetuning) has AUROC / IND / OOD = 0.4733453060190719 / 7.233579635620117 / 7.081672668457031
Notification sent to chrome.
 
Currently running leave_7_tech_7_decoder_fc4 experiment. 
Starting the process with remaining sparsity 0 and connection 12!
Loaded pretrained model
Pretrained model has AUROC / IND / OOD = 0.7556878208208504 / 2.7934911251068115 / 3.532350778579712
Pruned model (before finetuning) has AUROC / IND / OOD = 0.3970444799297772 / 9.291613578796387 / 8.733442306518555
Pruned model (after finetuning) has AUROC / IND / OOD = 0.48168502179716916 / 7.2343058586120605 / 7.108052730560303
Notification sent to chrome.
