 
Currently running leave_4_encoder_fc3 experiment. 
Starting the process with remaining connection 1 using tech 0!
Loaded pretrained model
Pretrained model has AUROC / IND / OOD = 0.9166617545628363 / 2.7372066974639893 / 4.327578544616699
Pruned model (before finetuning) has AUROC / IND / OOD = 0.4103229951050603 / 9.299330711364746 / 8.825029373168945
Pruned model (after finetuning) has AUROC / IND / OOD = 0.49351500664658465 / 7.223728179931641 / 7.178853511810303
Notification sent to chrome.
 
Currently running leave_4_encoder_fc3 experiment. 
Starting the process with remaining connection 2 using tech 0!
Loaded pretrained model
Pretrained model has AUROC / IND / OOD = 0.9166617545628363 / 2.7372066974639893 / 4.327578544616699
Pruned model (before finetuning) has AUROC / IND / OOD = 0.41024372391221176 / 9.301530838012695 / 8.8268404006958
Pruned model (after finetuning) has AUROC / IND / OOD = 0.492374325799634 / 7.221330165863037 / 7.172292709350586
Notification sent to chrome.
 
Currently running leave_4_encoder_fc3 experiment. 
Starting the process with remaining connection 3 using tech 0!
Loaded pretrained model
Pretrained model has AUROC / IND / OOD = 0.9166617545628363 / 2.7372066974639893 / 4.327578544616699
Pruned model (before finetuning) has AUROC / IND / OOD = 0.41024372391221176 / 9.301530838012695 / 8.8268404006958
Pruned model (after finetuning) has AUROC / IND / OOD = 0.4836869031793846 / 7.218998432159424 / 7.138449668884277
Notification sent to chrome.
 
Currently running leave_4_encoder_fc3 experiment. 
Starting the process with remaining connection 4 using tech 0!
Loaded pretrained model
Pretrained model has AUROC / IND / OOD = 0.9166617545628363 / 2.7372066974639893 / 4.327578544616699
Pruned model (before finetuning) has AUROC / IND / OOD = 0.40867552064912943 / 9.315390586853027 / 8.832515716552734
Pruned model (after finetuning) has AUROC / IND / OOD = 0.7157298889435431 / 5.373864650726318 / 6.547290802001953
Notification sent to chrome.
 
Currently running leave_4_encoder_fc3 experiment. 
Starting the process with remaining connection 5 using tech 0!
Loaded pretrained model
Pretrained model has AUROC / IND / OOD = 0.9166617545628363 / 2.7372066974639893 / 4.327578544616699
Pruned model (before finetuning) has AUROC / IND / OOD = 0.4087946532822565 / 9.307171821594238 / 8.824197769165039
Pruned model (after finetuning) has AUROC / IND / OOD = 0.7829585793337517 / 4.888299465179443 / 6.403593063354492
Notification sent to chrome.
 
Currently running leave_4_encoder_fc3 experiment. 
Starting the process with remaining connection 6 using tech 0!
Loaded pretrained model
Pretrained model has AUROC / IND / OOD = 0.9166617545628363 / 2.7372066974639893 / 4.327578544616699
Pruned model (before finetuning) has AUROC / IND / OOD = 0.4087946532822565 / 9.307171821594238 / 8.824197769165039
Pruned model (after finetuning) has AUROC / IND / OOD = 0.7971337253079268 / 4.862609386444092 / 6.510468006134033
Notification sent to chrome.
 
Currently running leave_4_encoder_fc3 experiment. 
Starting the process with remaining connection 7 using tech 0!
Loaded pretrained model
Pretrained model has AUROC / IND / OOD = 0.9166617545628363 / 2.7372066974639893 / 4.327578544616699
Pruned model (before finetuning) has AUROC / IND / OOD = 0.4082824394207737 / 9.31259536743164 / 8.827455520629883
Pruned model (after finetuning) has AUROC / IND / OOD = 0.7483732467176983 / 5.329076766967773 / 6.7341413497924805
Notification sent to chrome.
 
Currently running leave_4_encoder_fc3 experiment. 
Starting the process with remaining connection 8 using tech 0!
Loaded pretrained model
Pretrained model has AUROC / IND / OOD = 0.9166617545628363 / 2.7372066974639893 / 4.327578544616699
Pruned model (before finetuning) has AUROC / IND / OOD = 0.40817188885410893 / 9.310200691223145 / 8.824322700500488
Pruned model (after finetuning) has AUROC / IND / OOD = 0.7931232466047765 / 4.484959125518799 / 5.961616516113281
Notification sent to chrome.
 
Currently running leave_4_encoder_fc3 experiment. 
Starting the process with remaining connection 9 using tech 0!
Loaded pretrained model
Pretrained model has AUROC / IND / OOD = 0.9166617545628363 / 2.7372066974639893 / 4.327578544616699
Pruned model (before finetuning) has AUROC / IND / OOD = 0.40817188885410893 / 9.310200691223145 / 8.824322700500488
Pruned model (after finetuning) has AUROC / IND / OOD = 0.7884897211686606 / 4.480632305145264 / 5.890987396240234
Notification sent to chrome.
 
Currently running leave_4_encoder_fc3 experiment. 
Starting the process with remaining connection 10 using tech 0!
Loaded pretrained model
Pretrained model has AUROC / IND / OOD = 0.9166617545628363 / 2.7372066974639893 / 4.327578544616699
Pruned model (before finetuning) has AUROC / IND / OOD = 0.41154735110001767 / 9.311982154846191 / 8.844526290893555
Pruned model (after finetuning) has AUROC / IND / OOD = 0.8464640079424767 / 4.154757022857666 / 5.904319763183594
Notification sent to chrome.
 
Currently running leave_4_encoder_fc3 experiment. 
Starting the process with remaining connection 11 using tech 0!
Loaded pretrained model
Pretrained model has AUROC / IND / OOD = 0.9166617545628363 / 2.7372066974639893 / 4.327578544616699
Pruned model (before finetuning) has AUROC / IND / OOD = 0.41154735110001767 / 9.311982154846191 / 8.844526290893555
Pruned model (after finetuning) has AUROC / IND / OOD = 0.79872061714995 / 4.422834396362305 / 5.933504104614258
Notification sent to chrome.
 
Currently running leave_4_encoder_fc3 experiment. 
Starting the process with remaining connection 12 using tech 0!
Loaded pretrained model
Pretrained model has AUROC / IND / OOD = 0.9166617545628363 / 2.7372066974639893 / 4.327578544616699
Pruned model (before finetuning) has AUROC / IND / OOD = 0.4099534580985122 / 9.327679634094238 / 8.850406646728516
Pruned model (after finetuning) has AUROC / IND / OOD = 0.8493159076732257 / 4.1218180656433105 / 5.9115986824035645
Notification sent to chrome.
 
Currently running leave_4_encoder_fc3 experiment. 
Starting the process with remaining connection 13 using tech 0!
Loaded pretrained model
Pretrained model has AUROC / IND / OOD = 0.9166617545628363 / 2.7372066974639893 / 4.327578544616699
Pruned model (before finetuning) has AUROC / IND / OOD = 0.4104897243304746 / 9.320113182067871 / 8.846382141113281
Pruned model (after finetuning) has AUROC / IND / OOD = 0.8497515040071475 / 4.096772193908691 / 5.929817199707031
Notification sent to chrome.
 
Currently running leave_4_encoder_fc3 experiment. 
Starting the process with remaining connection 14 using tech 0!
Loaded pretrained model
Pretrained model has AUROC / IND / OOD = 0.9166617545628363 / 2.7372066974639893 / 4.327578544616699
Pruned model (before finetuning) has AUROC / IND / OOD = 0.40960543271908323 / 9.312224388122559 / 8.832596778869629
Pruned model (after finetuning) has AUROC / IND / OOD = 0.855103551665621 / 4.104562759399414 / 5.966763496398926
Notification sent to chrome.
 
Currently running leave_4_encoder_fc3 experiment. 
Starting the process with remaining connection 15 using tech 0!
Loaded pretrained model
Pretrained model has AUROC / IND / OOD = 0.9166617545628363 / 2.7372066974639893 / 4.327578544616699
Pruned model (before finetuning) has AUROC / IND / OOD = 0.4096048681094475 / 9.31223201751709 / 8.832619667053223
Pruned model (after finetuning) has AUROC / IND / OOD = 0.8582477498047578 / 4.1080851554870605 / 5.991461753845215
Notification sent to chrome.
 
Currently running leave_4_encoder_fc3 experiment. 
Starting the process with remaining connection 16 using tech 0!
Loaded pretrained model
Pretrained model has AUROC / IND / OOD = 0.9166617545628363 / 2.7372066974639893 / 4.327578544616699
Pruned model (before finetuning) has AUROC / IND / OOD = 0.4104846428437535 / 9.29067611694336 / 8.819674491882324
Pruned model (after finetuning) has AUROC / IND / OOD = 0.8854798323696578 / 3.7917897701263428 / 5.8213300704956055
Notification sent to chrome.
 
Currently running leave_4_encoder_fc3 experiment. 
Starting the process with remaining connection 1 using tech 1!
Loaded pretrained model
Pretrained model has AUROC / IND / OOD = 0.9166617545628363 / 2.7372066974639893 / 4.327578544616699
Pruned model (before finetuning) has AUROC / IND / OOD = 0.4103229951050603 / 9.299330711364746 / 8.825029373168945
Pruned model (after finetuning) has AUROC / IND / OOD = 0.48840624928012266 / 7.222042083740234 / 7.15833854675293
Notification sent to chrome.
 
Currently running leave_4_encoder_fc3 experiment. 
Starting the process with remaining connection 2 using tech 1!
Loaded pretrained model
Pretrained model has AUROC / IND / OOD = 0.9166617545628363 / 2.7372066974639893 / 4.327578544616699
Pruned model (before finetuning) has AUROC / IND / OOD = 0.4103229951050603 / 9.299330711364746 / 8.825029373168945
Pruned model (after finetuning) has AUROC / IND / OOD = 0.5019406197787724 / 7.219557285308838 / 7.202086448669434
Notification sent to chrome.
 
Currently running leave_4_encoder_fc3 experiment. 
Starting the process with remaining connection 3 using tech 1!
Loaded pretrained model
Pretrained model has AUROC / IND / OOD = 0.9166617545628363 / 2.7372066974639893 / 4.327578544616699
Pruned model (before finetuning) has AUROC / IND / OOD = 0.4103230515660239 / 9.299330711364746 / 8.825030326843262
Pruned model (after finetuning) has AUROC / IND / OOD = 0.678071329619557 / 5.981724262237549 / 6.973208904266357
Notification sent to chrome.
 
Currently running leave_4_encoder_fc3 experiment. 
Starting the process with remaining connection 4 using tech 1!
Loaded pretrained model
Pretrained model has AUROC / IND / OOD = 0.9166617545628363 / 2.7372066974639893 / 4.327578544616699
Pruned model (before finetuning) has AUROC / IND / OOD = 0.4103230515660239 / 9.299330711364746 / 8.825030326843262
Pruned model (after finetuning) has AUROC / IND / OOD = 0.6916246710019652 / 5.995752334594727 / 7.053783893585205
Notification sent to chrome.
 
Currently running leave_4_encoder_fc3 experiment. 
Starting the process with remaining connection 5 using tech 1!
Loaded pretrained model
Pretrained model has AUROC / IND / OOD = 0.9166617545628363 / 2.7372066974639893 / 4.327578544616699
Pruned model (before finetuning) has AUROC / IND / OOD = 0.4103230515660239 / 9.299330711364746 / 8.825030326843262
Pruned model (after finetuning) has AUROC / IND / OOD = 0.6685941875018915 / 5.968823432922363 / 6.913414478302002
Notification sent to chrome.
 
Currently running leave_4_encoder_fc3 experiment. 
Starting the process with remaining connection 6 using tech 1!
Loaded pretrained model
Pretrained model has AUROC / IND / OOD = 0.9166617545628363 / 2.7372066974639893 / 4.327578544616699
Pruned model (before finetuning) has AUROC / IND / OOD = 0.4103230515660239 / 9.299330711364746 / 8.825030326843262
Pruned model (after finetuning) has AUROC / IND / OOD = 0.6792284970678691 / 5.984151363372803 / 6.978650093078613
Notification sent to chrome.
 
Currently running leave_4_encoder_fc3 experiment. 
Starting the process with remaining connection 7 using tech 1!
Loaded pretrained model
Pretrained model has AUROC / IND / OOD = 0.9166617545628363 / 2.7372066974639893 / 4.327578544616699
Pruned model (before finetuning) has AUROC / IND / OOD = 0.41032310802698746 / 9.299328804016113 / 8.825029373168945
Pruned model (after finetuning) has AUROC / IND / OOD = 0.7266589812003059 / 5.331299781799316 / 6.548333644866943
Notification sent to chrome.
 
Currently running leave_4_encoder_fc3 experiment. 
Starting the process with remaining connection 8 using tech 1!
Loaded pretrained model
Pretrained model has AUROC / IND / OOD = 0.9166617545628363 / 2.7372066974639893 / 4.327578544616699
Pruned model (before finetuning) has AUROC / IND / OOD = 0.41032310802698746 / 9.299328804016113 / 8.825029373168945
Pruned model (after finetuning) has AUROC / IND / OOD = 0.7101532960329624 / 5.338608264923096 / 6.528649806976318
Notification sent to chrome.
 
Currently running leave_4_encoder_fc3 experiment. 
Starting the process with remaining connection 9 using tech 1!
Loaded pretrained model
Pretrained model has AUROC / IND / OOD = 0.9166617545628363 / 2.7372066974639893 / 4.327578544616699
Pruned model (before finetuning) has AUROC / IND / OOD = 0.41032310802698746 / 9.299328804016113 / 8.825029373168945
Pruned model (after finetuning) has AUROC / IND / OOD = 0.7464220687387388 / 5.331923961639404 / 6.689277648925781
Notification sent to chrome.
 
Currently running leave_4_encoder_fc3 experiment. 
Starting the process with remaining connection 10 using tech 1!
Loaded pretrained model
Pretrained model has AUROC / IND / OOD = 0.9166617545628363 / 2.7372066974639893 / 4.327578544616699
Pruned model (before finetuning) has AUROC / IND / OOD = 0.41032310802698746 / 9.299328804016113 / 8.825029373168945
Pruned model (after finetuning) has AUROC / IND / OOD = 0.7468917110336919 / 5.382196426391602 / 6.659525394439697
Notification sent to chrome.
 
Currently running leave_4_encoder_fc3 experiment. 
Starting the process with remaining connection 11 using tech 1!
Loaded pretrained model
Pretrained model has AUROC / IND / OOD = 0.9166617545628363 / 2.7372066974639893 / 4.327578544616699
Pruned model (before finetuning) has AUROC / IND / OOD = 0.41032310802698746 / 9.299328804016113 / 8.825029373168945
Pruned model (after finetuning) has AUROC / IND / OOD = 0.7628423849291687 / 5.3542304039001465 / 6.815179347991943
Notification sent to chrome.
 
Currently running leave_4_encoder_fc3 experiment. 
Starting the process with remaining connection 12 using tech 1!
Loaded pretrained model
Pretrained model has AUROC / IND / OOD = 0.9166617545628363 / 2.7372066974639893 / 4.327578544616699
Pruned model (before finetuning) has AUROC / IND / OOD = 0.41032310802698746 / 9.299328804016113 / 8.825029373168945
Pruned model (after finetuning) has AUROC / IND / OOD = 0.716519100292287 / 5.384767532348633 / 6.643749713897705
Notification sent to chrome.
 
Currently running leave_4_encoder_fc3 experiment. 
Starting the process with remaining connection 13 using tech 1!
Loaded pretrained model
Pretrained model has AUROC / IND / OOD = 0.9166617545628363 / 2.7372066974639893 / 4.327578544616699
Pruned model (before finetuning) has AUROC / IND / OOD = 0.41032310802698746 / 9.299328804016113 / 8.825029373168945
Pruned model (after finetuning) has AUROC / IND / OOD = 0.7544639167015597 / 5.327237129211426 / 6.734737396240234
Notification sent to chrome.
 
Currently running leave_4_encoder_fc3 experiment. 
Starting the process with remaining connection 14 using tech 1!
Loaded pretrained model
Pretrained model has AUROC / IND / OOD = 0.9166617545628363 / 2.7372066974639893 / 4.327578544616699
Pruned model (before finetuning) has AUROC / IND / OOD = 0.41032310802698746 / 9.299328804016113 / 8.825029373168945
Pruned model (after finetuning) has AUROC / IND / OOD = 0.714545563771755 / 5.397933483123779 / 6.541084289550781
Notification sent to chrome.
 
Currently running leave_4_encoder_fc3 experiment. 
Starting the process with remaining connection 15 using tech 1!
Loaded pretrained model
Pretrained model has AUROC / IND / OOD = 0.9166617545628363 / 2.7372066974639893 / 4.327578544616699
Pruned model (before finetuning) has AUROC / IND / OOD = 0.41032310802698746 / 9.299328804016113 / 8.825029373168945
Pruned model (after finetuning) has AUROC / IND / OOD = 0.7336301599109994 / 5.410208702087402 / 6.695434093475342
Notification sent to chrome.
 
Currently running leave_4_encoder_fc3 experiment. 
Starting the process with remaining connection 16 using tech 1!
Loaded pretrained model
Pretrained model has AUROC / IND / OOD = 0.9166617545628363 / 2.7372066974639893 / 4.327578544616699
Pruned model (before finetuning) has AUROC / IND / OOD = 0.41032310802698746 / 9.299328804016113 / 8.825029373168945
Pruned model (after finetuning) has AUROC / IND / OOD = 0.7570719615306614 / 5.39673376083374 / 6.818448066711426
Notification sent to chrome.
 
Currently running leave_4_encoder_fc3 experiment. 
Starting the process with remaining connection 1 using tech 2!
Loaded pretrained model
Pretrained model has AUROC / IND / OOD = 0.9166617545628363 / 2.7372066974639893 / 4.327578544616699
Pruned model (before finetuning) has AUROC / IND / OOD = 0.4105531864535243 / 9.303140640258789 / 8.83026123046875
Pruned model (after finetuning) has AUROC / IND / OOD = 0.4917946410866884 / 7.22059965133667 / 7.169984340667725
Notification sent to chrome.
 
Currently running leave_4_encoder_fc3 experiment. 
Starting the process with remaining connection 2 using tech 2!
Loaded pretrained model
Pretrained model has AUROC / IND / OOD = 0.9166617545628363 / 2.7372066974639893 / 4.327578544616699
Pruned model (before finetuning) has AUROC / IND / OOD = 0.4105531864535243 / 9.303140640258789 / 8.83026123046875
Pruned model (after finetuning) has AUROC / IND / OOD = 0.6372860750551397 / 6.093103885650635 / 6.907285690307617
Notification sent to chrome.
 
Currently running leave_4_encoder_fc3 experiment. 
Starting the process with remaining connection 3 using tech 2!
Loaded pretrained model
Pretrained model has AUROC / IND / OOD = 0.9166617545628363 / 2.7372066974639893 / 4.327578544616699
Pruned model (before finetuning) has AUROC / IND / OOD = 0.4105531864535243 / 9.303140640258789 / 8.83026123046875
Pruned model (after finetuning) has AUROC / IND / OOD = 0.635205996696356 / 6.107840061187744 / 6.906261920928955
Notification sent to chrome.
 
Currently running leave_4_encoder_fc3 experiment. 
Starting the process with remaining connection 4 using tech 2!
Loaded pretrained model
Pretrained model has AUROC / IND / OOD = 0.9166617545628363 / 2.7372066974639893 / 4.327578544616699
Pruned model (before finetuning) has AUROC / IND / OOD = 0.4109412426561225 / 9.297805786132812 / 8.82706356048584
Pruned model (after finetuning) has AUROC / IND / OOD = 0.7189154165080114 / 5.37954568862915 / 6.563721656799316
Notification sent to chrome.
 
Currently running leave_4_encoder_fc3 experiment. 
Starting the process with remaining connection 5 using tech 2!
Loaded pretrained model
Pretrained model has AUROC / IND / OOD = 0.9166617545628363 / 2.7372066974639893 / 4.327578544616699
Pruned model (before finetuning) has AUROC / IND / OOD = 0.4109412426561225 / 9.297805786132812 / 8.82706356048584
Pruned model (after finetuning) has AUROC / IND / OOD = 0.7484009125898463 / 5.429014682769775 / 6.701812267303467
Notification sent to chrome.
 
Currently running leave_4_encoder_fc3 experiment. 
Starting the process with remaining connection 6 using tech 2!
Loaded pretrained model
Pretrained model has AUROC / IND / OOD = 0.9166617545628363 / 2.7372066974639893 / 4.327578544616699
Pruned model (before finetuning) has AUROC / IND / OOD = 0.4109412426561225 / 9.297805786132812 / 8.82706356048584
Pruned model (after finetuning) has AUROC / IND / OOD = 0.7155245968800122 / 5.418211936950684 / 6.584620952606201
Notification sent to chrome.
 
Currently running leave_4_encoder_fc3 experiment. 
Starting the process with remaining connection 7 using tech 2!
Loaded pretrained model
Pretrained model has AUROC / IND / OOD = 0.9166617545628363 / 2.7372066974639893 / 4.327578544616699
Pruned model (before finetuning) has AUROC / IND / OOD = 0.4101891826214058 / 9.308412551879883 / 8.833306312561035
Pruned model (after finetuning) has AUROC / IND / OOD = 0.7509814044687273 / 4.900960445404053 / 6.25153112411499
Notification sent to chrome.
 
Currently running leave_4_encoder_fc3 experiment. 
Starting the process with remaining connection 8 using tech 2!
Loaded pretrained model
Pretrained model has AUROC / IND / OOD = 0.9166617545628363 / 2.7372066974639893 / 4.327578544616699
Pruned model (before finetuning) has AUROC / IND / OOD = 0.4101891826214058 / 9.308412551879883 / 8.833306312561035
Pruned model (after finetuning) has AUROC / IND / OOD = 0.7539095829612555 / 4.9140753746032715 / 6.311464786529541
Notification sent to chrome.
 
Currently running leave_4_encoder_fc3 experiment. 
Starting the process with remaining connection 9 using tech 2!
Loaded pretrained model
Pretrained model has AUROC / IND / OOD = 0.9166617545628363 / 2.7372066974639893 / 4.327578544616699
Pruned model (before finetuning) has AUROC / IND / OOD = 0.4101891826214058 / 9.308412551879883 / 8.833306312561035
Pruned model (after finetuning) has AUROC / IND / OOD = 0.7543401542694199 / 4.9188947677612305 / 6.235828876495361
Notification sent to chrome.
 
Currently running leave_4_encoder_fc3 experiment. 
Starting the process with remaining connection 10 using tech 2!
Loaded pretrained model
Pretrained model has AUROC / IND / OOD = 0.9166617545628363 / 2.7372066974639893 / 4.327578544616699
Pruned model (before finetuning) has AUROC / IND / OOD = 0.4108386530853207 / 9.297483444213867 / 8.82749080657959
Pruned model (after finetuning) has AUROC / IND / OOD = 0.7785166259470199 / 4.578329563140869 / 5.942595958709717
Notification sent to chrome.
 
Currently running leave_4_encoder_fc3 experiment. 
Starting the process with remaining connection 11 using tech 2!
Loaded pretrained model
Pretrained model has AUROC / IND / OOD = 0.9166617545628363 / 2.7372066974639893 / 4.327578544616699
Pruned model (before finetuning) has AUROC / IND / OOD = 0.4108386530853207 / 9.297483444213867 / 8.82749080657959
Pruned model (after finetuning) has AUROC / IND / OOD = 0.7754511908520592 / 4.564987659454346 / 5.9052910804748535
Notification sent to chrome.
 
Currently running leave_4_encoder_fc3 experiment. 
Starting the process with remaining connection 12 using tech 2!
Loaded pretrained model
Pretrained model has AUROC / IND / OOD = 0.9166617545628363 / 2.7372066974639893 / 4.327578544616699
Pruned model (before finetuning) has AUROC / IND / OOD = 0.4108386530853207 / 9.297483444213867 / 8.82749080657959
Pruned model (after finetuning) has AUROC / IND / OOD = 0.7846773075257044 / 4.533901691436768 / 5.994168281555176
Notification sent to chrome.
 
Currently running leave_4_encoder_fc3 experiment. 
Starting the process with remaining connection 13 using tech 2!
Loaded pretrained model
Pretrained model has AUROC / IND / OOD = 0.9166617545628363 / 2.7372066974639893 / 4.327578544616699
Pruned model (before finetuning) has AUROC / IND / OOD = 0.4108386530853207 / 9.297483444213867 / 8.82749080657959
Pruned model (after finetuning) has AUROC / IND / OOD = 0.7820497272032083 / 4.587874889373779 / 5.975287437438965
Notification sent to chrome.
 
Currently running leave_4_encoder_fc3 experiment. 
Starting the process with remaining connection 14 using tech 2!
Loaded pretrained model
Pretrained model has AUROC / IND / OOD = 0.9166617545628363 / 2.7372066974639893 / 4.327578544616699
Pruned model (before finetuning) has AUROC / IND / OOD = 0.4098046269985488 / 9.28770637512207 / 8.811724662780762
Pruned model (after finetuning) has AUROC / IND / OOD = 0.8007396047461538 / 4.460014820098877 / 5.987320899963379
Notification sent to chrome.
 
Currently running leave_4_encoder_fc3 experiment. 
Starting the process with remaining connection 15 using tech 2!
Loaded pretrained model
Pretrained model has AUROC / IND / OOD = 0.9166617545628363 / 2.7372066974639893 / 4.327578544616699
Pruned model (before finetuning) has AUROC / IND / OOD = 0.4098046269985488 / 9.28770637512207 / 8.811724662780762
Pruned model (after finetuning) has AUROC / IND / OOD = 0.8056524990300008 / 4.459176540374756 / 6.048936367034912
Notification sent to chrome.
 
Currently running leave_4_encoder_fc3 experiment. 
Starting the process with remaining connection 16 using tech 2!
Loaded pretrained model
Pretrained model has AUROC / IND / OOD = 0.9166617545628363 / 2.7372066974639893 / 4.327578544616699
Pruned model (before finetuning) has AUROC / IND / OOD = 0.4095175229988089 / 9.291230201721191 / 8.81310749053955
Pruned model (after finetuning) has AUROC / IND / OOD = 0.8259156048617858 / 4.187894344329834 / 5.783880710601807
Notification sent to chrome.
 
Currently running leave_4_encoder_fc3 experiment. 
Starting the process with remaining connection 1 using tech 3!
Loaded pretrained model
Pretrained model has AUROC / IND / OOD = 0.9166617545628363 / 2.7372066974639893 / 4.327578544616699
Pruned model (before finetuning) has AUROC / IND / OOD = 0.4103229951050603 / 9.299330711364746 / 8.825029373168945
Pruned model (after finetuning) has AUROC / IND / OOD = 0.487640356309332 / 7.221785545349121 / 7.15760612487793
Notification sent to chrome.
 
Currently running leave_4_encoder_fc3 experiment. 
Starting the process with remaining connection 2 using tech 3!
Loaded pretrained model
Pretrained model has AUROC / IND / OOD = 0.9166617545628363 / 2.7372066974639893 / 4.327578544616699
Pruned model (before finetuning) has AUROC / IND / OOD = 0.4103229951050603 / 9.299330711364746 / 8.825029373168945
Pruned model (after finetuning) has AUROC / IND / OOD = 0.49006145888806224 / 7.220832347869873 / 7.163933753967285
Notification sent to chrome.
 
Currently running leave_4_encoder_fc3 experiment. 
Starting the process with remaining connection 3 using tech 3!
Loaded pretrained model
Pretrained model has AUROC / IND / OOD = 0.9166617545628363 / 2.7372066974639893 / 4.327578544616699
Pruned model (before finetuning) has AUROC / IND / OOD = 0.41028838453439354 / 9.300702095031738 / 8.826074600219727
Pruned model (after finetuning) has AUROC / IND / OOD = 0.49774381989584987 / 7.218502521514893 / 7.187857151031494
Notification sent to chrome.
 
Currently running leave_4_encoder_fc3 experiment. 
Starting the process with remaining connection 4 using tech 3!
Loaded pretrained model
Pretrained model has AUROC / IND / OOD = 0.9166617545628363 / 2.7372066974639893 / 4.327578544616699
Pruned model (before finetuning) has AUROC / IND / OOD = 0.41024140901270556 / 9.301298141479492 / 8.826438903808594
Pruned model (after finetuning) has AUROC / IND / OOD = 0.728956264885933 / 5.4534196853637695 / 6.633088111877441
Notification sent to chrome.
 
Currently running leave_4_encoder_fc3 experiment. 
Starting the process with remaining connection 5 using tech 3!
Loaded pretrained model
Pretrained model has AUROC / IND / OOD = 0.9166617545628363 / 2.7372066974639893 / 4.327578544616699
Pruned model (before finetuning) has AUROC / IND / OOD = 0.41024140901270556 / 9.301298141479492 / 8.826438903808594
Pruned model (after finetuning) has AUROC / IND / OOD = 0.6903648010609241 / 5.4711222648620605 / 6.477225303649902
Notification sent to chrome.
 
Currently running leave_4_encoder_fc3 experiment. 
Starting the process with remaining connection 6 using tech 3!
Loaded pretrained model
Pretrained model has AUROC / IND / OOD = 0.9166617545628363 / 2.7372066974639893 / 4.327578544616699
Pruned model (before finetuning) has AUROC / IND / OOD = 0.4102345207751503 / 9.301953315734863 / 8.827077865600586
Pruned model (after finetuning) has AUROC / IND / OOD = 0.7448306600196304 / 4.943646430969238 / 6.217784404754639
Notification sent to chrome.
 
Currently running leave_4_encoder_fc3 experiment. 
Starting the process with remaining connection 7 using tech 3!
Loaded pretrained model
Pretrained model has AUROC / IND / OOD = 0.9166617545628363 / 2.7372066974639893 / 4.327578544616699
Pruned model (before finetuning) has AUROC / IND / OOD = 0.4102345207751503 / 9.301953315734863 / 8.827077865600586
Pruned model (after finetuning) has AUROC / IND / OOD = 0.7524385490164727 / 5.100617408752441 / 6.429969787597656
Notification sent to chrome.
 
Currently running leave_4_encoder_fc3 experiment. 
Starting the process with remaining connection 8 using tech 3!
Loaded pretrained model
Pretrained model has AUROC / IND / OOD = 0.9166617545628363 / 2.7372066974639893 / 4.327578544616699
Pruned model (before finetuning) has AUROC / IND / OOD = 0.4102345207751503 / 9.301953315734863 / 8.827077865600586
Pruned model (after finetuning) has AUROC / IND / OOD = 0.7759343273173047 / 5.001101016998291 / 6.4201555252075195
Notification sent to chrome.
 
Currently running leave_4_encoder_fc3 experiment. 
Starting the process with remaining connection 9 using tech 3!
Loaded pretrained model
Pretrained model has AUROC / IND / OOD = 0.9166617545628363 / 2.7372066974639893 / 4.327578544616699
Pruned model (before finetuning) has AUROC / IND / OOD = 0.4102548467220346 / 9.301149368286133 / 8.826448440551758
Pruned model (after finetuning) has AUROC / IND / OOD = 0.7571643316670574 / 4.699304580688477 / 5.923135757446289
Notification sent to chrome.
 
Currently running leave_4_encoder_fc3 experiment. 
Starting the process with remaining connection 10 using tech 3!
Loaded pretrained model
Pretrained model has AUROC / IND / OOD = 0.9166617545628363 / 2.7372066974639893 / 4.327578544616699
Pruned model (before finetuning) has AUROC / IND / OOD = 0.410180148867235 / 9.299245834350586 / 8.823991775512695
Pruned model (after finetuning) has AUROC / IND / OOD = 0.8084550518785917 / 4.40220308303833 / 5.795064449310303
Notification sent to chrome.
 
Currently running leave_4_encoder_fc3 experiment. 
Starting the process with remaining connection 11 using tech 3!
Loaded pretrained model
Pretrained model has AUROC / IND / OOD = 0.9166617545628363 / 2.7372066974639893 / 4.327578544616699
Pruned model (before finetuning) has AUROC / IND / OOD = 0.410180148867235 / 9.299245834350586 / 8.823991775512695
Pruned model (after finetuning) has AUROC / IND / OOD = 0.7655348953597669 / 4.701953411102295 / 5.961406707763672
Notification sent to chrome.
 
Currently running leave_4_encoder_fc3 experiment. 
Starting the process with remaining connection 12 using tech 3!
Loaded pretrained model
Pretrained model has AUROC / IND / OOD = 0.9166617545628363 / 2.7372066974639893 / 4.327578544616699
Pruned model (before finetuning) has AUROC / IND / OOD = 0.410180148867235 / 9.299245834350586 / 8.823991775512695
Pruned model (after finetuning) has AUROC / IND / OOD = 0.8208478946158373 / 4.383439064025879 / 5.844071865081787
Notification sent to chrome.
 
Currently running leave_4_encoder_fc3 experiment. 
Starting the process with remaining connection 13 using tech 3!
Loaded pretrained model
Pretrained model has AUROC / IND / OOD = 0.9166617545628363 / 2.7372066974639893 / 4.327578544616699
Pruned model (before finetuning) has AUROC / IND / OOD = 0.410180148867235 / 9.299245834350586 / 8.823991775512695
Pruned model (after finetuning) has AUROC / IND / OOD = 0.7998004895391384 / 4.527069091796875 / 5.819015979766846
Notification sent to chrome.
 
Currently running leave_4_encoder_fc3 experiment. 
Starting the process with remaining connection 14 using tech 3!
Loaded pretrained model
Pretrained model has AUROC / IND / OOD = 0.9166617545628363 / 2.7372066974639893 / 4.327578544616699
Pruned model (before finetuning) has AUROC / IND / OOD = 0.410180148867235 / 9.299245834350586 / 8.823991775512695
Pruned model (after finetuning) has AUROC / IND / OOD = 0.7564791214132044 / 4.715135097503662 / 5.9594855308532715
Notification sent to chrome.
 
Currently running leave_4_encoder_fc3 experiment. 
Starting the process with remaining connection 15 using tech 3!
Loaded pretrained model
Pretrained model has AUROC / IND / OOD = 0.9166617545628363 / 2.7372066974639893 / 4.327578544616699
Pruned model (before finetuning) has AUROC / IND / OOD = 0.410180148867235 / 9.299245834350586 / 8.823991775512695
Pruned model (after finetuning) has AUROC / IND / OOD = 0.7587852130091479 / 4.650404453277588 / 5.800244331359863
Notification sent to chrome.
 
Currently running leave_4_encoder_fc3 experiment. 
Starting the process with remaining connection 16 using tech 3!
Loaded pretrained model
Pretrained model has AUROC / IND / OOD = 0.9166617545628363 / 2.7372066974639893 / 4.327578544616699
Pruned model (before finetuning) has AUROC / IND / OOD = 0.410180148867235 / 9.299245834350586 / 8.823991775512695
Pruned model (after finetuning) has AUROC / IND / OOD = 0.8084147387506048 / 4.4690775871276855 / 5.942909240722656
Notification sent to chrome.
 
Currently running leave_4_encoder_fc3 experiment. 
Starting the process with remaining connection 1 using tech 4!
Loaded pretrained model
Pretrained model has AUROC / IND / OOD = 0.9166617545628363 / 2.7372066974639893 / 4.327578544616699
Pruned model (before finetuning) has AUROC / IND / OOD = 0.4103229951050603 / 9.299330711364746 / 8.825029373168945
Pruned model (after finetuning) has AUROC / IND / OOD = 0.4922436751299393 / 7.218117713928223 / 7.166508197784424
Notification sent to chrome.
 
Currently running leave_4_encoder_fc3 experiment. 
Starting the process with remaining connection 2 using tech 4!
Loaded pretrained model
Pretrained model has AUROC / IND / OOD = 0.9166617545628363 / 2.7372066974639893 / 4.327578544616699
Pruned model (before finetuning) has AUROC / IND / OOD = 0.41024372391221176 / 9.301530838012695 / 8.8268404006958
Pruned model (after finetuning) has AUROC / IND / OOD = 0.49541361946846296 / 7.218266487121582 / 7.175032615661621
Notification sent to chrome.
 
Currently running leave_4_encoder_fc3 experiment. 
Starting the process with remaining connection 3 using tech 4!
Loaded pretrained model
Pretrained model has AUROC / IND / OOD = 0.9166617545628363 / 2.7372066974639893 / 4.327578544616699
Pruned model (before finetuning) has AUROC / IND / OOD = 0.41024372391221176 / 9.301530838012695 / 8.8268404006958
Pruned model (after finetuning) has AUROC / IND / OOD = 0.6485058283523472 / 6.128921031951904 / 6.973866939544678
Notification sent to chrome.
 
Currently running leave_4_encoder_fc3 experiment. 
Starting the process with remaining connection 4 using tech 4!
Loaded pretrained model
Pretrained model has AUROC / IND / OOD = 0.9166617545628363 / 2.7372066974639893 / 4.327578544616699
Pruned model (before finetuning) has AUROC / IND / OOD = 0.40867552064912943 / 9.315390586853027 / 8.832515716552734
Pruned model (after finetuning) has AUROC / IND / OOD = 0.7234605805361443 / 5.38156795501709 / 6.588580131530762
Notification sent to chrome.
 
Currently running leave_4_encoder_fc3 experiment. 
Starting the process with remaining connection 5 using tech 4!
Loaded pretrained model
Pretrained model has AUROC / IND / OOD = 0.9166617545628363 / 2.7372066974639893 / 4.327578544616699
Pruned model (before finetuning) has AUROC / IND / OOD = 0.4076959229312364 / 9.304798126220703 / 8.816754341125488
Pruned model (after finetuning) has AUROC / IND / OOD = 0.7686838926808071 / 5.296687602996826 / 6.829963684082031
Notification sent to chrome.
 
Currently running leave_4_encoder_fc3 experiment. 
Starting the process with remaining connection 6 using tech 4!
Loaded pretrained model
Pretrained model has AUROC / IND / OOD = 0.9166617545628363 / 2.7372066974639893 / 4.327578544616699
Pruned model (before finetuning) has AUROC / IND / OOD = 0.407905280184144 / 9.298299789428711 / 8.81052303314209
Pruned model (after finetuning) has AUROC / IND / OOD = 0.7529383414659705 / 4.842918395996094 / 6.113917827606201
Notification sent to chrome.
 
Currently running leave_4_encoder_fc3 experiment. 
Starting the process with remaining connection 7 using tech 4!
Loaded pretrained model
Pretrained model has AUROC / IND / OOD = 0.9166617545628363 / 2.7372066974639893 / 4.327578544616699
Pruned model (before finetuning) has AUROC / IND / OOD = 0.407905280184144 / 9.298299789428711 / 8.81052303314209
Pruned model (after finetuning) has AUROC / IND / OOD = 0.7564616185144984 / 4.830363750457764 / 6.12274169921875
Notification sent to chrome.
 
Currently running leave_4_encoder_fc3 experiment. 
Starting the process with remaining connection 8 using tech 4!
Loaded pretrained model
Pretrained model has AUROC / IND / OOD = 0.9166617545628363 / 2.7372066974639893 / 4.327578544616699
Pruned model (before finetuning) has AUROC / IND / OOD = 0.4079974244766859 / 9.296677589416504 / 8.809503555297852
Pruned model (after finetuning) has AUROC / IND / OOD = 0.7582560608585951 / 4.838263511657715 / 6.139971733093262
Notification sent to chrome.
 
Currently running leave_4_encoder_fc3 experiment. 
Starting the process with remaining connection 9 using tech 4!
Loaded pretrained model
Pretrained model has AUROC / IND / OOD = 0.9166617545628363 / 2.7372066974639893 / 4.327578544616699
Pruned model (before finetuning) has AUROC / IND / OOD = 0.40677092296511297 / 9.287939071655273 / 8.793107986450195
Pruned model (after finetuning) has AUROC / IND / OOD = 0.7518581303110006 / 4.832584381103516 / 6.095560073852539
Notification sent to chrome.
 
Currently running leave_4_encoder_fc3 experiment. 
Starting the process with remaining connection 10 using tech 4!
Loaded pretrained model
Pretrained model has AUROC / IND / OOD = 0.9166617545628363 / 2.7372066974639893 / 4.327578544616699
Pruned model (before finetuning) has AUROC / IND / OOD = 0.4068219072152143 / 9.289087295532227 / 8.794840812683105
Pruned model (after finetuning) has AUROC / IND / OOD = 0.7961051194736574 / 4.422586441040039 / 5.929034233093262
Notification sent to chrome.
 
Currently running leave_4_encoder_fc3 experiment. 
Starting the process with remaining connection 11 using tech 4!
Loaded pretrained model
Pretrained model has AUROC / IND / OOD = 0.9166617545628363 / 2.7372066974639893 / 4.327578544616699
Pruned model (before finetuning) has AUROC / IND / OOD = 0.40638772240538157 / 9.29382038116455 / 8.798001289367676
Pruned model (after finetuning) has AUROC / IND / OOD = 0.8007769819040353 / 4.442225456237793 / 5.967441558837891
Notification sent to chrome.
 
Currently running leave_4_encoder_fc3 experiment. 
Starting the process with remaining connection 12 using tech 4!
Loaded pretrained model
Pretrained model has AUROC / IND / OOD = 0.9166617545628363 / 2.7372066974639893 / 4.327578544616699
Pruned model (before finetuning) has AUROC / IND / OOD = 0.40659075603036965 / 9.291193962097168 / 8.796590805053711
Pruned model (after finetuning) has AUROC / IND / OOD = 0.8470833847128103 / 4.096593856811523 / 5.900694370269775
Notification sent to chrome.
 
Currently running leave_4_encoder_fc3 experiment. 
Starting the process with remaining connection 13 using tech 4!
Loaded pretrained model
Pretrained model has AUROC / IND / OOD = 0.9166617545628363 / 2.7372066974639893 / 4.327578544616699
Pruned model (before finetuning) has AUROC / IND / OOD = 0.4065925627812038 / 9.291202545166016 / 8.796614646911621
Pruned model (after finetuning) has AUROC / IND / OOD = 0.8498125947697275 / 4.087428092956543 / 5.892843723297119
Notification sent to chrome.
 
Currently running leave_4_encoder_fc3 experiment. 
Starting the process with remaining connection 14 using tech 4!
Loaded pretrained model
Pretrained model has AUROC / IND / OOD = 0.9166617545628363 / 2.7372066974639893 / 4.327578544616699
Pruned model (before finetuning) has AUROC / IND / OOD = 0.4065925627812038 / 9.291202545166016 / 8.796614646911621
Pruned model (after finetuning) has AUROC / IND / OOD = 0.8437245219901903 / 4.111037254333496 / 5.888138294219971
Notification sent to chrome.
 
Currently running leave_4_encoder_fc3 experiment. 
Starting the process with remaining connection 15 using tech 4!
Loaded pretrained model
Pretrained model has AUROC / IND / OOD = 0.9166617545628363 / 2.7372066974639893 / 4.327578544616699
Pruned model (before finetuning) has AUROC / IND / OOD = 0.40687740834240105 / 9.286130905151367 / 8.79275131225586
Pruned model (after finetuning) has AUROC / IND / OOD = 0.836557028509173 / 4.088305950164795 / 5.79433536529541
Notification sent to chrome.
 
Currently running leave_4_encoder_fc3 experiment. 
Starting the process with remaining connection 16 using tech 4!
Loaded pretrained model
Pretrained model has AUROC / IND / OOD = 0.9166617545628363 / 2.7372066974639893 / 4.327578544616699
Pruned model (before finetuning) has AUROC / IND / OOD = 0.4068612040458571 / 9.288813591003418 / 8.79574966430664
Pruned model (after finetuning) has AUROC / IND / OOD = 0.8396295212245796 / 4.0925517082214355 / 5.850948333740234
Notification sent to chrome.
 
Currently running leave_4_encoder_fc3 experiment. 
Starting the process with remaining connection 1 using tech 5!
Loaded pretrained model
Pretrained model has AUROC / IND / OOD = 0.9166617545628363 / 2.7372066974639893 / 4.327578544616699
Pruned model (before finetuning) has AUROC / IND / OOD = 0.4103229951050603 / 9.299330711364746 / 8.825029373168945
Pruned model (after finetuning) has AUROC / IND / OOD = 0.501219443891127 / 7.219356060028076 / 7.198263645172119
Notification sent to chrome.
 
Currently running leave_4_encoder_fc3 experiment. 
Starting the process with remaining connection 2 using tech 5!
Loaded pretrained model
Pretrained model has AUROC / IND / OOD = 0.9166617545628363 / 2.7372066974639893 / 4.327578544616699
Pruned model (before finetuning) has AUROC / IND / OOD = 0.41024372391221176 / 9.301530838012695 / 8.8268404006958
Pruned model (after finetuning) has AUROC / IND / OOD = 0.4930734254505246 / 7.220713138580322 / 7.170643329620361
Notification sent to chrome.
 
Currently running leave_4_encoder_fc3 experiment. 
Starting the process with remaining connection 3 using tech 5!
Loaded pretrained model
Pretrained model has AUROC / IND / OOD = 0.9166617545628363 / 2.7372066974639893 / 4.327578544616699
Pruned model (before finetuning) has AUROC / IND / OOD = 0.41024372391221176 / 9.301530838012695 / 8.8268404006958
Pruned model (after finetuning) has AUROC / IND / OOD = 0.6457739646301422 / 6.118808269500732 / 6.957549571990967
Notification sent to chrome.
 
Currently running leave_4_encoder_fc3 experiment. 
Starting the process with remaining connection 4 using tech 5!
Loaded pretrained model
Pretrained model has AUROC / IND / OOD = 0.9166617545628363 / 2.7372066974639893 / 4.327578544616699
Pruned model (before finetuning) has AUROC / IND / OOD = 0.40867552064912943 / 9.315390586853027 / 8.832515716552734
Pruned model (after finetuning) has AUROC / IND / OOD = 0.7124688730707853 / 5.440464019775391 / 6.510951995849609
Notification sent to chrome.
 
Currently running leave_4_encoder_fc3 experiment. 
Starting the process with remaining connection 5 using tech 5!
Loaded pretrained model
Pretrained model has AUROC / IND / OOD = 0.9166617545628363 / 2.7372066974639893 / 4.327578544616699
Pruned model (before finetuning) has AUROC / IND / OOD = 0.4087946532822565 / 9.307171821594238 / 8.824197769165039
Pruned model (after finetuning) has AUROC / IND / OOD = 0.7785351451430699 / 4.855029582977295 / 6.304731369018555
Notification sent to chrome.
 
Currently running leave_4_encoder_fc3 experiment. 
Starting the process with remaining connection 6 using tech 5!
Loaded pretrained model
Pretrained model has AUROC / IND / OOD = 0.9166617545628363 / 2.7372066974639893 / 4.327578544616699
Pruned model (before finetuning) has AUROC / IND / OOD = 0.4087946532822565 / 9.307171821594238 / 8.824197769165039
Pruned model (after finetuning) has AUROC / IND / OOD = 0.7825343881144704 / 4.881749153137207 / 6.407811641693115
Notification sent to chrome.
 
Currently running leave_4_encoder_fc3 experiment. 
Starting the process with remaining connection 7 using tech 5!
Loaded pretrained model
Pretrained model has AUROC / IND / OOD = 0.9166617545628363 / 2.7372066974639893 / 4.327578544616699
Pruned model (before finetuning) has AUROC / IND / OOD = 0.4076977296820706 / 9.298955917358398 / 8.809087753295898
Pruned model (after finetuning) has AUROC / IND / OOD = 0.7645676061319316 / 4.856348991394043 / 6.242568492889404
Notification sent to chrome.
 
Currently running leave_4_encoder_fc3 experiment. 
Starting the process with remaining connection 8 using tech 5!
Loaded pretrained model
Pretrained model has AUROC / IND / OOD = 0.9166617545628363 / 2.7372066974639893 / 4.327578544616699
Pruned model (before finetuning) has AUROC / IND / OOD = 0.40776717666725837 / 9.297507286071777 / 8.808113098144531
Pruned model (after finetuning) has AUROC / IND / OOD = 0.7705610503365299 / 4.872678756713867 / 6.288614273071289
Notification sent to chrome.
 
Currently running leave_4_encoder_fc3 experiment. 
Starting the process with remaining connection 9 using tech 5!
Loaded pretrained model
Pretrained model has AUROC / IND / OOD = 0.9166617545628363 / 2.7372066974639893 / 4.327578544616699
Pruned model (before finetuning) has AUROC / IND / OOD = 0.40722616771435627 / 9.303265571594238 / 8.811559677124023
Pruned model (after finetuning) has AUROC / IND / OOD = 0.7687368530646334 / 4.880074977874756 / 6.244087219238281
Notification sent to chrome.
 
Currently running leave_4_encoder_fc3 experiment. 
Starting the process with remaining connection 10 using tech 5!
Loaded pretrained model
Pretrained model has AUROC / IND / OOD = 0.9166617545628363 / 2.7372066974639893 / 4.327578544616699
Pruned model (before finetuning) has AUROC / IND / OOD = 0.4072743853772428 / 9.301590919494629 / 8.809980392456055
Pruned model (after finetuning) has AUROC / IND / OOD = 0.7987998883427985 / 4.467601299285889 / 6.014411926269531
Notification sent to chrome.
 
Currently running leave_4_encoder_fc3 experiment. 
Starting the process with remaining connection 11 using tech 5!
Loaded pretrained model
Pretrained model has AUROC / IND / OOD = 0.9166617545628363 / 2.7372066974639893 / 4.327578544616699
Pruned model (before finetuning) has AUROC / IND / OOD = 0.4072755145965141 / 9.301600456237793 / 8.810004234313965
Pruned model (after finetuning) has AUROC / IND / OOD = 0.7535171792644627 / 4.800203800201416 / 6.056997299194336
Notification sent to chrome.
 
Currently running leave_4_encoder_fc3 experiment. 
Starting the process with remaining connection 12 using tech 5!
Loaded pretrained model
Pretrained model has AUROC / IND / OOD = 0.9166617545628363 / 2.7372066974639893 / 4.327578544616699
Pruned model (before finetuning) has AUROC / IND / OOD = 0.4072755145965141 / 9.301600456237793 / 8.810004234313965
Pruned model (after finetuning) has AUROC / IND / OOD = 0.7559523970840849 / 4.81013298034668 / 6.166994094848633
Notification sent to chrome.
 
Currently running leave_4_encoder_fc3 experiment. 
Starting the process with remaining connection 13 using tech 5!
Loaded pretrained model
Pretrained model has AUROC / IND / OOD = 0.9166617545628363 / 2.7372066974639893 / 4.327578544616699
Pruned model (before finetuning) has AUROC / IND / OOD = 0.407532863668454 / 9.296804428100586 / 8.806268692016602
Pruned model (after finetuning) has AUROC / IND / OOD = 0.7696860747841271 / 4.782344341278076 / 6.214885711669922
Notification sent to chrome.
 
Currently running leave_4_encoder_fc3 experiment. 
Starting the process with remaining connection 14 using tech 5!
Loaded pretrained model
Pretrained model has AUROC / IND / OOD = 0.9166617545628363 / 2.7372066974639893 / 4.327578544616699
Pruned model (before finetuning) has AUROC / IND / OOD = 0.4084226319933114 / 9.301040649414062 / 8.816349029541016
Pruned model (after finetuning) has AUROC / IND / OOD = 0.7964391425341216 / 4.4054856300354 / 5.996142864227295
Notification sent to chrome.
 
Currently running leave_4_encoder_fc3 experiment. 
Starting the process with remaining connection 15 using tech 5!
Loaded pretrained model
Pretrained model has AUROC / IND / OOD = 0.9166617545628363 / 2.7372066974639893 / 4.327578544616699
Pruned model (before finetuning) has AUROC / IND / OOD = 0.40738408902945406 / 9.309322357177734 / 8.818710327148438
Pruned model (after finetuning) has AUROC / IND / OOD = 0.8333431575409942 / 4.086574077606201 / 5.717954635620117
Notification sent to chrome.
 
Currently running leave_4_encoder_fc3 experiment. 
Starting the process with remaining connection 16 using tech 5!
Loaded pretrained model
Pretrained model has AUROC / IND / OOD = 0.9166617545628363 / 2.7372066974639893 / 4.327578544616699
Pruned model (before finetuning) has AUROC / IND / OOD = 0.4075254672822267 / 9.309348106384277 / 8.819968223571777
Pruned model (after finetuning) has AUROC / IND / OOD = 0.8441371387119403 / 4.0732502937316895 / 5.854129314422607
Notification sent to chrome.
 
Currently running leave_4_encoder_fc3 experiment. 
Starting the process with remaining connection 1 using tech 6!
Loaded pretrained model
Pretrained model has AUROC / IND / OOD = 0.9166617545628363 / 2.7372066974639893 / 4.327578544616699
Pruned model (before finetuning) has AUROC / IND / OOD = 0.4103229951050603 / 9.299330711364746 / 8.825029373168945
Pruned model (after finetuning) has AUROC / IND / OOD = 0.4926586632121591 / 7.221610069274902 / 7.172665119171143
Notification sent to chrome.
 
Currently running leave_4_encoder_fc3 experiment. 
Starting the process with remaining connection 2 using tech 6!
Loaded pretrained model
Pretrained model has AUROC / IND / OOD = 0.9166617545628363 / 2.7372066974639893 / 4.327578544616699
Pruned model (before finetuning) has AUROC / IND / OOD = 0.4103229951050603 / 9.299330711364746 / 8.825029373168945
Pruned model (after finetuning) has AUROC / IND / OOD = 0.4905051291397743 / 7.219616413116455 / 7.161796569824219
Notification sent to chrome.
 
Currently running leave_4_encoder_fc3 experiment. 
Starting the process with remaining connection 3 using tech 6!
Loaded pretrained model
Pretrained model has AUROC / IND / OOD = 0.9166617545628363 / 2.7372066974639893 / 4.327578544616699
Pruned model (before finetuning) has AUROC / IND / OOD = 0.4103229951050603 / 9.299330711364746 / 8.825029373168945
Pruned model (after finetuning) has AUROC / IND / OOD = 0.49596219419048304 / 7.218519687652588 / 7.179628849029541
Notification sent to chrome.
 
Currently running leave_4_encoder_fc3 experiment. 
Starting the process with remaining connection 4 using tech 6!
Loaded pretrained model
Pretrained model has AUROC / IND / OOD = 0.9166617545628363 / 2.7372066974639893 / 4.327578544616699
Pruned model (before finetuning) has AUROC / IND / OOD = 0.4103229951050603 / 9.299330711364746 / 8.825029373168945
Pruned model (after finetuning) has AUROC / IND / OOD = 0.49258131169207187 / 7.218635082244873 / 7.170246601104736
Notification sent to chrome.
 
Currently running leave_4_encoder_fc3 experiment. 
Starting the process with remaining connection 5 using tech 6!
Loaded pretrained model
Pretrained model has AUROC / IND / OOD = 0.9166617545628363 / 2.7372066974639893 / 4.327578544616699
Pruned model (before finetuning) has AUROC / IND / OOD = 0.4103229951050603 / 9.299330711364746 / 8.825029373168945
Pruned model (after finetuning) has AUROC / IND / OOD = 0.4917253634843912 / 7.218739032745361 / 7.165462017059326
Notification sent to chrome.
 
Currently running leave_4_encoder_fc3 experiment. 
Starting the process with remaining connection 6 using tech 6!
Loaded pretrained model
Pretrained model has AUROC / IND / OOD = 0.9166617545628363 / 2.7372066974639893 / 4.327578544616699
Pruned model (before finetuning) has AUROC / IND / OOD = 0.41032096251037187 / 9.29935359954834 / 8.825027465820312
Pruned model (after finetuning) has AUROC / IND / OOD = 0.486322783263525 / 7.219489097595215 / 7.146291255950928
Notification sent to chrome.
 
Currently running leave_4_encoder_fc3 experiment. 
Starting the process with remaining connection 7 using tech 6!
Loaded pretrained model
Pretrained model has AUROC / IND / OOD = 0.9166617545628363 / 2.7372066974639893 / 4.327578544616699
Pruned model (before finetuning) has AUROC / IND / OOD = 0.41032096251037187 / 9.29935359954834 / 8.825027465820312
Pruned model (after finetuning) has AUROC / IND / OOD = 0.4961332709100921 / 7.218242168426514 / 7.179611682891846
Notification sent to chrome.
 
Currently running leave_4_encoder_fc3 experiment. 
Starting the process with remaining connection 8 using tech 6!
Loaded pretrained model
Pretrained model has AUROC / IND / OOD = 0.9166617545628363 / 2.7372066974639893 / 4.327578544616699
Pruned model (before finetuning) has AUROC / IND / OOD = 0.41032096251037187 / 9.29935359954834 / 8.825027465820312
Pruned model (after finetuning) has AUROC / IND / OOD = 0.49325810926235325 / 7.217756748199463 / 7.170046329498291
Notification sent to chrome.
 
Currently running leave_4_encoder_fc3 experiment. 
Starting the process with remaining connection 9 using tech 6!
Loaded pretrained model
Pretrained model has AUROC / IND / OOD = 0.9166617545628363 / 2.7372066974639893 / 4.327578544616699
Pruned model (before finetuning) has AUROC / IND / OOD = 0.41032096251037187 / 9.29935359954834 / 8.825027465820312
Pruned model (after finetuning) has AUROC / IND / OOD = 0.4918536427936162 / 7.218367576599121 / 7.166138172149658
Notification sent to chrome.
 
Currently running leave_4_encoder_fc3 experiment. 
Starting the process with remaining connection 10 using tech 6!
Loaded pretrained model
Pretrained model has AUROC / IND / OOD = 0.9166617545628363 / 2.7372066974639893 / 4.327578544616699
Pruned model (before finetuning) has AUROC / IND / OOD = 0.41032096251037187 / 9.29935359954834 / 8.825027465820312
Pruned model (after finetuning) has AUROC / IND / OOD = 0.4954599739195517 / 7.218523979187012 / 7.177107810974121
Notification sent to chrome.
 
Currently running leave_4_encoder_fc3 experiment. 
Starting the process with remaining connection 11 using tech 6!
Loaded pretrained model
Pretrained model has AUROC / IND / OOD = 0.9166617545628363 / 2.7372066974639893 / 4.327578544616699
Pruned model (before finetuning) has AUROC / IND / OOD = 0.41032096251037187 / 9.29935359954834 / 8.825027465820312
Pruned model (after finetuning) has AUROC / IND / OOD = 0.49494471116603633 / 7.218425750732422 / 7.175149917602539
Notification sent to chrome.
 
Currently running leave_4_encoder_fc3 experiment. 
Starting the process with remaining connection 12 using tech 6!
Loaded pretrained model
Pretrained model has AUROC / IND / OOD = 0.9166617545628363 / 2.7372066974639893 / 4.327578544616699
Pruned model (before finetuning) has AUROC / IND / OOD = 0.4103211318932626 / 9.299352645874023 / 8.825028419494629
Pruned model (after finetuning) has AUROC / IND / OOD = 0.500837485472594 / 7.218911647796631 / 7.198904991149902
Notification sent to chrome.
 
Currently running leave_4_encoder_fc3 experiment. 
Starting the process with remaining connection 13 using tech 6!
Loaded pretrained model
Pretrained model has AUROC / IND / OOD = 0.9166617545628363 / 2.7372066974639893 / 4.327578544616699
Pruned model (before finetuning) has AUROC / IND / OOD = 0.4103211318932626 / 9.299352645874023 / 8.825028419494629
Pruned model (after finetuning) has AUROC / IND / OOD = 0.49450877606633314 / 7.218591690063477 / 7.175665378570557
Notification sent to chrome.
 
Currently running leave_4_encoder_fc3 experiment. 
Starting the process with remaining connection 14 using tech 6!
Loaded pretrained model
Pretrained model has AUROC / IND / OOD = 0.9166617545628363 / 2.7372066974639893 / 4.327578544616699
Pruned model (before finetuning) has AUROC / IND / OOD = 0.4103211318932626 / 9.299352645874023 / 8.825028419494629
Pruned model (after finetuning) has AUROC / IND / OOD = 0.4984758362885002 / 7.220252990722656 / 7.190335750579834
Notification sent to chrome.
 
Currently running leave_4_encoder_fc3 experiment. 
Starting the process with remaining connection 15 using tech 6!
Loaded pretrained model
Pretrained model has AUROC / IND / OOD = 0.9166617545628363 / 2.7372066974639893 / 4.327578544616699
Pruned model (before finetuning) has AUROC / IND / OOD = 0.4103211318932626 / 9.299352645874023 / 8.825028419494629
Pruned model (after finetuning) has AUROC / IND / OOD = 0.4834757391756429 / 7.223078727722168 / 7.141608715057373
Notification sent to chrome.
 
Currently running leave_4_encoder_fc3 experiment. 
Starting the process with remaining connection 16 using tech 6!
Loaded pretrained model
Pretrained model has AUROC / IND / OOD = 0.9166617545628363 / 2.7372066974639893 / 4.327578544616699
Pruned model (before finetuning) has AUROC / IND / OOD = 0.4103211318932626 / 9.299352645874023 / 8.825028419494629
Pruned model (after finetuning) has AUROC / IND / OOD = 0.5018214871456453 / 7.221762180328369 / 7.203305244445801
Notification sent to chrome.
 
Currently running leave_4_encoder_fc3 experiment. 
Starting the process with remaining connection 1 using tech 7!
Loaded pretrained model
Pretrained model has AUROC / IND / OOD = 0.9166617545628363 / 2.7372066974639893 / 4.327578544616699
Pruned model (before finetuning) has AUROC / IND / OOD = 0.4103229951050603 / 9.299330711364746 / 8.825029373168945
Pruned model (after finetuning) has AUROC / IND / OOD = 0.49060483920143416 / 7.22022008895874 / 7.162525177001953
Notification sent to chrome.
 
Currently running leave_4_encoder_fc3 experiment. 
Starting the process with remaining connection 2 using tech 7!
Loaded pretrained model
Pretrained model has AUROC / IND / OOD = 0.9166617545628363 / 2.7372066974639893 / 4.327578544616699
Pruned model (before finetuning) has AUROC / IND / OOD = 0.4103229951050603 / 9.299330711364746 / 8.825029373168945
Pruned model (after finetuning) has AUROC / IND / OOD = 0.4896809684545821 / 7.2234206199646 / 7.162848949432373
Notification sent to chrome.
 
Currently running leave_4_encoder_fc3 experiment. 
Starting the process with remaining connection 3 using tech 7!
Loaded pretrained model
Pretrained model has AUROC / IND / OOD = 0.9166617545628363 / 2.7372066974639893 / 4.327578544616699
Pruned model (before finetuning) has AUROC / IND / OOD = 0.4103229951050603 / 9.299330711364746 / 8.825029373168945
Pruned model (after finetuning) has AUROC / IND / OOD = 0.4896881389969552 / 7.219892978668213 / 7.159005165100098
Notification sent to chrome.
 
Currently running leave_4_encoder_fc3 experiment. 
Starting the process with remaining connection 4 using tech 7!
Loaded pretrained model
Pretrained model has AUROC / IND / OOD = 0.9166617545628363 / 2.7372066974639893 / 4.327578544616699
Pruned model (before finetuning) has AUROC / IND / OOD = 0.4103229951050603 / 9.299330711364746 / 8.825029373168945
Pruned model (after finetuning) has AUROC / IND / OOD = 0.48889418492727144 / 7.219158172607422 / 7.156064033508301
Notification sent to chrome.
 
Currently running leave_4_encoder_fc3 experiment. 
Starting the process with remaining connection 5 using tech 7!
Loaded pretrained model
Pretrained model has AUROC / IND / OOD = 0.9166617545628363 / 2.7372066974639893 / 4.327578544616699
Pruned model (before finetuning) has AUROC / IND / OOD = 0.4103229951050603 / 9.299330711364746 / 8.825029373168945
Pruned model (after finetuning) has AUROC / IND / OOD = 0.48561284310762953 / 7.220165252685547 / 7.14685583114624
Notification sent to chrome.
 
Currently running leave_4_encoder_fc3 experiment. 
Starting the process with remaining connection 6 using tech 7!
Loaded pretrained model
Pretrained model has AUROC / IND / OOD = 0.9166617545628363 / 2.7372066974639893 / 4.327578544616699
Pruned model (before finetuning) has AUROC / IND / OOD = 0.41032096251037187 / 9.29935359954834 / 8.825027465820312
Pruned model (after finetuning) has AUROC / IND / OOD = 0.49282206124072286 / 7.219050407409668 / 7.1699113845825195
Notification sent to chrome.
 
Currently running leave_4_encoder_fc3 experiment. 
Starting the process with remaining connection 7 using tech 7!
Loaded pretrained model
Pretrained model has AUROC / IND / OOD = 0.9166617545628363 / 2.7372066974639893 / 4.327578544616699
Pruned model (before finetuning) has AUROC / IND / OOD = 0.41032096251037187 / 9.29935359954834 / 8.825027465820312
Pruned model (after finetuning) has AUROC / IND / OOD = 0.4873001225428753 / 7.219140529632568 / 7.150670528411865
Notification sent to chrome.
 
Currently running leave_4_encoder_fc3 experiment. 
Starting the process with remaining connection 8 using tech 7!
Loaded pretrained model
Pretrained model has AUROC / IND / OOD = 0.9166617545628363 / 2.7372066974639893 / 4.327578544616699
Pruned model (before finetuning) has AUROC / IND / OOD = 0.41032096251037187 / 9.29935359954834 / 8.825027465820312
Pruned model (after finetuning) has AUROC / IND / OOD = 0.49387680850112403 / 7.219979286193848 / 7.17400598526001
Notification sent to chrome.
 
Currently running leave_4_encoder_fc3 experiment. 
Starting the process with remaining connection 9 using tech 7!
Loaded pretrained model
Pretrained model has AUROC / IND / OOD = 0.9166617545628363 / 2.7372066974639893 / 4.327578544616699
Pruned model (before finetuning) has AUROC / IND / OOD = 0.41032096251037187 / 9.29935359954834 / 8.825027465820312
Pruned model (after finetuning) has AUROC / IND / OOD = 0.49432855267062614 / 7.2188239097595215 / 7.176058292388916
Notification sent to chrome.
 
Currently running leave_4_encoder_fc3 experiment. 
Starting the process with remaining connection 10 using tech 7!
Loaded pretrained model
Pretrained model has AUROC / IND / OOD = 0.9166617545628363 / 2.7372066974639893 / 4.327578544616699
Pruned model (before finetuning) has AUROC / IND / OOD = 0.41032096251037187 / 9.29935359954834 / 8.825027465820312
Pruned model (after finetuning) has AUROC / IND / OOD = 0.4868765523941933 / 7.222377300262451 / 7.152212619781494
Notification sent to chrome.
 
Currently running leave_4_encoder_fc3 experiment. 
Starting the process with remaining connection 11 using tech 7!
Loaded pretrained model
Pretrained model has AUROC / IND / OOD = 0.9166617545628363 / 2.7372066974639893 / 4.327578544616699
Pruned model (before finetuning) has AUROC / IND / OOD = 0.41032096251037187 / 9.29935359954834 / 8.825027465820312
Pruned model (after finetuning) has AUROC / IND / OOD = 0.4912696105864758 / 7.220179557800293 / 7.1632561683654785
Notification sent to chrome.
 
Currently running leave_4_encoder_fc3 experiment. 
Starting the process with remaining connection 12 using tech 7!
Loaded pretrained model
Pretrained model has AUROC / IND / OOD = 0.9166617545628363 / 2.7372066974639893 / 4.327578544616699
Pruned model (before finetuning) has AUROC / IND / OOD = 0.4103211318932626 / 9.299352645874023 / 8.825028419494629
Pruned model (after finetuning) has AUROC / IND / OOD = 0.4880908583376357 / 7.223329544067383 / 7.157970905303955
Notification sent to chrome.
 
Currently running leave_4_encoder_fc3 experiment. 
Starting the process with remaining connection 13 using tech 7!
Loaded pretrained model
Pretrained model has AUROC / IND / OOD = 0.9166617545628363 / 2.7372066974639893 / 4.327578544616699
Pruned model (before finetuning) has AUROC / IND / OOD = 0.4103211318932626 / 9.299352645874023 / 8.825028419494629
Pruned model (after finetuning) has AUROC / IND / OOD = 0.49684253353442465 / 7.220155239105225 / 7.1859612464904785
Notification sent to chrome.
 
Currently running leave_4_encoder_fc3 experiment. 
Starting the process with remaining connection 14 using tech 7!
Loaded pretrained model
Pretrained model has AUROC / IND / OOD = 0.9166617545628363 / 2.7372066974639893 / 4.327578544616699
Pruned model (before finetuning) has AUROC / IND / OOD = 0.4103211318932626 / 9.299352645874023 / 8.825028419494629
Pruned model (after finetuning) has AUROC / IND / OOD = 0.6900928285994203 / 5.856578826904297 / 6.829782962799072
Notification sent to chrome.
 
Currently running leave_4_encoder_fc3 experiment. 
Starting the process with remaining connection 15 using tech 7!
Loaded pretrained model
Pretrained model has AUROC / IND / OOD = 0.9166617545628363 / 2.7372066974639893 / 4.327578544616699
Pruned model (before finetuning) has AUROC / IND / OOD = 0.4103211318932626 / 9.299352645874023 / 8.825028419494629
Pruned model (after finetuning) has AUROC / IND / OOD = 0.4900048850025679 / 7.220273494720459 / 7.160055160522461
Notification sent to chrome.
 
Currently running leave_4_encoder_fc3 experiment. 
Starting the process with remaining connection 16 using tech 7!
Loaded pretrained model
Pretrained model has AUROC / IND / OOD = 0.9166617545628363 / 2.7372066974639893 / 4.327578544616699
Pruned model (before finetuning) has AUROC / IND / OOD = 0.4103211318932626 / 9.299352645874023 / 8.825028419494629
Pruned model (after finetuning) has AUROC / IND / OOD = 0.4899791952641447 / 7.220702648162842 / 7.162511825561523
Notification sent to chrome.
 
Currently running leave_4_encoder_fc3 experiment. 
Starting the process with remaining connection 1 using tech 8!
Loaded pretrained model
Pretrained model has AUROC / IND / OOD = 0.9166617545628363 / 2.7372066974639893 / 4.327578544616699
Pruned model (before finetuning) has AUROC / IND / OOD = 0.4103229951050603 / 9.299330711364746 / 8.825029373168945
Pruned model (after finetuning) has AUROC / IND / OOD = 0.4894542212248958 / 7.225164890289307 / 7.164788722991943
Notification sent to chrome.
 
Currently running leave_4_encoder_fc3 experiment. 
Starting the process with remaining connection 2 using tech 8!
Loaded pretrained model
Pretrained model has AUROC / IND / OOD = 0.9166617545628363 / 2.7372066974639893 / 4.327578544616699
Pruned model (before finetuning) has AUROC / IND / OOD = 0.4103229951050603 / 9.299330711364746 / 8.825029373168945
Pruned model (after finetuning) has AUROC / IND / OOD = 0.48832167075669886 / 7.219148635864258 / 7.156017780303955
Notification sent to chrome.
 
Currently running leave_4_encoder_fc3 experiment. 
Starting the process with remaining connection 3 using tech 8!
Loaded pretrained model
Pretrained model has AUROC / IND / OOD = 0.9166617545628363 / 2.7372066974639893 / 4.327578544616699
Pruned model (before finetuning) has AUROC / IND / OOD = 0.41040091123478323 / 9.301246643066406 / 8.827203750610352
Pruned model (after finetuning) has AUROC / IND / OOD = 0.48969175249862346 / 7.222341060638428 / 7.1630635261535645
Notification sent to chrome.
 
Currently running leave_4_encoder_fc3 experiment. 
Starting the process with remaining connection 4 using tech 8!
Loaded pretrained model
Pretrained model has AUROC / IND / OOD = 0.9166617545628363 / 2.7372066974639893 / 4.327578544616699
Pruned model (before finetuning) has AUROC / IND / OOD = 0.4104223099399752 / 9.29932689666748 / 8.825437545776367
Pruned model (after finetuning) has AUROC / IND / OOD = 0.6382438223801322 / 6.086572647094727 / 6.88609504699707
Notification sent to chrome.
 
Currently running leave_4_encoder_fc3 experiment. 
Starting the process with remaining connection 5 using tech 8!
Loaded pretrained model
Pretrained model has AUROC / IND / OOD = 0.9166617545628363 / 2.7372066974639893 / 4.327578544616699
Pruned model (before finetuning) has AUROC / IND / OOD = 0.41038052882693543 / 9.297759056091309 / 8.82369327545166
Pruned model (after finetuning) has AUROC / IND / OOD = 0.6780208535181278 / 5.972049713134766 / 6.982215404510498
Notification sent to chrome.
 
Currently running leave_4_encoder_fc3 experiment. 
Starting the process with remaining connection 6 using tech 8!
Loaded pretrained model
Pretrained model has AUROC / IND / OOD = 0.9166617545628363 / 2.7372066974639893 / 4.327578544616699
Pruned model (before finetuning) has AUROC / IND / OOD = 0.41036280008437526 / 9.297632217407227 / 8.82345962524414
Pruned model (after finetuning) has AUROC / IND / OOD = 0.7642670079618993 / 5.353427886962891 / 6.899326801300049
Notification sent to chrome.
 
Currently running leave_4_encoder_fc3 experiment. 
Starting the process with remaining connection 7 using tech 8!
Loaded pretrained model
Pretrained model has AUROC / IND / OOD = 0.9166617545628363 / 2.7372066974639893 / 4.327578544616699
Pruned model (before finetuning) has AUROC / IND / OOD = 0.4103237855585502 / 9.299327850341797 / 8.825026512145996
Pruned model (after finetuning) has AUROC / IND / OOD = 0.49409096493593485 / 7.218419075012207 / 7.171255588531494
Notification sent to chrome.
 
Currently running leave_4_encoder_fc3 experiment. 
Starting the process with remaining connection 8 using tech 8!
Loaded pretrained model
Pretrained model has AUROC / IND / OOD = 0.9166617545628363 / 2.7372066974639893 / 4.327578544616699
Pruned model (before finetuning) has AUROC / IND / OOD = 0.4105399745880496 / 9.299549102783203 / 8.826560020446777
Pruned model (after finetuning) has AUROC / IND / OOD = 0.6536055519646382 / 6.151744365692139 / 7.02512788772583
Notification sent to chrome.
 
Currently running leave_4_encoder_fc3 experiment. 
Starting the process with remaining connection 9 using tech 8!
Loaded pretrained model
Pretrained model has AUROC / IND / OOD = 0.9166617545628363 / 2.7372066974639893 / 4.327578544616699
Pruned model (before finetuning) has AUROC / IND / OOD = 0.41042665743416995 / 9.29924201965332 / 8.82551383972168
Pruned model (after finetuning) has AUROC / IND / OOD = 0.7141674446987446 / 5.503966808319092 / 6.626849174499512
Notification sent to chrome.
 
Currently running leave_4_encoder_fc3 experiment. 
Starting the process with remaining connection 10 using tech 8!
Loaded pretrained model
Pretrained model has AUROC / IND / OOD = 0.9166617545628363 / 2.7372066974639893 / 4.327578544616699
Pruned model (before finetuning) has AUROC / IND / OOD = 0.41046087277809173 / 9.298230171203613 / 8.824877738952637
Pruned model (after finetuning) has AUROC / IND / OOD = 0.6631040927874957 / 5.971343994140625 / 6.882237911224365
Notification sent to chrome.
 
Currently running leave_4_encoder_fc3 experiment. 
Starting the process with remaining connection 11 using tech 8!
Loaded pretrained model
Pretrained model has AUROC / IND / OOD = 0.9166617545628363 / 2.7372066974639893 / 4.327578544616699
Pruned model (before finetuning) has AUROC / IND / OOD = 0.41047690769174483 / 9.30229663848877 / 8.828756332397461
Pruned model (after finetuning) has AUROC / IND / OOD = 0.7650854660897711 / 4.9371232986450195 / 6.277045249938965
Notification sent to chrome.
 
Currently running leave_4_encoder_fc3 experiment. 
Starting the process with remaining connection 12 using tech 8!
Loaded pretrained model
Pretrained model has AUROC / IND / OOD = 0.9166617545628363 / 2.7372066974639893 / 4.327578544616699
Pruned model (before finetuning) has AUROC / IND / OOD = 0.410390240112669 / 9.298943519592285 / 8.825006484985352
Pruned model (after finetuning) has AUROC / IND / OOD = 0.7596634632974377 / 4.888919353485107 / 6.230100154876709
Notification sent to chrome.
 
Currently running leave_4_encoder_fc3 experiment. 
Starting the process with remaining connection 13 using tech 8!
Loaded pretrained model
Pretrained model has AUROC / IND / OOD = 0.9166617545628363 / 2.7372066974639893 / 4.327578544616699
Pruned model (before finetuning) has AUROC / IND / OOD = 0.41064651642630107 / 9.289996147155762 / 8.819023132324219
Pruned model (after finetuning) has AUROC / IND / OOD = 0.8440625537790677 / 4.038518905639648 / 5.668702602386475
Notification sent to chrome.
 
Currently running leave_4_encoder_fc3 experiment. 
Starting the process with remaining connection 14 using tech 8!
Loaded pretrained model
Pretrained model has AUROC / IND / OOD = 0.9166617545628363 / 2.7372066974639893 / 4.327578544616699
Pruned model (before finetuning) has AUROC / IND / OOD = 0.41021927631498717 / 9.28664779663086 / 8.8118257522583
Pruned model (after finetuning) has AUROC / IND / OOD = 0.8051264522324438 / 4.557758331298828 / 6.125540733337402
Notification sent to chrome.
 
Currently running leave_4_encoder_fc3 experiment. 
Starting the process with remaining connection 15 using tech 8!
Loaded pretrained model
Pretrained model has AUROC / IND / OOD = 0.9166617545628363 / 2.7372066974639893 / 4.327578544616699
Pruned model (before finetuning) has AUROC / IND / OOD = 0.4105195357192381 / 9.304438591003418 / 8.830543518066406
Pruned model (after finetuning) has AUROC / IND / OOD = 0.86020276712924 / 3.9093856811523438 / 5.540672779083252
Notification sent to chrome.
 
Currently running leave_4_encoder_fc3 experiment. 
Starting the process with remaining connection 16 using tech 8!
Loaded pretrained model
Pretrained model has AUROC / IND / OOD = 0.9166617545628363 / 2.7372066974639893 / 4.327578544616699
Pruned model (before finetuning) has AUROC / IND / OOD = 0.41059090237718726 / 9.293499946594238 / 8.822259902954102
Pruned model (after finetuning) has AUROC / IND / OOD = 0.8174877897520189 / 4.24793815612793 / 5.7560648918151855
Notification sent to chrome.
