 
Currently running leave_3_encoder_fc3 experiment. 
Starting the process with remaining connection 1 using tech 0!
Loaded pretrained model
Pretrained model has AUROC / IND / OOD = 0.9285812619081708 / 2.7500503063201904 / 4.2608513832092285
Pruned model (before finetuning) has AUROC / IND / OOD = 0.5688986112181852 / 8.989555358886719 / 9.371150970458984
Pruned model (after finetuning) has AUROC / IND / OOD = 0.7999885461293627 / 5.972877502441406 / 7.518417835235596
Notification sent to chrome.
 
Currently running leave_3_encoder_fc3 experiment. 
Starting the process with remaining connection 2 using tech 0!
Loaded pretrained model
Pretrained model has AUROC / IND / OOD = 0.9285812619081708 / 2.7500503063201904 / 4.2608513832092285
Pruned model (before finetuning) has AUROC / IND / OOD = 0.5689948677848875 / 8.989442825317383 / 9.371559143066406
Pruned model (after finetuning) has AUROC / IND / OOD = 0.8458192270839986 / 5.405308723449707 / 7.20599889755249
Notification sent to chrome.
 
Currently running leave_3_encoder_fc3 experiment. 
Starting the process with remaining connection 3 using tech 0!
Loaded pretrained model
Pretrained model has AUROC / IND / OOD = 0.9285812619081708 / 2.7500503063201904 / 4.2608513832092285
Pruned model (before finetuning) has AUROC / IND / OOD = 0.5693795636515822 / 8.983189582824707 / 9.370098114013672
Pruned model (after finetuning) has AUROC / IND / OOD = 0.869282811484708 / 5.2622389793396 / 7.26340913772583
Notification sent to chrome.
 
Currently running leave_3_encoder_fc3 experiment. 
Starting the process with remaining connection 4 using tech 0!
Loaded pretrained model
Pretrained model has AUROC / IND / OOD = 0.9285812619081708 / 2.7500503063201904 / 4.2608513832092285
Pruned model (before finetuning) has AUROC / IND / OOD = 0.5686019669820152 / 9.000917434692383 / 9.384234428405762
Pruned model (after finetuning) has AUROC / IND / OOD = 0.8982658949988437 / 4.7155656814575195 / 6.829711437225342
Notification sent to chrome.
 
Currently running leave_3_encoder_fc3 experiment. 
Starting the process with remaining connection 5 using tech 0!
Loaded pretrained model
Pretrained model has AUROC / IND / OOD = 0.9285812619081708 / 2.7500503063201904 / 4.2608513832092285
Pruned model (before finetuning) has AUROC / IND / OOD = 0.5657670238659016 / 8.951608657836914 / 9.317126274108887
Pruned model (after finetuning) has AUROC / IND / OOD = 0.8905134417779933 / 4.715471267700195 / 6.775857925415039
Notification sent to chrome.
 
Currently running leave_3_encoder_fc3 experiment. 
Starting the process with remaining connection 6 using tech 0!
Loaded pretrained model
Pretrained model has AUROC / IND / OOD = 0.9285812619081708 / 2.7500503063201904 / 4.2608513832092285
Pruned model (before finetuning) has AUROC / IND / OOD = 0.5654611284265245 / 8.951102256774902 / 9.3147611618042
Pruned model (after finetuning) has AUROC / IND / OOD = 0.8805369552528112 / 4.409964084625244 / 6.289283275604248
Notification sent to chrome.
 
Currently running leave_3_encoder_fc3 experiment. 
Starting the process with remaining connection 7 using tech 0!
Loaded pretrained model
Pretrained model has AUROC / IND / OOD = 0.9285812619081708 / 2.7500503063201904 / 4.2608513832092285
Pruned model (before finetuning) has AUROC / IND / OOD = 0.565732992654104 / 8.952836990356445 / 9.317736625671387
Pruned model (after finetuning) has AUROC / IND / OOD = 0.8967442372713356 / 4.1528000831604 / 6.088164806365967
Notification sent to chrome.
 
Currently running leave_3_encoder_fc3 experiment. 
Starting the process with remaining connection 8 using tech 0!
Loaded pretrained model
Pretrained model has AUROC / IND / OOD = 0.9285812619081708 / 2.7500503063201904 / 4.2608513832092285
Pruned model (before finetuning) has AUROC / IND / OOD = 0.5657351953215344 / 8.952316284179688 / 9.317609786987305
Pruned model (after finetuning) has AUROC / IND / OOD = 0.8962486370995275 / 4.1631293296813965 / 6.123162269592285
Notification sent to chrome.
 
Currently running leave_3_encoder_fc3 experiment. 
Starting the process with remaining connection 9 using tech 0!
Loaded pretrained model
Pretrained model has AUROC / IND / OOD = 0.9285812619081708 / 2.7500503063201904 / 4.2608513832092285
Pruned model (before finetuning) has AUROC / IND / OOD = 0.5657810658707695 / 8.952960014343262 / 9.318208694458008
Pruned model (after finetuning) has AUROC / IND / OOD = 0.906091146378264 / 4.1272735595703125 / 6.136690139770508
Notification sent to chrome.
 
Currently running leave_3_encoder_fc3 experiment. 
Starting the process with remaining connection 10 using tech 0!
Loaded pretrained model
Pretrained model has AUROC / IND / OOD = 0.9285812619081708 / 2.7500503063201904 / 4.2608513832092285
Pruned model (before finetuning) has AUROC / IND / OOD = 0.5654703245630459 / 8.97343921661377 / 9.337711334228516
Pruned model (after finetuning) has AUROC / IND / OOD = 0.9203400918512318 / 4.153989315032959 / 6.326507091522217
Notification sent to chrome.
 
Currently running leave_3_encoder_fc3 experiment. 
Starting the process with remaining connection 11 using tech 0!
Loaded pretrained model
Pretrained model has AUROC / IND / OOD = 0.9285812619081708 / 2.7500503063201904 / 4.2608513832092285
Pruned model (before finetuning) has AUROC / IND / OOD = 0.5699028623663256 / 8.984408378601074 / 9.373441696166992
Pruned model (after finetuning) has AUROC / IND / OOD = 0.9103254441128206 / 4.118774890899658 / 6.157558441162109
Notification sent to chrome.
 
Currently running leave_3_encoder_fc3 experiment. 
Starting the process with remaining connection 12 using tech 0!
Loaded pretrained model
Pretrained model has AUROC / IND / OOD = 0.9285812619081708 / 2.7500503063201904 / 4.2608513832092285
Pruned model (before finetuning) has AUROC / IND / OOD = 0.5692931089549444 / 8.974604606628418 / 9.359542846679688
Pruned model (after finetuning) has AUROC / IND / OOD = 0.934311501227987 / 3.848379611968994 / 6.05767822265625
Notification sent to chrome.
 
Currently running leave_3_encoder_fc3 experiment. 
Starting the process with remaining connection 13 using tech 0!
Loaded pretrained model
Pretrained model has AUROC / IND / OOD = 0.9285812619081708 / 2.7500503063201904 / 4.2608513832092285
Pruned model (before finetuning) has AUROC / IND / OOD = 0.5738493265344332 / 8.95596694946289 / 9.366995811462402
Pruned model (after finetuning) has AUROC / IND / OOD = 0.9372941331952996 / 3.8033156394958496 / 6.0631632804870605
Notification sent to chrome.
 
Currently running leave_3_encoder_fc3 experiment. 
Starting the process with remaining connection 14 using tech 0!
Loaded pretrained model
Pretrained model has AUROC / IND / OOD = 0.9285812619081708 / 2.7500503063201904 / 4.2608513832092285
Pruned model (before finetuning) has AUROC / IND / OOD = 0.5732470071256293 / 8.93181324005127 / 9.337888717651367
Pruned model (after finetuning) has AUROC / IND / OOD = 0.9354826595006553 / 3.582339286804199 / 5.704291820526123
Notification sent to chrome.
 
Currently running leave_3_encoder_fc3 experiment. 
Starting the process with remaining connection 15 using tech 0!
Loaded pretrained model
Pretrained model has AUROC / IND / OOD = 0.9285812619081708 / 2.7500503063201904 / 4.2608513832092285
Pruned model (before finetuning) has AUROC / IND / OOD = 0.5732123151136026 / 8.932011604309082 / 9.33789348602295
Pruned model (after finetuning) has AUROC / IND / OOD = 0.9172988138635888 / 3.5973494052886963 / 5.586930274963379
Notification sent to chrome.
 
Currently running leave_3_encoder_fc3 experiment. 
Starting the process with remaining connection 16 using tech 0!
Loaded pretrained model
Pretrained model has AUROC / IND / OOD = 0.9285812619081708 / 2.7500503063201904 / 4.2608513832092285
Pruned model (before finetuning) has AUROC / IND / OOD = 0.5773603784182646 / 8.912596702575684 / 9.338336944580078
Pruned model (after finetuning) has AUROC / IND / OOD = 0.9321283274044869 / 3.4415688514709473 / 5.476395606994629
Notification sent to chrome.
 
Currently running leave_3_encoder_fc3 experiment. 
Starting the process with remaining connection 1 using tech 1!
Loaded pretrained model
Pretrained model has AUROC / IND / OOD = 0.9285812619081708 / 2.7500503063201904 / 4.2608513832092285
Pruned model (before finetuning) has AUROC / IND / OOD = 0.5708149318825096 / 8.971451759338379 / 9.362322807312012
Pruned model (after finetuning) has AUROC / IND / OOD = 0.6185851165761737 / 7.180805683135986 / 7.528661251068115
Notification sent to chrome.
 
Currently running leave_3_encoder_fc3 experiment. 
Starting the process with remaining connection 2 using tech 1!
Loaded pretrained model
Pretrained model has AUROC / IND / OOD = 0.9285812619081708 / 2.7500503063201904 / 4.2608513832092285
Pruned model (before finetuning) has AUROC / IND / OOD = 0.5708149318825096 / 8.971451759338379 / 9.362322807312012
Pruned model (after finetuning) has AUROC / IND / OOD = 0.6145251599687221 / 7.181103706359863 / 7.49944543838501
Notification sent to chrome.
 
Currently running leave_3_encoder_fc3 experiment. 
Starting the process with remaining connection 3 using tech 1!
Loaded pretrained model
Pretrained model has AUROC / IND / OOD = 0.9285812619081708 / 2.7500503063201904 / 4.2608513832092285
Pruned model (before finetuning) has AUROC / IND / OOD = 0.570815097082567 / 8.971452713012695 / 9.362324714660645
Pruned model (after finetuning) has AUROC / IND / OOD = 0.6172375797090276 / 7.180075168609619 / 7.515628814697266
Notification sent to chrome.
 
Currently running leave_3_encoder_fc3 experiment. 
Starting the process with remaining connection 4 using tech 1!
Loaded pretrained model
Pretrained model has AUROC / IND / OOD = 0.9285812619081708 / 2.7500503063201904 / 4.2608513832092285
Pruned model (before finetuning) has AUROC / IND / OOD = 0.570815097082567 / 8.971452713012695 / 9.362324714660645
Pruned model (after finetuning) has AUROC / IND / OOD = 0.6112036476172645 / 7.186302185058594 / 7.51959228515625
Notification sent to chrome.
 
Currently running leave_3_encoder_fc3 experiment. 
Starting the process with remaining connection 5 using tech 1!
Loaded pretrained model
Pretrained model has AUROC / IND / OOD = 0.9285812619081708 / 2.7500503063201904 / 4.2608513832092285
Pruned model (before finetuning) has AUROC / IND / OOD = 0.570815097082567 / 8.971452713012695 / 9.362324714660645
Pruned model (after finetuning) has AUROC / IND / OOD = 0.6236079692507627 / 7.180840492248535 / 7.528019428253174
Notification sent to chrome.
 
Currently running leave_3_encoder_fc3 experiment. 
Starting the process with remaining connection 6 using tech 1!
Loaded pretrained model
Pretrained model has AUROC / IND / OOD = 0.9285812619081708 / 2.7500503063201904 / 4.2608513832092285
Pruned model (before finetuning) has AUROC / IND / OOD = 0.570815097082567 / 8.971452713012695 / 9.362324714660645
Pruned model (after finetuning) has AUROC / IND / OOD = 0.8299476315818455 / 5.393619060516357 / 7.02424430847168
Notification sent to chrome.
 
Currently running leave_3_encoder_fc3 experiment. 
Starting the process with remaining connection 7 using tech 1!
Loaded pretrained model
Pretrained model has AUROC / IND / OOD = 0.9285812619081708 / 2.7500503063201904 / 4.2608513832092285
Pruned model (before finetuning) has AUROC / IND / OOD = 0.570815097082567 / 8.971452713012695 / 9.362324714660645
Pruned model (after finetuning) has AUROC / IND / OOD = 0.865219550876111 / 4.9233078956604 / 6.708612442016602
Notification sent to chrome.
 
Currently running leave_3_encoder_fc3 experiment. 
Starting the process with remaining connection 8 using tech 1!
Loaded pretrained model
Pretrained model has AUROC / IND / OOD = 0.9285812619081708 / 2.7500503063201904 / 4.2608513832092285
Pruned model (before finetuning) has AUROC / IND / OOD = 0.5708149869491954 / 8.971450805664062 / 9.362321853637695
Pruned model (after finetuning) has AUROC / IND / OOD = 0.7874119208361325 / 5.985561847686768 / 7.377870559692383
Notification sent to chrome.
 
Currently running leave_3_encoder_fc3 experiment. 
Starting the process with remaining connection 9 using tech 1!
Loaded pretrained model
Pretrained model has AUROC / IND / OOD = 0.9285812619081708 / 2.7500503063201904 / 4.2608513832092285
Pruned model (before finetuning) has AUROC / IND / OOD = 0.5708149869491954 / 8.971450805664062 / 9.362321853637695
Pruned model (after finetuning) has AUROC / IND / OOD = 0.8593849601867862 / 5.297396183013916 / 7.233547687530518
Notification sent to chrome.
 
Currently running leave_3_encoder_fc3 experiment. 
Starting the process with remaining connection 10 using tech 1!
Loaded pretrained model
Pretrained model has AUROC / IND / OOD = 0.9285812619081708 / 2.7500503063201904 / 4.2608513832092285
Pruned model (before finetuning) has AUROC / IND / OOD = 0.5708149869491954 / 8.971450805664062 / 9.362321853637695
Pruned model (after finetuning) has AUROC / IND / OOD = 0.8086249848566613 / 6.018374443054199 / 7.5508646965026855
Notification sent to chrome.
 
Currently running leave_3_encoder_fc3 experiment. 
Starting the process with remaining connection 11 using tech 1!
Loaded pretrained model
Pretrained model has AUROC / IND / OOD = 0.9285812619081708 / 2.7500503063201904 / 4.2608513832092285
Pruned model (before finetuning) has AUROC / IND / OOD = 0.5708149869491954 / 8.971450805664062 / 9.362321853637695
Pruned model (after finetuning) has AUROC / IND / OOD = 0.7975143448716395 / 6.00413703918457 / 7.469234466552734
Notification sent to chrome.
 
Currently running leave_3_encoder_fc3 experiment. 
Starting the process with remaining connection 12 using tech 1!
Loaded pretrained model
Pretrained model has AUROC / IND / OOD = 0.9285812619081708 / 2.7500503063201904 / 4.2608513832092285
Pruned model (before finetuning) has AUROC / IND / OOD = 0.5708149869491954 / 8.971450805664062 / 9.362321853637695
Pruned model (after finetuning) has AUROC / IND / OOD = 0.7412487472328989 / 6.002675533294678 / 7.163483619689941
Notification sent to chrome.
 
Currently running leave_3_encoder_fc3 experiment. 
Starting the process with remaining connection 13 using tech 1!
Loaded pretrained model
Pretrained model has AUROC / IND / OOD = 0.9285812619081708 / 2.7500503063201904 / 4.2608513832092285
Pruned model (before finetuning) has AUROC / IND / OOD = 0.5708149869491954 / 8.971450805664062 / 9.362321853637695
Pruned model (after finetuning) has AUROC / IND / OOD = 0.8558110221478209 / 5.446523666381836 / 7.317368507385254
Notification sent to chrome.
 
Currently running leave_3_encoder_fc3 experiment. 
Starting the process with remaining connection 14 using tech 1!
Loaded pretrained model
Pretrained model has AUROC / IND / OOD = 0.9285812619081708 / 2.7500503063201904 / 4.2608513832092285
Pruned model (before finetuning) has AUROC / IND / OOD = 0.5708149869491954 / 8.971450805664062 / 9.362321853637695
Pruned model (after finetuning) has AUROC / IND / OOD = 0.7987729490412889 / 6.0033063888549805 / 7.478691101074219
Notification sent to chrome.
 
Currently running leave_3_encoder_fc3 experiment. 
Starting the process with remaining connection 15 using tech 1!
Loaded pretrained model
Pretrained model has AUROC / IND / OOD = 0.9285812619081708 / 2.7500503063201904 / 4.2608513832092285
Pruned model (before finetuning) has AUROC / IND / OOD = 0.5708149869491954 / 8.971450805664062 / 9.362321853637695
Pruned model (after finetuning) has AUROC / IND / OOD = 0.7886269672573487 / 5.991780757904053 / 7.410707473754883
Notification sent to chrome.
 
Currently running leave_3_encoder_fc3 experiment. 
Starting the process with remaining connection 16 using tech 1!
Loaded pretrained model
Pretrained model has AUROC / IND / OOD = 0.9285812619081708 / 2.7500503063201904 / 4.2608513832092285
Pruned model (before finetuning) has AUROC / IND / OOD = 0.5708149869491954 / 8.971450805664062 / 9.362321853637695
Pruned model (after finetuning) has AUROC / IND / OOD = 0.8233688146345224 / 5.387728691101074 / 6.956387996673584
Notification sent to chrome.
 
Currently running leave_3_encoder_fc3 experiment. 
Starting the process with remaining connection 1 using tech 2!
Loaded pretrained model
Pretrained model has AUROC / IND / OOD = 0.9285812619081708 / 2.7500503063201904 / 4.2608513832092285
Pruned model (before finetuning) has AUROC / IND / OOD = 0.5708149318825096 / 8.971451759338379 / 9.362322807312012
Pruned model (after finetuning) has AUROC / IND / OOD = 0.6153289133140233 / 7.181434154510498 / 7.520058631896973
Notification sent to chrome.
 
Currently running leave_3_encoder_fc3 experiment. 
Starting the process with remaining connection 2 using tech 2!
Loaded pretrained model
Pretrained model has AUROC / IND / OOD = 0.9285812619081708 / 2.7500503063201904 / 4.2608513832092285
Pruned model (before finetuning) has AUROC / IND / OOD = 0.570159638322008 / 8.96827507019043 / 9.356168746948242
Pruned model (after finetuning) has AUROC / IND / OOD = 0.7918830603861277 / 5.986512660980225 / 7.440226078033447
Notification sent to chrome.
 
Currently running leave_3_encoder_fc3 experiment. 
Starting the process with remaining connection 3 using tech 2!
Loaded pretrained model
Pretrained model has AUROC / IND / OOD = 0.9285812619081708 / 2.7500503063201904 / 4.2608513832092285
Pruned model (before finetuning) has AUROC / IND / OOD = 0.570159638322008 / 8.96827507019043 / 9.356168746948242
Pruned model (after finetuning) has AUROC / IND / OOD = 0.8120612011145496 / 6.082026958465576 / 7.609299659729004
Notification sent to chrome.
 
Currently running leave_3_encoder_fc3 experiment. 
Starting the process with remaining connection 4 using tech 2!
Loaded pretrained model
Pretrained model has AUROC / IND / OOD = 0.9285812619081708 / 2.7500503063201904 / 4.2608513832092285
Pruned model (before finetuning) has AUROC / IND / OOD = 0.5701875571316866 / 8.968154907226562 / 9.356117248535156
Pruned model (after finetuning) has AUROC / IND / OOD = 0.8476201279749778 / 5.306466102600098 / 7.221595764160156
Notification sent to chrome.
 
Currently running leave_3_encoder_fc3 experiment. 
Starting the process with remaining connection 5 using tech 2!
Loaded pretrained model
Pretrained model has AUROC / IND / OOD = 0.9285812619081708 / 2.7500503063201904 / 4.2608513832092285
Pruned model (before finetuning) has AUROC / IND / OOD = 0.5701875571316866 / 8.968154907226562 / 9.356117248535156
Pruned model (after finetuning) has AUROC / IND / OOD = 0.8202623376909438 / 5.268391132354736 / 6.828000545501709
Notification sent to chrome.
 
Currently running leave_3_encoder_fc3 experiment. 
Starting the process with remaining connection 6 using tech 2!
Loaded pretrained model
Pretrained model has AUROC / IND / OOD = 0.9285812619081708 / 2.7500503063201904 / 4.2608513832092285
Pruned model (before finetuning) has AUROC / IND / OOD = 0.5701875571316866 / 8.968154907226562 / 9.356117248535156
Pruned model (after finetuning) has AUROC / IND / OOD = 0.8174597737860549 / 5.299253463745117 / 6.938002109527588
Notification sent to chrome.
 
Currently running leave_3_encoder_fc3 experiment. 
Starting the process with remaining connection 7 using tech 2!
Loaded pretrained model
Pretrained model has AUROC / IND / OOD = 0.9285812619081708 / 2.7500503063201904 / 4.2608513832092285
Pruned model (before finetuning) has AUROC / IND / OOD = 0.5712615777706802 / 8.97033405303955 / 9.364494323730469
Pruned model (after finetuning) has AUROC / IND / OOD = 0.9051892641989451 / 4.49118185043335 / 6.652548789978027
Notification sent to chrome.
 
Currently running leave_3_encoder_fc3 experiment. 
Starting the process with remaining connection 8 using tech 2!
Loaded pretrained model
Pretrained model has AUROC / IND / OOD = 0.9285812619081708 / 2.7500503063201904 / 4.2608513832092285
Pruned model (before finetuning) has AUROC / IND / OOD = 0.5711976453485171 / 8.9701566696167 / 9.363961219787598
Pruned model (after finetuning) has AUROC / IND / OOD = 0.9085118778841177 / 4.445491790771484 / 6.5712127685546875
Notification sent to chrome.
 
Currently running leave_3_encoder_fc3 experiment. 
Starting the process with remaining connection 9 using tech 2!
Loaded pretrained model
Pretrained model has AUROC / IND / OOD = 0.9285812619081708 / 2.7500503063201904 / 4.2608513832092285
Pruned model (before finetuning) has AUROC / IND / OOD = 0.5711976453485171 / 8.9701566696167 / 9.363961219787598
Pruned model (after finetuning) has AUROC / IND / OOD = 0.9045739490523024 / 4.425415992736816 / 6.491939067840576
Notification sent to chrome.
 
Currently running leave_3_encoder_fc3 experiment. 
Starting the process with remaining connection 10 using tech 2!
Loaded pretrained model
Pretrained model has AUROC / IND / OOD = 0.9285812619081708 / 2.7500503063201904 / 4.2608513832092285
Pruned model (before finetuning) has AUROC / IND / OOD = 0.5711976453485171 / 8.9701566696167 / 9.363961219787598
Pruned model (after finetuning) has AUROC / IND / OOD = 0.8843048381590106 / 4.442588806152344 / 6.361093521118164
Notification sent to chrome.
 
Currently running leave_3_encoder_fc3 experiment. 
Starting the process with remaining connection 11 using tech 2!
Loaded pretrained model
Pretrained model has AUROC / IND / OOD = 0.9285812619081708 / 2.7500503063201904 / 4.2608513832092285
Pruned model (before finetuning) has AUROC / IND / OOD = 0.5712861925792134 / 8.968886375427246 / 9.362956047058105
Pruned model (after finetuning) has AUROC / IND / OOD = 0.9017064615249066 / 4.418488502502441 / 6.454617977142334
Notification sent to chrome.
 
Currently running leave_3_encoder_fc3 experiment. 
Starting the process with remaining connection 12 using tech 2!
Loaded pretrained model
Pretrained model has AUROC / IND / OOD = 0.9285812619081708 / 2.7500503063201904 / 4.2608513832092285
Pruned model (before finetuning) has AUROC / IND / OOD = 0.5712861925792134 / 8.968886375427246 / 9.362956047058105
Pruned model (after finetuning) has AUROC / IND / OOD = 0.9078395136510315 / 4.438233375549316 / 6.613285541534424
Notification sent to chrome.
 
Currently running leave_3_encoder_fc3 experiment. 
Starting the process with remaining connection 13 using tech 2!
Loaded pretrained model
Pretrained model has AUROC / IND / OOD = 0.9285812619081708 / 2.7500503063201904 / 4.2608513832092285
Pruned model (before finetuning) has AUROC / IND / OOD = 0.5709211555193339 / 8.967854499816895 / 9.360004425048828
Pruned model (after finetuning) has AUROC / IND / OOD = 0.9038775757442263 / 4.431504249572754 / 6.477627277374268
Notification sent to chrome.
 
Currently running leave_3_encoder_fc3 experiment. 
Starting the process with remaining connection 14 using tech 2!
Loaded pretrained model
Pretrained model has AUROC / IND / OOD = 0.9285812619081708 / 2.7500503063201904 / 4.2608513832092285
Pruned model (before finetuning) has AUROC / IND / OOD = 0.5709211555193339 / 8.967854499816895 / 9.360004425048828
Pruned model (after finetuning) has AUROC / IND / OOD = 0.9094662936816484 / 4.417656421661377 / 6.530454635620117
Notification sent to chrome.
 
Currently running leave_3_encoder_fc3 experiment. 
Starting the process with remaining connection 15 using tech 2!
Loaded pretrained model
Pretrained model has AUROC / IND / OOD = 0.9285812619081708 / 2.7500503063201904 / 4.2608513832092285
Pruned model (before finetuning) has AUROC / IND / OOD = 0.5709211555193339 / 8.967854499816895 / 9.360004425048828
Pruned model (after finetuning) has AUROC / IND / OOD = 0.9234210729193053 / 4.09929084777832 / 6.249847412109375
Notification sent to chrome.
 
Currently running leave_3_encoder_fc3 experiment. 
Starting the process with remaining connection 16 using tech 2!
Loaded pretrained model
Pretrained model has AUROC / IND / OOD = 0.9285812619081708 / 2.7500503063201904 / 4.2608513832092285
Pruned model (before finetuning) has AUROC / IND / OOD = 0.5709211555193339 / 8.967854499816895 / 9.360004425048828
Pruned model (after finetuning) has AUROC / IND / OOD = 0.9267107567263955 / 4.171265125274658 / 6.396551132202148
Notification sent to chrome.
 
Currently running leave_3_encoder_fc3 experiment. 
Starting the process with remaining connection 1 using tech 3!
Loaded pretrained model
Pretrained model has AUROC / IND / OOD = 0.9285812619081708 / 2.7500503063201904 / 4.2608513832092285
Pruned model (before finetuning) has AUROC / IND / OOD = 0.5708149318825096 / 8.971451759338379 / 9.362322807312012
Pruned model (after finetuning) has AUROC / IND / OOD = 0.6182742651350785 / 7.180952072143555 / 7.520670413970947
Notification sent to chrome.
 
Currently running leave_3_encoder_fc3 experiment. 
Starting the process with remaining connection 2 using tech 3!
Loaded pretrained model
Pretrained model has AUROC / IND / OOD = 0.9285812619081708 / 2.7500503063201904 / 4.2608513832092285
Pruned model (before finetuning) has AUROC / IND / OOD = 0.5708149318825096 / 8.971451759338379 / 9.362322807312012
Pruned model (after finetuning) has AUROC / IND / OOD = 0.6174547076509653 / 7.1834282875061035 / 7.529227256774902
Notification sent to chrome.
 
Currently running leave_3_encoder_fc3 experiment. 
Starting the process with remaining connection 3 using tech 3!
Loaded pretrained model
Pretrained model has AUROC / IND / OOD = 0.9285812619081708 / 2.7500503063201904 / 4.2608513832092285
Pruned model (before finetuning) has AUROC / IND / OOD = 0.5708149318825096 / 8.971451759338379 / 9.362322807312012
Pruned model (after finetuning) has AUROC / IND / OOD = 0.6202581526228261 / 7.18274450302124 / 7.535817623138428
Notification sent to chrome.
 
Currently running leave_3_encoder_fc3 experiment. 
Starting the process with remaining connection 4 using tech 3!
Loaded pretrained model
Pretrained model has AUROC / IND / OOD = 0.9285812619081708 / 2.7500503063201904 / 4.2608513832092285
Pruned model (before finetuning) has AUROC / IND / OOD = 0.5706904261060143 / 8.970404624938965 / 9.360668182373047
Pruned model (after finetuning) has AUROC / IND / OOD = 0.8097905263273825 / 6.0417866706848145 / 7.671176910400391
Notification sent to chrome.
 
Currently running leave_3_encoder_fc3 experiment. 
Starting the process with remaining connection 5 using tech 3!
Loaded pretrained model
Pretrained model has AUROC / IND / OOD = 0.9285812619081708 / 2.7500503063201904 / 4.2608513832092285
Pruned model (before finetuning) has AUROC / IND / OOD = 0.5706904261060143 / 8.970404624938965 / 9.360668182373047
Pruned model (after finetuning) has AUROC / IND / OOD = 0.7962368528287758 / 6.064273357391357 / 7.627517223358154
Notification sent to chrome.
 
Currently running leave_3_encoder_fc3 experiment. 
Starting the process with remaining connection 6 using tech 3!
Loaded pretrained model
Pretrained model has AUROC / IND / OOD = 0.9285812619081708 / 2.7500503063201904 / 4.2608513832092285
Pruned model (before finetuning) has AUROC / IND / OOD = 0.5706224187491051 / 8.970128059387207 / 9.359859466552734
Pruned model (after finetuning) has AUROC / IND / OOD = 0.8722447383781758 / 5.264304161071777 / 7.239365577697754
Notification sent to chrome.
 
Currently running leave_3_encoder_fc3 experiment. 
Starting the process with remaining connection 7 using tech 3!
Loaded pretrained model
Pretrained model has AUROC / IND / OOD = 0.9285812619081708 / 2.7500503063201904 / 4.2608513832092285
Pruned model (before finetuning) has AUROC / IND / OOD = 0.5706224187491051 / 8.970128059387207 / 9.359859466552734
Pruned model (after finetuning) has AUROC / IND / OOD = 0.862405973634071 / 5.281432151794434 / 7.251403331756592
Notification sent to chrome.
 
Currently running leave_3_encoder_fc3 experiment. 
Starting the process with remaining connection 8 using tech 3!
Loaded pretrained model
Pretrained model has AUROC / IND / OOD = 0.9285812619081708 / 2.7500503063201904 / 4.2608513832092285
Pruned model (before finetuning) has AUROC / IND / OOD = 0.5706224187491051 / 8.970128059387207 / 9.359859466552734
Pruned model (after finetuning) has AUROC / IND / OOD = 0.8634987720129077 / 5.284820556640625 / 7.272643089294434
Notification sent to chrome.
 
Currently running leave_3_encoder_fc3 experiment. 
Starting the process with remaining connection 9 using tech 3!
Loaded pretrained model
Pretrained model has AUROC / IND / OOD = 0.9285812619081708 / 2.7500503063201904 / 4.2608513832092285
Pruned model (before finetuning) has AUROC / IND / OOD = 0.5706224187491051 / 8.970128059387207 / 9.359859466552734
Pruned model (after finetuning) has AUROC / IND / OOD = 0.8709312877895131 / 5.308239459991455 / 7.31149435043335
Notification sent to chrome.
 
Currently running leave_3_encoder_fc3 experiment. 
Starting the process with remaining connection 10 using tech 3!
Loaded pretrained model
Pretrained model has AUROC / IND / OOD = 0.9285812619081708 / 2.7500503063201904 / 4.2608513832092285
Pruned model (before finetuning) has AUROC / IND / OOD = 0.5706224187491051 / 8.970128059387207 / 9.359859466552734
Pruned model (after finetuning) has AUROC / IND / OOD = 0.8609541955307878 / 5.288316249847412 / 7.2838850021362305
Notification sent to chrome.
 
Currently running leave_3_encoder_fc3 experiment. 
Starting the process with remaining connection 11 using tech 3!
Loaded pretrained model
Pretrained model has AUROC / IND / OOD = 0.9285812619081708 / 2.7500503063201904 / 4.2608513832092285
Pruned model (before finetuning) has AUROC / IND / OOD = 0.5706224187491051 / 8.970128059387207 / 9.359859466552734
Pruned model (after finetuning) has AUROC / IND / OOD = 0.8581871496382119 / 5.293318271636963 / 7.187440395355225
Notification sent to chrome.
 
Currently running leave_3_encoder_fc3 experiment. 
Starting the process with remaining connection 12 using tech 3!
Loaded pretrained model
Pretrained model has AUROC / IND / OOD = 0.9285812619081708 / 2.7500503063201904 / 4.2608513832092285
Pruned model (before finetuning) has AUROC / IND / OOD = 0.5706224187491051 / 8.970128059387207 / 9.359859466552734
Pruned model (after finetuning) has AUROC / IND / OOD = 0.866525071862025 / 5.28317403793335 / 7.26807975769043
Notification sent to chrome.
 
Currently running leave_3_encoder_fc3 experiment. 
Starting the process with remaining connection 13 using tech 3!
Loaded pretrained model
Pretrained model has AUROC / IND / OOD = 0.9285812619081708 / 2.7500503063201904 / 4.2608513832092285
Pruned model (before finetuning) has AUROC / IND / OOD = 0.570565920329519 / 8.970099449157715 / 9.359500885009766
Pruned model (after finetuning) has AUROC / IND / OOD = 0.8744899723565238 / 4.800999641418457 / 6.690340995788574
Notification sent to chrome.
 
Currently running leave_3_encoder_fc3 experiment. 
Starting the process with remaining connection 14 using tech 3!
Loaded pretrained model
Pretrained model has AUROC / IND / OOD = 0.9285812619081708 / 2.7500503063201904 / 4.2608513832092285
Pruned model (before finetuning) has AUROC / IND / OOD = 0.570565920329519 / 8.970099449157715 / 9.359500885009766
Pruned model (after finetuning) has AUROC / IND / OOD = 0.8803602462582187 / 4.801181316375732 / 6.734375476837158
Notification sent to chrome.
 
Currently running leave_3_encoder_fc3 experiment. 
Starting the process with remaining connection 15 using tech 3!
Loaded pretrained model
Pretrained model has AUROC / IND / OOD = 0.9285812619081708 / 2.7500503063201904 / 4.2608513832092285
Pruned model (before finetuning) has AUROC / IND / OOD = 0.570565920329519 / 8.970099449157715 / 9.359500885009766
Pruned model (after finetuning) has AUROC / IND / OOD = 0.8839116069560237 / 4.803973197937012 / 6.79594612121582
Notification sent to chrome.
 
Currently running leave_3_encoder_fc3 experiment. 
Starting the process with remaining connection 16 using tech 3!
Loaded pretrained model
Pretrained model has AUROC / IND / OOD = 0.9285812619081708 / 2.7500503063201904 / 4.2608513832092285
Pruned model (before finetuning) has AUROC / IND / OOD = 0.570565920329519 / 8.970099449157715 / 9.359500885009766
Pruned model (after finetuning) has AUROC / IND / OOD = 0.8902698267602065 / 4.848711967468262 / 6.905887126922607
Notification sent to chrome.
 
Currently running leave_3_encoder_fc3 experiment. 
Starting the process with remaining connection 1 using tech 4!
Loaded pretrained model
Pretrained model has AUROC / IND / OOD = 0.9285812619081708 / 2.7500503063201904 / 4.2608513832092285
Pruned model (before finetuning) has AUROC / IND / OOD = 0.568836055463166 / 8.983272552490234 / 9.363250732421875
Pruned model (after finetuning) has AUROC / IND / OOD = 0.7484565358649324 / 5.914779186248779 / 7.078118324279785
Notification sent to chrome.
 
Currently running leave_3_encoder_fc3 experiment. 
Starting the process with remaining connection 2 using tech 4!
Loaded pretrained model
Pretrained model has AUROC / IND / OOD = 0.9285812619081708 / 2.7500503063201904 / 4.2608513832092285
Pruned model (before finetuning) has AUROC / IND / OOD = 0.5689107809557374 / 8.983257293701172 / 9.36375617980957
Pruned model (after finetuning) has AUROC / IND / OOD = 0.7742708620138987 / 5.819332122802734 / 7.096210479736328
Notification sent to chrome.
 
Currently running leave_3_encoder_fc3 experiment. 
Starting the process with remaining connection 3 using tech 4!
Loaded pretrained model
Pretrained model has AUROC / IND / OOD = 0.9285812619081708 / 2.7500503063201904 / 4.2608513832092285
Pruned model (before finetuning) has AUROC / IND / OOD = 0.5682424365907113 / 9.008170127868652 / 9.386441230773926
Pruned model (after finetuning) has AUROC / IND / OOD = 0.8470413220409916 / 5.194989204406738 / 6.93424654006958
Notification sent to chrome.
 
Currently running leave_3_encoder_fc3 experiment. 
Starting the process with remaining connection 4 using tech 4!
Loaded pretrained model
Pretrained model has AUROC / IND / OOD = 0.9285812619081708 / 2.7500503063201904 / 4.2608513832092285
Pruned model (before finetuning) has AUROC / IND / OOD = 0.568188030705184 / 9.010595321655273 / 9.387565612792969
Pruned model (after finetuning) has AUROC / IND / OOD = 0.8869586118789855 / 4.747127056121826 / 6.754673957824707
Notification sent to chrome.
 
Currently running leave_3_encoder_fc3 experiment. 
Starting the process with remaining connection 5 using tech 4!
Loaded pretrained model
Pretrained model has AUROC / IND / OOD = 0.9285812619081708 / 2.7500503063201904 / 4.2608513832092285
Pruned model (before finetuning) has AUROC / IND / OOD = 0.5682708510005617 / 9.010543823242188 / 9.387933731079102
Pruned model (after finetuning) has AUROC / IND / OOD = 0.8642366105353583 / 4.757633209228516 / 6.57637882232666
Notification sent to chrome.
 
Currently running leave_3_encoder_fc3 experiment. 
Starting the process with remaining connection 6 using tech 4!
Loaded pretrained model
Pretrained model has AUROC / IND / OOD = 0.9285812619081708 / 2.7500503063201904 / 4.2608513832092285
Pruned model (before finetuning) has AUROC / IND / OOD = 0.5684705778698003 / 9.012136459350586 / 9.39045524597168
Pruned model (after finetuning) has AUROC / IND / OOD = 0.8794543442108393 / 4.543369293212891 / 6.381319046020508
Notification sent to chrome.
 
Currently running leave_3_encoder_fc3 experiment. 
Starting the process with remaining connection 7 using tech 4!
Loaded pretrained model
Pretrained model has AUROC / IND / OOD = 0.9285812619081708 / 2.7500503063201904 / 4.2608513832092285
Pruned model (before finetuning) has AUROC / IND / OOD = 0.5685249837553277 / 9.012336730957031 / 9.390775680541992
Pruned model (after finetuning) has AUROC / IND / OOD = 0.867772662694523 / 4.814242362976074 / 6.691375732421875
Notification sent to chrome.
 
Currently running leave_3_encoder_fc3 experiment. 
Starting the process with remaining connection 8 using tech 4!
Loaded pretrained model
Pretrained model has AUROC / IND / OOD = 0.9285812619081708 / 2.7500503063201904 / 4.2608513832092285
Pruned model (before finetuning) has AUROC / IND / OOD = 0.568313747948766 / 9.01201343536377 / 9.388733863830566
Pruned model (after finetuning) has AUROC / IND / OOD = 0.9246119450654742 / 4.151866436004639 / 6.328115463256836
Notification sent to chrome.
 
Currently running leave_3_encoder_fc3 experiment. 
Starting the process with remaining connection 9 using tech 4!
Loaded pretrained model
Pretrained model has AUROC / IND / OOD = 0.9285812619081708 / 2.7500503063201904 / 4.2608513832092285
Pruned model (before finetuning) has AUROC / IND / OOD = 0.565338715184088 / 8.9622220993042 / 9.321117401123047
Pruned model (after finetuning) has AUROC / IND / OOD = 0.9022425357107458 / 4.1956377029418945 / 6.200672149658203
Notification sent to chrome.
 
Currently running leave_3_encoder_fc3 experiment. 
Starting the process with remaining connection 10 using tech 4!
Loaded pretrained model
Pretrained model has AUROC / IND / OOD = 0.9285812619081708 / 2.7500503063201904 / 4.2608513832092285
Pruned model (before finetuning) has AUROC / IND / OOD = 0.5617569026090596 / 8.929402351379395 / 9.267147064208984
Pruned model (after finetuning) has AUROC / IND / OOD = 0.9214459410345929 / 4.104201793670654 / 6.229909896850586
Notification sent to chrome.
 
Currently running leave_3_encoder_fc3 experiment. 
Starting the process with remaining connection 11 using tech 4!
Loaded pretrained model
Pretrained model has AUROC / IND / OOD = 0.9285812619081708 / 2.7500503063201904 / 4.2608513832092285
Pruned model (before finetuning) has AUROC / IND / OOD = 0.5620614213812927 / 8.923359870910645 / 9.265507698059082
Pruned model (after finetuning) has AUROC / IND / OOD = 0.9186568134010286 / 4.132249355316162 / 6.254209995269775
Notification sent to chrome.
 
Currently running leave_3_encoder_fc3 experiment. 
Starting the process with remaining connection 12 using tech 4!
Loaded pretrained model
Pretrained model has AUROC / IND / OOD = 0.9285812619081708 / 2.7500503063201904 / 4.2608513832092285
Pruned model (before finetuning) has AUROC / IND / OOD = 0.5620614213812927 / 8.923359870910645 / 9.265507698059082
Pruned model (after finetuning) has AUROC / IND / OOD = 0.9174880780625337 / 4.078647613525391 / 6.200012683868408
Notification sent to chrome.
 
Currently running leave_3_encoder_fc3 experiment. 
Starting the process with remaining connection 13 using tech 4!
Loaded pretrained model
Pretrained model has AUROC / IND / OOD = 0.9285812619081708 / 2.7500503063201904 / 4.2608513832092285
Pruned model (before finetuning) has AUROC / IND / OOD = 0.5594678906155355 / 8.912262916564941 / 9.23980712890625
Pruned model (after finetuning) has AUROC / IND / OOD = 0.9405418561878435 / 3.8137917518615723 / 6.14461088180542
Notification sent to chrome.
 
Currently running leave_3_encoder_fc3 experiment. 
Starting the process with remaining connection 14 using tech 4!
Loaded pretrained model
Pretrained model has AUROC / IND / OOD = 0.9285812619081708 / 2.7500503063201904 / 4.2608513832092285
Pruned model (before finetuning) has AUROC / IND / OOD = 0.5593895857883897 / 8.897939682006836 / 9.22490406036377
Pruned model (after finetuning) has AUROC / IND / OOD = 0.908499598013194 / 3.75774884223938 / 5.645392894744873
Notification sent to chrome.
 
Currently running leave_3_encoder_fc3 experiment. 
Starting the process with remaining connection 15 using tech 4!
Loaded pretrained model
Pretrained model has AUROC / IND / OOD = 0.9285812619081708 / 2.7500503063201904 / 4.2608513832092285
Pruned model (before finetuning) has AUROC / IND / OOD = 0.5594254892675029 / 8.898777961730957 / 9.225595474243164
Pruned model (after finetuning) has AUROC / IND / OOD = 0.9389976211191754 / 3.8605849742889404 / 6.253819942474365
Notification sent to chrome.
 
Currently running leave_3_encoder_fc3 experiment. 
Starting the process with remaining connection 16 using tech 4!
Loaded pretrained model
Pretrained model has AUROC / IND / OOD = 0.9285812619081708 / 2.7500503063201904 / 4.2608513832092285
Pruned model (before finetuning) has AUROC / IND / OOD = 0.5593991123250257 / 8.899019241333008 / 9.225653648376465
Pruned model (after finetuning) has AUROC / IND / OOD = 0.9360416964944548 / 3.727313280105591 / 5.958102226257324
Notification sent to chrome.
 
Currently running leave_3_encoder_fc3 experiment. 
Starting the process with remaining connection 1 using tech 5!
Loaded pretrained model
Pretrained model has AUROC / IND / OOD = 0.9285812619081708 / 2.7500503063201904 / 4.2608513832092285
Pruned model (before finetuning) has AUROC / IND / OOD = 0.5688986112181852 / 8.989555358886719 / 9.371150970458984
Pruned model (after finetuning) has AUROC / IND / OOD = 0.7907562858621792 / 5.951784133911133 / 7.424435138702393
Notification sent to chrome.
 
Currently running leave_3_encoder_fc3 experiment. 
Starting the process with remaining connection 2 using tech 5!
Loaded pretrained model
Pretrained model has AUROC / IND / OOD = 0.9285812619081708 / 2.7500503063201904 / 4.2608513832092285
Pruned model (before finetuning) has AUROC / IND / OOD = 0.5689948677848875 / 8.989442825317383 / 9.371559143066406
Pruned model (after finetuning) has AUROC / IND / OOD = 0.8617228713972621 / 5.412703990936279 / 7.381875991821289
Notification sent to chrome.
 
Currently running leave_3_encoder_fc3 experiment. 
Starting the process with remaining connection 3 using tech 5!
Loaded pretrained model
Pretrained model has AUROC / IND / OOD = 0.9285812619081708 / 2.7500503063201904 / 4.2608513832092285
Pruned model (before finetuning) has AUROC / IND / OOD = 0.5682825802046279 / 9.007651329040527 / 9.386223793029785
Pruned model (after finetuning) has AUROC / IND / OOD = 0.895814656549081 / 4.7836103439331055 / 6.935426235198975
Notification sent to chrome.
 
Currently running leave_3_encoder_fc3 experiment. 
Starting the process with remaining connection 4 using tech 5!
Loaded pretrained model
Pretrained model has AUROC / IND / OOD = 0.9285812619081708 / 2.7500503063201904 / 4.2608513832092285
Pruned model (before finetuning) has AUROC / IND / OOD = 0.5684154010506723 / 9.009243965148926 / 9.388513565063477
Pruned model (after finetuning) has AUROC / IND / OOD = 0.8936831352768202 / 4.478638648986816 / 6.401402950286865
Notification sent to chrome.
 
Currently running leave_3_encoder_fc3 experiment. 
Starting the process with remaining connection 5 using tech 5!
Loaded pretrained model
Pretrained model has AUROC / IND / OOD = 0.9285812619081708 / 2.7500503063201904 / 4.2608513832092285
Pruned model (before finetuning) has AUROC / IND / OOD = 0.568111157611868 / 9.008833885192871 / 9.38590145111084
Pruned model (after finetuning) has AUROC / IND / OOD = 0.917504322734832 / 4.22259521484375 / 6.305446624755859
Notification sent to chrome.
 
Currently running leave_3_encoder_fc3 experiment. 
Starting the process with remaining connection 6 using tech 5!
Loaded pretrained model
Pretrained model has AUROC / IND / OOD = 0.9285812619081708 / 2.7500503063201904 / 4.2608513832092285
Pruned model (before finetuning) has AUROC / IND / OOD = 0.5654452141543409 / 8.959160804748535 / 9.319689750671387
Pruned model (after finetuning) has AUROC / IND / OOD = 0.8962540336347316 / 4.191894054412842 / 6.082639217376709
Notification sent to chrome.
 
Currently running leave_3_encoder_fc3 experiment. 
Starting the process with remaining connection 7 using tech 5!
Loaded pretrained model
Pretrained model has AUROC / IND / OOD = 0.9285812619081708 / 2.7500503063201904 / 4.2608513832092285
Pruned model (before finetuning) has AUROC / IND / OOD = 0.5654462604213703 / 8.958620071411133 / 9.319551467895508
Pruned model (after finetuning) has AUROC / IND / OOD = 0.893131036685426 / 4.203823566436768 / 6.083001136779785
Notification sent to chrome.
 
Currently running leave_3_encoder_fc3 experiment. 
Starting the process with remaining connection 8 using tech 5!
Loaded pretrained model
Pretrained model has AUROC / IND / OOD = 0.9285812619081708 / 2.7500503063201904 / 4.2608513832092285
Pruned model (before finetuning) has AUROC / IND / OOD = 0.5657351953215344 / 8.952316284179688 / 9.317609786987305
Pruned model (after finetuning) has AUROC / IND / OOD = 0.9205327151180079 / 4.154567241668701 / 6.3009138107299805
Notification sent to chrome.
 
Currently running leave_3_encoder_fc3 experiment. 
Starting the process with remaining connection 9 using tech 5!
Loaded pretrained model
Pretrained model has AUROC / IND / OOD = 0.9285812619081708 / 2.7500503063201904 / 4.2608513832092285
Pruned model (before finetuning) has AUROC / IND / OOD = 0.5657770460027093 / 8.952695846557617 / 9.318037033081055
Pruned model (after finetuning) has AUROC / IND / OOD = 0.8969110893291777 / 4.4141058921813965 / 6.411463737487793
Notification sent to chrome.
 
Currently running leave_3_encoder_fc3 experiment. 
Starting the process with remaining connection 10 using tech 5!
Loaded pretrained model
Pretrained model has AUROC / IND / OOD = 0.9285812619081708 / 2.7500503063201904 / 4.2608513832092285
Pruned model (before finetuning) has AUROC / IND / OOD = 0.5639253736274629 / 8.94087028503418 / 9.295161247253418
Pruned model (after finetuning) has AUROC / IND / OOD = 0.941266148305598 / 3.816357135772705 / 6.142757415771484
Notification sent to chrome.
 
Currently running leave_3_encoder_fc3 experiment. 
Starting the process with remaining connection 11 using tech 5!
Loaded pretrained model
Pretrained model has AUROC / IND / OOD = 0.9285812619081708 / 2.7500503063201904 / 4.2608513832092285
Pruned model (before finetuning) has AUROC / IND / OOD = 0.5639465743014791 / 8.924980163574219 / 9.27916145324707
Pruned model (after finetuning) has AUROC / IND / OOD = 0.9418702298483465 / 3.8371918201446533 / 6.1906843185424805
Notification sent to chrome.
 
Currently running leave_3_encoder_fc3 experiment. 
Starting the process with remaining connection 12 using tech 5!
Loaded pretrained model
Pretrained model has AUROC / IND / OOD = 0.9285812619081708 / 2.7500503063201904 / 4.2608513832092285
Pruned model (before finetuning) has AUROC / IND / OOD = 0.5639987224528904 / 8.925811767578125 / 9.279905319213867
Pruned model (after finetuning) has AUROC / IND / OOD = 0.9476814722629102 / 3.662818431854248 / 6.075911998748779
Notification sent to chrome.
 
Currently running leave_3_encoder_fc3 experiment. 
Starting the process with remaining connection 13 using tech 5!
Loaded pretrained model
Pretrained model has AUROC / IND / OOD = 0.9285812619081708 / 2.7500503063201904 / 4.2608513832092285
Pruned model (before finetuning) has AUROC / IND / OOD = 0.5639688212425247 / 8.926046371459961 / 9.279951095581055
Pruned model (after finetuning) has AUROC / IND / OOD = 0.941838676637408 / 3.8139867782592773 / 6.175130844116211
Notification sent to chrome.
 
Currently running leave_3_encoder_fc3 experiment. 
Starting the process with remaining connection 14 using tech 5!
Loaded pretrained model
Pretrained model has AUROC / IND / OOD = 0.9285812619081708 / 2.7500503063201904 / 4.2608513832092285
Pruned model (before finetuning) has AUROC / IND / OOD = 0.5614948402515446 / 8.943476676940918 / 9.286701202392578
Pruned model (after finetuning) has AUROC / IND / OOD = 0.9274235399068271 / 3.6552274227142334 / 5.7529802322387695
Notification sent to chrome.
 
Currently running leave_3_encoder_fc3 experiment. 
Starting the process with remaining connection 15 using tech 5!
Loaded pretrained model
Pretrained model has AUROC / IND / OOD = 0.9285812619081708 / 2.7500503063201904 / 4.2608513832092285
Pruned model (before finetuning) has AUROC / IND / OOD = 0.5650578200200443 / 8.965453147888184 / 9.329428672790527
Pruned model (after finetuning) has AUROC / IND / OOD = 0.9191270828973888 / 3.6481480598449707 / 5.65987491607666
Notification sent to chrome.
 
Currently running leave_3_encoder_fc3 experiment. 
Starting the process with remaining connection 16 using tech 5!
Loaded pretrained model
Pretrained model has AUROC / IND / OOD = 0.9285812619081708 / 2.7500503063201904 / 4.2608513832092285
Pruned model (before finetuning) has AUROC / IND / OOD = 0.5650916860317845 / 8.964288711547852 / 9.328834533691406
Pruned model (after finetuning) has AUROC / IND / OOD = 0.9112426348307802 / 3.6574344635009766 / 5.566823482513428
Notification sent to chrome.
 
Currently running leave_3_encoder_fc3 experiment. 
Starting the process with remaining connection 1 using tech 6!
Loaded pretrained model
Pretrained model has AUROC / IND / OOD = 0.9285812619081708 / 2.7500503063201904 / 4.2608513832092285
Pruned model (before finetuning) has AUROC / IND / OOD = 0.5708149318825096 / 8.971451759338379 / 9.362322807312012
Pruned model (after finetuning) has AUROC / IND / OOD = 0.6209252855207655 / 7.181187152862549 / 7.524508953094482
Notification sent to chrome.
 
Currently running leave_3_encoder_fc3 experiment. 
Starting the process with remaining connection 2 using tech 6!
Loaded pretrained model
Pretrained model has AUROC / IND / OOD = 0.9285812619081708 / 2.7500503063201904 / 4.2608513832092285
Pruned model (before finetuning) has AUROC / IND / OOD = 0.5708149318825096 / 8.971451759338379 / 9.362322807312012
Pruned model (after finetuning) has AUROC / IND / OOD = 0.62208196125508 / 7.181798458099365 / 7.533344745635986
Notification sent to chrome.
 
Currently running leave_3_encoder_fc3 experiment. 
Starting the process with remaining connection 3 using tech 6!
Loaded pretrained model
Pretrained model has AUROC / IND / OOD = 0.9285812619081708 / 2.7500503063201904 / 4.2608513832092285
Pruned model (before finetuning) has AUROC / IND / OOD = 0.5708149318825096 / 8.971451759338379 / 9.362322807312012
Pruned model (after finetuning) has AUROC / IND / OOD = 0.6203452681196929 / 7.1828083992004395 / 7.5362868309021
Notification sent to chrome.
 
Currently running leave_3_encoder_fc3 experiment. 
Starting the process with remaining connection 4 using tech 6!
Loaded pretrained model
Pretrained model has AUROC / IND / OOD = 0.9285812619081708 / 2.7500503063201904 / 4.2608513832092285
Pruned model (before finetuning) has AUROC / IND / OOD = 0.5708149318825096 / 8.971451759338379 / 9.362322807312012
Pruned model (after finetuning) has AUROC / IND / OOD = 0.6143281313670854 / 7.183877944946289 / 7.515886306762695
Notification sent to chrome.
 
Currently running leave_3_encoder_fc3 experiment. 
Starting the process with remaining connection 5 using tech 6!
Loaded pretrained model
Pretrained model has AUROC / IND / OOD = 0.9285812619081708 / 2.7500503063201904 / 4.2608513832092285
Pruned model (before finetuning) has AUROC / IND / OOD = 0.5708149318825096 / 8.971451759338379 / 9.362322807312012
Pruned model (after finetuning) has AUROC / IND / OOD = 0.6173922069626316 / 7.180054664611816 / 7.507652282714844
Notification sent to chrome.
 
Currently running leave_3_encoder_fc3 experiment. 
Starting the process with remaining connection 6 using tech 6!
Loaded pretrained model
Pretrained model has AUROC / IND / OOD = 0.9285812619081708 / 2.7500503063201904 / 4.2608513832092285
Pruned model (before finetuning) has AUROC / IND / OOD = 0.5708149318825096 / 8.971451759338379 / 9.362322807312012
Pruned model (after finetuning) has AUROC / IND / OOD = 0.6208012202777563 / 7.184376239776611 / 7.547731876373291
Notification sent to chrome.
 
Currently running leave_3_encoder_fc3 experiment. 
Starting the process with remaining connection 7 using tech 6!
Loaded pretrained model
Pretrained model has AUROC / IND / OOD = 0.9285812619081708 / 2.7500503063201904 / 4.2608513832092285
Pruned model (before finetuning) has AUROC / IND / OOD = 0.5708149318825096 / 8.971451759338379 / 9.362322807312012
Pruned model (after finetuning) has AUROC / IND / OOD = 0.6159472571283824 / 7.182961940765381 / 7.5266032218933105
Notification sent to chrome.
 
Currently running leave_3_encoder_fc3 experiment. 
Starting the process with remaining connection 8 using tech 6!
Loaded pretrained model
Pretrained model has AUROC / IND / OOD = 0.9285812619081708 / 2.7500503063201904 / 4.2608513832092285
Pruned model (before finetuning) has AUROC / IND / OOD = 0.5708149318825096 / 8.971451759338379 / 9.362322807312012
Pruned model (after finetuning) has AUROC / IND / OOD = 0.6136418903291886 / 7.182727813720703 / 7.512394905090332
Notification sent to chrome.
 
Currently running leave_3_encoder_fc3 experiment. 
Starting the process with remaining connection 9 using tech 6!
Loaded pretrained model
Pretrained model has AUROC / IND / OOD = 0.9285812619081708 / 2.7500503063201904 / 4.2608513832092285
Pruned model (before finetuning) has AUROC / IND / OOD = 0.5708149318825096 / 8.971451759338379 / 9.362322807312012
Pruned model (after finetuning) has AUROC / IND / OOD = 0.6168038744920098 / 7.1816086769104 / 7.525716304779053
Notification sent to chrome.
 
Currently running leave_3_encoder_fc3 experiment. 
Starting the process with remaining connection 10 using tech 6!
Loaded pretrained model
Pretrained model has AUROC / IND / OOD = 0.9285812619081708 / 2.7500503063201904 / 4.2608513832092285
Pruned model (before finetuning) has AUROC / IND / OOD = 0.5708149318825096 / 8.971451759338379 / 9.362322807312012
Pruned model (after finetuning) has AUROC / IND / OOD = 0.6212363572286038 / 7.186911582946777 / 7.55386209487915
Notification sent to chrome.
 
Currently running leave_3_encoder_fc3 experiment. 
Starting the process with remaining connection 11 using tech 6!
Loaded pretrained model
Pretrained model has AUROC / IND / OOD = 0.9285812619081708 / 2.7500503063201904 / 4.2608513832092285
Pruned model (before finetuning) has AUROC / IND / OOD = 0.5708149318825096 / 8.971451759338379 / 9.362322807312012
Pruned model (after finetuning) has AUROC / IND / OOD = 0.6149650877212304 / 7.1817450523376465 / 7.515048027038574
Notification sent to chrome.
 
Currently running leave_3_encoder_fc3 experiment. 
Starting the process with remaining connection 12 using tech 6!
Loaded pretrained model
Pretrained model has AUROC / IND / OOD = 0.9285812619081708 / 2.7500503063201904 / 4.2608513832092285
Pruned model (before finetuning) has AUROC / IND / OOD = 0.5708149318825096 / 8.971451759338379 / 9.362322807312012
Pruned model (after finetuning) has AUROC / IND / OOD = 0.6265819006817255 / 7.186079025268555 / 7.572240829467773
Notification sent to chrome.
 
Currently running leave_3_encoder_fc3 experiment. 
Starting the process with remaining connection 13 using tech 6!
Loaded pretrained model
Pretrained model has AUROC / IND / OOD = 0.9285812619081708 / 2.7500503063201904 / 4.2608513832092285
Pruned model (before finetuning) has AUROC / IND / OOD = 0.5708149318825096 / 8.971451759338379 / 9.362322807312012
Pruned model (after finetuning) has AUROC / IND / OOD = 0.624776814722629 / 7.181107997894287 / 7.533751487731934
Notification sent to chrome.
 
Currently running leave_3_encoder_fc3 experiment. 
Starting the process with remaining connection 14 using tech 6!
Loaded pretrained model
Pretrained model has AUROC / IND / OOD = 0.9285812619081708 / 2.7500503063201904 / 4.2608513832092285
Pruned model (before finetuning) has AUROC / IND / OOD = 0.5708149318825096 / 8.971451759338379 / 9.362322807312012
Pruned model (after finetuning) has AUROC / IND / OOD = 0.6135264154891573 / 7.182907581329346 / 7.508176803588867
Notification sent to chrome.
 
Currently running leave_3_encoder_fc3 experiment. 
Starting the process with remaining connection 15 using tech 6!
Loaded pretrained model
Pretrained model has AUROC / IND / OOD = 0.9285812619081708 / 2.7500503063201904 / 4.2608513832092285
Pruned model (before finetuning) has AUROC / IND / OOD = 0.5708149318825096 / 8.971451759338379 / 9.362322807312012
Pruned model (after finetuning) has AUROC / IND / OOD = 0.6109948898115617 / 7.182269096374512 / 7.4869704246521
Notification sent to chrome.
 
Currently running leave_3_encoder_fc3 experiment. 
Starting the process with remaining connection 16 using tech 6!
Loaded pretrained model
Pretrained model has AUROC / IND / OOD = 0.9285812619081708 / 2.7500503063201904 / 4.2608513832092285
Pruned model (before finetuning) has AUROC / IND / OOD = 0.5708149318825096 / 8.971451759338379 / 9.362322807312012
Pruned model (after finetuning) has AUROC / IND / OOD = 0.6163192325906672 / 7.184046268463135 / 7.527987480163574
Notification sent to chrome.
 
Currently running leave_3_encoder_fc3 experiment. 
Starting the process with remaining connection 1 using tech 7!
Loaded pretrained model
Pretrained model has AUROC / IND / OOD = 0.9285812619081708 / 2.7500503063201904 / 4.2608513832092285
Pruned model (before finetuning) has AUROC / IND / OOD = 0.5708149318825096 / 8.971451759338379 / 9.362322807312012
Pruned model (after finetuning) has AUROC / IND / OOD = 0.619353572175905 / 7.181336879730225 / 7.527891159057617
Notification sent to chrome.
 
Currently running leave_3_encoder_fc3 experiment. 
Starting the process with remaining connection 2 using tech 7!
Loaded pretrained model
Pretrained model has AUROC / IND / OOD = 0.9285812619081708 / 2.7500503063201904 / 4.2608513832092285
Pruned model (before finetuning) has AUROC / IND / OOD = 0.5708149318825096 / 8.971451759338379 / 9.362322807312012
Pruned model (after finetuning) has AUROC / IND / OOD = 0.6161447262635051 / 7.184754371643066 / 7.533427715301514
Notification sent to chrome.
 
Currently running leave_3_encoder_fc3 experiment. 
Starting the process with remaining connection 3 using tech 7!
Loaded pretrained model
Pretrained model has AUROC / IND / OOD = 0.9285812619081708 / 2.7500503063201904 / 4.2608513832092285
Pruned model (before finetuning) has AUROC / IND / OOD = 0.5708149318825096 / 8.971451759338379 / 9.362322807312012
Pruned model (after finetuning) has AUROC / IND / OOD = 0.6185023513474818 / 7.181523323059082 / 7.528294086456299
Notification sent to chrome.
 
Currently running leave_3_encoder_fc3 experiment. 
Starting the process with remaining connection 4 using tech 7!
Loaded pretrained model
Pretrained model has AUROC / IND / OOD = 0.9285812619081708 / 2.7500503063201904 / 4.2608513832092285
Pruned model (before finetuning) has AUROC / IND / OOD = 0.5708149318825096 / 8.971451759338379 / 9.362322807312012
Pruned model (after finetuning) has AUROC / IND / OOD = 0.6227229925439708 / 7.180240154266357 / 7.531779766082764
Notification sent to chrome.
 
Currently running leave_3_encoder_fc3 experiment. 
Starting the process with remaining connection 5 using tech 7!
Loaded pretrained model
Pretrained model has AUROC / IND / OOD = 0.9285812619081708 / 2.7500503063201904 / 4.2608513832092285
Pruned model (before finetuning) has AUROC / IND / OOD = 0.5708149318825096 / 8.971451759338379 / 9.362322807312012
Pruned model (after finetuning) has AUROC / IND / OOD = 0.6218103172942433 / 7.180866241455078 / 7.537731170654297
Notification sent to chrome.
 
Currently running leave_3_encoder_fc3 experiment. 
Starting the process with remaining connection 6 using tech 7!
Loaded pretrained model
Pretrained model has AUROC / IND / OOD = 0.9285812619081708 / 2.7500503063201904 / 4.2608513832092285
Pruned model (before finetuning) has AUROC / IND / OOD = 0.5708149318825096 / 8.971451759338379 / 9.362322807312012
Pruned model (after finetuning) has AUROC / IND / OOD = 0.6182615997973546 / 7.18066930770874 / 7.517625331878662
Notification sent to chrome.
 
Currently running leave_3_encoder_fc3 experiment. 
Starting the process with remaining connection 7 using tech 7!
Loaded pretrained model
Pretrained model has AUROC / IND / OOD = 0.9285812619081708 / 2.7500503063201904 / 4.2608513832092285
Pruned model (before finetuning) has AUROC / IND / OOD = 0.5708149318825096 / 8.971451759338379 / 9.362322807312012
Pruned model (after finetuning) has AUROC / IND / OOD = 0.6091748257139395 / 7.181431770324707 / 7.494180679321289
Notification sent to chrome.
 
Currently running leave_3_encoder_fc3 experiment. 
Starting the process with remaining connection 8 using tech 7!
Loaded pretrained model
Pretrained model has AUROC / IND / OOD = 0.9285812619081708 / 2.7500503063201904 / 4.2608513832092285
Pruned model (before finetuning) has AUROC / IND / OOD = 0.5708149318825096 / 8.971451759338379 / 9.362322807312012
Pruned model (after finetuning) has AUROC / IND / OOD = 0.6174114803026465 / 7.182860851287842 / 7.525119304656982
Notification sent to chrome.
 
Currently running leave_3_encoder_fc3 experiment. 
Starting the process with remaining connection 9 using tech 7!
Loaded pretrained model
Pretrained model has AUROC / IND / OOD = 0.9285812619081708 / 2.7500503063201904 / 4.2608513832092285
Pruned model (before finetuning) has AUROC / IND / OOD = 0.5708149318825096 / 8.971451759338379 / 9.362322807312012
Pruned model (after finetuning) has AUROC / IND / OOD = 0.621909657595348 / 7.182734489440918 / 7.5376715660095215
Notification sent to chrome.
 
Currently running leave_3_encoder_fc3 experiment. 
Starting the process with remaining connection 10 using tech 7!
Loaded pretrained model
Pretrained model has AUROC / IND / OOD = 0.9285812619081708 / 2.7500503063201904 / 4.2608513832092285
Pruned model (before finetuning) has AUROC / IND / OOD = 0.5708149318825096 / 8.971451759338379 / 9.362322807312012
Pruned model (after finetuning) has AUROC / IND / OOD = 0.6225484862168085 / 7.179409980773926 / 7.530330181121826
Notification sent to chrome.
 
Currently running leave_3_encoder_fc3 experiment. 
Starting the process with remaining connection 11 using tech 7!
Loaded pretrained model
Pretrained model has AUROC / IND / OOD = 0.9285812619081708 / 2.7500503063201904 / 4.2608513832092285
Pruned model (before finetuning) has AUROC / IND / OOD = 0.5708149318825096 / 8.971451759338379 / 9.362322807312012
Pruned model (after finetuning) has AUROC / IND / OOD = 0.6201564995209199 / 7.180323600769043 / 7.519189357757568
Notification sent to chrome.
 
Currently running leave_3_encoder_fc3 experiment. 
Starting the process with remaining connection 12 using tech 7!
Loaded pretrained model
Pretrained model has AUROC / IND / OOD = 0.9285812619081708 / 2.7500503063201904 / 4.2608513832092285
Pruned model (before finetuning) has AUROC / IND / OOD = 0.5708149318825096 / 8.971451759338379 / 9.362322807312012
Pruned model (after finetuning) has AUROC / IND / OOD = 0.6212602011035364 / 7.1835784912109375 / 7.547021389007568
Notification sent to chrome.
 
Currently running leave_3_encoder_fc3 experiment. 
Starting the process with remaining connection 13 using tech 7!
Loaded pretrained model
Pretrained model has AUROC / IND / OOD = 0.9285812619081708 / 2.7500503063201904 / 4.2608513832092285
Pruned model (before finetuning) has AUROC / IND / OOD = 0.5708149318825096 / 8.971451759338379 / 9.362322807312012
Pruned model (after finetuning) has AUROC / IND / OOD = 0.6158869040407934 / 7.18072509765625 / 7.5062432289123535
Notification sent to chrome.
 
Currently running leave_3_encoder_fc3 experiment. 
Starting the process with remaining connection 14 using tech 7!
Loaded pretrained model
Pretrained model has AUROC / IND / OOD = 0.9285812619081708 / 2.7500503063201904 / 4.2608513832092285
Pruned model (before finetuning) has AUROC / IND / OOD = 0.5708149318825096 / 8.971451759338379 / 9.362322807312012
Pruned model (after finetuning) has AUROC / IND / OOD = 0.6170287117699534 / 7.185908794403076 / 7.5393524169921875
Notification sent to chrome.
 
Currently running leave_3_encoder_fc3 experiment. 
Starting the process with remaining connection 15 using tech 7!
Loaded pretrained model
Pretrained model has AUROC / IND / OOD = 0.9285812619081708 / 2.7500503063201904 / 4.2608513832092285
Pruned model (before finetuning) has AUROC / IND / OOD = 0.5708149318825096 / 8.971451759338379 / 9.362322807312012
Pruned model (after finetuning) has AUROC / IND / OOD = 0.6210402096939394 / 7.182139873504639 / 7.539921283721924
Notification sent to chrome.
 
Currently running leave_3_encoder_fc3 experiment. 
Starting the process with remaining connection 16 using tech 7!
Loaded pretrained model
Pretrained model has AUROC / IND / OOD = 0.9285812619081708 / 2.7500503063201904 / 4.2608513832092285
Pruned model (before finetuning) has AUROC / IND / OOD = 0.5708149318825096 / 8.971451759338379 / 9.362322807312012
Pruned model (after finetuning) has AUROC / IND / OOD = 0.6184068657143802 / 7.180135726928711 / 7.517133712768555
Notification sent to chrome.
 
Currently running leave_3_encoder_fc3 experiment. 
Starting the process with remaining connection 1 using tech 8!
Loaded pretrained model
Pretrained model has AUROC / IND / OOD = 0.9285812619081708 / 2.7500503063201904 / 4.2608513832092285
Pruned model (before finetuning) has AUROC / IND / OOD = 0.5708149318825096 / 8.971451759338379 / 9.362322807312012
Pruned model (after finetuning) has AUROC / IND / OOD = 0.6171803103558409 / 7.181840419769287 / 7.502591133117676
Notification sent to chrome.
 
Currently running leave_3_encoder_fc3 experiment. 
Starting the process with remaining connection 2 using tech 8!
Loaded pretrained model
Pretrained model has AUROC / IND / OOD = 0.9285812619081708 / 2.7500503063201904 / 4.2608513832092285
Pruned model (before finetuning) has AUROC / IND / OOD = 0.570648685558211 / 8.971420288085938 / 9.361395835876465
Pruned model (after finetuning) has AUROC / IND / OOD = 0.7497083117655481 / 6.071718215942383 / 7.250256061553955
Notification sent to chrome.
 
Currently running leave_3_encoder_fc3 experiment. 
Starting the process with remaining connection 3 using tech 8!
Loaded pretrained model
Pretrained model has AUROC / IND / OOD = 0.9285812619081708 / 2.7500503063201904 / 4.2608513832092285
Pruned model (before finetuning) has AUROC / IND / OOD = 0.5708149318825096 / 8.971451759338379 / 9.362322807312012
Pruned model (after finetuning) has AUROC / IND / OOD = 0.61549064417009 / 7.184452056884766 / 7.528739929199219
Notification sent to chrome.
 
Currently running leave_3_encoder_fc3 experiment. 
Starting the process with remaining connection 4 using tech 8!
Loaded pretrained model
Pretrained model has AUROC / IND / OOD = 0.9285812619081708 / 2.7500503063201904 / 4.2608513832092285
Pruned model (before finetuning) has AUROC / IND / OOD = 0.5703367327834007 / 8.972304344177246 / 9.360699653625488
Pruned model (after finetuning) has AUROC / IND / OOD = 0.8605065033755878 / 5.287415981292725 / 7.213139533996582
Notification sent to chrome.
 
Currently running leave_3_encoder_fc3 experiment. 
Starting the process with remaining connection 5 using tech 8!
Loaded pretrained model
Pretrained model has AUROC / IND / OOD = 0.9285812619081708 / 2.7500503063201904 / 4.2608513832092285
Pruned model (before finetuning) has AUROC / IND / OOD = 0.5708149318825096 / 8.971451759338379 / 9.362322807312012
Pruned model (after finetuning) has AUROC / IND / OOD = 0.6186462405973634 / 7.1824774742126465 / 7.529237747192383
Notification sent to chrome.
 
Currently running leave_3_encoder_fc3 experiment. 
Starting the process with remaining connection 6 using tech 8!
Loaded pretrained model
Pretrained model has AUROC / IND / OOD = 0.9285812619081708 / 2.7500503063201904 / 4.2608513832092285
Pruned model (before finetuning) has AUROC / IND / OOD = 0.5701019284353352 / 8.972660064697266 / 9.359953880310059
Pruned model (after finetuning) has AUROC / IND / OOD = 0.9034732761374024 / 4.251655578613281 / 6.175336837768555
Notification sent to chrome.
 
Currently running leave_3_encoder_fc3 experiment. 
Starting the process with remaining connection 7 using tech 8!
Loaded pretrained model
Pretrained model has AUROC / IND / OOD = 0.9285812619081708 / 2.7500503063201904 / 4.2608513832092285
Pruned model (before finetuning) has AUROC / IND / OOD = 0.5690274121961696 / 8.963189125061035 / 9.344048500061035
Pruned model (after finetuning) has AUROC / IND / OOD = 0.8974302580424895 / 4.505282402038574 / 6.467206001281738
Notification sent to chrome.
 
Currently running leave_3_encoder_fc3 experiment. 
Starting the process with remaining connection 8 using tech 8!
Loaded pretrained model
Pretrained model has AUROC / IND / OOD = 0.9285812619081708 / 2.7500503063201904 / 4.2608513832092285
Pruned model (before finetuning) has AUROC / IND / OOD = 0.5715912620183041 / 8.968727111816406 / 9.36380386352539
Pruned model (after finetuning) has AUROC / IND / OOD = 0.8687588519697352 / 4.8905768394470215 / 6.715567111968994
Notification sent to chrome.
 
Currently running leave_3_encoder_fc3 experiment. 
Starting the process with remaining connection 9 using tech 8!
Loaded pretrained model
Pretrained model has AUROC / IND / OOD = 0.9285812619081708 / 2.7500503063201904 / 4.2608513832092285
Pruned model (before finetuning) has AUROC / IND / OOD = 0.570789986673862 / 8.971089363098145 / 9.361837387084961
Pruned model (after finetuning) has AUROC / IND / OOD = 0.7786003149814424 / 5.480469226837158 / 6.820535182952881
Notification sent to chrome.
 
Currently running leave_3_encoder_fc3 experiment. 
Starting the process with remaining connection 10 using tech 8!
Loaded pretrained model
Pretrained model has AUROC / IND / OOD = 0.9285812619081708 / 2.7500503063201904 / 4.2608513832092285
Pruned model (before finetuning) has AUROC / IND / OOD = 0.5719295917355918 / 8.96772289276123 / 9.364716529846191
Pruned model (after finetuning) has AUROC / IND / OOD = 0.8502985715701713 / 4.853682518005371 / 6.651203155517578
Notification sent to chrome.
 
Currently running leave_3_encoder_fc3 experiment. 
Starting the process with remaining connection 11 using tech 8!
Loaded pretrained model
Pretrained model has AUROC / IND / OOD = 0.9285812619081708 / 2.7500503063201904 / 4.2608513832092285
Pruned model (before finetuning) has AUROC / IND / OOD = 0.5713089901871167 / 8.972013473510742 / 9.365555763244629
Pruned model (after finetuning) has AUROC / IND / OOD = 0.8937914514477032 / 4.826183319091797 / 6.952045917510986
Notification sent to chrome.
 
Currently running leave_3_encoder_fc3 experiment. 
Starting the process with remaining connection 12 using tech 8!
Loaded pretrained model
Pretrained model has AUROC / IND / OOD = 0.9285812619081708 / 2.7500503063201904 / 4.2608513832092285
Pruned model (before finetuning) has AUROC / IND / OOD = 0.569892619962775 / 8.97005844116211 / 9.3554105758667
Pruned model (after finetuning) has AUROC / IND / OOD = 0.8969194594654124 / 4.274956703186035 / 6.1462860107421875
Notification sent to chrome.
 
Currently running leave_3_encoder_fc3 experiment. 
Starting the process with remaining connection 13 using tech 8!
Loaded pretrained model
Pretrained model has AUROC / IND / OOD = 0.9285812619081708 / 2.7500503063201904 / 4.2608513832092285
Pruned model (before finetuning) has AUROC / IND / OOD = 0.5711293075914933 / 8.970736503601074 / 9.363378524780273
Pruned model (after finetuning) has AUROC / IND / OOD = 0.8622205641031289 / 5.340724945068359 / 7.290525913238525
Notification sent to chrome.
 
Currently running leave_3_encoder_fc3 experiment. 
Starting the process with remaining connection 14 using tech 8!
Loaded pretrained model
Pretrained model has AUROC / IND / OOD = 0.9285812619081708 / 2.7500503063201904 / 4.2608513832092285
Pruned model (before finetuning) has AUROC / IND / OOD = 0.5707648762651572 / 8.972025871276855 / 9.362661361694336
Pruned model (after finetuning) has AUROC / IND / OOD = 0.8294439366072313 / 5.327342510223389 / 6.997974872589111
Notification sent to chrome.
 
Currently running leave_3_encoder_fc3 experiment. 
Starting the process with remaining connection 15 using tech 8!
Loaded pretrained model
Pretrained model has AUROC / IND / OOD = 0.9285812619081708 / 2.7500503063201904 / 4.2608513832092285
Pruned model (before finetuning) has AUROC / IND / OOD = 0.5722268417053051 / 8.966423988342285 / 9.364604949951172
Pruned model (after finetuning) has AUROC / IND / OOD = 0.8869559136113834 / 4.849684238433838 / 6.791271686553955
Notification sent to chrome.
 
Currently running leave_3_encoder_fc3 experiment. 
Starting the process with remaining connection 16 using tech 8!
Loaded pretrained model
Pretrained model has AUROC / IND / OOD = 0.9285812619081708 / 2.7500503063201904 / 4.2608513832092285
Pruned model (before finetuning) has AUROC / IND / OOD = 0.5721297040716308 / 8.967618942260742 / 9.36559009552002
Pruned model (after finetuning) has AUROC / IND / OOD = 0.9189366622980429 / 3.9908816814422607 / 5.990738391876221
Notification sent to chrome.
