 
Currently running leave_3_encoder_fc2 experiment. 
Starting the process with remaining connection 1 using tech 0!
Loaded pretrained model
Pretrained model has AUROC / IND / OOD = 0.9285812619081708 / 2.7500503063201904 / 4.2608513832092285
Pruned model (before finetuning) has AUROC / IND / OOD = 0.5705694996640932 / 8.977972030639648 / 9.36833381652832
Pruned model (after finetuning) has AUROC / IND / OOD = 0.7145010407603607 / 6.447389125823975 / 7.433518886566162
Notification sent to chrome.
 
Currently running leave_3_encoder_fc2 experiment. 
Starting the process with remaining connection 2 using tech 0!
Loaded pretrained model
Pretrained model has AUROC / IND / OOD = 0.9285812619081708 / 2.7500503063201904 / 4.2608513832092285
Pruned model (before finetuning) has AUROC / IND / OOD = 0.5706099736781242 / 8.977522850036621 / 9.368163108825684
Pruned model (after finetuning) has AUROC / IND / OOD = 0.7278204605777596 / 6.312551021575928 / 7.406091213226318
Notification sent to chrome.
 
Currently running leave_3_encoder_fc2 experiment. 
Starting the process with remaining connection 3 using tech 0!
Loaded pretrained model
Pretrained model has AUROC / IND / OOD = 0.9285812619081708 / 2.7500503063201904 / 4.2608513832092285
Pruned model (before finetuning) has AUROC / IND / OOD = 0.5706571658278174 / 8.977533340454102 / 9.368424415588379
Pruned model (after finetuning) has AUROC / IND / OOD = 0.8554213152127226 / 5.8249616622924805 / 7.653407096862793
Notification sent to chrome.
 
Currently running leave_3_encoder_fc2 experiment. 
Starting the process with remaining connection 4 using tech 0!
Loaded pretrained model
Pretrained model has AUROC / IND / OOD = 0.9285812619081708 / 2.7500503063201904 / 4.2608513832092285
Pruned model (before finetuning) has AUROC / IND / OOD = 0.5706121763455545 / 8.97478199005127 / 9.367217063903809
Pruned model (after finetuning) has AUROC / IND / OOD = 0.8237869359794712 / 5.246991157531738 / 6.830214500427246
Notification sent to chrome.
 
Currently running leave_3_encoder_fc2 experiment. 
Starting the process with remaining connection 5 using tech 0!
Loaded pretrained model
Pretrained model has AUROC / IND / OOD = 0.9285812619081708 / 2.7500503063201904 / 4.2608513832092285
Pruned model (before finetuning) has AUROC / IND / OOD = 0.5707691163999604 / 8.97358512878418 / 9.367105484008789
Pruned model (after finetuning) has AUROC / IND / OOD = 0.8580164979790526 / 5.26985502243042 / 7.122166156768799
Notification sent to chrome.
 
Currently running leave_3_encoder_fc2 experiment. 
Starting the process with remaining connection 6 using tech 0!
Loaded pretrained model
Pretrained model has AUROC / IND / OOD = 0.9285812619081708 / 2.7500503063201904 / 4.2608513832092285
Pruned model (before finetuning) has AUROC / IND / OOD = 0.5709052412471503 / 8.972841262817383 / 9.367107391357422
Pruned model (after finetuning) has AUROC / IND / OOD = 0.8606145992797278 / 4.839513301849365 / 6.582486152648926
Notification sent to chrome.
 
Currently running leave_3_encoder_fc2 experiment. 
Starting the process with remaining connection 7 using tech 0!
Loaded pretrained model
Pretrained model has AUROC / IND / OOD = 0.9285812619081708 / 2.7500503063201904 / 4.2608513832092285
Pruned model (before finetuning) has AUROC / IND / OOD = 0.5708963204440577 / 8.973027229309082 / 9.367173194885254
Pruned model (after finetuning) has AUROC / IND / OOD = 0.8622661042522495 / 4.7641215324401855 / 6.524209499359131
Notification sent to chrome.
 
Currently running leave_3_encoder_fc2 experiment. 
Starting the process with remaining connection 8 using tech 0!
Loaded pretrained model
Pretrained model has AUROC / IND / OOD = 0.9285812619081708 / 2.7500503063201904 / 4.2608513832092285
Pruned model (before finetuning) has AUROC / IND / OOD = 0.5709374001916321 / 8.973197937011719 / 9.367636680603027
Pruned model (after finetuning) has AUROC / IND / OOD = 0.8881749248339739 / 4.550650596618652 / 6.47745418548584
Notification sent to chrome.
 
Currently running leave_3_encoder_fc2 experiment. 
Starting the process with remaining connection 9 using tech 0!
Loaded pretrained model
Pretrained model has AUROC / IND / OOD = 0.9285812619081708 / 2.7500503063201904 / 4.2608513832092285
Pruned model (before finetuning) has AUROC / IND / OOD = 0.5708969812442868 / 8.973331451416016 / 9.367620468139648
Pruned model (after finetuning) has AUROC / IND / OOD = 0.8750468617495788 / 4.523939609527588 / 6.325221538543701
Notification sent to chrome.
 
Currently running leave_3_encoder_fc2 experiment. 
Starting the process with remaining connection 10 using tech 0!
Loaded pretrained model
Pretrained model has AUROC / IND / OOD = 0.9285812619081708 / 2.7500503063201904 / 4.2608513832092285
Pruned model (before finetuning) has AUROC / IND / OOD = 0.5709231929867069 / 8.97332763671875 / 9.367749214172363
Pruned model (after finetuning) has AUROC / IND / OOD = 0.8961905968127402 / 4.1910810470581055 / 6.018985271453857
Notification sent to chrome.
 
Currently running leave_3_encoder_fc2 experiment. 
Starting the process with remaining connection 11 using tech 0!
Loaded pretrained model
Pretrained model has AUROC / IND / OOD = 0.9285812619081708 / 2.7500503063201904 / 4.2608513832092285
Pruned model (before finetuning) has AUROC / IND / OOD = 0.5709271577880813 / 8.973299026489258 / 9.3677396774292
Pruned model (after finetuning) has AUROC / IND / OOD = 0.8726202931750349 / 4.1277384757995605 / 5.760818004608154
Notification sent to chrome.
 
Currently running leave_3_encoder_fc2 experiment. 
Starting the process with remaining connection 12 using tech 0!
Loaded pretrained model
Pretrained model has AUROC / IND / OOD = 0.9285812619081708 / 2.7500503063201904 / 4.2608513832092285
Pruned model (before finetuning) has AUROC / IND / OOD = 0.5709350873908303 / 8.97325611114502 / 9.3677396774292
Pruned model (after finetuning) has AUROC / IND / OOD = 0.8956784766352051 / 3.8465986251831055 / 5.596304416656494
Notification sent to chrome.
 
Currently running leave_3_encoder_fc2 experiment. 
Starting the process with remaining connection 13 using tech 0!
Loaded pretrained model
Pretrained model has AUROC / IND / OOD = 0.9285812619081708 / 2.7500503063201904 / 4.2608513832092285
Pruned model (before finetuning) has AUROC / IND / OOD = 0.570931783389685 / 8.973274230957031 / 9.367748260498047
Pruned model (after finetuning) has AUROC / IND / OOD = 0.8793965241907951 / 3.6503031253814697 / 5.157390117645264
Notification sent to chrome.
 
Currently running leave_3_encoder_fc2 experiment. 
Starting the process with remaining connection 14 using tech 0!
Loaded pretrained model
Pretrained model has AUROC / IND / OOD = 0.9285812619081708 / 2.7500503063201904 / 4.2608513832092285
Pruned model (before finetuning) has AUROC / IND / OOD = 0.5709415852597496 / 8.973217964172363 / 9.367752075195312
Pruned model (after finetuning) has AUROC / IND / OOD = 0.8982013568431371 / 3.756154775619507 / 5.459479808807373
Notification sent to chrome.
 
Currently running leave_3_encoder_fc2 experiment. 
Starting the process with remaining connection 15 using tech 0!
Loaded pretrained model
Pretrained model has AUROC / IND / OOD = 0.9285812619081708 / 2.7500503063201904 / 4.2608513832092285
Pruned model (before finetuning) has AUROC / IND / OOD = 0.5709492395290696 / 8.973089218139648 / 9.367691040039062
Pruned model (after finetuning) has AUROC / IND / OOD = 0.897722276677056 / 3.704622745513916 / 5.385819435119629
Notification sent to chrome.
 
Currently running leave_3_encoder_fc2 experiment. 
Starting the process with remaining connection 16 using tech 0!
Loaded pretrained model
Pretrained model has AUROC / IND / OOD = 0.9285812619081708 / 2.7500503063201904 / 4.2608513832092285
Pruned model (before finetuning) has AUROC / IND / OOD = 0.5709107479157259 / 8.9730863571167 / 9.367515563964844
Pruned model (after finetuning) has AUROC / IND / OOD = 0.8863342657958788 / 3.752722978591919 / 5.389229774475098
Notification sent to chrome.
 
Currently running leave_3_encoder_fc2 experiment. 
Starting the process with remaining connection 1 using tech 1!
Loaded pretrained model
Pretrained model has AUROC / IND / OOD = 0.9285812619081708 / 2.7500503063201904 / 4.2608513832092285
Pruned model (before finetuning) has AUROC / IND / OOD = 0.570463496294012 / 8.978676795959473 / 9.368348121643066
Pruned model (after finetuning) has AUROC / IND / OOD = 0.6188908468154936 / 7.181280136108398 / 7.513639450073242
Notification sent to chrome.
 
Currently running leave_3_encoder_fc2 experiment. 
Starting the process with remaining connection 2 using tech 1!
Loaded pretrained model
Pretrained model has AUROC / IND / OOD = 0.9285812619081708 / 2.7500503063201904 / 4.2608513832092285
Pruned model (before finetuning) has AUROC / IND / OOD = 0.5704634962940122 / 8.978676795959473 / 9.368348121643066
Pruned model (after finetuning) has AUROC / IND / OOD = 0.7173293758741836 / 6.436295509338379 / 7.445833206176758
Notification sent to chrome.
 
Currently running leave_3_encoder_fc2 experiment. 
Starting the process with remaining connection 3 using tech 1!
Loaded pretrained model
Pretrained model has AUROC / IND / OOD = 0.9285812619081708 / 2.7500503063201904 / 4.2608513832092285
Pruned model (before finetuning) has AUROC / IND / OOD = 0.5704634962940122 / 8.978676795959473 / 9.368348121643066
Pruned model (after finetuning) has AUROC / IND / OOD = 0.7142075903919647 / 6.459526062011719 / 7.4197096824646
Notification sent to chrome.
 
Currently running leave_3_encoder_fc2 experiment. 
Starting the process with remaining connection 4 using tech 1!
Loaded pretrained model
Pretrained model has AUROC / IND / OOD = 0.9285812619081708 / 2.7500503063201904 / 4.2608513832092285
Pruned model (before finetuning) has AUROC / IND / OOD = 0.5704634962940122 / 8.978676795959473 / 9.368348121643066
Pruned model (after finetuning) has AUROC / IND / OOD = 0.7211416425291028 / 6.443579196929932 / 7.447906970977783
Notification sent to chrome.
 
Currently running leave_3_encoder_fc2 experiment. 
Starting the process with remaining connection 5 using tech 1!
Loaded pretrained model
Pretrained model has AUROC / IND / OOD = 0.9285812619081708 / 2.7500503063201904 / 4.2608513832092285
Pruned model (before finetuning) has AUROC / IND / OOD = 0.570463496294012 / 8.978676795959473 / 9.368348121643066
Pruned model (after finetuning) has AUROC / IND / OOD = 0.802364343219639 / 5.936115741729736 / 7.395936965942383
Notification sent to chrome.
 
Currently running leave_3_encoder_fc2 experiment. 
Starting the process with remaining connection 6 using tech 1!
Loaded pretrained model
Pretrained model has AUROC / IND / OOD = 0.9285812619081708 / 2.7500503063201904 / 4.2608513832092285
Pruned model (before finetuning) has AUROC / IND / OOD = 0.5704635513606978 / 8.978676795959473 / 9.368348121643066
Pruned model (after finetuning) has AUROC / IND / OOD = 0.8415368561327766 / 5.391745090484619 / 7.17017126083374
Notification sent to chrome.
 
Currently running leave_3_encoder_fc2 experiment. 
Starting the process with remaining connection 7 using tech 1!
Loaded pretrained model
Pretrained model has AUROC / IND / OOD = 0.9285812619081708 / 2.7500503063201904 / 4.2608513832092285
Pruned model (before finetuning) has AUROC / IND / OOD = 0.570463496294012 / 8.978676795959473 / 9.368348121643066
Pruned model (after finetuning) has AUROC / IND / OOD = 0.8496801726891265 / 4.945918083190918 / 6.612985134124756
Notification sent to chrome.
 
Currently running leave_3_encoder_fc2 experiment. 
Starting the process with remaining connection 8 using tech 1!
Loaded pretrained model
Pretrained model has AUROC / IND / OOD = 0.9285812619081708 / 2.7500503063201904 / 4.2608513832092285
Pruned model (before finetuning) has AUROC / IND / OOD = 0.570463496294012 / 8.978676795959473 / 9.368348121643066
Pruned model (after finetuning) has AUROC / IND / OOD = 0.837217149968612 / 4.950940132141113 / 6.53905725479126
Notification sent to chrome.
 
Currently running leave_3_encoder_fc2 experiment. 
Starting the process with remaining connection 9 using tech 1!
Loaded pretrained model
Pretrained model has AUROC / IND / OOD = 0.9285812619081708 / 2.7500503063201904 / 4.2608513832092285
Pruned model (before finetuning) has AUROC / IND / OOD = 0.570463496294012 / 8.978676795959473 / 9.368348121643066
Pruned model (after finetuning) has AUROC / IND / OOD = 0.8832866551393739 / 4.607496738433838 / 6.51212215423584
Notification sent to chrome.
 
Currently running leave_3_encoder_fc2 experiment. 
Starting the process with remaining connection 10 using tech 1!
Loaded pretrained model
Pretrained model has AUROC / IND / OOD = 0.9285812619081708 / 2.7500503063201904 / 4.2608513832092285
Pruned model (before finetuning) has AUROC / IND / OOD = 0.570463496294012 / 8.978676795959473 / 9.368348121643066
Pruned model (after finetuning) has AUROC / IND / OOD = 0.8654324937499311 / 4.761569976806641 / 6.5015692710876465
Notification sent to chrome.
 
Currently running leave_3_encoder_fc2 experiment. 
Starting the process with remaining connection 11 using tech 1!
Loaded pretrained model
Pretrained model has AUROC / IND / OOD = 0.9285812619081708 / 2.7500503063201904 / 4.2608513832092285
Pruned model (before finetuning) has AUROC / IND / OOD = 0.570463496294012 / 8.978676795959473 / 9.368348121643066
Pruned model (after finetuning) has AUROC / IND / OOD = 0.9025096091366646 / 4.3720221519470215 / 6.297120571136475
Notification sent to chrome.
 
Currently running leave_3_encoder_fc2 experiment. 
Starting the process with remaining connection 12 using tech 1!
Loaded pretrained model
Pretrained model has AUROC / IND / OOD = 0.9285812619081708 / 2.7500503063201904 / 4.2608513832092285
Pruned model (before finetuning) has AUROC / IND / OOD = 0.570463496294012 / 8.978676795959473 / 9.368348121643066
Pruned model (after finetuning) has AUROC / IND / OOD = 0.8977009658696682 / 4.407562732696533 / 6.333417892456055
Notification sent to chrome.
 
Currently running leave_3_encoder_fc2 experiment. 
Starting the process with remaining connection 13 using tech 1!
Loaded pretrained model
Pretrained model has AUROC / IND / OOD = 0.9285812619081708 / 2.7500503063201904 / 4.2608513832092285
Pruned model (before finetuning) has AUROC / IND / OOD = 0.570463496294012 / 8.978676795959473 / 9.368348121643066
Pruned model (after finetuning) has AUROC / IND / OOD = 0.8989735569774998 / 4.374939918518066 / 6.269113540649414
Notification sent to chrome.
 
Currently running leave_3_encoder_fc2 experiment. 
Starting the process with remaining connection 14 using tech 1!
Loaded pretrained model
Pretrained model has AUROC / IND / OOD = 0.9285812619081708 / 2.7500503063201904 / 4.2608513832092285
Pruned model (before finetuning) has AUROC / IND / OOD = 0.5704634412273264 / 8.978676795959473 / 9.368348121643066
Pruned model (after finetuning) has AUROC / IND / OOD = 0.8909423011266644 / 4.256420135498047 / 6.030924320220947
Notification sent to chrome.
 
Currently running leave_3_encoder_fc2 experiment. 
Starting the process with remaining connection 15 using tech 1!
Loaded pretrained model
Pretrained model has AUROC / IND / OOD = 0.9285812619081708 / 2.7500503063201904 / 4.2608513832092285
Pruned model (before finetuning) has AUROC / IND / OOD = 0.5704634962940122 / 8.978676795959473 / 9.368348121643066
Pruned model (after finetuning) has AUROC / IND / OOD = 0.8848203174043767 / 4.14897346496582 / 5.870456218719482
Notification sent to chrome.
 
Currently running leave_3_encoder_fc2 experiment. 
Starting the process with remaining connection 16 using tech 1!
Loaded pretrained model
Pretrained model has AUROC / IND / OOD = 0.9285812619081708 / 2.7500503063201904 / 4.2608513832092285
Pruned model (before finetuning) has AUROC / IND / OOD = 0.5704634962940122 / 8.978676795959473 / 9.368348121643066
Pruned model (after finetuning) has AUROC / IND / OOD = 0.9049671251886034 / 4.216632843017578 / 6.091651916503906
Notification sent to chrome.
 
Currently running leave_3_encoder_fc2 experiment. 
Starting the process with remaining connection 1 using tech 2!
Loaded pretrained model
Pretrained model has AUROC / IND / OOD = 0.9285812619081708 / 2.7500503063201904 / 4.2608513832092285
Pruned model (before finetuning) has AUROC / IND / OOD = 0.570463496294012 / 8.978676795959473 / 9.368348121643066
Pruned model (after finetuning) has AUROC / IND / OOD = 0.6252058943380434 / 7.181228160858154 / 7.543571949005127
Notification sent to chrome.
 
Currently running leave_3_encoder_fc2 experiment. 
Starting the process with remaining connection 2 using tech 2!
Loaded pretrained model
Pretrained model has AUROC / IND / OOD = 0.9285812619081708 / 2.7500503063201904 / 4.2608513832092285
Pruned model (before finetuning) has AUROC / IND / OOD = 0.5704643222942984 / 8.978677749633789 / 9.36835765838623
Pruned model (after finetuning) has AUROC / IND / OOD = 0.6912678553728565 / 6.4290385246276855 / 7.391826629638672
Notification sent to chrome.
 
Currently running leave_3_encoder_fc2 experiment. 
Starting the process with remaining connection 3 using tech 2!
Loaded pretrained model
Pretrained model has AUROC / IND / OOD = 0.9285812619081708 / 2.7500503063201904 / 4.2608513832092285
Pruned model (before finetuning) has AUROC / IND / OOD = 0.5704643222942984 / 8.978677749633789 / 9.36835765838623
Pruned model (after finetuning) has AUROC / IND / OOD = 0.6993795085848963 / 6.410398006439209 / 7.379928112030029
Notification sent to chrome.
 
Currently running leave_3_encoder_fc2 experiment. 
Starting the process with remaining connection 4 using tech 2!
Loaded pretrained model
Pretrained model has AUROC / IND / OOD = 0.9285812619081708 / 2.7500503063201904 / 4.2608513832092285
Pruned model (before finetuning) has AUROC / IND / OOD = 0.5705154241786804 / 8.978489875793457 / 9.368391990661621
Pruned model (after finetuning) has AUROC / IND / OOD = 0.7611397151951013 / 5.824102878570557 / 7.073475360870361
Notification sent to chrome.
 
Currently running leave_3_encoder_fc2 experiment. 
Starting the process with remaining connection 5 using tech 2!
Loaded pretrained model
Pretrained model has AUROC / IND / OOD = 0.9285812619081708 / 2.7500503063201904 / 4.2608513832092285
Pruned model (before finetuning) has AUROC / IND / OOD = 0.5705154241786804 / 8.978489875793457 / 9.368391990661621
Pruned model (after finetuning) has AUROC / IND / OOD = 0.7602529212876794 / 5.819859981536865 / 7.076079368591309
Notification sent to chrome.
 
Currently running leave_3_encoder_fc2 experiment. 
Starting the process with remaining connection 6 using tech 2!
Loaded pretrained model
Pretrained model has AUROC / IND / OOD = 0.9285812619081708 / 2.7500503063201904 / 4.2608513832092285
Pruned model (before finetuning) has AUROC / IND / OOD = 0.5705154241786804 / 8.978489875793457 / 9.368391990661621
Pruned model (after finetuning) has AUROC / IND / OOD = 0.756557396006564 / 5.822071075439453 / 7.056148529052734
Notification sent to chrome.
 
Currently running leave_3_encoder_fc2 experiment. 
Starting the process with remaining connection 7 using tech 2!
Loaded pretrained model
Pretrained model has AUROC / IND / OOD = 0.9285812619081708 / 2.7500503063201904 / 4.2608513832092285
Pruned model (before finetuning) has AUROC / IND / OOD = 0.5705216467141708 / 8.978522300720215 / 9.368448257446289
Pruned model (after finetuning) has AUROC / IND / OOD = 0.8296697650855185 / 5.335114479064941 / 7.125186920166016
Notification sent to chrome.
 
Currently running leave_3_encoder_fc2 experiment. 
Starting the process with remaining connection 8 using tech 2!
Loaded pretrained model
Pretrained model has AUROC / IND / OOD = 0.9285812619081708 / 2.7500503063201904 / 4.2608513832092285
Pruned model (before finetuning) has AUROC / IND / OOD = 0.5705177920461679 / 8.978510856628418 / 9.368416786193848
Pruned model (after finetuning) has AUROC / IND / OOD = 0.8477579048227404 / 4.893112659454346 / 6.636346817016602
Notification sent to chrome.
 
Currently running leave_3_encoder_fc2 experiment. 
Starting the process with remaining connection 9 using tech 2!
Loaded pretrained model
Pretrained model has AUROC / IND / OOD = 0.9285812619081708 / 2.7500503063201904 / 4.2608513832092285
Pruned model (before finetuning) has AUROC / IND / OOD = 0.5705202700470269 / 8.978577613830566 / 9.368504524230957
Pruned model (after finetuning) has AUROC / IND / OOD = 0.8712577781693631 / 4.58950662612915 / 6.344970226287842
Notification sent to chrome.
 
Currently running leave_3_encoder_fc2 experiment. 
Starting the process with remaining connection 10 using tech 2!
Loaded pretrained model
Pretrained model has AUROC / IND / OOD = 0.9285812619081708 / 2.7500503063201904 / 4.2608513832092285
Pruned model (before finetuning) has AUROC / IND / OOD = 0.5705369001861255 / 8.978501319885254 / 9.368541717529297
Pruned model (after finetuning) has AUROC / IND / OOD = 0.9150339761451118 / 4.2696990966796875 / 6.3377203941345215
Notification sent to chrome.
 
Currently running leave_3_encoder_fc2 experiment. 
Starting the process with remaining connection 11 using tech 2!
Loaded pretrained model
Pretrained model has AUROC / IND / OOD = 0.9285812619081708 / 2.7500503063201904 / 4.2608513832092285
Pruned model (before finetuning) has AUROC / IND / OOD = 0.5705224727144572 / 8.978545188903809 / 9.368518829345703
Pruned model (after finetuning) has AUROC / IND / OOD = 0.9301340323131312 / 4.131538391113281 / 6.317805767059326
Notification sent to chrome.
 
Currently running leave_3_encoder_fc2 experiment. 
Starting the process with remaining connection 12 using tech 2!
Loaded pretrained model
Pretrained model has AUROC / IND / OOD = 0.9285812619081708 / 2.7500503063201904 / 4.2608513832092285
Pruned model (before finetuning) has AUROC / IND / OOD = 0.5704801264331105 / 8.978689193725586 / 9.368433952331543
Pruned model (after finetuning) has AUROC / IND / OOD = 0.9015653256093129 / 3.951845169067383 / 5.73557710647583
Notification sent to chrome.
 
Currently running leave_3_encoder_fc2 experiment. 
Starting the process with remaining connection 13 using tech 2!
Loaded pretrained model
Pretrained model has AUROC / IND / OOD = 0.9285812619081708 / 2.7500503063201904 / 4.2608513832092285
Pruned model (before finetuning) has AUROC / IND / OOD = 0.5704811727001399 / 8.978724479675293 / 9.3684663772583
Pruned model (after finetuning) has AUROC / IND / OOD = 0.9036113833852796 / 3.951047897338867 / 5.770492076873779
Notification sent to chrome.
 
Currently running leave_3_encoder_fc2 experiment. 
Starting the process with remaining connection 14 using tech 2!
Loaded pretrained model
Pretrained model has AUROC / IND / OOD = 0.9285812619081708 / 2.7500503063201904 / 4.2608513832092285
Pruned model (before finetuning) has AUROC / IND / OOD = 0.5704811727001399 / 8.978724479675293 / 9.3684663772583
Pruned model (after finetuning) has AUROC / IND / OOD = 0.903533298824877 / 3.7811787128448486 / 5.542076587677002
Notification sent to chrome.
 
Currently running leave_3_encoder_fc2 experiment. 
Starting the process with remaining connection 15 using tech 2!
Loaded pretrained model
Pretrained model has AUROC / IND / OOD = 0.9285812619081708 / 2.7500503063201904 / 4.2608513832092285
Pruned model (before finetuning) has AUROC / IND / OOD = 0.5704811727001399 / 8.978724479675293 / 9.3684663772583
Pruned model (after finetuning) has AUROC / IND / OOD = 0.9217484774061389 / 3.9761927127838135 / 6.038269519805908
Notification sent to chrome.
 
Currently running leave_3_encoder_fc2 experiment. 
Starting the process with remaining connection 16 using tech 2!
Loaded pretrained model
Pretrained model has AUROC / IND / OOD = 0.9285812619081708 / 2.7500503063201904 / 4.2608513832092285
Pruned model (before finetuning) has AUROC / IND / OOD = 0.5704997852399255 / 8.978803634643555 / 9.36864185333252
Pruned model (after finetuning) has AUROC / IND / OOD = 0.9165711626780031 / 3.7430102825164795 / 5.634059906005859
Notification sent to chrome.
 
Currently running leave_3_encoder_fc2 experiment. 
Starting the process with remaining connection 1 using tech 3!
Loaded pretrained model
Pretrained model has AUROC / IND / OOD = 0.9285812619081708 / 2.7500503063201904 / 4.2608513832092285
Pruned model (before finetuning) has AUROC / IND / OOD = 0.5704631658938975 / 8.978864669799805 / 9.368494033813477
Pruned model (after finetuning) has AUROC / IND / OOD = 0.7185460192292867 / 6.413602352142334 / 7.4656572341918945
Notification sent to chrome.
 
Currently running leave_3_encoder_fc2 experiment. 
Starting the process with remaining connection 2 using tech 3!
Loaded pretrained model
Pretrained model has AUROC / IND / OOD = 0.9285812619081708 / 2.7500503063201904 / 4.2608513832092285
Pruned model (before finetuning) has AUROC / IND / OOD = 0.5704631658938975 / 8.978864669799805 / 9.368494033813477
Pruned model (after finetuning) has AUROC / IND / OOD = 0.7053112919745813 / 6.405858516693115 / 7.401562690734863
Notification sent to chrome.
 
Currently running leave_3_encoder_fc2 experiment. 
Starting the process with remaining connection 3 using tech 3!
Loaded pretrained model
Pretrained model has AUROC / IND / OOD = 0.9285812619081708 / 2.7500503063201904 / 4.2608513832092285
Pruned model (before finetuning) has AUROC / IND / OOD = 0.5704609632264672 / 8.978857040405273 / 9.3684663772583
Pruned model (after finetuning) has AUROC / IND / OOD = 0.780385962400467 / 5.790690898895264 / 7.252282619476318
Notification sent to chrome.
 
Currently running leave_3_encoder_fc2 experiment. 
Starting the process with remaining connection 4 using tech 3!
Loaded pretrained model
Pretrained model has AUROC / IND / OOD = 0.9285812619081708 / 2.7500503063201904 / 4.2608513832092285
Pruned model (before finetuning) has AUROC / IND / OOD = 0.5704609632264672 / 8.978857040405273 / 9.3684663772583
Pruned model (after finetuning) has AUROC / IND / OOD = 0.7600634368219915 / 5.80996561050415 / 7.125296115875244
Notification sent to chrome.
 
Currently running leave_3_encoder_fc2 experiment. 
Starting the process with remaining connection 5 using tech 3!
Loaded pretrained model
Pretrained model has AUROC / IND / OOD = 0.9285812619081708 / 2.7500503063201904 / 4.2608513832092285
Pruned model (before finetuning) has AUROC / IND / OOD = 0.5704609632264672 / 8.978857040405273 / 9.3684663772583
Pruned model (after finetuning) has AUROC / IND / OOD = 0.8140507604709303 / 5.782287120819092 / 7.424671173095703
Notification sent to chrome.
 
Currently running leave_3_encoder_fc2 experiment. 
Starting the process with remaining connection 6 using tech 3!
Loaded pretrained model
Pretrained model has AUROC / IND / OOD = 0.9285812619081708 / 2.7500503063201904 / 4.2608513832092285
Pruned model (before finetuning) has AUROC / IND / OOD = 0.5704609632264672 / 8.978857040405273 / 9.3684663772583
Pruned model (after finetuning) has AUROC / IND / OOD = 0.7862690668399432 / 5.8073835372924805 / 7.3032965660095215
Notification sent to chrome.
 
Currently running leave_3_encoder_fc2 experiment. 
Starting the process with remaining connection 7 using tech 3!
Loaded pretrained model
Pretrained model has AUROC / IND / OOD = 0.9285812619081708 / 2.7500503063201904 / 4.2608513832092285
Pruned model (before finetuning) has AUROC / IND / OOD = 0.5704615689600105 / 8.97885799407959 / 9.36847972869873
Pruned model (after finetuning) has AUROC / IND / OOD = 0.7770780515203912 / 5.78800630569458 / 7.233321189880371
Notification sent to chrome.
 
Currently running leave_3_encoder_fc2 experiment. 
Starting the process with remaining connection 8 using tech 3!
Loaded pretrained model
Pretrained model has AUROC / IND / OOD = 0.9285812619081708 / 2.7500503063201904 / 4.2608513832092285
Pruned model (before finetuning) has AUROC / IND / OOD = 0.5704615689600105 / 8.97885799407959 / 9.36847972869873
Pruned model (after finetuning) has AUROC / IND / OOD = 0.7935840152424586 / 5.7895402908325195 / 7.330618858337402
Notification sent to chrome.
 
Currently running leave_3_encoder_fc2 experiment. 
Starting the process with remaining connection 9 using tech 3!
Loaded pretrained model
Pretrained model has AUROC / IND / OOD = 0.9285812619081708 / 2.7500503063201904 / 4.2608513832092285
Pruned model (before finetuning) has AUROC / IND / OOD = 0.5704268218812982 / 8.978896141052246 / 9.368310928344727
Pruned model (after finetuning) has AUROC / IND / OOD = 0.8315757882796065 / 4.964351177215576 / 6.653240203857422
Notification sent to chrome.
 
Currently running leave_3_encoder_fc2 experiment. 
Starting the process with remaining connection 10 using tech 3!
Loaded pretrained model
Pretrained model has AUROC / IND / OOD = 0.9285812619081708 / 2.7500503063201904 / 4.2608513832092285
Pruned model (before finetuning) has AUROC / IND / OOD = 0.5704268218812982 / 8.978896141052246 / 9.368310928344727
Pruned model (after finetuning) has AUROC / IND / OOD = 0.8298017599312768 / 5.327657222747803 / 7.032907485961914
Notification sent to chrome.
 
Currently running leave_3_encoder_fc2 experiment. 
Starting the process with remaining connection 11 using tech 3!
Loaded pretrained model
Pretrained model has AUROC / IND / OOD = 0.9285812619081708 / 2.7500503063201904 / 4.2608513832092285
Pruned model (before finetuning) has AUROC / IND / OOD = 0.5704268218812982 / 8.978896141052246 / 9.368310928344727
Pruned model (after finetuning) has AUROC / IND / OOD = 0.8407435654577694 / 5.321902275085449 / 7.142315864562988
Notification sent to chrome.
 
Currently running leave_3_encoder_fc2 experiment. 
Starting the process with remaining connection 12 using tech 3!
Loaded pretrained model
Pretrained model has AUROC / IND / OOD = 0.9285812619081708 / 2.7500503063201904 / 4.2608513832092285
Pruned model (before finetuning) has AUROC / IND / OOD = 0.5704268218812982 / 8.978896141052246 / 9.368310928344727
Pruned model (after finetuning) has AUROC / IND / OOD = 0.8323252458727519 / 5.313552379608154 / 7.03823709487915
Notification sent to chrome.
 
Currently running leave_3_encoder_fc2 experiment. 
Starting the process with remaining connection 13 using tech 3!
Loaded pretrained model
Pretrained model has AUROC / IND / OOD = 0.9285812619081708 / 2.7500503063201904 / 4.2608513832092285
Pruned model (before finetuning) has AUROC / IND / OOD = 0.5704207645458651 / 8.978872299194336 / 9.368256568908691
Pruned model (after finetuning) has AUROC / IND / OOD = 0.8747513739138096 / 4.96563196182251 / 6.9181036949157715
Notification sent to chrome.
 
Currently running leave_3_encoder_fc2 experiment. 
Starting the process with remaining connection 14 using tech 3!
Loaded pretrained model
Pretrained model has AUROC / IND / OOD = 0.9285812619081708 / 2.7500503063201904 / 4.2608513832092285
Pruned model (before finetuning) has AUROC / IND / OOD = 0.5704204341457505 / 8.978874206542969 / 9.368256568908691
Pruned model (after finetuning) has AUROC / IND / OOD = 0.8962145508210443 / 4.5914225578308105 / 6.604216575622559
Notification sent to chrome.
 
Currently running leave_3_encoder_fc2 experiment. 
Starting the process with remaining connection 15 using tech 3!
Loaded pretrained model
Pretrained model has AUROC / IND / OOD = 0.9285812619081708 / 2.7500503063201904 / 4.2608513832092285
Pruned model (before finetuning) has AUROC / IND / OOD = 0.5704050705404244 / 8.979061126708984 / 9.36833381652832
Pruned model (after finetuning) has AUROC / IND / OOD = 0.8829242612804105 / 4.60338020324707 / 6.550302982330322
Notification sent to chrome.
 
Currently running leave_3_encoder_fc2 experiment. 
Starting the process with remaining connection 16 using tech 3!
Loaded pretrained model
Pretrained model has AUROC / IND / OOD = 0.9285812619081708 / 2.7500503063201904 / 4.2608513832092285
Pruned model (before finetuning) has AUROC / IND / OOD = 0.5704050705404244 / 8.979061126708984 / 9.36833381652832
Pruned model (after finetuning) has AUROC / IND / OOD = 0.8929984911728104 / 4.563098907470703 / 6.485088348388672
Notification sent to chrome.
 
Currently running leave_3_encoder_fc2 experiment. 
Starting the process with remaining connection 1 using tech 4!
Loaded pretrained model
Pretrained model has AUROC / IND / OOD = 0.9285812619081708 / 2.7500503063201904 / 4.2608513832092285
Pruned model (before finetuning) has AUROC / IND / OOD = 0.5705694996640932 / 8.977972030639648 / 9.36833381652832
Pruned model (after finetuning) has AUROC / IND / OOD = 0.7224295421755746 / 6.453824520111084 / 7.461707592010498
Notification sent to chrome.
 
Currently running leave_3_encoder_fc2 experiment. 
Starting the process with remaining connection 2 using tech 4!
Loaded pretrained model
Pretrained model has AUROC / IND / OOD = 0.9285812619081708 / 2.7500503063201904 / 4.2608513832092285
Pruned model (before finetuning) has AUROC / IND / OOD = 0.5706099736781242 / 8.977522850036621 / 9.368163108825684
Pruned model (after finetuning) has AUROC / IND / OOD = 0.726115816253483 / 6.441034317016602 / 7.46749210357666
Notification sent to chrome.
 
Currently running leave_3_encoder_fc2 experiment. 
Starting the process with remaining connection 3 using tech 4!
Loaded pretrained model
Pretrained model has AUROC / IND / OOD = 0.9285812619081708 / 2.7500503063201904 / 4.2608513832092285
Pruned model (before finetuning) has AUROC / IND / OOD = 0.5706571658278174 / 8.977533340454102 / 9.368424415588379
Pruned model (after finetuning) has AUROC / IND / OOD = 0.7159908148768158 / 6.352514743804932 / 7.375729084014893
Notification sent to chrome.
 
Currently running leave_3_encoder_fc2 experiment. 
Starting the process with remaining connection 4 using tech 4!
Loaded pretrained model
Pretrained model has AUROC / IND / OOD = 0.9285812619081708 / 2.7500503063201904 / 4.2608513832092285
Pruned model (before finetuning) has AUROC / IND / OOD = 0.5707883346732894 / 8.976812362670898 / 9.368431091308594
Pruned model (after finetuning) has AUROC / IND / OOD = 0.8371670943512595 / 5.277651309967041 / 6.99851131439209
Notification sent to chrome.
 
Currently running leave_3_encoder_fc2 experiment. 
Starting the process with remaining connection 5 using tech 4!
Loaded pretrained model
Pretrained model has AUROC / IND / OOD = 0.9285812619081708 / 2.7500503063201904 / 4.2608513832092285
Pruned model (before finetuning) has AUROC / IND / OOD = 0.5707693917333891 / 8.977017402648926 / 9.368498802185059
Pruned model (after finetuning) has AUROC / IND / OOD = 0.8303495633211819 / 5.278593063354492 / 6.976657390594482
Notification sent to chrome.
 
Currently running leave_3_encoder_fc2 experiment. 
Starting the process with remaining connection 6 using tech 4!
Loaded pretrained model
Pretrained model has AUROC / IND / OOD = 0.9285812619081708 / 2.7500503063201904 / 4.2608513832092285
Pruned model (before finetuning) has AUROC / IND / OOD = 0.5707722552010485 / 8.976987838745117 / 9.368489265441895
Pruned model (after finetuning) has AUROC / IND / OOD = 0.8390833048822124 / 4.972013473510742 / 6.557614803314209
Notification sent to chrome.
 
Currently running leave_3_encoder_fc2 experiment. 
Starting the process with remaining connection 7 using tech 4!
Loaded pretrained model
Pretrained model has AUROC / IND / OOD = 0.9285812619081708 / 2.7500503063201904 / 4.2608513832092285
Pruned model (before finetuning) has AUROC / IND / OOD = 0.5707401513232524 / 8.974191665649414 / 9.36727523803711
Pruned model (after finetuning) has AUROC / IND / OOD = 0.8747666273857642 / 4.640386581420898 / 6.39300012588501
Notification sent to chrome.
 
Currently running leave_3_encoder_fc2 experiment. 
Starting the process with remaining connection 8 using tech 4!
Loaded pretrained model
Pretrained model has AUROC / IND / OOD = 0.9285812619081708 / 2.7500503063201904 / 4.2608513832092285
Pruned model (before finetuning) has AUROC / IND / OOD = 0.570898302844745 / 8.972996711730957 / 9.367165565490723
Pruned model (after finetuning) has AUROC / IND / OOD = 0.8482862146058878 / 4.794963836669922 / 6.456164360046387
Notification sent to chrome.
 
Currently running leave_3_encoder_fc2 experiment. 
Starting the process with remaining connection 9 using tech 4!
Loaded pretrained model
Pretrained model has AUROC / IND / OOD = 0.9285812619081708 / 2.7500503063201904 / 4.2608513832092285
Pruned model (before finetuning) has AUROC / IND / OOD = 0.5708548552296832 / 8.973176002502441 / 9.367171287536621
Pruned model (after finetuning) has AUROC / IND / OOD = 0.866732618200641 / 4.573573589324951 / 6.308366775512695
Notification sent to chrome.
 
Currently running leave_3_encoder_fc2 experiment. 
Starting the process with remaining connection 10 using tech 4!
Loaded pretrained model
Pretrained model has AUROC / IND / OOD = 0.9285812619081708 / 2.7500503063201904 / 4.2608513832092285
Pruned model (before finetuning) has AUROC / IND / OOD = 0.5709006156455467 / 8.97330093383789 / 9.367610931396484
Pruned model (after finetuning) has AUROC / IND / OOD = 0.9009468165948963 / 4.314270973205566 / 6.23530912399292
Notification sent to chrome.
 
Currently running leave_3_encoder_fc2 experiment. 
Starting the process with remaining connection 11 using tech 4!
Loaded pretrained model
Pretrained model has AUROC / IND / OOD = 0.9285812619081708 / 2.7500503063201904 / 4.2608513832092285
Pruned model (before finetuning) has AUROC / IND / OOD = 0.5709271577880813 / 8.973299026489258 / 9.3677396774292
Pruned model (after finetuning) has AUROC / IND / OOD = 0.8878803731318629 / 3.9407434463500977 / 5.645358562469482
Notification sent to chrome.
 
Currently running leave_3_encoder_fc2 experiment. 
Starting the process with remaining connection 12 using tech 4!
Loaded pretrained model
Pretrained model has AUROC / IND / OOD = 0.9285812619081708 / 2.7500503063201904 / 4.2608513832092285
Pruned model (before finetuning) has AUROC / IND / OOD = 0.5709408693928347 / 8.973155975341797 / 9.367698669433594
Pruned model (after finetuning) has AUROC / IND / OOD = 0.8888286214605888 / 4.300238609313965 / 6.134340286254883
Notification sent to chrome.
 
Currently running leave_3_encoder_fc2 experiment. 
Starting the process with remaining connection 13 using tech 4!
Loaded pretrained model
Pretrained model has AUROC / IND / OOD = 0.9285812619081708 / 2.7500503063201904 / 4.2608513832092285
Pruned model (before finetuning) has AUROC / IND / OOD = 0.5709377856584323 / 8.973173141479492 / 9.367704391479492
Pruned model (after finetuning) has AUROC / IND / OOD = 0.9150163548056697 / 3.9599878787994385 / 5.844338893890381
Notification sent to chrome.
 
Currently running leave_3_encoder_fc2 experiment. 
Starting the process with remaining connection 14 using tech 4!
Loaded pretrained model
Pretrained model has AUROC / IND / OOD = 0.9285812619081708 / 2.7500503063201904 / 4.2608513832092285
Pruned model (before finetuning) has AUROC / IND / OOD = 0.570902818312977 / 8.973170280456543 / 9.367521286010742
Pruned model (after finetuning) has AUROC / IND / OOD = 0.8868425863720967 / 3.9917423725128174 / 5.63578987121582
Notification sent to chrome.
 
Currently running leave_3_encoder_fc2 experiment. 
Starting the process with remaining connection 15 using tech 4!
Loaded pretrained model
Pretrained model has AUROC / IND / OOD = 0.9285812619081708 / 2.7500503063201904 / 4.2608513832092285
Pruned model (before finetuning) has AUROC / IND / OOD = 0.5709106377823544 / 8.973126411437988 / 9.367522239685059
Pruned model (after finetuning) has AUROC / IND / OOD = 0.8997394244430004 / 3.7193217277526855 / 5.469235420227051
Notification sent to chrome.
 
Currently running leave_3_encoder_fc2 experiment. 
Starting the process with remaining connection 16 using tech 4!
Loaded pretrained model
Pretrained model has AUROC / IND / OOD = 0.9285812619081708 / 2.7500503063201904 / 4.2608513832092285
Pruned model (before finetuning) has AUROC / IND / OOD = 0.5710029846143679 / 8.972833633422852 / 9.367688179016113
Pruned model (after finetuning) has AUROC / IND / OOD = 0.8812951133823059 / 3.522678852081299 / 5.025430679321289
Notification sent to chrome.
 
Currently running leave_3_encoder_fc2 experiment. 
Starting the process with remaining connection 1 using tech 5!
Loaded pretrained model
Pretrained model has AUROC / IND / OOD = 0.9285812619081708 / 2.7500503063201904 / 4.2608513832092285
Pruned model (before finetuning) has AUROC / IND / OOD = 0.5705694996640932 / 8.977972030639648 / 9.36833381652832
Pruned model (after finetuning) has AUROC / IND / OOD = 0.7198933908963756 / 6.431807518005371 / 7.44467306137085
Notification sent to chrome.
 
Currently running leave_3_encoder_fc2 experiment. 
Starting the process with remaining connection 2 using tech 5!
Loaded pretrained model
Pretrained model has AUROC / IND / OOD = 0.9285812619081708 / 2.7500503063201904 / 4.2608513832092285
Pruned model (before finetuning) has AUROC / IND / OOD = 0.5706099736781242 / 8.977522850036621 / 9.368163108825684
Pruned model (after finetuning) has AUROC / IND / OOD = 0.7181410588222337 / 6.333005905151367 / 7.399138927459717
Notification sent to chrome.
 
Currently running leave_3_encoder_fc2 experiment. 
Starting the process with remaining connection 3 using tech 5!
Loaded pretrained model
Pretrained model has AUROC / IND / OOD = 0.9285812619081708 / 2.7500503063201904 / 4.2608513832092285
Pruned model (before finetuning) has AUROC / IND / OOD = 0.5706571658278174 / 8.977533340454102 / 9.368424415588379
Pruned model (after finetuning) has AUROC / IND / OOD = 0.8066669236445335 / 5.781002044677734 / 7.270303249359131
Notification sent to chrome.
 
Currently running leave_3_encoder_fc2 experiment. 
Starting the process with remaining connection 4 using tech 5!
Loaded pretrained model
Pretrained model has AUROC / IND / OOD = 0.9285812619081708 / 2.7500503063201904 / 4.2608513832092285
Pruned model (before finetuning) has AUROC / IND / OOD = 0.5707883346732894 / 8.976812362670898 / 9.368431091308594
Pruned model (after finetuning) has AUROC / IND / OOD = 0.8483793323715019 / 5.259661674499512 / 7.147435665130615
Notification sent to chrome.
 
Currently running leave_3_encoder_fc2 experiment. 
Starting the process with remaining connection 5 using tech 5!
Loaded pretrained model
Pretrained model has AUROC / IND / OOD = 0.9285812619081708 / 2.7500503063201904 / 4.2608513832092285
Pruned model (before finetuning) has AUROC / IND / OOD = 0.5707500633266885 / 8.974027633666992 / 9.367218017578125
Pruned model (after finetuning) has AUROC / IND / OOD = 0.8746397537417813 / 4.824378967285156 / 6.649996280670166
Notification sent to chrome.
 
Currently running leave_3_encoder_fc2 experiment. 
Starting the process with remaining connection 6 using tech 5!
Loaded pretrained model
Pretrained model has AUROC / IND / OOD = 0.9285812619081708 / 2.7500503063201904 / 4.2608513832092285
Pruned model (before finetuning) has AUROC / IND / OOD = 0.5709052412471503 / 8.972841262817383 / 9.367107391357422
Pruned model (after finetuning) has AUROC / IND / OOD = 0.859808257800196 / 4.836575984954834 / 6.592679977416992
Notification sent to chrome.
 
Currently running leave_3_encoder_fc2 experiment. 
Starting the process with remaining connection 7 using tech 5!
Loaded pretrained model
Pretrained model has AUROC / IND / OOD = 0.9285812619081708 / 2.7500503063201904 / 4.2608513832092285
Pruned model (before finetuning) has AUROC / IND / OOD = 0.5708963204440577 / 8.973027229309082 / 9.367173194885254
Pruned model (after finetuning) has AUROC / IND / OOD = 0.8562884503133295 / 4.841342449188232 / 6.583339214324951
Notification sent to chrome.
 
Currently running leave_3_encoder_fc2 experiment. 
Starting the process with remaining connection 8 using tech 5!
Loaded pretrained model
Pretrained model has AUROC / IND / OOD = 0.9285812619081708 / 2.7500503063201904 / 4.2608513832092285
Pruned model (before finetuning) has AUROC / IND / OOD = 0.5708529829623674 / 8.97320556640625 / 9.367178916931152
Pruned model (after finetuning) has AUROC / IND / OOD = 0.8628211213779887 / 4.820029258728027 / 6.605733871459961
Notification sent to chrome.
 
Currently running leave_3_encoder_fc2 experiment. 
Starting the process with remaining connection 9 using tech 5!
Loaded pretrained model
Pretrained model has AUROC / IND / OOD = 0.9285812619081708 / 2.7500503063201904 / 4.2608513832092285
Pruned model (before finetuning) has AUROC / IND / OOD = 0.5708969812442868 / 8.973331451416016 / 9.367620468139648
Pruned model (after finetuning) has AUROC / IND / OOD = 0.8699351865108645 / 4.554255962371826 / 6.3224592208862305
Notification sent to chrome.
 
Currently running leave_3_encoder_fc2 experiment. 
Starting the process with remaining connection 10 using tech 5!
Loaded pretrained model
Pretrained model has AUROC / IND / OOD = 0.9285812619081708 / 2.7500503063201904 / 4.2608513832092285
Pruned model (before finetuning) has AUROC / IND / OOD = 0.5709231929867069 / 8.97332763671875 / 9.367749214172363
Pruned model (after finetuning) has AUROC / IND / OOD = 0.8864397184991023 / 4.2376708984375 / 6.0447468757629395
Notification sent to chrome.
 
Currently running leave_3_encoder_fc2 experiment. 
Starting the process with remaining connection 11 using tech 5!
Loaded pretrained model
Pretrained model has AUROC / IND / OOD = 0.9285812619081708 / 2.7500503063201904 / 4.2608513832092285
Pruned model (before finetuning) has AUROC / IND / OOD = 0.5709271577880813 / 8.973299026489258 / 9.3677396774292
Pruned model (after finetuning) has AUROC / IND / OOD = 0.9117636758114075 / 4.077360153198242 / 6.13787841796875
Notification sent to chrome.
 
Currently running leave_3_encoder_fc2 experiment. 
Starting the process with remaining connection 12 using tech 5!
Loaded pretrained model
Pretrained model has AUROC / IND / OOD = 0.9285812619081708 / 2.7500503063201904 / 4.2608513832092285
Pruned model (before finetuning) has AUROC / IND / OOD = 0.5709241841870505 / 8.97331714630127 / 9.367748260498047
Pruned model (after finetuning) has AUROC / IND / OOD = 0.8848482912807408 / 3.9374382495880127 / 5.575301647186279
Notification sent to chrome.
 
Currently running leave_3_encoder_fc2 experiment. 
Starting the process with remaining connection 13 using tech 5!
Loaded pretrained model
Pretrained model has AUROC / IND / OOD = 0.9285812619081708 / 2.7500503063201904 / 4.2608513832092285
Pruned model (before finetuning) has AUROC / IND / OOD = 0.5708871243075364 / 8.97331428527832 / 9.367574691772461
Pruned model (after finetuning) has AUROC / IND / OOD = 0.889060782607738 / 3.945091724395752 / 5.638447284698486
Notification sent to chrome.
 
Currently running leave_3_encoder_fc2 experiment. 
Starting the process with remaining connection 14 using tech 5!
Loaded pretrained model
Pretrained model has AUROC / IND / OOD = 0.9285812619081708 / 2.7500503063201904 / 4.2608513832092285
Pruned model (before finetuning) has AUROC / IND / OOD = 0.5708943931100563 / 8.973270416259766 / 9.367574691772461
Pruned model (after finetuning) has AUROC / IND / OOD = 0.8789303846958667 / 3.681136131286621 / 5.232264518737793
Notification sent to chrome.
 
Currently running leave_3_encoder_fc2 experiment. 
Starting the process with remaining connection 15 using tech 5!
Loaded pretrained model
Pretrained model has AUROC / IND / OOD = 0.9285812619081708 / 2.7500503063201904 / 4.2608513832092285
Pruned model (before finetuning) has AUROC / IND / OOD = 0.5709935682111036 / 8.972981452941895 / 9.367770195007324
Pruned model (after finetuning) has AUROC / IND / OOD = 0.9039795592462473 / 3.5485780239105225 / 5.241332054138184
Notification sent to chrome.
 
Currently running leave_3_encoder_fc2 experiment. 
Starting the process with remaining connection 16 using tech 5!
Loaded pretrained model
Pretrained model has AUROC / IND / OOD = 0.9285812619081708 / 2.7500503063201904 / 4.2608513832092285
Pruned model (before finetuning) has AUROC / IND / OOD = 0.571004581548255 / 8.972926139831543 / 9.36777400970459
Pruned model (after finetuning) has AUROC / IND / OOD = 0.8940297800636571 / 3.526872396469116 / 5.140026569366455
Notification sent to chrome.
 
Currently running leave_3_encoder_fc2 experiment. 
Starting the process with remaining connection 1 using tech 6!
Loaded pretrained model
Pretrained model has AUROC / IND / OOD = 0.9285812619081708 / 2.7500503063201904 / 4.2608513832092285
Pruned model (before finetuning) has AUROC / IND / OOD = 0.570463496294012 / 8.978676795959473 / 9.368348121643066
Pruned model (after finetuning) has AUROC / IND / OOD = 0.609679622022269 / 7.182183265686035 / 7.500297546386719
Notification sent to chrome.
 
Currently running leave_3_encoder_fc2 experiment. 
Starting the process with remaining connection 2 using tech 6!
Loaded pretrained model
Pretrained model has AUROC / IND / OOD = 0.9285812619081708 / 2.7500503063201904 / 4.2608513832092285
Pruned model (before finetuning) has AUROC / IND / OOD = 0.570463496294012 / 8.978676795959473 / 9.368348121643066
Pruned model (after finetuning) has AUROC / IND / OOD = 0.6127739292282954 / 7.181012153625488 / 7.501645565032959
Notification sent to chrome.
 
Currently running leave_3_encoder_fc2 experiment. 
Starting the process with remaining connection 3 using tech 6!
Loaded pretrained model
Pretrained model has AUROC / IND / OOD = 0.9285812619081708 / 2.7500503063201904 / 4.2608513832092285
Pruned model (before finetuning) has AUROC / IND / OOD = 0.570463496294012 / 8.978676795959473 / 9.368348121643066
Pruned model (after finetuning) has AUROC / IND / OOD = 0.6156337074196853 / 7.184001445770264 / 7.5260491371154785
Notification sent to chrome.
 
Currently running leave_3_encoder_fc2 experiment. 
Starting the process with remaining connection 4 using tech 6!
Loaded pretrained model
Pretrained model has AUROC / IND / OOD = 0.9285812619081708 / 2.7500503063201904 / 4.2608513832092285
Pruned model (before finetuning) has AUROC / IND / OOD = 0.570463496294012 / 8.978676795959473 / 9.368348121643066
Pruned model (after finetuning) has AUROC / IND / OOD = 0.6201529201863457 / 7.1830902099609375 / 7.541933536529541
Notification sent to chrome.
 
Currently running leave_3_encoder_fc2 experiment. 
Starting the process with remaining connection 5 using tech 6!
Loaded pretrained model
Pretrained model has AUROC / IND / OOD = 0.9285812619081708 / 2.7500503063201904 / 4.2608513832092285
Pruned model (before finetuning) has AUROC / IND / OOD = 0.570463496294012 / 8.978676795959473 / 9.368348121643066
Pruned model (after finetuning) has AUROC / IND / OOD = 0.6223923170960033 / 7.183811664581299 / 7.548408031463623
Notification sent to chrome.
 
Currently running leave_3_encoder_fc2 experiment. 
Starting the process with remaining connection 6 using tech 6!
Loaded pretrained model
Pretrained model has AUROC / IND / OOD = 0.9285812619081708 / 2.7500503063201904 / 4.2608513832092285
Pruned model (before finetuning) has AUROC / IND / OOD = 0.5704639918941838 / 8.978670120239258 / 9.36834716796875
Pruned model (after finetuning) has AUROC / IND / OOD = 0.7443259286996553 / 6.445461273193359 / 7.562472343444824
Notification sent to chrome.
 
Currently running leave_3_encoder_fc2 experiment. 
Starting the process with remaining connection 7 using tech 6!
Loaded pretrained model
Pretrained model has AUROC / IND / OOD = 0.9285812619081708 / 2.7500503063201904 / 4.2608513832092285
Pruned model (before finetuning) has AUROC / IND / OOD = 0.5704669654952147 / 8.978693008422852 / 9.36838436126709
Pruned model (after finetuning) has AUROC / IND / OOD = 0.7105771539334133 / 6.319883823394775 / 7.252691268920898
Notification sent to chrome.
 
Currently running leave_3_encoder_fc2 experiment. 
Starting the process with remaining connection 8 using tech 6!
Loaded pretrained model
Pretrained model has AUROC / IND / OOD = 0.9285812619081708 / 2.7500503063201904 / 4.2608513832092285
Pruned model (before finetuning) has AUROC / IND / OOD = 0.5704669654952147 / 8.978693008422852 / 9.36838436126709
Pruned model (after finetuning) has AUROC / IND / OOD = 0.7174728245905793 / 6.303550720214844 / 7.2745819091796875
Notification sent to chrome.
 
Currently running leave_3_encoder_fc2 experiment. 
Starting the process with remaining connection 9 using tech 6!
Loaded pretrained model
Pretrained model has AUROC / IND / OOD = 0.9285812619081708 / 2.7500503063201904 / 4.2608513832092285
Pruned model (before finetuning) has AUROC / IND / OOD = 0.5704661945616141 / 8.978673934936523 / 9.368364334106445
Pruned model (after finetuning) has AUROC / IND / OOD = 0.7048705932884723 / 6.184501647949219 / 7.1403117179870605
Notification sent to chrome.
 
Currently running leave_3_encoder_fc2 experiment. 
Starting the process with remaining connection 10 using tech 6!
Loaded pretrained model
Pretrained model has AUROC / IND / OOD = 0.9285812619081708 / 2.7500503063201904 / 4.2608513832092285
Pruned model (before finetuning) has AUROC / IND / OOD = 0.5704622297602396 / 8.978703498840332 / 9.368367195129395
Pruned model (after finetuning) has AUROC / IND / OOD = 0.836184319210564 / 5.747175693511963 / 7.460307598114014
Notification sent to chrome.
 
Currently running leave_3_encoder_fc2 experiment. 
Starting the process with remaining connection 11 using tech 6!
Loaded pretrained model
Pretrained model has AUROC / IND / OOD = 0.9285812619081708 / 2.7500503063201904 / 4.2608513832092285
Pruned model (before finetuning) has AUROC / IND / OOD = 0.5704622297602396 / 8.978703498840332 / 9.368367195129395
Pruned model (after finetuning) has AUROC / IND / OOD = 0.8480436458551306 / 5.762810707092285 / 7.566573619842529
Notification sent to chrome.
 
Currently running leave_3_encoder_fc2 experiment. 
Starting the process with remaining connection 12 using tech 6!
Loaded pretrained model
Pretrained model has AUROC / IND / OOD = 0.9285812619081708 / 2.7500503063201904 / 4.2608513832092285
Pruned model (before finetuning) has AUROC / IND / OOD = 0.570440203085937 / 8.978791236877441 / 9.368340492248535
Pruned model (after finetuning) has AUROC / IND / OOD = 0.8404229121466096 / 5.684041976928711 / 7.397279262542725
Notification sent to chrome.
 
Currently running leave_3_encoder_fc2 experiment. 
Starting the process with remaining connection 13 using tech 6!
Loaded pretrained model
Pretrained model has AUROC / IND / OOD = 0.9285812619081708 / 2.7500503063201904 / 4.2608513832092285
Pruned model (before finetuning) has AUROC / IND / OOD = 0.570440203085937 / 8.978791236877441 / 9.368340492248535
Pruned model (after finetuning) has AUROC / IND / OOD = 0.8543059394927257 / 5.6845502853393555 / 7.535095691680908
Notification sent to chrome.
 
Currently running leave_3_encoder_fc2 experiment. 
Starting the process with remaining connection 14 using tech 6!
Loaded pretrained model
Pretrained model has AUROC / IND / OOD = 0.9285812619081708 / 2.7500503063201904 / 4.2608513832092285
Pruned model (before finetuning) has AUROC / IND / OOD = 0.570440203085937 / 8.978791236877441 / 9.368340492248535
Pruned model (after finetuning) has AUROC / IND / OOD = 0.8454533640238329 / 5.725714206695557 / 7.454193592071533
Notification sent to chrome.
 
Currently running leave_3_encoder_fc2 experiment. 
Starting the process with remaining connection 15 using tech 6!
Loaded pretrained model
Pretrained model has AUROC / IND / OOD = 0.9285812619081708 / 2.7500503063201904 / 4.2608513832092285
Pruned model (before finetuning) has AUROC / IND / OOD = 0.570440203085937 / 8.978791236877441 / 9.368340492248535
Pruned model (after finetuning) has AUROC / IND / OOD = 0.8483319750217515 / 5.676858425140381 / 7.4807939529418945
Notification sent to chrome.
 
Currently running leave_3_encoder_fc2 experiment. 
Starting the process with remaining connection 16 using tech 6!
Loaded pretrained model
Pretrained model has AUROC / IND / OOD = 0.9285812619081708 / 2.7500503063201904 / 4.2608513832092285
Pruned model (before finetuning) has AUROC / IND / OOD = 0.570440203085937 / 8.978791236877441 / 9.368340492248535
Pruned model (after finetuning) has AUROC / IND / OOD = 0.8296107335983877 / 5.692960262298584 / 7.354488372802734
Notification sent to chrome.
 
Currently running leave_3_encoder_fc2 experiment. 
Starting the process with remaining connection 1 using tech 7!
Loaded pretrained model
Pretrained model has AUROC / IND / OOD = 0.9285812619081708 / 2.7500503063201904 / 4.2608513832092285
Pruned model (before finetuning) has AUROC / IND / OOD = 0.570463496294012 / 8.978676795959473 / 9.368348121643066
Pruned model (after finetuning) has AUROC / IND / OOD = 0.6160985253141554 / 7.182560443878174 / 7.521152973175049
Notification sent to chrome.
 
Currently running leave_3_encoder_fc2 experiment. 
Starting the process with remaining connection 2 using tech 7!
Loaded pretrained model
Pretrained model has AUROC / IND / OOD = 0.9285812619081708 / 2.7500503063201904 / 4.2608513832092285
Pruned model (before finetuning) has AUROC / IND / OOD = 0.570463496294012 / 8.978676795959473 / 9.368348121643066
Pruned model (after finetuning) has AUROC / IND / OOD = 0.6205380015198405 / 7.181667327880859 / 7.513238430023193
Notification sent to chrome.
 
Currently running leave_3_encoder_fc2 experiment. 
Starting the process with remaining connection 3 using tech 7!
Loaded pretrained model
Pretrained model has AUROC / IND / OOD = 0.9285812619081708 / 2.7500503063201904 / 4.2608513832092285
Pruned model (before finetuning) has AUROC / IND / OOD = 0.570463496294012 / 8.978676795959473 / 9.368348121643066
Pruned model (after finetuning) has AUROC / IND / OOD = 0.6164653245079792 / 7.183453559875488 / 7.527744293212891
Notification sent to chrome.
 
Currently running leave_3_encoder_fc2 experiment. 
Starting the process with remaining connection 4 using tech 7!
Loaded pretrained model
Pretrained model has AUROC / IND / OOD = 0.9285812619081708 / 2.7500503063201904 / 4.2608513832092285
Pruned model (before finetuning) has AUROC / IND / OOD = 0.570463496294012 / 8.978676795959473 / 9.368348121643066
Pruned model (after finetuning) has AUROC / IND / OOD = 0.6161677992048371 / 7.183817386627197 / 7.5296807289123535
Notification sent to chrome.
 
Currently running leave_3_encoder_fc2 experiment. 
Starting the process with remaining connection 5 using tech 7!
Loaded pretrained model
Pretrained model has AUROC / IND / OOD = 0.9285812619081708 / 2.7500503063201904 / 4.2608513832092285
Pruned model (before finetuning) has AUROC / IND / OOD = 0.570463496294012 / 8.978676795959473 / 9.368348121643066
Pruned model (after finetuning) has AUROC / IND / OOD = 0.6204697738961882 / 7.182907581329346 / 7.537125110626221
Notification sent to chrome.
 
Currently running leave_3_encoder_fc2 experiment. 
Starting the process with remaining connection 6 using tech 7!
Loaded pretrained model
Pretrained model has AUROC / IND / OOD = 0.9285812619081708 / 2.7500503063201904 / 4.2608513832092285
Pruned model (before finetuning) has AUROC / IND / OOD = 0.5704639918941838 / 8.978670120239258 / 9.36834716796875
Pruned model (after finetuning) has AUROC / IND / OOD = 0.7511458826639061 / 6.441051483154297 / 7.586846828460693
Notification sent to chrome.
 
Currently running leave_3_encoder_fc2 experiment. 
Starting the process with remaining connection 7 using tech 7!
Loaded pretrained model
Pretrained model has AUROC / IND / OOD = 0.9285812619081708 / 2.7500503063201904 / 4.2608513832092285
Pruned model (before finetuning) has AUROC / IND / OOD = 0.5704669654952147 / 8.978693008422852 / 9.36838436126709
Pruned model (after finetuning) has AUROC / IND / OOD = 0.7182758620689654 / 6.277585506439209 / 7.269138813018799
Notification sent to chrome.
 
Currently running leave_3_encoder_fc2 experiment. 
Starting the process with remaining connection 8 using tech 7!
Loaded pretrained model
Pretrained model has AUROC / IND / OOD = 0.9285812619081708 / 2.7500503063201904 / 4.2608513832092285
Pruned model (before finetuning) has AUROC / IND / OOD = 0.5704669654952147 / 8.978693008422852 / 9.36838436126709
Pruned model (after finetuning) has AUROC / IND / OOD = 0.7073005209308473 / 6.315420627593994 / 7.227814674377441
Notification sent to chrome.
 
Currently running leave_3_encoder_fc2 experiment. 
Starting the process with remaining connection 9 using tech 7!
Loaded pretrained model
Pretrained model has AUROC / IND / OOD = 0.9285812619081708 / 2.7500503063201904 / 4.2608513832092285
Pruned model (before finetuning) has AUROC / IND / OOD = 0.5704661945616141 / 8.978673934936523 / 9.368364334106445
Pruned model (after finetuning) has AUROC / IND / OOD = 0.7119754072181411 / 6.196796894073486 / 7.207190036773682
Notification sent to chrome.
 
Currently running leave_3_encoder_fc2 experiment. 
Starting the process with remaining connection 10 using tech 7!
Loaded pretrained model
Pretrained model has AUROC / IND / OOD = 0.9285812619081708 / 2.7500503063201904 / 4.2608513832092285
Pruned model (before finetuning) has AUROC / IND / OOD = 0.5704622297602396 / 8.978703498840332 / 9.368367195129395
Pruned model (after finetuning) has AUROC / IND / OOD = 0.8239621031068624 / 5.752676486968994 / 7.40833044052124
Notification sent to chrome.
 
Currently running leave_3_encoder_fc2 experiment. 
Starting the process with remaining connection 11 using tech 7!
Loaded pretrained model
Pretrained model has AUROC / IND / OOD = 0.9285812619081708 / 2.7500503063201904 / 4.2608513832092285
Pruned model (before finetuning) has AUROC / IND / OOD = 0.5704622297602396 / 8.978703498840332 / 9.368367195129395
Pruned model (after finetuning) has AUROC / IND / OOD = 0.837392812696175 / 5.770635604858398 / 7.538117408752441
Notification sent to chrome.
 
Currently running leave_3_encoder_fc2 experiment. 
Starting the process with remaining connection 12 using tech 7!
Loaded pretrained model
Pretrained model has AUROC / IND / OOD = 0.9285812619081708 / 2.7500503063201904 / 4.2608513832092285
Pruned model (before finetuning) has AUROC / IND / OOD = 0.570440203085937 / 8.978791236877441 / 9.368340492248535
Pruned model (after finetuning) has AUROC / IND / OOD = 0.8323697948215288 / 5.750426769256592 / 7.419631004333496
Notification sent to chrome.
 
Currently running leave_3_encoder_fc2 experiment. 
Starting the process with remaining connection 13 using tech 7!
Loaded pretrained model
Pretrained model has AUROC / IND / OOD = 0.9285812619081708 / 2.7500503063201904 / 4.2608513832092285
Pruned model (before finetuning) has AUROC / IND / OOD = 0.570440203085937 / 8.978791236877441 / 9.368340492248535
Pruned model (after finetuning) has AUROC / IND / OOD = 0.840976277271776 / 5.693222999572754 / 7.521082878112793
Notification sent to chrome.
 
Currently running leave_3_encoder_fc2 experiment. 
Starting the process with remaining connection 14 using tech 7!
Loaded pretrained model
Pretrained model has AUROC / IND / OOD = 0.9285812619081708 / 2.7500503063201904 / 4.2608513832092285
Pruned model (before finetuning) has AUROC / IND / OOD = 0.570440203085937 / 8.978791236877441 / 9.368340492248535
Pruned model (after finetuning) has AUROC / IND / OOD = 0.855976112071719 / 5.641402721405029 / 7.551271915435791
Notification sent to chrome.
 
Currently running leave_3_encoder_fc2 experiment. 
Starting the process with remaining connection 15 using tech 7!
Loaded pretrained model
Pretrained model has AUROC / IND / OOD = 0.9285812619081708 / 2.7500503063201904 / 4.2608513832092285
Pruned model (before finetuning) has AUROC / IND / OOD = 0.570440203085937 / 8.978791236877441 / 9.368340492248535
Pruned model (after finetuning) has AUROC / IND / OOD = 0.8430313659842068 / 5.6980671882629395 / 7.530257701873779
Notification sent to chrome.
 
Currently running leave_3_encoder_fc2 experiment. 
Starting the process with remaining connection 16 using tech 7!
Loaded pretrained model
Pretrained model has AUROC / IND / OOD = 0.9285812619081708 / 2.7500503063201904 / 4.2608513832092285
Pruned model (before finetuning) has AUROC / IND / OOD = 0.570440203085937 / 8.978791236877441 / 9.368340492248535
Pruned model (after finetuning) has AUROC / IND / OOD = 0.8339503188361105 / 5.663698196411133 / 7.324160575866699
Notification sent to chrome.
 
Currently running leave_3_encoder_fc2 experiment. 
Starting the process with remaining connection 1 using tech 8!
Loaded pretrained model
Pretrained model has AUROC / IND / OOD = 0.9285812619081708 / 2.7500503063201904 / 4.2608513832092285
Pruned model (before finetuning) has AUROC / IND / OOD = 0.5704633861606405 / 8.978675842285156 / 9.368348121643066
Pruned model (after finetuning) has AUROC / IND / OOD = 0.6170705073844426 / 7.1832051277160645 / 7.532254695892334
Notification sent to chrome.
 
Currently running leave_3_encoder_fc2 experiment. 
Starting the process with remaining connection 2 using tech 8!
Loaded pretrained model
Pretrained model has AUROC / IND / OOD = 0.9285812619081708 / 2.7500503063201904 / 4.2608513832092285
Pruned model (before finetuning) has AUROC / IND / OOD = 0.5704557318913204 / 8.978714942932129 / 9.368353843688965
Pruned model (after finetuning) has AUROC / IND / OOD = 0.8296114494653024 / 5.891664981842041 / 7.509947776794434
Notification sent to chrome.
 
Currently running leave_3_encoder_fc2 experiment. 
Starting the process with remaining connection 3 using tech 8!
Loaded pretrained model
Pretrained model has AUROC / IND / OOD = 0.9285812619081708 / 2.7500503063201904 / 4.2608513832092285
Pruned model (before finetuning) has AUROC / IND / OOD = 0.5704647077610988 / 8.978669166564941 / 9.368351936340332
Pruned model (after finetuning) has AUROC / IND / OOD = 0.7179461227546559 / 6.447037696838379 / 7.445587158203125
Notification sent to chrome.
 
Currently running leave_3_encoder_fc2 experiment. 
Starting the process with remaining connection 4 using tech 8!
Loaded pretrained model
Pretrained model has AUROC / IND / OOD = 0.9285812619081708 / 2.7500503063201904 / 4.2608513832092285
Pruned model (before finetuning) has AUROC / IND / OOD = 0.5704644874943556 / 8.978652954101562 / 9.368315696716309
Pruned model (after finetuning) has AUROC / IND / OOD = 0.7434654016013391 / 5.832248687744141 / 6.992244720458984
Notification sent to chrome.
 
Currently running leave_3_encoder_fc2 experiment. 
Starting the process with remaining connection 5 using tech 8!
Loaded pretrained model
Pretrained model has AUROC / IND / OOD = 0.9285812619081708 / 2.7500503063201904 / 4.2608513832092285
Pruned model (before finetuning) has AUROC / IND / OOD = 0.570520710580513 / 8.978706359863281 / 9.36867904663086
Pruned model (after finetuning) has AUROC / IND / OOD = 0.8232831859381712 / 5.31005859375 / 6.9659423828125
Notification sent to chrome.
 
Currently running leave_3_encoder_fc2 experiment. 
Starting the process with remaining connection 6 using tech 8!
Loaded pretrained model
Pretrained model has AUROC / IND / OOD = 0.9285812619081708 / 2.7500503063201904 / 4.2608513832092285
Pruned model (before finetuning) has AUROC / IND / OOD = 0.5704645976277272 / 8.978697776794434 / 9.368388175964355
Pruned model (after finetuning) has AUROC / IND / OOD = 0.8278403947180034 / 5.795937538146973 / 7.450359344482422
Notification sent to chrome.
 
Currently running leave_3_encoder_fc2 experiment. 
Starting the process with remaining connection 7 using tech 8!
Loaded pretrained model
Pretrained model has AUROC / IND / OOD = 0.9285812619081708 / 2.7500503063201904 / 4.2608513832092285
Pruned model (before finetuning) has AUROC / IND / OOD = 0.5705246753818874 / 8.978670120239258 / 9.368683815002441
Pruned model (after finetuning) has AUROC / IND / OOD = 0.8775079020694061 / 4.605772972106934 / 6.453856468200684
Notification sent to chrome.
 
Currently running leave_3_encoder_fc2 experiment. 
Starting the process with remaining connection 8 using tech 8!
Loaded pretrained model
Pretrained model has AUROC / IND / OOD = 0.9285812619081708 / 2.7500503063201904 / 4.2608513832092285
Pruned model (before finetuning) has AUROC / IND / OOD = 0.5704449388209121 / 8.978948593139648 / 9.36851692199707
Pruned model (after finetuning) has AUROC / IND / OOD = 0.7328330157821121 / 5.909660816192627 / 7.077347278594971
Notification sent to chrome.
 
Currently running leave_3_encoder_fc2 experiment. 
Starting the process with remaining connection 9 using tech 8!
Loaded pretrained model
Pretrained model has AUROC / IND / OOD = 0.9285812619081708 / 2.7500503063201904 / 4.2608513832092285
Pruned model (before finetuning) has AUROC / IND / OOD = 0.5704330994834745 / 8.978776931762695 / 9.368318557739258
Pruned model (after finetuning) has AUROC / IND / OOD = 0.8683631978325753 / 4.595133304595947 / 6.338085651397705
Notification sent to chrome.
 
Currently running leave_3_encoder_fc2 experiment. 
Starting the process with remaining connection 10 using tech 8!
Loaded pretrained model
Pretrained model has AUROC / IND / OOD = 0.9285812619081708 / 2.7500503063201904 / 4.2608513832092285
Pruned model (before finetuning) has AUROC / IND / OOD = 0.5704126697430589 / 8.978555679321289 / 9.367945671081543
Pruned model (after finetuning) has AUROC / IND / OOD = 0.7980827982687033 / 5.841058731079102 / 7.314598560333252
Notification sent to chrome.
 
Currently running leave_3_encoder_fc2 experiment. 
Starting the process with remaining connection 11 using tech 8!
Loaded pretrained model
Pretrained model has AUROC / IND / OOD = 0.9285812619081708 / 2.7500503063201904 / 4.2608513832092285
Pruned model (before finetuning) has AUROC / IND / OOD = 0.5705633872619743 / 8.978644371032715 / 9.368878364562988
Pruned model (after finetuning) has AUROC / IND / OOD = 0.8514761175783875 / 4.8568878173828125 / 6.571286678314209
Notification sent to chrome.
 
Currently running leave_3_encoder_fc2 experiment. 
Starting the process with remaining connection 12 using tech 8!
Loaded pretrained model
Pretrained model has AUROC / IND / OOD = 0.9285812619081708 / 2.7500503063201904 / 4.2608513832092285
Pruned model (before finetuning) has AUROC / IND / OOD = 0.570670381832399 / 8.977239608764648 / 9.368032455444336
Pruned model (after finetuning) has AUROC / IND / OOD = 0.8585085738829724 / 4.909614086151123 / 6.79613733291626
Notification sent to chrome.
 
Currently running leave_3_encoder_fc2 experiment. 
Starting the process with remaining connection 13 using tech 8!
Loaded pretrained model
Pretrained model has AUROC / IND / OOD = 0.9285812619081708 / 2.7500503063201904 / 4.2608513832092285
Pruned model (before finetuning) has AUROC / IND / OOD = 0.5704939481712353 / 8.978852272033691 / 9.368712425231934
Pruned model (after finetuning) has AUROC / IND / OOD = 0.8581288340179957 / 4.908535957336426 / 6.682458877563477
Notification sent to chrome.
 
Currently running leave_3_encoder_fc2 experiment. 
Starting the process with remaining connection 14 using tech 8!
Loaded pretrained model
Pretrained model has AUROC / IND / OOD = 0.9285812619081708 / 2.7500503063201904 / 4.2608513832092285
Pruned model (before finetuning) has AUROC / IND / OOD = 0.5703141554422406 / 8.978743553161621 / 9.36755084991455
Pruned model (after finetuning) has AUROC / IND / OOD = 0.9027298208130046 / 4.13245964050293 / 6.027744770050049
Notification sent to chrome.
 
Currently running leave_3_encoder_fc2 experiment. 
Starting the process with remaining connection 15 using tech 8!
Loaded pretrained model
Pretrained model has AUROC / IND / OOD = 0.9285812619081708 / 2.7500503063201904 / 4.2608513832092285
Pruned model (before finetuning) has AUROC / IND / OOD = 0.5705000055066686 / 8.978568077087402 / 9.368432998657227
Pruned model (after finetuning) has AUROC / IND / OOD = 0.8642435489377637 / 4.58435583114624 / 6.281824588775635
Notification sent to chrome.
 
Currently running leave_3_encoder_fc2 experiment. 
Starting the process with remaining connection 16 using tech 8!
Loaded pretrained model
Pretrained model has AUROC / IND / OOD = 0.9285812619081708 / 2.7500503063201904 / 4.2608513832092285
Pruned model (before finetuning) has AUROC / IND / OOD = 0.5702366766153812 / 8.979544639587402 / 9.367956161499023
Pruned model (after finetuning) has AUROC / IND / OOD = 0.9065982004207096 / 4.276390075683594 / 6.285056114196777
Notification sent to chrome.
