 
Currently running leave_6_tech_7_encoder_fc4 experiment. 
Starting the process with remaining sparsity 0 and connection 1!
Loaded pretrained model
Pretrained model has AUROC / IND / OOD = 0.9223453967312829 / 2.7505714893341064 / 4.395536422729492
Pruned model (before finetuning) has AUROC / IND / OOD = 0.5891425724258724 / 9.204276084899902 / 9.689238548278809
Pruned model (after finetuning) has AUROC / IND / OOD = 0.661669919868265 / 7.164268970489502 / 7.712249279022217
Notification sent to chrome.
 
Currently running leave_6_tech_7_encoder_fc4 experiment. 
Starting the process with remaining sparsity 0 and connection 2!
Loaded pretrained model
Pretrained model has AUROC / IND / OOD = 0.9223453967312829 / 2.7505714893341064 / 4.395536422729492
Pruned model (before finetuning) has AUROC / IND / OOD = 0.5891425724258724 / 9.204276084899902 / 9.689238548278809
Pruned model (after finetuning) has AUROC / IND / OOD = 0.6652762635421154 / 7.163758754730225 / 7.727484703063965
Notification sent to chrome.
 
Currently running leave_6_tech_7_encoder_fc4 experiment. 
Starting the process with remaining sparsity 0 and connection 3!
Loaded pretrained model
Pretrained model has AUROC / IND / OOD = 0.9223453967312829 / 2.7505714893341064 / 4.395536422729492
Pruned model (before finetuning) has AUROC / IND / OOD = 0.5891425724258724 / 9.204276084899902 / 9.689238548278809
Pruned model (after finetuning) has AUROC / IND / OOD = 0.6617775133348942 / 7.164459705352783 / 7.724368095397949
Notification sent to chrome.
 
Currently running leave_6_tech_7_encoder_fc4 experiment. 
Starting the process with remaining sparsity 0 and connection 4!
Loaded pretrained model
Pretrained model has AUROC / IND / OOD = 0.9223453967312829 / 2.7505714893341064 / 4.395536422729492
Pruned model (before finetuning) has AUROC / IND / OOD = 0.5891425724258724 / 9.204276084899902 / 9.689238548278809
Pruned model (after finetuning) has AUROC / IND / OOD = 0.6648450238483459 / 7.163370609283447 / 7.729177474975586
Notification sent to chrome.
 
Currently running leave_6_tech_7_encoder_fc4 experiment. 
Starting the process with remaining sparsity 0 and connection 5!
Loaded pretrained model
Pretrained model has AUROC / IND / OOD = 0.9223453967312829 / 2.7505714893341064 / 4.395536422729492
Pruned model (before finetuning) has AUROC / IND / OOD = 0.5891425724258724 / 9.204276084899902 / 9.689238548278809
Pruned model (after finetuning) has AUROC / IND / OOD = 0.6549609130944942 / 7.1725897789001465 / 7.71347713470459
Notification sent to chrome.
 
Currently running leave_6_tech_7_encoder_fc4 experiment. 
Starting the process with remaining sparsity 0 and connection 6!
Loaded pretrained model
Pretrained model has AUROC / IND / OOD = 0.9223453967312829 / 2.7505714893341064 / 4.395536422729492
Pruned model (before finetuning) has AUROC / IND / OOD = 0.5891425724258724 / 9.204276084899902 / 9.689238548278809
Pruned model (after finetuning) has AUROC / IND / OOD = 0.6638787606340903 / 7.163609981536865 / 7.707037925720215
Notification sent to chrome.
 
Currently running leave_6_tech_7_encoder_fc4 experiment. 
Starting the process with remaining sparsity 0 and connection 7!
Loaded pretrained model
Pretrained model has AUROC / IND / OOD = 0.9223453967312829 / 2.7505714893341064 / 4.395536422729492
Pruned model (before finetuning) has AUROC / IND / OOD = 0.5891425724258724 / 9.204276084899902 / 9.689238548278809
Pruned model (after finetuning) has AUROC / IND / OOD = 0.6681224686097216 / 7.164005756378174 / 7.746763706207275
Notification sent to chrome.
 
Currently running leave_6_tech_7_encoder_fc4 experiment. 
Starting the process with remaining sparsity 0 and connection 8!
Loaded pretrained model
Pretrained model has AUROC / IND / OOD = 0.9223453967312829 / 2.7505714893341064 / 4.395536422729492
Pruned model (before finetuning) has AUROC / IND / OOD = 0.5891425724258724 / 9.204276084899902 / 9.689238548278809
Pruned model (after finetuning) has AUROC / IND / OOD = 0.658280783391263 / 7.165761947631836 / 7.7052812576293945
Notification sent to chrome.
 
Currently running leave_6_tech_7_encoder_fc4 experiment. 
Starting the process with remaining sparsity 0 and connection 9!
Loaded pretrained model
Pretrained model has AUROC / IND / OOD = 0.9223453967312829 / 2.7505714893341064 / 4.395536422729492
Pruned model (before finetuning) has AUROC / IND / OOD = 0.5891425724258724 / 9.204276084899902 / 9.689238548278809
Pruned model (after finetuning) has AUROC / IND / OOD = 0.6542843556790648 / 7.168911933898926 / 7.710050582885742
Notification sent to chrome.
 
Currently running leave_6_tech_7_encoder_fc4 experiment. 
Starting the process with remaining sparsity 0 and connection 10!
Loaded pretrained model
Pretrained model has AUROC / IND / OOD = 0.9223453967312829 / 2.7505714893341064 / 4.395536422729492
Pruned model (before finetuning) has AUROC / IND / OOD = 0.5891425724258724 / 9.204276084899902 / 9.689238548278809
Pruned model (after finetuning) has AUROC / IND / OOD = 0.6685963070043347 / 7.165354251861572 / 7.731398582458496
Notification sent to chrome.
 
Currently running leave_6_tech_7_encoder_fc4 experiment. 
Starting the process with remaining sparsity 0 and connection 11!
Loaded pretrained model
Pretrained model has AUROC / IND / OOD = 0.9223453967312829 / 2.7505714893341064 / 4.395536422729492
Pruned model (before finetuning) has AUROC / IND / OOD = 0.5891425724258724 / 9.204276084899902 / 9.689238548278809
Pruned model (after finetuning) has AUROC / IND / OOD = 0.6513554929697136 / 7.173208713531494 / 7.709613800048828
Notification sent to chrome.
 
Currently running leave_6_tech_7_encoder_fc4 experiment. 
Starting the process with remaining sparsity 0 and connection 12!
Loaded pretrained model
Pretrained model has AUROC / IND / OOD = 0.9223453967312829 / 2.7505714893341064 / 4.395536422729492
Pruned model (before finetuning) has AUROC / IND / OOD = 0.5891425724258724 / 9.204276084899902 / 9.689238548278809
Pruned model (after finetuning) has AUROC / IND / OOD = 0.6602028621709222 / 7.162399768829346 / 7.70829439163208
Notification sent to chrome.
