 
Currently running leave_6_encoder_fc3 experiment. 
Starting the process with remaining connection 1 using tech 0!
Loaded pretrained model
Pretrained model has AUROC / IND / OOD = 0.9223454544530998 / 2.7505714893341064 / 4.395536422729492
Pruned model (before finetuning) has AUROC / IND / OOD = 0.5912845713277726 / 9.169495582580566 / 9.662386894226074
Pruned model (after finetuning) has AUROC / IND / OOD = 0.8899295170438671 / 5.943420886993408 / 8.121065139770508
Notification sent to chrome.
 
Currently running leave_6_encoder_fc3 experiment. 
Starting the process with remaining connection 2 using tech 0!
Loaded pretrained model
Pretrained model has AUROC / IND / OOD = 0.9223454544530998 / 2.7505714893341064 / 4.395536422729492
Pruned model (before finetuning) has AUROC / IND / OOD = 0.5911907156535564 / 9.19749641418457 / 9.69444465637207
Pruned model (after finetuning) has AUROC / IND / OOD = 0.8934037932007395 / 5.953305721282959 / 8.139850616455078
Notification sent to chrome.
 
Currently running leave_6_encoder_fc3 experiment. 
Starting the process with remaining connection 3 using tech 0!
Loaded pretrained model
Pretrained model has AUROC / IND / OOD = 0.9223454544530998 / 2.7505714893341064 / 4.395536422729492
Pruned model (before finetuning) has AUROC / IND / OOD = 0.5900329891727725 / 9.20712661743164 / 9.698612213134766
Pruned model (after finetuning) has AUROC / IND / OOD = 0.9437497431379149 / 5.321672439575195 / 8.208643913269043
Notification sent to chrome.
 
Currently running leave_6_encoder_fc3 experiment. 
Starting the process with remaining connection 4 using tech 0!
Loaded pretrained model
Pretrained model has AUROC / IND / OOD = 0.9223454544530998 / 2.7505714893341064 / 4.395536422729492
Pruned model (before finetuning) has AUROC / IND / OOD = 0.5905731499349591 / 9.20846939086914 / 9.702597618103027
Pruned model (after finetuning) has AUROC / IND / OOD = 0.935553533752717 / 5.295293807983398 / 8.19010066986084
Notification sent to chrome.
 
Currently running leave_6_encoder_fc3 experiment. 
Starting the process with remaining connection 5 using tech 0!
Loaded pretrained model
Pretrained model has AUROC / IND / OOD = 0.9223454544530998 / 2.7505714893341064 / 4.395536422729492
Pruned model (before finetuning) has AUROC / IND / OOD = 0.5918124373429678 / 9.196268081665039 / 9.698589324951172
Pruned model (after finetuning) has AUROC / IND / OOD = 0.9504473209919471 / 4.8174333572387695 / 7.79660177230835
Notification sent to chrome.
 
Currently running leave_6_encoder_fc3 experiment. 
Starting the process with remaining connection 6 using tech 0!
Loaded pretrained model
Pretrained model has AUROC / IND / OOD = 0.9223454544530998 / 2.7505714893341064 / 4.395536422729492
Pruned model (before finetuning) has AUROC / IND / OOD = 0.5987704560346774 / 9.198817253112793 / 9.739316940307617
Pruned model (after finetuning) has AUROC / IND / OOD = 0.9427677795894731 / 4.435242176055908 / 7.232435703277588
Notification sent to chrome.
 
Currently running leave_6_encoder_fc3 experiment. 
Starting the process with remaining connection 7 using tech 0!
Loaded pretrained model
Pretrained model has AUROC / IND / OOD = 0.9223454544530998 / 2.7505714893341064 / 4.395536422729492
Pruned model (before finetuning) has AUROC / IND / OOD = 0.5942500873908307 / 9.158007621765137 / 9.672978401184082
Pruned model (after finetuning) has AUROC / IND / OOD = 0.9625538948604032 / 4.4339752197265625 / 7.44563102722168
Notification sent to chrome.
 
Currently running leave_6_encoder_fc3 experiment. 
Starting the process with remaining connection 8 using tech 0!
Loaded pretrained model
Pretrained model has AUROC / IND / OOD = 0.9223454544530998 / 2.7505714893341064 / 4.395536422729492
Pruned model (before finetuning) has AUROC / IND / OOD = 0.585883771811343 / 9.114633560180664 / 9.581972122192383
Pruned model (after finetuning) has AUROC / IND / OOD = 0.9482201824101767 / 4.149114608764648 / 6.999507904052734
Notification sent to chrome.
 
Currently running leave_6_encoder_fc3 experiment. 
Starting the process with remaining connection 9 using tech 0!
Loaded pretrained model
Pretrained model has AUROC / IND / OOD = 0.9223454544530998 / 2.7505714893341064 / 4.395536422729492
Pruned model (before finetuning) has AUROC / IND / OOD = 0.5860575144800949 / 9.115898132324219 / 9.583657264709473
Pruned model (after finetuning) has AUROC / IND / OOD = 0.9518461515017601 / 4.137085914611816 / 6.964334011077881
Notification sent to chrome.
 
Currently running leave_6_encoder_fc3 experiment. 
Starting the process with remaining connection 10 using tech 0!
Loaded pretrained model
Pretrained model has AUROC / IND / OOD = 0.9223454544530998 / 2.7505714893341064 / 4.395536422729492
Pruned model (before finetuning) has AUROC / IND / OOD = 0.5801165542014787 / 9.102499008178711 / 9.538004875183105
Pruned model (after finetuning) has AUROC / IND / OOD = 0.9425037599991505 / 3.894747257232666 / 6.446715354919434
Notification sent to chrome.
 
Currently running leave_6_encoder_fc3 experiment. 
Starting the process with remaining connection 11 using tech 0!
Loaded pretrained model
Pretrained model has AUROC / IND / OOD = 0.9223454544530998 / 2.7505714893341064 / 4.395536422729492
Pruned model (before finetuning) has AUROC / IND / OOD = 0.5809712988655584 / 9.096843719482422 / 9.537668228149414
Pruned model (after finetuning) has AUROC / IND / OOD = 0.9432763665178368 / 3.9088125228881836 / 6.537300109863281
Notification sent to chrome.
 
Currently running leave_6_encoder_fc3 experiment. 
Starting the process with remaining connection 12 using tech 0!
Loaded pretrained model
Pretrained model has AUROC / IND / OOD = 0.9223454544530998 / 2.7505714893341064 / 4.395536422729492
Pruned model (before finetuning) has AUROC / IND / OOD = 0.5809712988655584 / 9.096843719482422 / 9.537668228149414
Pruned model (after finetuning) has AUROC / IND / OOD = 0.9533200203734925 / 3.8803939819335938 / 6.738600254058838
Notification sent to chrome.
 
Currently running leave_6_encoder_fc3 experiment. 
Starting the process with remaining connection 13 using tech 0!
Loaded pretrained model
Pretrained model has AUROC / IND / OOD = 0.9223454544530998 / 2.7505714893341064 / 4.395536422729492
Pruned model (before finetuning) has AUROC / IND / OOD = 0.5801220377740804 / 9.099824905395508 / 9.536418914794922
Pruned model (after finetuning) has AUROC / IND / OOD = 0.9510074535027676 / 3.8777942657470703 / 6.600841045379639
Notification sent to chrome.
 
Currently running leave_6_encoder_fc3 experiment. 
Starting the process with remaining connection 14 using tech 0!
Loaded pretrained model
Pretrained model has AUROC / IND / OOD = 0.9223454544530998 / 2.7505714893341064 / 4.395536422729492
Pruned model (before finetuning) has AUROC / IND / OOD = 0.5799761747428724 / 9.10275650024414 / 9.537635803222656
Pruned model (after finetuning) has AUROC / IND / OOD = 0.9539888430654626 / 3.918292760848999 / 6.634140968322754
Notification sent to chrome.
 
Currently running leave_6_encoder_fc3 experiment. 
Starting the process with remaining connection 15 using tech 0!
Loaded pretrained model
Pretrained model has AUROC / IND / OOD = 0.9223454544530998 / 2.7505714893341064 / 4.395536422729492
Pruned model (before finetuning) has AUROC / IND / OOD = 0.5799761747428724 / 9.10275650024414 / 9.537635803222656
Pruned model (after finetuning) has AUROC / IND / OOD = 0.9712656177919883 / 3.889820098876953 / 7.199585914611816
Notification sent to chrome.
 
Currently running leave_6_encoder_fc3 experiment. 
Starting the process with remaining connection 16 using tech 0!
Loaded pretrained model
Pretrained model has AUROC / IND / OOD = 0.9223454544530998 / 2.7505714893341064 / 4.395536422729492
Pruned model (before finetuning) has AUROC / IND / OOD = 0.5796522399066477 / 9.10654067993164 / 9.539719581604004
Pruned model (after finetuning) has AUROC / IND / OOD = 0.9381336412445933 / 3.6669180393218994 / 6.258100986480713
Notification sent to chrome.
 
Currently running leave_6_encoder_fc3 experiment. 
Starting the process with remaining connection 1 using tech 1!
Loaded pretrained model
Pretrained model has AUROC / IND / OOD = 0.9223454544530998 / 2.7505714893341064 / 4.395536422729492
Pruned model (before finetuning) has AUROC / IND / OOD = 0.5897829959839469 / 9.197090148925781 / 9.68496036529541
Pruned model (after finetuning) has AUROC / IND / OOD = 0.66745514668499 / 7.164698600769043 / 7.7423601150512695
Notification sent to chrome.
 
Currently running leave_6_encoder_fc3 experiment. 
Starting the process with remaining connection 2 using tech 1!
Loaded pretrained model
Pretrained model has AUROC / IND / OOD = 0.9223454544530998 / 2.7505714893341064 / 4.395536422729492
Pruned model (before finetuning) has AUROC / IND / OOD = 0.5897829959839469 / 9.197090148925781 / 9.68496036529541
Pruned model (after finetuning) has AUROC / IND / OOD = 0.6614957731467948 / 7.164851188659668 / 7.719166278839111
Notification sent to chrome.
 
Currently running leave_6_encoder_fc3 experiment. 
Starting the process with remaining connection 3 using tech 1!
Loaded pretrained model
Pretrained model has AUROC / IND / OOD = 0.9223454544530998 / 2.7505714893341064 / 4.395536422729492
Pruned model (before finetuning) has AUROC / IND / OOD = 0.5897828805403131 / 9.197090148925781 / 9.68496036529541
Pruned model (after finetuning) has AUROC / IND / OOD = 0.873934974757095 / 5.988214015960693 / 7.980744361877441
Notification sent to chrome.
 
Currently running leave_6_encoder_fc3 experiment. 
Starting the process with remaining connection 4 using tech 1!
Loaded pretrained model
Pretrained model has AUROC / IND / OOD = 0.9223454544530998 / 2.7505714893341064 / 4.395536422729492
Pruned model (before finetuning) has AUROC / IND / OOD = 0.5897830537057638 / 9.197090148925781 / 9.68496036529541
Pruned model (after finetuning) has AUROC / IND / OOD = 0.9332904344790421 / 5.392380714416504 / 7.940116882324219
Notification sent to chrome.
 
Currently running leave_6_encoder_fc3 experiment. 
Starting the process with remaining connection 5 using tech 1!
Loaded pretrained model
Pretrained model has AUROC / IND / OOD = 0.9223454544530998 / 2.7505714893341064 / 4.395536422729492
Pruned model (before finetuning) has AUROC / IND / OOD = 0.5897832845930312 / 9.197089195251465 / 9.684962272644043
Pruned model (after finetuning) has AUROC / IND / OOD = 0.9357115760872828 / 5.393612384796143 / 8.086137771606445
Notification sent to chrome.
 
Currently running leave_6_encoder_fc3 experiment. 
Starting the process with remaining connection 6 using tech 1!
Loaded pretrained model
Pretrained model has AUROC / IND / OOD = 0.9223454544530998 / 2.7505714893341064 / 4.395536422729492
Pruned model (before finetuning) has AUROC / IND / OOD = 0.5897832845930312 / 9.197089195251465 / 9.684962272644043
Pruned model (after finetuning) has AUROC / IND / OOD = 0.9228493659142974 / 5.437009334564209 / 7.9160871505737305
Notification sent to chrome.
 
Currently running leave_6_encoder_fc3 experiment. 
Starting the process with remaining connection 7 using tech 1!
Loaded pretrained model
Pretrained model has AUROC / IND / OOD = 0.9223454544530998 / 2.7505714893341064 / 4.395536422729492
Pruned model (before finetuning) has AUROC / IND / OOD = 0.5897832845930312 / 9.197089195251465 / 9.684962272644043
Pruned model (after finetuning) has AUROC / IND / OOD = 0.9241939379162608 / 5.391518592834473 / 7.875782012939453
Notification sent to chrome.
 
Currently running leave_6_encoder_fc3 experiment. 
Starting the process with remaining connection 8 using tech 1!
Loaded pretrained model
Pretrained model has AUROC / IND / OOD = 0.9223454544530998 / 2.7505714893341064 / 4.395536422729492
Pruned model (before finetuning) has AUROC / IND / OOD = 0.5897832845930312 / 9.197089195251465 / 9.684962272644043
Pruned model (after finetuning) has AUROC / IND / OOD = 0.9260428254321401 / 5.4381513595581055 / 8.053869247436523
Notification sent to chrome.
 
Currently running leave_6_encoder_fc3 experiment. 
Starting the process with remaining connection 9 using tech 1!
Loaded pretrained model
Pretrained model has AUROC / IND / OOD = 0.9223454544530998 / 2.7505714893341064 / 4.395536422729492
Pruned model (before finetuning) has AUROC / IND / OOD = 0.5897832268712143 / 9.197083473205566 / 9.684954643249512
Pruned model (after finetuning) has AUROC / IND / OOD = 0.9502758871958695 / 4.889945983886719 / 7.882737159729004
Notification sent to chrome.
 
Currently running leave_6_encoder_fc3 experiment. 
Starting the process with remaining connection 10 using tech 1!
Loaded pretrained model
Pretrained model has AUROC / IND / OOD = 0.9223454544530998 / 2.7505714893341064 / 4.395536422729492
Pruned model (before finetuning) has AUROC / IND / OOD = 0.5897832268712143 / 9.197083473205566 / 9.684954643249512
Pruned model (after finetuning) has AUROC / IND / OOD = 0.9627943639494468 / 4.89508056640625 / 8.252431869506836
Notification sent to chrome.
 
Currently running leave_6_encoder_fc3 experiment. 
Starting the process with remaining connection 11 using tech 1!
Loaded pretrained model
Pretrained model has AUROC / IND / OOD = 0.9223454544530998 / 2.7505714893341064 / 4.395536422729492
Pruned model (before finetuning) has AUROC / IND / OOD = 0.5897832268712143 / 9.197089195251465 / 9.68496322631836
Pruned model (after finetuning) has AUROC / IND / OOD = 0.9437694839992815 / 4.602627754211426 / 7.362749099731445
Notification sent to chrome.
 
Currently running leave_6_encoder_fc3 experiment. 
Starting the process with remaining connection 12 using tech 1!
Loaded pretrained model
Pretrained model has AUROC / IND / OOD = 0.9223454544530998 / 2.7505714893341064 / 4.395536422729492
Pruned model (before finetuning) has AUROC / IND / OOD = 0.589784208142101 / 9.197093963623047 / 9.684969902038574
Pruned model (after finetuning) has AUROC / IND / OOD = 0.9604649423081985 / 4.29628849029541 / 7.315495014190674
Notification sent to chrome.
 
Currently running leave_6_encoder_fc3 experiment. 
Starting the process with remaining connection 13 using tech 1!
Loaded pretrained model
Pretrained model has AUROC / IND / OOD = 0.9223454544530998 / 2.7505714893341064 / 4.395536422729492
Pruned model (before finetuning) has AUROC / IND / OOD = 0.589784208142101 / 9.197093963623047 / 9.684969902038574
Pruned model (after finetuning) has AUROC / IND / OOD = 0.9590004243707976 / 4.327876091003418 / 7.249037265777588
Notification sent to chrome.
 
Currently running leave_6_encoder_fc3 experiment. 
Starting the process with remaining connection 14 using tech 1!
Loaded pretrained model
Pretrained model has AUROC / IND / OOD = 0.9223454544530998 / 2.7505714893341064 / 4.395536422729492
Pruned model (before finetuning) has AUROC / IND / OOD = 0.589784208142101 / 9.197093963623047 / 9.684969902038574
Pruned model (after finetuning) has AUROC / IND / OOD = 0.9512815166892243 / 4.153929710388184 / 6.747048854827881
Notification sent to chrome.
 
Currently running leave_6_encoder_fc3 experiment. 
Starting the process with remaining connection 15 using tech 1!
Loaded pretrained model
Pretrained model has AUROC / IND / OOD = 0.9223454544530998 / 2.7505714893341064 / 4.395536422729492
Pruned model (before finetuning) has AUROC / IND / OOD = 0.589784208142101 / 9.197093963623047 / 9.684969902038574
Pruned model (after finetuning) has AUROC / IND / OOD = 0.9519667900989999 / 4.295057773590088 / 7.459041595458984
Notification sent to chrome.
 
Currently running leave_6_encoder_fc3 experiment. 
Starting the process with remaining connection 16 using tech 1!
Loaded pretrained model
Pretrained model has AUROC / IND / OOD = 0.9223454544530998 / 2.7505714893341064 / 4.395536422729492
Pruned model (before finetuning) has AUROC / IND / OOD = 0.589784208142101 / 9.197093963623047 / 9.684969902038574
Pruned model (after finetuning) has AUROC / IND / OOD = 0.9423341733012123 / 4.142913818359375 / 6.675457954406738
Notification sent to chrome.
 
Currently running leave_6_encoder_fc3 experiment. 
Starting the process with remaining connection 1 using tech 2!
Loaded pretrained model
Pretrained model has AUROC / IND / OOD = 0.9223454544530998 / 2.7505714893341064 / 4.395536422729492
Pruned model (before finetuning) has AUROC / IND / OOD = 0.5897829959839469 / 9.197090148925781 / 9.68496036529541
Pruned model (after finetuning) has AUROC / IND / OOD = 0.6573690095721244 / 7.166567325592041 / 7.712116718292236
Notification sent to chrome.
 
Currently running leave_6_encoder_fc3 experiment. 
Starting the process with remaining connection 2 using tech 2!
Loaded pretrained model
Pretrained model has AUROC / IND / OOD = 0.9223454544530998 / 2.7505714893341064 / 4.395536422729492
Pruned model (before finetuning) has AUROC / IND / OOD = 0.5897829959839469 / 9.197090148925781 / 9.68496036529541
Pruned model (after finetuning) has AUROC / IND / OOD = 0.6588285057114585 / 7.162936687469482 / 7.704208850860596
Notification sent to chrome.
 
Currently running leave_6_encoder_fc3 experiment. 
Starting the process with remaining connection 3 using tech 2!
Loaded pretrained model
Pretrained model has AUROC / IND / OOD = 0.9223454544530998 / 2.7505714893341064 / 4.395536422729492
Pruned model (before finetuning) has AUROC / IND / OOD = 0.5897829959839469 / 9.197090148925781 / 9.68496036529541
Pruned model (after finetuning) has AUROC / IND / OOD = 0.660359634625517 / 7.165095806121826 / 7.723194599151611
Notification sent to chrome.
 
Currently running leave_6_encoder_fc3 experiment. 
Starting the process with remaining connection 4 using tech 2!
Loaded pretrained model
Pretrained model has AUROC / IND / OOD = 0.9223454544530998 / 2.7505714893341064 / 4.395536422729492
Pruned model (before finetuning) has AUROC / IND / OOD = 0.5899379790622191 / 9.19512939453125 / 9.683725357055664
Pruned model (after finetuning) has AUROC / IND / OOD = 0.8795656225482659 / 6.022727966308594 / 8.029149055480957
Notification sent to chrome.
 
Currently running leave_6_encoder_fc3 experiment. 
Starting the process with remaining connection 5 using tech 2!
Loaded pretrained model
Pretrained model has AUROC / IND / OOD = 0.9223454544530998 / 2.7505714893341064 / 4.395536422729492
Pruned model (before finetuning) has AUROC / IND / OOD = 0.5899379790622191 / 9.19512939453125 / 9.683725357055664
Pruned model (after finetuning) has AUROC / IND / OOD = 0.6597700639880972 / 7.1645827293396 / 7.710424900054932
Notification sent to chrome.
 
Currently running leave_6_encoder_fc3 experiment. 
Starting the process with remaining connection 6 using tech 2!
Loaded pretrained model
Pretrained model has AUROC / IND / OOD = 0.9223454544530998 / 2.7505714893341064 / 4.395536422729492
Pruned model (before finetuning) has AUROC / IND / OOD = 0.589476146805513 / 9.201969146728516 / 9.688700675964355
Pruned model (after finetuning) has AUROC / IND / OOD = 0.9255692179247944 / 5.417468547821045 / 8.111732482910156
Notification sent to chrome.
 
Currently running leave_6_encoder_fc3 experiment. 
Starting the process with remaining connection 7 using tech 2!
Loaded pretrained model
Pretrained model has AUROC / IND / OOD = 0.9223454544530998 / 2.7505714893341064 / 4.395536422729492
Pruned model (before finetuning) has AUROC / IND / OOD = 0.589476146805513 / 9.201969146728516 / 9.688700675964355
Pruned model (after finetuning) has AUROC / IND / OOD = 0.9297938777008615 / 5.438833713531494 / 8.118083000183105
Notification sent to chrome.
 
Currently running leave_6_encoder_fc3 experiment. 
Starting the process with remaining connection 8 using tech 2!
Loaded pretrained model
Pretrained model has AUROC / IND / OOD = 0.9223454544530998 / 2.7505714893341064 / 4.395536422729492
Pruned model (before finetuning) has AUROC / IND / OOD = 0.5893310341579241 / 9.202701568603516 / 9.688617706298828
Pruned model (after finetuning) has AUROC / IND / OOD = 0.9391200493729333 / 4.920658588409424 / 7.758044242858887
Notification sent to chrome.
 
Currently running leave_6_encoder_fc3 experiment. 
Starting the process with remaining connection 9 using tech 2!
Loaded pretrained model
Pretrained model has AUROC / IND / OOD = 0.9223454544530998 / 2.7505714893341064 / 4.395536422729492
Pruned model (before finetuning) has AUROC / IND / OOD = 0.5893237612089997 / 9.202750205993652 / 9.68864631652832
Pruned model (after finetuning) has AUROC / IND / OOD = 0.9591771685740262 / 4.906461238861084 / 8.095661163330078
Notification sent to chrome.
 
Currently running leave_6_encoder_fc3 experiment. 
Starting the process with remaining connection 10 using tech 2!
Loaded pretrained model
Pretrained model has AUROC / IND / OOD = 0.9223454544530998 / 2.7505714893341064 / 4.395536422729492
Pruned model (before finetuning) has AUROC / IND / OOD = 0.5893205287872554 / 9.202746391296387 / 9.68862533569336
Pruned model (after finetuning) has AUROC / IND / OOD = 0.948925081237685 / 4.9007158279418945 / 8.031122207641602
Notification sent to chrome.
 
Currently running leave_6_encoder_fc3 experiment. 
Starting the process with remaining connection 11 using tech 2!
Loaded pretrained model
Pretrained model has AUROC / IND / OOD = 0.9223454544530998 / 2.7505714893341064 / 4.395536422729492
Pruned model (before finetuning) has AUROC / IND / OOD = 0.5883082612849616 / 9.21912670135498 / 9.699604034423828
Pruned model (after finetuning) has AUROC / IND / OOD = 0.9640658601312639 / 4.527555465698242 / 8.076738357543945
Notification sent to chrome.
 
Currently running leave_6_encoder_fc3 experiment. 
Starting the process with remaining connection 12 using tech 2!
Loaded pretrained model
Pretrained model has AUROC / IND / OOD = 0.9223454544530998 / 2.7505714893341064 / 4.395536422729492
Pruned model (before finetuning) has AUROC / IND / OOD = 0.5883082612849616 / 9.21912670135498 / 9.699604034423828
Pruned model (after finetuning) has AUROC / IND / OOD = 0.9563912828050402 / 4.552595615386963 / 7.795750617980957
Notification sent to chrome.
 
Currently running leave_6_encoder_fc3 experiment. 
Starting the process with remaining connection 13 using tech 2!
Loaded pretrained model
Pretrained model has AUROC / IND / OOD = 0.9223454544530998 / 2.7505714893341064 / 4.395536422729492
Pruned model (before finetuning) has AUROC / IND / OOD = 0.5883082612849616 / 9.21912670135498 / 9.699604034423828
Pruned model (after finetuning) has AUROC / IND / OOD = 0.95929699906583 / 4.542359352111816 / 7.628397464752197
Notification sent to chrome.
 
Currently running leave_6_encoder_fc3 experiment. 
Starting the process with remaining connection 14 using tech 2!
Loaded pretrained model
Pretrained model has AUROC / IND / OOD = 0.9223454544530998 / 2.7505714893341064 / 4.395536422729492
Pruned model (before finetuning) has AUROC / IND / OOD = 0.5883082612849616 / 9.21912670135498 / 9.699604034423828
Pruned model (after finetuning) has AUROC / IND / OOD = 0.9608358049815312 / 4.839619159698486 / 8.206966400146484
Notification sent to chrome.
 
Currently running leave_6_encoder_fc3 experiment. 
Starting the process with remaining connection 15 using tech 2!
Loaded pretrained model
Pretrained model has AUROC / IND / OOD = 0.9223454544530998 / 2.7505714893341064 / 4.395536422729492
Pruned model (before finetuning) has AUROC / IND / OOD = 0.5883082612849616 / 9.21912670135498 / 9.699604034423828
Pruned model (after finetuning) has AUROC / IND / OOD = 0.9632127316780563 / 4.820612907409668 / 8.202394485473633
Notification sent to chrome.
 
Currently running leave_6_encoder_fc3 experiment. 
Starting the process with remaining connection 16 using tech 2!
Loaded pretrained model
Pretrained model has AUROC / IND / OOD = 0.9223454544530998 / 2.7505714893341064 / 4.395536422729492
Pruned model (before finetuning) has AUROC / IND / OOD = 0.5883082612849616 / 9.21912670135498 / 9.699604034423828
Pruned model (after finetuning) has AUROC / IND / OOD = 0.9628022141165398 / 4.579798698425293 / 7.791447162628174
Notification sent to chrome.
 
Currently running leave_6_encoder_fc3 experiment. 
Starting the process with remaining connection 1 using tech 3!
Loaded pretrained model
Pretrained model has AUROC / IND / OOD = 0.9223454544530998 / 2.7505714893341064 / 4.395536422729492
Pruned model (before finetuning) has AUROC / IND / OOD = 0.5897829959839469 / 9.197090148925781 / 9.68496036529541
Pruned model (after finetuning) has AUROC / IND / OOD = 0.6606223266140521 / 7.16439962387085 / 7.714919567108154
Notification sent to chrome.
 
Currently running leave_6_encoder_fc3 experiment. 
Starting the process with remaining connection 2 using tech 3!
Loaded pretrained model
Pretrained model has AUROC / IND / OOD = 0.9223454544530998 / 2.7505714893341064 / 4.395536422729492
Pruned model (before finetuning) has AUROC / IND / OOD = 0.5897829959839469 / 9.197090148925781 / 9.68496036529541
Pruned model (after finetuning) has AUROC / IND / OOD = 0.6550687951702078 / 7.165243625640869 / 7.697563171386719
Notification sent to chrome.
 
Currently running leave_6_encoder_fc3 experiment. 
Starting the process with remaining connection 3 using tech 3!
Loaded pretrained model
Pretrained model has AUROC / IND / OOD = 0.9223454544530998 / 2.7505714893341064 / 4.395536422729492
Pruned model (before finetuning) has AUROC / IND / OOD = 0.5897829959839469 / 9.197090148925781 / 9.68496036529541
Pruned model (after finetuning) has AUROC / IND / OOD = 0.6635260803330687 / 7.164503574371338 / 7.7330098152160645
Notification sent to chrome.
 
Currently running leave_6_encoder_fc3 experiment. 
Starting the process with remaining connection 4 using tech 3!
Loaded pretrained model
Pretrained model has AUROC / IND / OOD = 0.9223454544530998 / 2.7505714893341064 / 4.395536422729492
Pruned model (before finetuning) has AUROC / IND / OOD = 0.5897829959839469 / 9.197090148925781 / 9.68496036529541
Pruned model (after finetuning) has AUROC / IND / OOD = 0.666528538358918 / 7.1643242835998535 / 7.7392449378967285
Notification sent to chrome.
 
Currently running leave_6_encoder_fc3 experiment. 
Starting the process with remaining connection 5 using tech 3!
Loaded pretrained model
Pretrained model has AUROC / IND / OOD = 0.9223454544530998 / 2.7505714893341064 / 4.395536422729492
Pruned model (before finetuning) has AUROC / IND / OOD = 0.5897829959839469 / 9.197090148925781 / 9.68496036529541
Pruned model (after finetuning) has AUROC / IND / OOD = 0.6594647155769019 / 7.163991451263428 / 7.706554889678955
Notification sent to chrome.
 
Currently running leave_6_encoder_fc3 experiment. 
Starting the process with remaining connection 6 using tech 3!
Loaded pretrained model
Pretrained model has AUROC / IND / OOD = 0.9223454544530998 / 2.7505714893341064 / 4.395536422729492
Pruned model (before finetuning) has AUROC / IND / OOD = 0.5897829959839469 / 9.197090148925781 / 9.68496036529541
Pruned model (after finetuning) has AUROC / IND / OOD = 0.6571913995416425 / 7.1665215492248535 / 7.713937759399414
Notification sent to chrome.
 
Currently running leave_6_encoder_fc3 experiment. 
Starting the process with remaining connection 7 using tech 3!
Loaded pretrained model
Pretrained model has AUROC / IND / OOD = 0.9223454544530998 / 2.7505714893341064 / 4.395536422729492
Pruned model (before finetuning) has AUROC / IND / OOD = 0.5898171672995286 / 9.196596145629883 / 9.68470573425293
Pruned model (after finetuning) has AUROC / IND / OOD = 0.8876115820441742 / 5.955444812774658 / 8.103639602661133
Notification sent to chrome.
 
Currently running leave_6_encoder_fc3 experiment. 
Starting the process with remaining connection 8 using tech 3!
Loaded pretrained model
Pretrained model has AUROC / IND / OOD = 0.9223454544530998 / 2.7505714893341064 / 4.395536422729492
Pruned model (before finetuning) has AUROC / IND / OOD = 0.5898171672995286 / 9.196596145629883 / 9.68470573425293
Pruned model (after finetuning) has AUROC / IND / OOD = 0.8920180655433538 / 5.938708782196045 / 8.101523399353027
Notification sent to chrome.
 
Currently running leave_6_encoder_fc3 experiment. 
Starting the process with remaining connection 9 using tech 3!
Loaded pretrained model
Pretrained model has AUROC / IND / OOD = 0.9223454544530998 / 2.7505714893341064 / 4.395536422729492
Pruned model (before finetuning) has AUROC / IND / OOD = 0.5898171672995286 / 9.196596145629883 / 9.68470573425293
Pruned model (after finetuning) has AUROC / IND / OOD = 0.8888785182024594 / 5.949928283691406 / 8.083849906921387
Notification sent to chrome.
 
Currently running leave_6_encoder_fc3 experiment. 
Starting the process with remaining connection 10 using tech 3!
Loaded pretrained model
Pretrained model has AUROC / IND / OOD = 0.9223454544530998 / 2.7505714893341064 / 4.395536422729492
Pruned model (before finetuning) has AUROC / IND / OOD = 0.5898171672995286 / 9.196596145629883 / 9.68470573425293
Pruned model (after finetuning) has AUROC / IND / OOD = 0.8866760268364888 / 5.9569621086120605 / 8.139610290527344
Notification sent to chrome.
 
Currently running leave_6_encoder_fc3 experiment. 
Starting the process with remaining connection 11 using tech 3!
Loaded pretrained model
Pretrained model has AUROC / IND / OOD = 0.9223454544530998 / 2.7505714893341064 / 4.395536422729492
Pruned model (before finetuning) has AUROC / IND / OOD = 0.5898171672995286 / 9.196596145629883 / 9.68470573425293
Pruned model (after finetuning) has AUROC / IND / OOD = 0.8862695498021527 / 5.949762344360352 / 8.091788291931152
Notification sent to chrome.
 
Currently running leave_6_encoder_fc3 experiment. 
Starting the process with remaining connection 12 using tech 3!
Loaded pretrained model
Pretrained model has AUROC / IND / OOD = 0.9223454544530998 / 2.7505714893341064 / 4.395536422729492
Pruned model (before finetuning) has AUROC / IND / OOD = 0.5898171672995286 / 9.196596145629883 / 9.68470573425293
Pruned model (after finetuning) has AUROC / IND / OOD = 0.9389506358404457 / 5.288586139678955 / 8.021140098571777
Notification sent to chrome.
 
Currently running leave_6_encoder_fc3 experiment. 
Starting the process with remaining connection 13 using tech 3!
Loaded pretrained model
Pretrained model has AUROC / IND / OOD = 0.9223454544530998 / 2.7505714893341064 / 4.395536422729492
Pruned model (before finetuning) has AUROC / IND / OOD = 0.5898171672995286 / 9.196596145629883 / 9.68470573425293
Pruned model (after finetuning) has AUROC / IND / OOD = 0.8972290757259441 / 5.95694637298584 / 8.157782554626465
Notification sent to chrome.
 
Currently running leave_6_encoder_fc3 experiment. 
Starting the process with remaining connection 14 using tech 3!
Loaded pretrained model
Pretrained model has AUROC / IND / OOD = 0.9223454544530998 / 2.7505714893341064 / 4.395536422729492
Pruned model (before finetuning) has AUROC / IND / OOD = 0.5898171672995286 / 9.196596145629883 / 9.68470573425293
Pruned model (after finetuning) has AUROC / IND / OOD = 0.9427780540728745 / 5.286723613739014 / 8.093765258789062
Notification sent to chrome.
 
Currently running leave_6_encoder_fc3 experiment. 
Starting the process with remaining connection 15 using tech 3!
Loaded pretrained model
Pretrained model has AUROC / IND / OOD = 0.9223454544530998 / 2.7505714893341064 / 4.395536422729492
Pruned model (before finetuning) has AUROC / IND / OOD = 0.5898171672995286 / 9.196596145629883 / 9.68470573425293
Pruned model (after finetuning) has AUROC / IND / OOD = 0.947835524222614 / 5.268115997314453 / 8.157647132873535
Notification sent to chrome.
 
Currently running leave_6_encoder_fc3 experiment. 
Starting the process with remaining connection 16 using tech 3!
Loaded pretrained model
Pretrained model has AUROC / IND / OOD = 0.9223454544530998 / 2.7505714893341064 / 4.395536422729492
Pruned model (before finetuning) has AUROC / IND / OOD = 0.5898171672995286 / 9.196596145629883 / 9.68470573425293
Pruned model (after finetuning) has AUROC / IND / OOD = 0.9370069691012806 / 5.288722991943359 / 8.077890396118164
Notification sent to chrome.
 
Currently running leave_6_encoder_fc3 experiment. 
Starting the process with remaining connection 1 using tech 4!
Loaded pretrained model
Pretrained model has AUROC / IND / OOD = 0.9223454544530998 / 2.7505714893341064 / 4.395536422729492
Pruned model (before finetuning) has AUROC / IND / OOD = 0.5912845713277726 / 9.169495582580566 / 9.662386894226074
Pruned model (after finetuning) has AUROC / IND / OOD = 0.8935551398045493 / 5.965724945068359 / 8.194804191589355
Notification sent to chrome.
 
Currently running leave_6_encoder_fc3 experiment. 
Starting the process with remaining connection 2 using tech 4!
Loaded pretrained model
Pretrained model has AUROC / IND / OOD = 0.9223454544530998 / 2.7505714893341064 / 4.395536422729492
Pruned model (before finetuning) has AUROC / IND / OOD = 0.5917271822194639 / 9.171297073364258 / 9.666282653808594
Pruned model (after finetuning) has AUROC / IND / OOD = 0.9419448396464839 / 5.296531677246094 / 8.227205276489258
Notification sent to chrome.
 
Currently running leave_6_encoder_fc3 experiment. 
Starting the process with remaining connection 3 using tech 4!
Loaded pretrained model
Pretrained model has AUROC / IND / OOD = 0.9223454544530998 / 2.7505714893341064 / 4.395536422729492
Pruned model (before finetuning) has AUROC / IND / OOD = 0.584843278340604 / 9.143077850341797 / 9.5968017578125
Pruned model (after finetuning) has AUROC / IND / OOD = 0.9635739548079735 / 4.810877323150635 / 8.28537654876709
Notification sent to chrome.
 
Currently running leave_6_encoder_fc3 experiment. 
Starting the process with remaining connection 4 using tech 4!
Loaded pretrained model
Pretrained model has AUROC / IND / OOD = 0.9223454544530998 / 2.7505714893341064 / 4.395536422729492
Pruned model (before finetuning) has AUROC / IND / OOD = 0.5849830228592249 / 9.169336318969727 / 9.628296852111816
Pruned model (after finetuning) has AUROC / IND / OOD = 0.9613435838044587 / 4.778550148010254 / 8.087987899780273
Notification sent to chrome.
 
Currently running leave_6_encoder_fc3 experiment. 
Starting the process with remaining connection 5 using tech 4!
Loaded pretrained model
Pretrained model has AUROC / IND / OOD = 0.9223454544530998 / 2.7505714893341064 / 4.395536422729492
Pruned model (before finetuning) has AUROC / IND / OOD = 0.5843775787221682 / 9.174297332763672 / 9.630767822265625
Pruned model (after finetuning) has AUROC / IND / OOD = 0.9570251837978094 / 4.776205539703369 / 7.88760232925415
Notification sent to chrome.
 
Currently running leave_6_encoder_fc3 experiment. 
Starting the process with remaining connection 6 using tech 4!
Loaded pretrained model
Pretrained model has AUROC / IND / OOD = 0.9223454544530998 / 2.7505714893341064 / 4.395536422729492
Pruned model (before finetuning) has AUROC / IND / OOD = 0.5926558685309429 / 9.175338745117188 / 9.678892135620117
Pruned model (after finetuning) has AUROC / IND / OOD = 0.9585714358278855 / 4.76041841506958 / 8.125420570373535
Notification sent to chrome.
 
Currently running leave_6_encoder_fc3 experiment. 
Starting the process with remaining connection 7 using tech 4!
Loaded pretrained model
Pretrained model has AUROC / IND / OOD = 0.9223454544530998 / 2.7505714893341064 / 4.395536422729492
Pruned model (before finetuning) has AUROC / IND / OOD = 0.585744085014539 / 9.163878440856934 / 9.626399040222168
Pruned model (after finetuning) has AUROC / IND / OOD = 0.9617954301868478 / 4.442193508148193 / 7.452272891998291
Notification sent to chrome.
 
Currently running leave_6_encoder_fc3 experiment. 
Starting the process with remaining connection 8 using tech 4!
Loaded pretrained model
Pretrained model has AUROC / IND / OOD = 0.9223454544530998 / 2.7505714893341064 / 4.395536422729492
Pruned model (before finetuning) has AUROC / IND / OOD = 0.5872269007678849 / 9.146241188049316 / 9.619511604309082
Pruned model (after finetuning) has AUROC / IND / OOD = 0.9538629517828883 / 4.173098087310791 / 7.017864227294922
Notification sent to chrome.
 
Currently running leave_6_encoder_fc3 experiment. 
Starting the process with remaining connection 9 using tech 4!
Loaded pretrained model
Pretrained model has AUROC / IND / OOD = 0.9223454544530998 / 2.7505714893341064 / 4.395536422729492
Pruned model (before finetuning) has AUROC / IND / OOD = 0.5884593192796871 / 9.130963325500488 / 9.610011100769043
Pruned model (after finetuning) has AUROC / IND / OOD = 0.9616522800810323 / 4.1466145515441895 / 7.417081832885742
Notification sent to chrome.
 
Currently running leave_6_encoder_fc3 experiment. 
Starting the process with remaining connection 10 using tech 4!
Loaded pretrained model
Pretrained model has AUROC / IND / OOD = 0.9223454544530998 / 2.7505714893341064 / 4.395536422729492
Pruned model (before finetuning) has AUROC / IND / OOD = 0.5898848749907067 / 9.120498657226562 / 9.607120513916016
Pruned model (after finetuning) has AUROC / IND / OOD = 0.9541961221098109 / 4.14415979385376 / 7.211551189422607
Notification sent to chrome.
 
Currently running leave_6_encoder_fc3 experiment. 
Starting the process with remaining connection 11 using tech 4!
Loaded pretrained model
Pretrained model has AUROC / IND / OOD = 0.9223454544530998 / 2.7505714893341064 / 4.395536422729492
Pruned model (before finetuning) has AUROC / IND / OOD = 0.5881273611109187 / 9.131876945495605 / 9.609899520874023
Pruned model (after finetuning) has AUROC / IND / OOD = 0.9540450063932685 / 4.135872840881348 / 7.052552223205566
Notification sent to chrome.
 
Currently running leave_6_encoder_fc3 experiment. 
Starting the process with remaining connection 12 using tech 4!
Loaded pretrained model
Pretrained model has AUROC / IND / OOD = 0.9223454544530998 / 2.7505714893341064 / 4.395536422729492
Pruned model (before finetuning) has AUROC / IND / OOD = 0.5881273611109187 / 9.131876945495605 / 9.609899520874023
Pruned model (after finetuning) has AUROC / IND / OOD = 0.9538025747624517 / 4.182873249053955 / 7.115239143371582
Notification sent to chrome.
 
Currently running leave_6_encoder_fc3 experiment. 
Starting the process with remaining connection 13 using tech 4!
Loaded pretrained model
Pretrained model has AUROC / IND / OOD = 0.9223454544530998 / 2.7505714893341064 / 4.395536422729492
Pruned model (before finetuning) has AUROC / IND / OOD = 0.5820274349486668 / 9.090597152709961 / 9.537565231323242
Pruned model (after finetuning) has AUROC / IND / OOD = 0.9671221148904277 / 3.9079983234405518 / 7.160193920135498
Notification sent to chrome.
 
Currently running leave_6_encoder_fc3 experiment. 
Starting the process with remaining connection 14 using tech 4!
Loaded pretrained model
Pretrained model has AUROC / IND / OOD = 0.9223454544530998 / 2.7505714893341064 / 4.395536422729492
Pruned model (before finetuning) has AUROC / IND / OOD = 0.5820554300298445 / 9.092527389526367 / 9.538923263549805
Pruned model (after finetuning) has AUROC / IND / OOD = 0.9700180184423512 / 3.882351875305176 / 7.178773880004883
Notification sent to chrome.
 
Currently running leave_6_encoder_fc3 experiment. 
Starting the process with remaining connection 15 using tech 4!
Loaded pretrained model
Pretrained model has AUROC / IND / OOD = 0.9223454544530998 / 2.7505714893341064 / 4.395536422729492
Pruned model (before finetuning) has AUROC / IND / OOD = 0.5820554300298445 / 9.092527389526367 / 9.538923263549805
Pruned model (after finetuning) has AUROC / IND / OOD = 0.9652409608789231 / 3.8860690593719482 / 7.017556190490723
Notification sent to chrome.
 
Currently running leave_6_encoder_fc3 experiment. 
Starting the process with remaining connection 16 using tech 4!
Loaded pretrained model
Pretrained model has AUROC / IND / OOD = 0.9223454544530998 / 2.7505714893341064 / 4.395536422729492
Pruned model (before finetuning) has AUROC / IND / OOD = 0.5817531985967596 / 9.095969200134277 / 9.540627479553223
Pruned model (after finetuning) has AUROC / IND / OOD = 0.9466560366168736 / 3.675774335861206 / 6.320721626281738
Notification sent to chrome.
 
Currently running leave_6_encoder_fc3 experiment. 
Starting the process with remaining connection 1 using tech 5!
Loaded pretrained model
Pretrained model has AUROC / IND / OOD = 0.9223454544530998 / 2.7505714893341064 / 4.395536422729492
Pruned model (before finetuning) has AUROC / IND / OOD = 0.5912845713277726 / 9.169495582580566 / 9.662386894226074
Pruned model (after finetuning) has AUROC / IND / OOD = 0.8925953991555992 / 5.93870735168457 / 8.154516220092773
Notification sent to chrome.
 
Currently running leave_6_encoder_fc3 experiment. 
Starting the process with remaining connection 2 using tech 5!
Loaded pretrained model
Pretrained model has AUROC / IND / OOD = 0.9223454544530998 / 2.7505714893341064 / 4.395536422729492
Pruned model (before finetuning) has AUROC / IND / OOD = 0.5917271822194639 / 9.171297073364258 / 9.666282653808594
Pruned model (after finetuning) has AUROC / IND / OOD = 0.9407319311087806 / 5.322475910186768 / 8.243040084838867
Notification sent to chrome.
 
Currently running leave_6_encoder_fc3 experiment. 
Starting the process with remaining connection 3 using tech 5!
Loaded pretrained model
Pretrained model has AUROC / IND / OOD = 0.9223454544530998 / 2.7505714893341064 / 4.395536422729492
Pruned model (before finetuning) has AUROC / IND / OOD = 0.584843278340604 / 9.143077850341797 / 9.5968017578125
Pruned model (after finetuning) has AUROC / IND / OOD = 0.9660137405630601 / 4.783994197845459 / 8.304964065551758
Notification sent to chrome.
 
Currently running leave_6_encoder_fc3 experiment. 
Starting the process with remaining connection 4 using tech 5!
Loaded pretrained model
Pretrained model has AUROC / IND / OOD = 0.9223454544530998 / 2.7505714893341064 / 4.395536422729492
Pruned model (before finetuning) has AUROC / IND / OOD = 0.5849830228592249 / 9.169336318969727 / 9.628296852111816
Pruned model (after finetuning) has AUROC / IND / OOD = 0.9543431972991733 / 4.78718900680542 / 7.859635829925537
Notification sent to chrome.
 
Currently running leave_6_encoder_fc3 experiment. 
Starting the process with remaining connection 5 using tech 5!
Loaded pretrained model
Pretrained model has AUROC / IND / OOD = 0.9223454544530998 / 2.7505714893341064 / 4.395536422729492
Pruned model (before finetuning) has AUROC / IND / OOD = 0.5843775787221682 / 9.174297332763672 / 9.630767822265625
Pruned model (after finetuning) has AUROC / IND / OOD = 0.9513253852700388 / 4.781395435333252 / 7.727885723114014
Notification sent to chrome.
 
Currently running leave_6_encoder_fc3 experiment. 
Starting the process with remaining connection 6 using tech 5!
Loaded pretrained model
Pretrained model has AUROC / IND / OOD = 0.9223454544530998 / 2.7505714893341064 / 4.395536422729492
Pruned model (before finetuning) has AUROC / IND / OOD = 0.5926558685309429 / 9.175338745117188 / 9.678892135620117
Pruned model (after finetuning) has AUROC / IND / OOD = 0.9573515429503421 / 4.786734104156494 / 8.119508743286133
Notification sent to chrome.
 
Currently running leave_6_encoder_fc3 experiment. 
Starting the process with remaining connection 7 using tech 5!
Loaded pretrained model
Pretrained model has AUROC / IND / OOD = 0.9223454544530998 / 2.7505714893341064 / 4.395536422729492
Pruned model (before finetuning) has AUROC / IND / OOD = 0.585744085014539 / 9.163878440856934 / 9.626399040222168
Pruned model (after finetuning) has AUROC / IND / OOD = 0.958518043147289 / 4.448779106140137 / 7.358783721923828
Notification sent to chrome.
 
Currently running leave_6_encoder_fc3 experiment. 
Starting the process with remaining connection 8 using tech 5!
Loaded pretrained model
Pretrained model has AUROC / IND / OOD = 0.9223454544530998 / 2.7505714893341064 / 4.395536422729492
Pruned model (before finetuning) has AUROC / IND / OOD = 0.5872269007678849 / 9.146241188049316 / 9.619511604309082
Pruned model (after finetuning) has AUROC / IND / OOD = 0.9498144589918815 / 4.166133403778076 / 7.004855632781982
Notification sent to chrome.
 
Currently running leave_6_encoder_fc3 experiment. 
Starting the process with remaining connection 9 using tech 5!
Loaded pretrained model
Pretrained model has AUROC / IND / OOD = 0.9223454544530998 / 2.7505714893341064 / 4.395536422729492
Pruned model (before finetuning) has AUROC / IND / OOD = 0.5875823517161158 / 9.137640953063965 / 9.612831115722656
Pruned model (after finetuning) has AUROC / IND / OOD = 0.9531713289732582 / 4.14610481262207 / 7.074635982513428
Notification sent to chrome.
 
Currently running leave_6_encoder_fc3 experiment. 
Starting the process with remaining connection 10 using tech 5!
Loaded pretrained model
Pretrained model has AUROC / IND / OOD = 0.9223454544530998 / 2.7505714893341064 / 4.395536422729492
Pruned model (before finetuning) has AUROC / IND / OOD = 0.5869033122625612 / 9.145752906799316 / 9.618083953857422
Pruned model (after finetuning) has AUROC / IND / OOD = 0.9654452961106116 / 4.164599895477295 / 7.208893775939941
Notification sent to chrome.
 
Currently running leave_6_encoder_fc3 experiment. 
Starting the process with remaining connection 11 using tech 5!
Loaded pretrained model
Pretrained model has AUROC / IND / OOD = 0.9223454544530998 / 2.7505714893341064 / 4.395536422729492
Pruned model (before finetuning) has AUROC / IND / OOD = 0.5881273611109187 / 9.131876945495605 / 9.609899520874023
Pruned model (after finetuning) has AUROC / IND / OOD = 0.9587935493791673 / 4.1642327308654785 / 7.401473522186279
Notification sent to chrome.
 
Currently running leave_6_encoder_fc3 experiment. 
Starting the process with remaining connection 12 using tech 5!
Loaded pretrained model
Pretrained model has AUROC / IND / OOD = 0.9223454544530998 / 2.7505714893341064 / 4.395536422729492
Pruned model (before finetuning) has AUROC / IND / OOD = 0.5881273611109187 / 9.131876945495605 / 9.609899520874023
Pruned model (after finetuning) has AUROC / IND / OOD = 0.9515096910312764 / 4.159785747528076 / 7.100170135498047
Notification sent to chrome.
 
Currently running leave_6_encoder_fc3 experiment. 
Starting the process with remaining connection 13 using tech 5!
Loaded pretrained model
Pretrained model has AUROC / IND / OOD = 0.9223454544530998 / 2.7505714893341064 / 4.395536422729492
Pruned model (before finetuning) has AUROC / IND / OOD = 0.5820274349486668 / 9.090597152709961 / 9.537565231323242
Pruned model (after finetuning) has AUROC / IND / OOD = 0.9715497245745788 / 3.906236171722412 / 7.320780277252197
Notification sent to chrome.
 
Currently running leave_6_encoder_fc3 experiment. 
Starting the process with remaining connection 14 using tech 5!
Loaded pretrained model
Pretrained model has AUROC / IND / OOD = 0.9223454544530998 / 2.7505714893341064 / 4.395536422729492
Pruned model (before finetuning) has AUROC / IND / OOD = 0.5820554300298445 / 9.092527389526367 / 9.538923263549805
Pruned model (after finetuning) has AUROC / IND / OOD = 0.9654981692948565 / 3.878386974334717 / 6.949122905731201
Notification sent to chrome.
 
Currently running leave_6_encoder_fc3 experiment. 
Starting the process with remaining connection 15 using tech 5!
Loaded pretrained model
Pretrained model has AUROC / IND / OOD = 0.9223454544530998 / 2.7505714893341064 / 4.395536422729492
Pruned model (before finetuning) has AUROC / IND / OOD = 0.5820554300298445 / 9.092527389526367 / 9.538923263549805
Pruned model (after finetuning) has AUROC / IND / OOD = 0.9690144092125867 / 3.9142210483551025 / 7.201886177062988
Notification sent to chrome.
 
Currently running leave_6_encoder_fc3 experiment. 
Starting the process with remaining connection 16 using tech 5!
Loaded pretrained model
Pretrained model has AUROC / IND / OOD = 0.9223454544530998 / 2.7505714893341064 / 4.395536422729492
Pruned model (before finetuning) has AUROC / IND / OOD = 0.5817531985967596 / 9.095969200134277 / 9.540627479553223
Pruned model (after finetuning) has AUROC / IND / OOD = 0.9453403255233407 / 3.669950246810913 / 6.178717136383057
Notification sent to chrome.
 
Currently running leave_6_encoder_fc3 experiment. 
Starting the process with remaining connection 1 using tech 6!
Loaded pretrained model
Pretrained model has AUROC / IND / OOD = 0.9223454544530998 / 2.7505714893341064 / 4.395536422729492
Pruned model (before finetuning) has AUROC / IND / OOD = 0.5897829959839469 / 9.197090148925781 / 9.68496036529541
Pruned model (after finetuning) has AUROC / IND / OOD = 0.6594603287188203 / 7.166646480560303 / 7.713209629058838
Notification sent to chrome.
 
Currently running leave_6_encoder_fc3 experiment. 
Starting the process with remaining connection 2 using tech 6!
Loaded pretrained model
Pretrained model has AUROC / IND / OOD = 0.9223454544530998 / 2.7505714893341064 / 4.395536422729492
Pruned model (before finetuning) has AUROC / IND / OOD = 0.5897829959839469 / 9.197090148925781 / 9.68496036529541
Pruned model (after finetuning) has AUROC / IND / OOD = 0.6591177497357495 / 7.167855739593506 / 7.7262444496154785
Notification sent to chrome.
 
Currently running leave_6_encoder_fc3 experiment. 
Starting the process with remaining connection 3 using tech 6!
Loaded pretrained model
Pretrained model has AUROC / IND / OOD = 0.9223454544530998 / 2.7505714893341064 / 4.395536422729492
Pruned model (before finetuning) has AUROC / IND / OOD = 0.5897829959839469 / 9.197090148925781 / 9.68496036529541
Pruned model (after finetuning) has AUROC / IND / OOD = 0.6581831180771338 / 7.165763854980469 / 7.713420391082764
Notification sent to chrome.
 
Currently running leave_6_encoder_fc3 experiment. 
Starting the process with remaining connection 4 using tech 6!
Loaded pretrained model
Pretrained model has AUROC / IND / OOD = 0.9223454544530998 / 2.7505714893341064 / 4.395536422729492
Pruned model (before finetuning) has AUROC / IND / OOD = 0.5897829959839469 / 9.197090148925781 / 9.68496036529541
Pruned model (after finetuning) has AUROC / IND / OOD = 0.6615242300025074 / 7.164011478424072 / 7.717800617218018
Notification sent to chrome.
 
Currently running leave_6_encoder_fc3 experiment. 
Starting the process with remaining connection 5 using tech 6!
Loaded pretrained model
Pretrained model has AUROC / IND / OOD = 0.9223454544530998 / 2.7505714893341064 / 4.395536422729492
Pruned model (before finetuning) has AUROC / IND / OOD = 0.5897829959839469 / 9.197090148925781 / 9.68496036529541
Pruned model (after finetuning) has AUROC / IND / OOD = 0.6643474617870029 / 7.164125442504883 / 7.732006549835205
Notification sent to chrome.
 
Currently running leave_6_encoder_fc3 experiment. 
Starting the process with remaining connection 6 using tech 6!
Loaded pretrained model
Pretrained model has AUROC / IND / OOD = 0.9223454544530998 / 2.7505714893341064 / 4.395536422729492
Pruned model (before finetuning) has AUROC / IND / OOD = 0.5897829959839469 / 9.197090148925781 / 9.68496036529541
Pruned model (after finetuning) has AUROC / IND / OOD = 0.6610849669761941 / 7.163994312286377 / 7.703633785247803
Notification sent to chrome.
 
Currently running leave_6_encoder_fc3 experiment. 
Starting the process with remaining connection 7 using tech 6!
Loaded pretrained model
Pretrained model has AUROC / IND / OOD = 0.9223454544530998 / 2.7505714893341064 / 4.395536422729492
Pruned model (before finetuning) has AUROC / IND / OOD = 0.5897829959839469 / 9.197090148925781 / 9.68496036529541
Pruned model (after finetuning) has AUROC / IND / OOD = 0.6600920362825488 / 7.162975788116455 / 7.703216075897217
Notification sent to chrome.
 
Currently running leave_6_encoder_fc3 experiment. 
Starting the process with remaining connection 8 using tech 6!
Loaded pretrained model
Pretrained model has AUROC / IND / OOD = 0.9223454544530998 / 2.7505714893341064 / 4.395536422729492
Pruned model (before finetuning) has AUROC / IND / OOD = 0.5897829959839469 / 9.197090148925781 / 9.68496036529541
Pruned model (after finetuning) has AUROC / IND / OOD = 0.6617730687549959 / 7.1662726402282715 / 7.731276035308838
Notification sent to chrome.
 
Currently running leave_6_encoder_fc3 experiment. 
Starting the process with remaining connection 9 using tech 6!
Loaded pretrained model
Pretrained model has AUROC / IND / OOD = 0.9223454544530998 / 2.7505714893341064 / 4.395536422729492
Pruned model (before finetuning) has AUROC / IND / OOD = 0.5897829959839469 / 9.197090148925781 / 9.68496036529541
Pruned model (after finetuning) has AUROC / IND / OOD = 0.6649394567407306 / 7.164031505584717 / 7.715246677398682
Notification sent to chrome.
 
Currently running leave_6_encoder_fc3 experiment. 
Starting the process with remaining connection 10 using tech 6!
Loaded pretrained model
Pretrained model has AUROC / IND / OOD = 0.9223454544530998 / 2.7505714893341064 / 4.395536422729492
Pruned model (before finetuning) has AUROC / IND / OOD = 0.5897829959839469 / 9.197090148925781 / 9.68496036529541
Pruned model (after finetuning) has AUROC / IND / OOD = 0.6673390681112821 / 7.163740158081055 / 7.728150844573975
Notification sent to chrome.
 
Currently running leave_6_encoder_fc3 experiment. 
Starting the process with remaining connection 11 using tech 6!
Loaded pretrained model
Pretrained model has AUROC / IND / OOD = 0.9223454544530998 / 2.7505714893341064 / 4.395536422729492
Pruned model (before finetuning) has AUROC / IND / OOD = 0.5897829959839469 / 9.197090148925781 / 9.68496036529541
Pruned model (after finetuning) has AUROC / IND / OOD = 0.6632321608416117 / 7.163201808929443 / 7.711884498596191
Notification sent to chrome.
 
Currently running leave_6_encoder_fc3 experiment. 
Starting the process with remaining connection 12 using tech 6!
Loaded pretrained model
Pretrained model has AUROC / IND / OOD = 0.9223454544530998 / 2.7505714893341064 / 4.395536422729492
Pruned model (before finetuning) has AUROC / IND / OOD = 0.5897829959839469 / 9.197090148925781 / 9.68496036529541
Pruned model (after finetuning) has AUROC / IND / OOD = 0.6633120478361477 / 7.1631178855896 / 7.719598770141602
Notification sent to chrome.
 
Currently running leave_6_encoder_fc3 experiment. 
Starting the process with remaining connection 13 using tech 6!
Loaded pretrained model
Pretrained model has AUROC / IND / OOD = 0.9223454544530998 / 2.7505714893341064 / 4.395536422729492
Pruned model (before finetuning) has AUROC / IND / OOD = 0.5897829959839469 / 9.197090148925781 / 9.68496036529541
Pruned model (after finetuning) has AUROC / IND / OOD = 0.6643897718787621 / 7.162841320037842 / 7.719127655029297
Notification sent to chrome.
 
Currently running leave_6_encoder_fc3 experiment. 
Starting the process with remaining connection 14 using tech 6!
Loaded pretrained model
Pretrained model has AUROC / IND / OOD = 0.9223454544530998 / 2.7505714893341064 / 4.395536422729492
Pruned model (before finetuning) has AUROC / IND / OOD = 0.5897829959839469 / 9.197090148925781 / 9.68496036529541
Pruned model (after finetuning) has AUROC / IND / OOD = 0.6641383356445149 / 7.16291618347168 / 7.710477828979492
Notification sent to chrome.
 
Currently running leave_6_encoder_fc3 experiment. 
Starting the process with remaining connection 15 using tech 6!
Loaded pretrained model
Pretrained model has AUROC / IND / OOD = 0.9223454544530998 / 2.7505714893341064 / 4.395536422729492
Pruned model (before finetuning) has AUROC / IND / OOD = 0.5897829959839469 / 9.197090148925781 / 9.68496036529541
Pruned model (after finetuning) has AUROC / IND / OOD = 0.6580554951400539 / 7.166531085968018 / 7.718002796173096
Notification sent to chrome.
 
Currently running leave_6_encoder_fc3 experiment. 
Starting the process with remaining connection 16 using tech 6!
Loaded pretrained model
Pretrained model has AUROC / IND / OOD = 0.9223454544530998 / 2.7505714893341064 / 4.395536422729492
Pruned model (before finetuning) has AUROC / IND / OOD = 0.5897829959839469 / 9.197090148925781 / 9.68496036529541
Pruned model (after finetuning) has AUROC / IND / OOD = 0.6589999972293528 / 7.167709827423096 / 7.72480583190918
Notification sent to chrome.
 
Currently running leave_6_encoder_fc3 experiment. 
Starting the process with remaining connection 1 using tech 7!
Loaded pretrained model
Pretrained model has AUROC / IND / OOD = 0.9223454544530998 / 2.7505714893341064 / 4.395536422729492
Pruned model (before finetuning) has AUROC / IND / OOD = 0.5897829959839469 / 9.197090148925781 / 9.68496036529541
Pruned model (after finetuning) has AUROC / IND / OOD = 0.6638985014954568 / 7.162379264831543 / 7.711544990539551
Notification sent to chrome.
 
Currently running leave_6_encoder_fc3 experiment. 
Starting the process with remaining connection 2 using tech 7!
Loaded pretrained model
Pretrained model has AUROC / IND / OOD = 0.9223454544530998 / 2.7505714893341064 / 4.395536422729492
Pruned model (before finetuning) has AUROC / IND / OOD = 0.5897829959839469 / 9.197090148925781 / 9.68496036529541
Pruned model (after finetuning) has AUROC / IND / OOD = 0.6607458513021349 / 7.162432670593262 / 7.706365585327148
Notification sent to chrome.
 
Currently running leave_6_encoder_fc3 experiment. 
Starting the process with remaining connection 3 using tech 7!
Loaded pretrained model
Pretrained model has AUROC / IND / OOD = 0.9223454544530998 / 2.7505714893341064 / 4.395536422729492
Pruned model (before finetuning) has AUROC / IND / OOD = 0.5897829959839469 / 9.197090148925781 / 9.68496036529541
Pruned model (after finetuning) has AUROC / IND / OOD = 0.6607438310385447 / 7.164721488952637 / 7.720574855804443
Notification sent to chrome.
 
Currently running leave_6_encoder_fc3 experiment. 
Starting the process with remaining connection 4 using tech 7!
Loaded pretrained model
Pretrained model has AUROC / IND / OOD = 0.9223454544530998 / 2.7505714893341064 / 4.395536422729492
Pruned model (before finetuning) has AUROC / IND / OOD = 0.5897829959839469 / 9.197090148925781 / 9.68496036529541
Pruned model (after finetuning) has AUROC / IND / OOD = 0.6610308239119783 / 7.163576126098633 / 7.7215189933776855
Notification sent to chrome.
 
Currently running leave_6_encoder_fc3 experiment. 
Starting the process with remaining connection 5 using tech 7!
Loaded pretrained model
Pretrained model has AUROC / IND / OOD = 0.9223454544530998 / 2.7505714893341064 / 4.395536422729492
Pruned model (before finetuning) has AUROC / IND / OOD = 0.5897829959839469 / 9.197090148925781 / 9.68496036529541
Pruned model (after finetuning) has AUROC / IND / OOD = 0.660940777877675 / 7.164169788360596 / 7.7256975173950195
Notification sent to chrome.
 
Currently running leave_6_encoder_fc3 experiment. 
Starting the process with remaining connection 6 using tech 7!
Loaded pretrained model
Pretrained model has AUROC / IND / OOD = 0.9223454544530998 / 2.7505714893341064 / 4.395536422729492
Pruned model (before finetuning) has AUROC / IND / OOD = 0.5897829959839469 / 9.197090148925781 / 9.68496036529541
Pruned model (after finetuning) has AUROC / IND / OOD = 0.6630341172879612 / 7.16412878036499 / 7.721130847930908
Notification sent to chrome.
 
Currently running leave_6_encoder_fc3 experiment. 
Starting the process with remaining connection 7 using tech 7!
Loaded pretrained model
Pretrained model has AUROC / IND / OOD = 0.9223454544530998 / 2.7505714893341064 / 4.395536422729492
Pruned model (before finetuning) has AUROC / IND / OOD = 0.5897829959839469 / 9.197090148925781 / 9.68496036529541
Pruned model (after finetuning) has AUROC / IND / OOD = 0.6572660915726609 / 7.16792106628418 / 7.719264984130859
Notification sent to chrome.
 
Currently running leave_6_encoder_fc3 experiment. 
Starting the process with remaining connection 8 using tech 7!
Loaded pretrained model
Pretrained model has AUROC / IND / OOD = 0.9223454544530998 / 2.7505714893341064 / 4.395536422729492
Pruned model (before finetuning) has AUROC / IND / OOD = 0.5897829959839469 / 9.197090148925781 / 9.68496036529541
Pruned model (after finetuning) has AUROC / IND / OOD = 0.6652281235468533 / 7.162413120269775 / 7.723252773284912
Notification sent to chrome.
 
Currently running leave_6_encoder_fc3 experiment. 
Starting the process with remaining connection 9 using tech 7!
Loaded pretrained model
Pretrained model has AUROC / IND / OOD = 0.9223454544530998 / 2.7505714893341064 / 4.395536422729492
Pruned model (before finetuning) has AUROC / IND / OOD = 0.5897829959839469 / 9.197090148925781 / 9.68496036529541
Pruned model (after finetuning) has AUROC / IND / OOD = 0.6614772444435825 / 7.16636848449707 / 7.725345611572266
Notification sent to chrome.
 
Currently running leave_6_encoder_fc3 experiment. 
Starting the process with remaining connection 10 using tech 7!
Loaded pretrained model
Pretrained model has AUROC / IND / OOD = 0.9223454544530998 / 2.7505714893341064 / 4.395536422729492
Pruned model (before finetuning) has AUROC / IND / OOD = 0.5897829959839469 / 9.197090148925781 / 9.68496036529541
Pruned model (after finetuning) has AUROC / IND / OOD = 0.6654474664509256 / 7.163642406463623 / 7.722565650939941
Notification sent to chrome.
 
Currently running leave_6_encoder_fc3 experiment. 
Starting the process with remaining connection 11 using tech 7!
Loaded pretrained model
Pretrained model has AUROC / IND / OOD = 0.9223454544530998 / 2.7505714893341064 / 4.395536422729492
Pruned model (before finetuning) has AUROC / IND / OOD = 0.5897829959839469 / 9.197090148925781 / 9.68496036529541
Pruned model (after finetuning) has AUROC / IND / OOD = 0.6617200801271174 / 7.165465354919434 / 7.726668834686279
Notification sent to chrome.
 
Currently running leave_6_encoder_fc3 experiment. 
Starting the process with remaining connection 12 using tech 7!
Loaded pretrained model
Pretrained model has AUROC / IND / OOD = 0.9223454544530998 / 2.7505714893341064 / 4.395536422729492
Pruned model (before finetuning) has AUROC / IND / OOD = 0.5897829959839469 / 9.197090148925781 / 9.68496036529541
Pruned model (after finetuning) has AUROC / IND / OOD = 0.6589873561514601 / 7.164745807647705 / 7.7144646644592285
Notification sent to chrome.
 
Currently running leave_6_encoder_fc3 experiment. 
Starting the process with remaining connection 13 using tech 7!
Loaded pretrained model
Pretrained model has AUROC / IND / OOD = 0.9223454544530998 / 2.7505714893341064 / 4.395536422729492
Pruned model (before finetuning) has AUROC / IND / OOD = 0.5897829959839469 / 9.197090148925781 / 9.68496036529541
Pruned model (after finetuning) has AUROC / IND / OOD = 0.6609120324128781 / 7.165622711181641 / 7.7309980392456055
Notification sent to chrome.
 
Currently running leave_6_encoder_fc3 experiment. 
Starting the process with remaining connection 14 using tech 7!
Loaded pretrained model
Pretrained model has AUROC / IND / OOD = 0.9223454544530998 / 2.7505714893341064 / 4.395536422729492
Pruned model (before finetuning) has AUROC / IND / OOD = 0.5897829959839469 / 9.197090148925781 / 9.68496036529541
Pruned model (after finetuning) has AUROC / IND / OOD = 0.6590360156430741 / 7.172756195068359 / 7.733315944671631
Notification sent to chrome.
 
Currently running leave_6_encoder_fc3 experiment. 
Starting the process with remaining connection 15 using tech 7!
Loaded pretrained model
Pretrained model has AUROC / IND / OOD = 0.9223454544530998 / 2.7505714893341064 / 4.395536422729492
Pruned model (before finetuning) has AUROC / IND / OOD = 0.5897829959839469 / 9.197090148925781 / 9.68496036529541
Pruned model (after finetuning) has AUROC / IND / OOD = 0.6626074376177236 / 7.164560794830322 / 7.720232963562012
Notification sent to chrome.
 
Currently running leave_6_encoder_fc3 experiment. 
Starting the process with remaining connection 16 using tech 7!
Loaded pretrained model
Pretrained model has AUROC / IND / OOD = 0.9223454544530998 / 2.7505714893341064 / 4.395536422729492
Pruned model (before finetuning) has AUROC / IND / OOD = 0.5897829959839469 / 9.197090148925781 / 9.68496036529541
Pruned model (after finetuning) has AUROC / IND / OOD = 0.6589755231790037 / 7.163477897644043 / 7.704868793487549
Notification sent to chrome.
 
Currently running leave_6_encoder_fc3 experiment. 
Starting the process with remaining connection 1 using tech 8!
Loaded pretrained model
Pretrained model has AUROC / IND / OOD = 0.9223454544530998 / 2.7505714893341064 / 4.395536422729492
Pruned model (before finetuning) has AUROC / IND / OOD = 0.5897245815052834 / 9.197319984436035 / 9.684821128845215
Pruned model (after finetuning) has AUROC / IND / OOD = 0.6562137651294654 / 7.165777683258057 / 7.709714412689209
Notification sent to chrome.
 
Currently running leave_6_encoder_fc3 experiment. 
Starting the process with remaining connection 2 using tech 8!
Loaded pretrained model
Pretrained model has AUROC / IND / OOD = 0.9223454544530998 / 2.7505714893341064 / 4.395536422729492
Pruned model (before finetuning) has AUROC / IND / OOD = 0.5897829959839469 / 9.197090148925781 / 9.68496036529541
Pruned model (after finetuning) has AUROC / IND / OOD = 0.66522616100508 / 7.167311191558838 / 7.7524895668029785
Notification sent to chrome.
 
Currently running leave_6_encoder_fc3 experiment. 
Starting the process with remaining connection 3 using tech 8!
Loaded pretrained model
Pretrained model has AUROC / IND / OOD = 0.9223454544530998 / 2.7505714893341064 / 4.395536422729492
Pruned model (before finetuning) has AUROC / IND / OOD = 0.5897453036375365 / 9.198298454284668 / 9.685686111450195
Pruned model (after finetuning) has AUROC / IND / OOD = 0.6583666157329354 / 7.164580345153809 / 7.715229034423828
Notification sent to chrome.
 
Currently running leave_6_encoder_fc3 experiment. 
Starting the process with remaining connection 4 using tech 8!
Loaded pretrained model
Pretrained model has AUROC / IND / OOD = 0.9223454544530998 / 2.7505714893341064 / 4.395536422729492
Pruned model (before finetuning) has AUROC / IND / OOD = 0.5897829959839469 / 9.197090148925781 / 9.68496036529541
Pruned model (after finetuning) has AUROC / IND / OOD = 0.6663987219927973 / 7.1631903648376465 / 7.739139556884766
Notification sent to chrome.
 
Currently running leave_6_encoder_fc3 experiment. 
Starting the process with remaining connection 5 using tech 8!
Loaded pretrained model
Pretrained model has AUROC / IND / OOD = 0.9223454544530998 / 2.7505714893341064 / 4.395536422729492
Pruned model (before finetuning) has AUROC / IND / OOD = 0.5898109910651245 / 9.19791316986084 / 9.685884475708008
Pruned model (after finetuning) has AUROC / IND / OOD = 0.8409789343074929 / 6.1309051513671875 / 7.833236217498779
Notification sent to chrome.
 
Currently running leave_6_encoder_fc3 experiment. 
Starting the process with remaining connection 6 using tech 8!
Loaded pretrained model
Pretrained model has AUROC / IND / OOD = 0.9223454544530998 / 2.7505714893341064 / 4.395536422729492
Pruned model (before finetuning) has AUROC / IND / OOD = 0.5897829959839469 / 9.197090148925781 / 9.68496036529541
Pruned model (after finetuning) has AUROC / IND / OOD = 0.6669088096883992 / 7.165595054626465 / 7.750784397125244
Notification sent to chrome.
 
Currently running leave_6_encoder_fc3 experiment. 
Starting the process with remaining connection 7 using tech 8!
Loaded pretrained model
Pretrained model has AUROC / IND / OOD = 0.9223454544530998 / 2.7505714893341064 / 4.395536422729492
Pruned model (before finetuning) has AUROC / IND / OOD = 0.5897740491023333 / 9.20301628112793 / 9.690805435180664
Pruned model (after finetuning) has AUROC / IND / OOD = 0.9365128126271324 / 5.319847106933594 / 8.094535827636719
Notification sent to chrome.
 
Currently running leave_6_encoder_fc3 experiment. 
Starting the process with remaining connection 8 using tech 8!
Loaded pretrained model
Pretrained model has AUROC / IND / OOD = 0.9223454544530998 / 2.7505714893341064 / 4.395536422729492
Pruned model (before finetuning) has AUROC / IND / OOD = 0.5901729068568439 / 9.19788932800293 / 9.687654495239258
Pruned model (after finetuning) has AUROC / IND / OOD = 0.8898986935936632 / 5.952200412750244 / 8.232539176940918
Notification sent to chrome.
 
Currently running leave_6_encoder_fc3 experiment. 
Starting the process with remaining connection 9 using tech 8!
Loaded pretrained model
Pretrained model has AUROC / IND / OOD = 0.9223454544530998 / 2.7505714893341064 / 4.395536422729492
Pruned model (before finetuning) has AUROC / IND / OOD = 0.5892739472810484 / 9.19571590423584 / 9.680917739868164
Pruned model (after finetuning) has AUROC / IND / OOD = 0.9601685985004333 / 4.85707426071167 / 8.21041202545166
Notification sent to chrome.
 
Currently running leave_6_encoder_fc3 experiment. 
Starting the process with remaining connection 10 using tech 8!
Loaded pretrained model
Pretrained model has AUROC / IND / OOD = 0.9223454544530998 / 2.7505714893341064 / 4.395536422729492
Pruned model (before finetuning) has AUROC / IND / OOD = 0.5897319121760247 / 9.196563720703125 / 9.684057235717773
Pruned model (after finetuning) has AUROC / IND / OOD = 0.6607720570069899 / 7.1634931564331055 / 7.712215900421143
Notification sent to chrome.
 
Currently running leave_6_encoder_fc3 experiment. 
Starting the process with remaining connection 11 using tech 8!
Loaded pretrained model
Pretrained model has AUROC / IND / OOD = 0.9223454544530998 / 2.7505714893341064 / 4.395536422729492
Pruned model (before finetuning) has AUROC / IND / OOD = 0.5897530960828128 / 9.196946144104004 / 9.684788703918457
Pruned model (after finetuning) has AUROC / IND / OOD = 0.9455932625248261 / 4.640562057495117 / 7.483220100402832
Notification sent to chrome.
 
Currently running leave_6_encoder_fc3 experiment. 
Starting the process with remaining connection 12 using tech 8!
Loaded pretrained model
Pretrained model has AUROC / IND / OOD = 0.9223454544530998 / 2.7505714893341064 / 4.395536422729492
Pruned model (before finetuning) has AUROC / IND / OOD = 0.5897829959839469 / 9.197090148925781 / 9.68496036529541
Pruned model (after finetuning) has AUROC / IND / OOD = 0.6670749907991425 / 7.162774085998535 / 7.713548183441162
Notification sent to chrome.
 
Currently running leave_6_encoder_fc3 experiment. 
Starting the process with remaining connection 13 using tech 8!
Loaded pretrained model
Pretrained model has AUROC / IND / OOD = 0.9223454544530998 / 2.7505714893341064 / 4.395536422729492
Pruned model (before finetuning) has AUROC / IND / OOD = 0.5899290899024224 / 9.198918342590332 / 9.687723159790039
Pruned model (after finetuning) has AUROC / IND / OOD = 0.936921136759608 / 4.207818984985352 / 6.691369533538818
Notification sent to chrome.
 
Currently running leave_6_encoder_fc3 experiment. 
Starting the process with remaining connection 14 using tech 8!
Loaded pretrained model
Pretrained model has AUROC / IND / OOD = 0.9223454544530998 / 2.7505714893341064 / 4.395536422729492
Pruned model (before finetuning) has AUROC / IND / OOD = 0.5897287374760973 / 9.194229125976562 / 9.681683540344238
Pruned model (after finetuning) has AUROC / IND / OOD = 0.929704293441093 / 3.9804933071136475 / 6.39725399017334
Notification sent to chrome.
 
Currently running leave_6_encoder_fc3 experiment. 
Starting the process with remaining connection 15 using tech 8!
Loaded pretrained model
Pretrained model has AUROC / IND / OOD = 0.9223454544530998 / 2.7505714893341064 / 4.395536422729492
Pruned model (before finetuning) has AUROC / IND / OOD = 0.589893937315954 / 9.199874877929688 / 9.688291549682617
Pruned model (after finetuning) has AUROC / IND / OOD = 0.9497098670597292 / 4.932974815368652 / 7.935797691345215
Notification sent to chrome.
 
Currently running leave_6_encoder_fc3 experiment. 
Starting the process with remaining connection 16 using tech 8!
Loaded pretrained model
Pretrained model has AUROC / IND / OOD = 0.9223454544530998 / 2.7505714893341064 / 4.395536422729492
Pruned model (before finetuning) has AUROC / IND / OOD = 0.5889410078413934 / 9.192281723022461 / 9.674958229064941
Pruned model (after finetuning) has AUROC / IND / OOD = 0.9535463476174051 / 4.4881815910339355 / 7.551577568054199
Notification sent to chrome.
