 
Currently running leave_8_encoder_fc2 experiment. 
Starting the process with remaining connection 1 using tech 0!
 
Currently running leave_8_encoder_fc2 experiment. 
Starting the process with remaining connection 2 using tech 0!
 
Currently running leave_8_encoder_fc2 experiment. 
Starting the process with remaining connection 3 using tech 0!
Loaded pretrained model
Pretrained model has AUROC / IND / OOD = 0.9409200479927711 / 2.7055532932281494 / 4.35019588470459
Pruned model (before finetuning) has AUROC / IND / OOD = 0.6510567691510403 / 9.09573745727539 / 9.943741798400879
Pruned model (after finetuning) has AUROC / IND / OOD = 0.7570593462372677 / 5.837910175323486 / 7.062507152557373
Notification sent to chrome.
 
Currently running leave_8_encoder_fc2 experiment. 
Starting the process with remaining connection 4 using tech 0!
Loaded pretrained model
Pretrained model has AUROC / IND / OOD = 0.9409200479927711 / 2.7055532932281494 / 4.35019588470459
Pruned model (before finetuning) has AUROC / IND / OOD = 0.6511046572734663 / 9.095654487609863 / 9.943879127502441
Pruned model (after finetuning) has AUROC / IND / OOD = 0.8807151801025648 / 4.971526145935059 / 6.863228797912598
Notification sent to chrome.
 
Currently running leave_8_encoder_fc2 experiment. 
Starting the process with remaining connection 5 using tech 0!
Loaded pretrained model
Pretrained model has AUROC / IND / OOD = 0.9409200479927711 / 2.7055532932281494 / 4.35019588470459
Pruned model (before finetuning) has AUROC / IND / OOD = 0.6510987423509815 / 9.095722198486328 / 9.943929672241211
Pruned model (after finetuning) has AUROC / IND / OOD = 0.8737454108163912 / 4.9744791984558105 / 6.842143535614014
Notification sent to chrome.
 
Currently running leave_8_encoder_fc2 experiment. 
Starting the process with remaining connection 6 using tech 0!
Loaded pretrained model
Pretrained model has AUROC / IND / OOD = 0.9409200479927711 / 2.7055532932281494 / 4.35019588470459
Pruned model (before finetuning) has AUROC / IND / OOD = 0.651097149871851 / 9.095728874206543 / 9.943930625915527
Pruned model (after finetuning) has AUROC / IND / OOD = 0.8818712630770974 / 4.930211544036865 / 6.902952671051025
Notification sent to chrome.
 
Currently running leave_8_encoder_fc2 experiment. 
Starting the process with remaining connection 7 using tech 0!
Loaded pretrained model
Pretrained model has AUROC / IND / OOD = 0.9409200479927711 / 2.7055532932281494 / 4.35019588470459
Pruned model (before finetuning) has AUROC / IND / OOD = 0.6510746276670043 / 9.095832824707031 / 9.943893432617188
Pruned model (after finetuning) has AUROC / IND / OOD = 0.9047225423610823 / 4.6560821533203125 / 6.798183441162109
Notification sent to chrome.
 
Currently running leave_8_encoder_fc2 experiment. 
Starting the process with remaining connection 8 using tech 0!
Loaded pretrained model
Pretrained model has AUROC / IND / OOD = 0.9409200479927711 / 2.7055532932281494 / 4.35019588470459
Pruned model (before finetuning) has AUROC / IND / OOD = 0.6511208095617906 / 9.09674072265625 / 9.944611549377441
Pruned model (after finetuning) has AUROC / IND / OOD = 0.9079528294031707 / 4.462610721588135 / 6.451178073883057
Notification sent to chrome.
 
Currently running leave_8_encoder_fc2 experiment. 
Starting the process with remaining connection 9 using tech 0!
Loaded pretrained model
Pretrained model has AUROC / IND / OOD = 0.9409200479927711 / 2.7055532932281494 / 4.35019588470459
Pruned model (before finetuning) has AUROC / IND / OOD = 0.6511304213108288 / 9.096720695495605 / 9.944628715515137
Pruned model (after finetuning) has AUROC / IND / OOD = 0.8967707253196447 / 4.453896522521973 / 6.300788879394531
Notification sent to chrome.
 
Currently running leave_8_encoder_fc2 experiment. 
Starting the process with remaining connection 10 using tech 0!
Loaded pretrained model
Pretrained model has AUROC / IND / OOD = 0.9409200479927711 / 2.7055532932281494 / 4.35019588470459
Pruned model (before finetuning) has AUROC / IND / OOD = 0.6511342887601457 / 9.09671401977539 / 9.9446382522583
Pruned model (after finetuning) has AUROC / IND / OOD = 0.8962074427014634 / 4.396714210510254 / 6.200065612792969
Notification sent to chrome.
 
Currently running leave_8_encoder_fc2 experiment. 
Starting the process with remaining connection 11 using tech 0!
Loaded pretrained model
Pretrained model has AUROC / IND / OOD = 0.9409200479927711 / 2.7055532932281494 / 4.35019588470459
Pruned model (before finetuning) has AUROC / IND / OOD = 0.6511289425802074 / 9.096809387207031 / 9.944725036621094
Pruned model (after finetuning) has AUROC / IND / OOD = 0.9066844197756788 / 4.586443901062012 / 6.641078472137451
Notification sent to chrome.
 
Currently running leave_8_encoder_fc2 experiment. 
Starting the process with remaining connection 12 using tech 0!
Loaded pretrained model
Pretrained model has AUROC / IND / OOD = 0.9409200479927711 / 2.7055532932281494 / 4.35019588470459
Pruned model (before finetuning) has AUROC / IND / OOD = 0.6511287150831888 / 9.096810340881348 / 9.944725036621094
Pruned model (after finetuning) has AUROC / IND / OOD = 0.9019011243357655 / 4.426522254943848 / 6.248966693878174
Notification sent to chrome.
 
Currently running leave_8_encoder_fc2 experiment. 
Starting the process with remaining connection 13 using tech 0!
Loaded pretrained model
Pretrained model has AUROC / IND / OOD = 0.9409200479927711 / 2.7055532932281494 / 4.35019588470459
Pruned model (before finetuning) has AUROC / IND / OOD = 0.651240529867856 / 9.09687614440918 / 9.94540786743164
Pruned model (after finetuning) has AUROC / IND / OOD = 0.9260208701214969 / 4.429621696472168 / 6.5986647605896
Notification sent to chrome.
 
Currently running leave_8_encoder_fc2 experiment. 
Starting the process with remaining connection 14 using tech 0!
Loaded pretrained model
Pretrained model has AUROC / IND / OOD = 0.9409200479927711 / 2.7055532932281494 / 4.35019588470459
Pruned model (before finetuning) has AUROC / IND / OOD = 0.651231600609874 / 9.096930503845215 / 9.945420265197754
Pruned model (after finetuning) has AUROC / IND / OOD = 0.9001382499382344 / 4.3734869956970215 / 6.156063079833984
Notification sent to chrome.
 
Currently running leave_8_encoder_fc2 experiment. 
Starting the process with remaining connection 15 using tech 0!
Loaded pretrained model
Pretrained model has AUROC / IND / OOD = 0.9409200479927711 / 2.7055532932281494 / 4.35019588470459
Pruned model (before finetuning) has AUROC / IND / OOD = 0.6511761482115777 / 9.098082542419434 / 9.946393966674805
Pruned model (after finetuning) has AUROC / IND / OOD = 0.8847484747462385 / 4.471127033233643 / 6.1661224365234375
Notification sent to chrome.
 
Currently running leave_8_encoder_fc2 experiment. 
Starting the process with remaining connection 16 using tech 0!
Loaded pretrained model
Pretrained model has AUROC / IND / OOD = 0.9409200479927711 / 2.7055532932281494 / 4.35019588470459
Pruned model (before finetuning) has AUROC / IND / OOD = 0.6511822337568266 / 9.098073959350586 / 9.946434020996094
Pruned model (after finetuning) has AUROC / IND / OOD = 0.89157856086296 / 4.456655025482178 / 6.2540669441223145
Notification sent to chrome.
 
Currently running leave_8_encoder_fc2 experiment. 
Starting the process with remaining connection 1 using tech 1!
Loaded pretrained model
Pretrained model has AUROC / IND / OOD = 0.9409200479927711 / 2.7055532932281494 / 4.35019588470459
Pruned model (before finetuning) has AUROC / IND / OOD = 0.6502926635396443 / 9.093284606933594 / 9.937788963317871
Pruned model (after finetuning) has AUROC / IND / OOD = 0.5363338332201156 / 7.207499027252197 / 7.289577960968018
Notification sent to chrome.
 
Currently running leave_8_encoder_fc2 experiment. 
Starting the process with remaining connection 2 using tech 1!
Loaded pretrained model
Pretrained model has AUROC / IND / OOD = 0.9409200479927711 / 2.7055532932281494 / 4.35019588470459
Pruned model (before finetuning) has AUROC / IND / OOD = 0.6502926635396443 / 9.093284606933594 / 9.937788963317871
Pruned model (after finetuning) has AUROC / IND / OOD = 0.5337200062243184 / 7.20515775680542 / 7.274026393890381
Notification sent to chrome.
 
Currently running leave_8_encoder_fc2 experiment. 
Starting the process with remaining connection 3 using tech 1!
Loaded pretrained model
Pretrained model has AUROC / IND / OOD = 0.9409200479927711 / 2.7055532932281494 / 4.35019588470459
Pruned model (before finetuning) has AUROC / IND / OOD = 0.6502926635396443 / 9.093284606933594 / 9.937788963317871
Pruned model (after finetuning) has AUROC / IND / OOD = 0.5366372004944875 / 7.205507278442383 / 7.281785011291504
Notification sent to chrome.
 
Currently running leave_8_encoder_fc2 experiment. 
Starting the process with remaining connection 4 using tech 1!
Loaded pretrained model
Pretrained model has AUROC / IND / OOD = 0.9409200479927711 / 2.7055532932281494 / 4.35019588470459
Pruned model (before finetuning) has AUROC / IND / OOD = 0.6502926635396443 / 9.093284606933594 / 9.937788963317871
Pruned model (after finetuning) has AUROC / IND / OOD = 0.5279945318816597 / 7.2063307762146 / 7.257096767425537
Notification sent to chrome.
 
Currently running leave_8_encoder_fc2 experiment. 
Starting the process with remaining connection 5 using tech 1!
Loaded pretrained model
Pretrained model has AUROC / IND / OOD = 0.9409200479927711 / 2.7055532932281494 / 4.35019588470459
Pruned model (before finetuning) has AUROC / IND / OOD = 0.6502926635396443 / 9.093284606933594 / 9.937788963317871
Pruned model (after finetuning) has AUROC / IND / OOD = 0.5303168214480549 / 7.205687999725342 / 7.260663032531738
Notification sent to chrome.
 
Currently running leave_8_encoder_fc2 experiment. 
Starting the process with remaining connection 6 using tech 1!
Loaded pretrained model
Pretrained model has AUROC / IND / OOD = 0.9409200479927711 / 2.7055532932281494 / 4.35019588470459
Pruned model (before finetuning) has AUROC / IND / OOD = 0.6502926635396443 / 9.093284606933594 / 9.937788963317871
Pruned model (after finetuning) has AUROC / IND / OOD = 0.5252989765819119 / 7.206364631652832 / 7.239720821380615
Notification sent to chrome.
 
Currently running leave_8_encoder_fc2 experiment. 
Starting the process with remaining connection 7 using tech 1!
Loaded pretrained model
Pretrained model has AUROC / IND / OOD = 0.9409200479927711 / 2.7055532932281494 / 4.35019588470459
Pruned model (before finetuning) has AUROC / IND / OOD = 0.6502926635396443 / 9.093284606933594 / 9.937788963317871
Pruned model (after finetuning) has AUROC / IND / OOD = 0.5363677302758947 / 7.205872535705566 / 7.2841477394104
Notification sent to chrome.
 
Currently running leave_8_encoder_fc2 experiment. 
Starting the process with remaining connection 8 using tech 1!
Loaded pretrained model
Pretrained model has AUROC / IND / OOD = 0.9409200479927711 / 2.7055532932281494 / 4.35019588470459
Pruned model (before finetuning) has AUROC / IND / OOD = 0.6502926635396443 / 9.093284606933594 / 9.937788963317871
Pruned model (after finetuning) has AUROC / IND / OOD = 0.7522949330499025 / 5.836437702178955 / 7.047198295593262
Notification sent to chrome.
 
Currently running leave_8_encoder_fc2 experiment. 
Starting the process with remaining connection 9 using tech 1!
Loaded pretrained model
Pretrained model has AUROC / IND / OOD = 0.9409200479927711 / 2.7055532932281494 / 4.35019588470459
Pruned model (before finetuning) has AUROC / IND / OOD = 0.6502926635396443 / 9.093284606933594 / 9.937788963317871
Pruned model (after finetuning) has AUROC / IND / OOD = 0.7808956876120139 / 5.871312141418457 / 7.197897434234619
Notification sent to chrome.
 
Currently running leave_8_encoder_fc2 experiment. 
Starting the process with remaining connection 10 using tech 1!
Loaded pretrained model
Pretrained model has AUROC / IND / OOD = 0.9409200479927711 / 2.7055532932281494 / 4.35019588470459
Pruned model (before finetuning) has AUROC / IND / OOD = 0.6502926635396443 / 9.093284606933594 / 9.937788963317871
Pruned model (after finetuning) has AUROC / IND / OOD = 0.6679614469902373 / 6.4704389572143555 / 7.2801971435546875
Notification sent to chrome.
 
Currently running leave_8_encoder_fc2 experiment. 
Starting the process with remaining connection 11 using tech 1!
Loaded pretrained model
Pretrained model has AUROC / IND / OOD = 0.9409200479927711 / 2.7055532932281494 / 4.35019588470459
Pruned model (before finetuning) has AUROC / IND / OOD = 0.6502926635396443 / 9.093284606933594 / 9.937788963317871
Pruned model (after finetuning) has AUROC / IND / OOD = 0.670755679121825 / 6.467471122741699 / 7.276716709136963
Notification sent to chrome.
 
Currently running leave_8_encoder_fc2 experiment. 
Starting the process with remaining connection 12 using tech 1!
Loaded pretrained model
Pretrained model has AUROC / IND / OOD = 0.9409200479927711 / 2.7055532932281494 / 4.35019588470459
Pruned model (before finetuning) has AUROC / IND / OOD = 0.6502926635396443 / 9.093284606933594 / 9.937788963317871
Pruned model (after finetuning) has AUROC / IND / OOD = 0.7666993049056093 / 5.814296722412109 / 7.096410274505615
Notification sent to chrome.
 
Currently running leave_8_encoder_fc2 experiment. 
Starting the process with remaining connection 13 using tech 1!
Loaded pretrained model
Pretrained model has AUROC / IND / OOD = 0.9409200479927711 / 2.7055532932281494 / 4.35019588470459
Pruned model (before finetuning) has AUROC / IND / OOD = 0.6502926635396443 / 9.093284606933594 / 9.937788963317871
Pruned model (after finetuning) has AUROC / IND / OOD = 0.7963061650327072 / 5.469542026519775 / 6.928890705108643
Notification sent to chrome.
 
Currently running leave_8_encoder_fc2 experiment. 
Starting the process with remaining connection 14 using tech 1!
Loaded pretrained model
Pretrained model has AUROC / IND / OOD = 0.9409200479927711 / 2.7055532932281494 / 4.35019588470459
Pruned model (before finetuning) has AUROC / IND / OOD = 0.6502926635396443 / 9.093284606933594 / 9.937788963317871
Pruned model (after finetuning) has AUROC / IND / OOD = 0.8357141654658615 / 5.277003288269043 / 6.97860050201416
Notification sent to chrome.
 
Currently running leave_8_encoder_fc2 experiment. 
Starting the process with remaining connection 15 using tech 1!
Loaded pretrained model
Pretrained model has AUROC / IND / OOD = 0.9409200479927711 / 2.7055532932281494 / 4.35019588470459
Pruned model (before finetuning) has AUROC / IND / OOD = 0.6502926635396443 / 9.093284606933594 / 9.937788963317871
Pruned model (after finetuning) has AUROC / IND / OOD = 0.825153185117509 / 5.545007705688477 / 7.161369800567627
Notification sent to chrome.
 
Currently running leave_8_encoder_fc2 experiment. 
Starting the process with remaining connection 16 using tech 1!
Loaded pretrained model
Pretrained model has AUROC / IND / OOD = 0.9409200479927711 / 2.7055532932281494 / 4.35019588470459
Pruned model (before finetuning) has AUROC / IND / OOD = 0.6502926635396443 / 9.093284606933594 / 9.937788963317871
Pruned model (after finetuning) has AUROC / IND / OOD = 0.8239723618421981 / 5.419863700866699 / 7.007783889770508
Notification sent to chrome.
 
Currently running leave_8_encoder_fc2 experiment. 
Starting the process with remaining connection 1 using tech 2!
Loaded pretrained model
Pretrained model has AUROC / IND / OOD = 0.9409200479927711 / 2.7055532932281494 / 4.35019588470459
Pruned model (before finetuning) has AUROC / IND / OOD = 0.6502926635396443 / 9.093284606933594 / 9.937788963317871
Pruned model (after finetuning) has AUROC / IND / OOD = 0.5319042956442057 / 7.205466270446777 / 7.269845962524414
Notification sent to chrome.
 
Currently running leave_8_encoder_fc2 experiment. 
Starting the process with remaining connection 2 using tech 2!
Loaded pretrained model
Pretrained model has AUROC / IND / OOD = 0.9409200479927711 / 2.7055532932281494 / 4.35019588470459
Pruned model (before finetuning) has AUROC / IND / OOD = 0.6503056308697075 / 9.093171119689941 / 9.93775749206543
Pruned model (after finetuning) has AUROC / IND / OOD = 0.7064116849748684 / 6.397190570831299 / 7.35374641418457
Notification sent to chrome.
 
Currently running leave_8_encoder_fc2 experiment. 
Starting the process with remaining connection 3 using tech 2!
Loaded pretrained model
Pretrained model has AUROC / IND / OOD = 0.9409200479927711 / 2.7055532932281494 / 4.35019588470459
Pruned model (before finetuning) has AUROC / IND / OOD = 0.6503056308697075 / 9.093171119689941 / 9.93775749206543
Pruned model (after finetuning) has AUROC / IND / OOD = 0.6884547765501533 / 6.401838779449463 / 7.29614782333374
Notification sent to chrome.
 
Currently running leave_8_encoder_fc2 experiment. 
Starting the process with remaining connection 4 using tech 2!
Loaded pretrained model
Pretrained model has AUROC / IND / OOD = 0.9409200479927711 / 2.7055532932281494 / 4.35019588470459
Pruned model (before finetuning) has AUROC / IND / OOD = 0.650321555661013 / 9.093052864074707 / 9.93772029876709
Pruned model (after finetuning) has AUROC / IND / OOD = 0.7812998360656485 / 5.791624546051025 / 7.209938049316406
Notification sent to chrome.
 
Currently running leave_8_encoder_fc2 experiment. 
Starting the process with remaining connection 5 using tech 2!
Loaded pretrained model
Pretrained model has AUROC / IND / OOD = 0.9409200479927711 / 2.7055532932281494 / 4.35019588470459
Pruned model (before finetuning) has AUROC / IND / OOD = 0.650321555661013 / 9.093052864074707 / 9.93772029876709
Pruned model (after finetuning) has AUROC / IND / OOD = 0.7791785401152318 / 5.8057451248168945 / 7.204816818237305
Notification sent to chrome.
 
Currently running leave_8_encoder_fc2 experiment. 
Starting the process with remaining connection 6 using tech 2!
Loaded pretrained model
Pretrained model has AUROC / IND / OOD = 0.9409200479927711 / 2.7055532932281494 / 4.35019588470459
Pruned model (before finetuning) has AUROC / IND / OOD = 0.6503241718767276 / 9.093021392822266 / 9.937711715698242
Pruned model (after finetuning) has AUROC / IND / OOD = 0.8593315409601557 / 5.2254486083984375 / 7.146331787109375
Notification sent to chrome.
 
Currently running leave_8_encoder_fc2 experiment. 
Starting the process with remaining connection 7 using tech 2!
Loaded pretrained model
Pretrained model has AUROC / IND / OOD = 0.9409200479927711 / 2.7055532932281494 / 4.35019588470459
Pruned model (before finetuning) has AUROC / IND / OOD = 0.6503252524875662 / 9.093194007873535 / 9.937979698181152
Pruned model (after finetuning) has AUROC / IND / OOD = 0.8973424253275161 / 4.845184326171875 / 7.054637908935547
Notification sent to chrome.
 
Currently running leave_8_encoder_fc2 experiment. 
Starting the process with remaining connection 8 using tech 2!
Loaded pretrained model
Pretrained model has AUROC / IND / OOD = 0.9409200479927711 / 2.7055532932281494 / 4.35019588470459
Pruned model (before finetuning) has AUROC / IND / OOD = 0.650322067529305 / 9.093186378479004 / 9.937941551208496
Pruned model (after finetuning) has AUROC / IND / OOD = 0.9319531961283647 / 4.5106611251831055 / 6.986542701721191
Notification sent to chrome.
 
Currently running leave_8_encoder_fc2 experiment. 
Starting the process with remaining connection 9 using tech 2!
Loaded pretrained model
Pretrained model has AUROC / IND / OOD = 0.9409200479927711 / 2.7055532932281494 / 4.35019588470459
Pruned model (before finetuning) has AUROC / IND / OOD = 0.6503207594214477 / 9.093193054199219 / 9.937941551208496
Pruned model (after finetuning) has AUROC / IND / OOD = 0.920486265777487 / 4.218072414398193 / 6.331088066101074
Notification sent to chrome.
 
Currently running leave_8_encoder_fc2 experiment. 
Starting the process with remaining connection 10 using tech 2!
Loaded pretrained model
Pretrained model has AUROC / IND / OOD = 0.9409200479927711 / 2.7055532932281494 / 4.35019588470459
Pruned model (before finetuning) has AUROC / IND / OOD = 0.6503159251098014 / 9.093223571777344 / 9.93795108795166
Pruned model (after finetuning) has AUROC / IND / OOD = 0.9255996025172089 / 3.9947280883789062 / 6.152989864349365
Notification sent to chrome.
 
Currently running leave_8_encoder_fc2 experiment. 
Starting the process with remaining connection 11 using tech 2!
Loaded pretrained model
Pretrained model has AUROC / IND / OOD = 0.9409200479927711 / 2.7055532932281494 / 4.35019588470459
Pruned model (before finetuning) has AUROC / IND / OOD = 0.6503159251098014 / 9.093223571777344 / 9.93795108795166
Pruned model (after finetuning) has AUROC / IND / OOD = 0.9202678117653267 / 3.9904072284698486 / 6.059725761413574
Notification sent to chrome.
 
Currently running leave_8_encoder_fc2 experiment. 
Starting the process with remaining connection 12 using tech 2!
Loaded pretrained model
Pretrained model has AUROC / IND / OOD = 0.9409200479927711 / 2.7055532932281494 / 4.35019588470459
Pruned model (before finetuning) has AUROC / IND / OOD = 0.6502670132507914 / 9.093220710754395 / 9.93765640258789
Pruned model (after finetuning) has AUROC / IND / OOD = 0.9204116467553692 / 3.8285746574401855 / 5.834827899932861
Notification sent to chrome.
 
Currently running leave_8_encoder_fc2 experiment. 
Starting the process with remaining connection 13 using tech 2!
Loaded pretrained model
Pretrained model has AUROC / IND / OOD = 0.9409200479927711 / 2.7055532932281494 / 4.35019588470459
Pruned model (before finetuning) has AUROC / IND / OOD = 0.6501824981083623 / 9.092870712280273 / 9.936697959899902
Pruned model (after finetuning) has AUROC / IND / OOD = 0.9350894131532406 / 3.7060892581939697 / 5.82180643081665
Notification sent to chrome.
 
Currently running leave_8_encoder_fc2 experiment. 
Starting the process with remaining connection 14 using tech 2!
Loaded pretrained model
Pretrained model has AUROC / IND / OOD = 0.9409200479927711 / 2.7055532932281494 / 4.35019588470459
Pruned model (before finetuning) has AUROC / IND / OOD = 0.6501822706113436 / 9.092872619628906 / 9.936699867248535
Pruned model (after finetuning) has AUROC / IND / OOD = 0.9320106391255744 / 3.622025489807129 / 5.662877559661865
Notification sent to chrome.
 
Currently running leave_8_encoder_fc2 experiment. 
Starting the process with remaining connection 15 using tech 2!
Loaded pretrained model
Pretrained model has AUROC / IND / OOD = 0.9409200479927711 / 2.7055532932281494 / 4.35019588470459
Pruned model (before finetuning) has AUROC / IND / OOD = 0.6501822706113436 / 9.092872619628906 / 9.936699867248535
Pruned model (after finetuning) has AUROC / IND / OOD = 0.9385506096692602 / 3.6371541023254395 / 5.777899265289307
Notification sent to chrome.
 
Currently running leave_8_encoder_fc2 experiment. 
Starting the process with remaining connection 16 using tech 2!
Loaded pretrained model
Pretrained model has AUROC / IND / OOD = 0.9409200479927711 / 2.7055532932281494 / 4.35019588470459
Pruned model (before finetuning) has AUROC / IND / OOD = 0.6501822706113436 / 9.092872619628906 / 9.936699867248535
Pruned model (after finetuning) has AUROC / IND / OOD = 0.9395064952673797 / 3.6425986289978027 / 5.830990791320801
Notification sent to chrome.
 
Currently running leave_8_encoder_fc2 experiment. 
Starting the process with remaining connection 1 using tech 3!
Loaded pretrained model
Pretrained model has AUROC / IND / OOD = 0.9409200479927711 / 2.7055532932281494 / 4.35019588470459
Pruned model (before finetuning) has AUROC / IND / OOD = 0.6502550127830575 / 9.092900276184082 / 9.937167167663574
Pruned model (after finetuning) has AUROC / IND / OOD = 0.6899846940005852 / 6.469196796417236 / 7.400739669799805
Notification sent to chrome.
 
Currently running leave_8_encoder_fc2 experiment. 
Starting the process with remaining connection 2 using tech 3!
Loaded pretrained model
Pretrained model has AUROC / IND / OOD = 0.9409200479927711 / 2.7055532932281494 / 4.35019588470459
Pruned model (before finetuning) has AUROC / IND / OOD = 0.6502550127830575 / 9.092900276184082 / 9.937167167663574
Pruned model (after finetuning) has AUROC / IND / OOD = 0.6871639584663243 / 6.431729316711426 / 7.365719318389893
Notification sent to chrome.
 
Currently running leave_8_encoder_fc2 experiment. 
Starting the process with remaining connection 3 using tech 3!
Loaded pretrained model
Pretrained model has AUROC / IND / OOD = 0.9409200479927711 / 2.7055532932281494 / 4.35019588470459
Pruned model (before finetuning) has AUROC / IND / OOD = 0.6502550127830575 / 9.092900276184082 / 9.937167167663574
Pruned model (after finetuning) has AUROC / IND / OOD = 0.683804453117642 / 6.438210964202881 / 7.353058815002441
Notification sent to chrome.
 
Currently running leave_8_encoder_fc2 experiment. 
Starting the process with remaining connection 4 using tech 3!
Loaded pretrained model
Pretrained model has AUROC / IND / OOD = 0.9409200479927711 / 2.7055532932281494 / 4.35019588470459
Pruned model (before finetuning) has AUROC / IND / OOD = 0.6502550127830575 / 9.092900276184082 / 9.937167167663574
Pruned model (after finetuning) has AUROC / IND / OOD = 0.6810442317903423 / 6.466329097747803 / 7.349966526031494
Notification sent to chrome.
 
Currently running leave_8_encoder_fc2 experiment. 
Starting the process with remaining connection 5 using tech 3!
Loaded pretrained model
Pretrained model has AUROC / IND / OOD = 0.9409200479927711 / 2.7055532932281494 / 4.35019588470459
Pruned model (before finetuning) has AUROC / IND / OOD = 0.6502840755271903 / 9.092912673950195 / 9.937355995178223
Pruned model (after finetuning) has AUROC / IND / OOD = 0.7616228795571633 / 5.809248924255371 / 7.064639568328857
Notification sent to chrome.
 
Currently running leave_8_encoder_fc2 experiment. 
Starting the process with remaining connection 6 using tech 3!
Loaded pretrained model
Pretrained model has AUROC / IND / OOD = 0.9409200479927711 / 2.7055532932281494 / 4.35019588470459
Pruned model (before finetuning) has AUROC / IND / OOD = 0.6502840755271903 / 9.092912673950195 / 9.937355995178223
Pruned model (after finetuning) has AUROC / IND / OOD = 0.7654562043214423 / 5.814379692077637 / 7.099272727966309
Notification sent to chrome.
 
Currently running leave_8_encoder_fc2 experiment. 
Starting the process with remaining connection 7 using tech 3!
Loaded pretrained model
Pretrained model has AUROC / IND / OOD = 0.9409200479927711 / 2.7055532932281494 / 4.35019588470459
Pruned model (before finetuning) has AUROC / IND / OOD = 0.6502840755271903 / 9.092912673950195 / 9.937355995178223
Pruned model (after finetuning) has AUROC / IND / OOD = 0.7621291172979179 / 5.825040340423584 / 7.064676761627197
Notification sent to chrome.
 
Currently running leave_8_encoder_fc2 experiment. 
Starting the process with remaining connection 8 using tech 3!
Loaded pretrained model
Pretrained model has AUROC / IND / OOD = 0.9409200479927711 / 2.7055532932281494 / 4.35019588470459
Pruned model (before finetuning) has AUROC / IND / OOD = 0.6502798099580905 / 9.092949867248535 / 9.937372207641602
Pruned model (after finetuning) has AUROC / IND / OOD = 0.8479134655940334 / 5.305927276611328 / 7.072906970977783
Notification sent to chrome.
 
Currently running leave_8_encoder_fc2 experiment. 
Starting the process with remaining connection 9 using tech 3!
Loaded pretrained model
Pretrained model has AUROC / IND / OOD = 0.9409200479927711 / 2.7055532932281494 / 4.35019588470459
Pruned model (before finetuning) has AUROC / IND / OOD = 0.6502798099580905 / 9.092949867248535 / 9.937372207641602
Pruned model (after finetuning) has AUROC / IND / OOD = 0.8059079042019155 / 5.431572437286377 / 6.913131237030029
Notification sent to chrome.
 
Currently running leave_8_encoder_fc2 experiment. 
Starting the process with remaining connection 10 using tech 3!
Loaded pretrained model
Pretrained model has AUROC / IND / OOD = 0.9409200479927711 / 2.7055532932281494 / 4.35019588470459
Pruned model (before finetuning) has AUROC / IND / OOD = 0.6502798099580905 / 9.092949867248535 / 9.937372207641602
Pruned model (after finetuning) has AUROC / IND / OOD = 0.8574371164115894 / 5.327157974243164 / 7.144049167633057
Notification sent to chrome.
 
Currently running leave_8_encoder_fc2 experiment. 
Starting the process with remaining connection 11 using tech 3!
Loaded pretrained model
Pretrained model has AUROC / IND / OOD = 0.9409200479927711 / 2.7055532932281494 / 4.35019588470459
Pruned model (before finetuning) has AUROC / IND / OOD = 0.6502964741147068 / 9.09281063079834 / 9.937308311462402
Pruned model (after finetuning) has AUROC / IND / OOD = 0.8655017719742785 / 4.915316581726074 / 6.752962112426758
Notification sent to chrome.
 
Currently running leave_8_encoder_fc2 experiment. 
Starting the process with remaining connection 12 using tech 3!
Loaded pretrained model
Pretrained model has AUROC / IND / OOD = 0.9409200479927711 / 2.7055532932281494 / 4.35019588470459
Pruned model (before finetuning) has AUROC / IND / OOD = 0.6502964741147068 / 9.09281063079834 / 9.937308311462402
Pruned model (after finetuning) has AUROC / IND / OOD = 0.8932596500822857 / 4.927300930023193 / 7.014745712280273
Notification sent to chrome.
 
Currently running leave_8_encoder_fc2 experiment. 
Starting the process with remaining connection 13 using tech 3!
Loaded pretrained model
Pretrained model has AUROC / IND / OOD = 0.9409200479927711 / 2.7055532932281494 / 4.35019588470459
Pruned model (before finetuning) has AUROC / IND / OOD = 0.6502964741147068 / 9.09281063079834 / 9.937308311462402
Pruned model (after finetuning) has AUROC / IND / OOD = 0.8583577968460724 / 4.953378200531006 / 6.721869468688965
Notification sent to chrome.
 
Currently running leave_8_encoder_fc2 experiment. 
Starting the process with remaining connection 14 using tech 3!
Loaded pretrained model
Pretrained model has AUROC / IND / OOD = 0.9409200479927711 / 2.7055532932281494 / 4.35019588470459
Pruned model (before finetuning) has AUROC / IND / OOD = 0.6502964741147068 / 9.09281063079834 / 9.937308311462402
Pruned model (after finetuning) has AUROC / IND / OOD = 0.8679426443616455 / 4.910189151763916 / 6.782257080078125
Notification sent to chrome.
 
Currently running leave_8_encoder_fc2 experiment. 
Starting the process with remaining connection 15 using tech 3!
Loaded pretrained model
Pretrained model has AUROC / IND / OOD = 0.9409200479927711 / 2.7055532932281494 / 4.35019588470459
Pruned model (before finetuning) has AUROC / IND / OOD = 0.6502882273477807 / 9.092885971069336 / 9.93730640411377
Pruned model (after finetuning) has AUROC / IND / OOD = 0.9045425353450742 / 4.5800461769104 / 6.7183685302734375
Notification sent to chrome.
 
Currently running leave_8_encoder_fc2 experiment. 
Starting the process with remaining connection 16 using tech 3!
Loaded pretrained model
Pretrained model has AUROC / IND / OOD = 0.9409200479927711 / 2.7055532932281494 / 4.35019588470459
Pruned model (before finetuning) has AUROC / IND / OOD = 0.6502889667130912 / 9.092877388000488 / 9.937300682067871
Pruned model (after finetuning) has AUROC / IND / OOD = 0.9024192487957448 / 4.385077953338623 / 6.3573689460754395
Notification sent to chrome.
 
Currently running leave_8_encoder_fc2 experiment. 
Starting the process with remaining connection 1 using tech 4!
Loaded pretrained model
Pretrained model has AUROC / IND / OOD = 0.9409200479927711 / 2.7055532932281494 / 4.35019588470459
Pruned model (before finetuning) has AUROC / IND / OOD = 0.6502830517906063 / 9.093437194824219 / 9.93792724609375
Pruned model (after finetuning) has AUROC / IND / OOD = 0.6734843921120414 / 6.452393054962158 / 7.29912805557251
Notification sent to chrome.
 
Currently running leave_8_encoder_fc2 experiment. 
Starting the process with remaining connection 2 using tech 4!
Loaded pretrained model
Pretrained model has AUROC / IND / OOD = 0.9409200479927711 / 2.7055532932281494 / 4.35019588470459
Pruned model (before finetuning) has AUROC / IND / OOD = 0.6510643903011651 / 9.095695495605469 / 9.943740844726562
Pruned model (after finetuning) has AUROC / IND / OOD = 0.7743073739518643 / 5.833096981048584 / 7.139236927032471
Notification sent to chrome.
 
Currently running leave_8_encoder_fc2 experiment. 
Starting the process with remaining connection 3 using tech 4!
Loaded pretrained model
Pretrained model has AUROC / IND / OOD = 0.9409200479927711 / 2.7055532932281494 / 4.35019588470459
Pruned model (before finetuning) has AUROC / IND / OOD = 0.6510567691510403 / 9.09573745727539 / 9.943741798400879
Pruned model (after finetuning) has AUROC / IND / OOD = 0.7614494130804416 / 5.847760200500488 / 7.109039783477783
Notification sent to chrome.
 
Currently running leave_8_encoder_fc2 experiment. 
Starting the process with remaining connection 4 using tech 4!
Loaded pretrained model
Pretrained model has AUROC / IND / OOD = 0.9409200479927711 / 2.7055532932281494 / 4.35019588470459
Pruned model (before finetuning) has AUROC / IND / OOD = 0.6511046572734663 / 9.095654487609863 / 9.943879127502441
Pruned model (after finetuning) has AUROC / IND / OOD = 0.8834146597258843 / 4.9918060302734375 / 6.9190897941589355
Notification sent to chrome.
 
Currently running leave_8_encoder_fc2 experiment. 
Starting the process with remaining connection 5 using tech 4!
Loaded pretrained model
Pretrained model has AUROC / IND / OOD = 0.9409200479927711 / 2.7055532932281494 / 4.35019588470459
Pruned model (before finetuning) has AUROC / IND / OOD = 0.6510833294279679 / 9.095756530761719 / 9.943841934204102
Pruned model (after finetuning) has AUROC / IND / OOD = 0.903838716443621 / 4.789440631866455 / 6.840757846832275
Notification sent to chrome.
 
Currently running leave_8_encoder_fc2 experiment. 
Starting the process with remaining connection 6 using tech 4!
Loaded pretrained model
Pretrained model has AUROC / IND / OOD = 0.9409200479927711 / 2.7055532932281494 / 4.35019588470459
Pruned model (before finetuning) has AUROC / IND / OOD = 0.6510767888886816 / 9.0958251953125 / 9.943893432617188
Pruned model (after finetuning) has AUROC / IND / OOD = 0.8854572417078473 / 4.862259387969971 / 6.868044853210449
Notification sent to chrome.
 
Currently running leave_8_encoder_fc2 experiment. 
Starting the process with remaining connection 7 using tech 4!
Loaded pretrained model
Pretrained model has AUROC / IND / OOD = 0.9409200479927711 / 2.7055532932281494 / 4.35019588470459
Pruned model (before finetuning) has AUROC / IND / OOD = 0.6510746276670043 / 9.095832824707031 / 9.943893432617188
Pruned model (after finetuning) has AUROC / IND / OOD = 0.8925078861841516 / 4.6607465744018555 / 6.672227382659912
Notification sent to chrome.
 
Currently running leave_8_encoder_fc2 experiment. 
Starting the process with remaining connection 8 using tech 4!
Loaded pretrained model
Pretrained model has AUROC / IND / OOD = 0.9409200479927711 / 2.7055532932281494 / 4.35019588470459
Pruned model (before finetuning) has AUROC / IND / OOD = 0.6510875949970676 / 9.095815658569336 / 9.943925857543945
Pruned model (after finetuning) has AUROC / IND / OOD = 0.8994740723922813 / 4.4255571365356445 / 6.297046184539795
Notification sent to chrome.
 
Currently running leave_8_encoder_fc2 experiment. 
Starting the process with remaining connection 9 using tech 4!
Loaded pretrained model
Pretrained model has AUROC / IND / OOD = 0.9409200479927711 / 2.7055532932281494 / 4.35019588470459
Pruned model (before finetuning) has AUROC / IND / OOD = 0.6510618878339599 / 9.096160888671875 / 9.944055557250977
Pruned model (after finetuning) has AUROC / IND / OOD = 0.9066782204819205 / 4.431833744049072 / 6.49431848526001
Notification sent to chrome.
 
Currently running leave_8_encoder_fc2 experiment. 
Starting the process with remaining connection 10 using tech 4!
Loaded pretrained model
Pretrained model has AUROC / IND / OOD = 0.9409200479927711 / 2.7055532932281494 / 4.35019588470459
Pruned model (before finetuning) has AUROC / IND / OOD = 0.6511251888793996 / 9.096819877624512 / 9.944718360900879
Pruned model (after finetuning) has AUROC / IND / OOD = 0.9011466304734076 / 4.3281707763671875 / 6.165148735046387
Notification sent to chrome.
 
Currently running leave_8_encoder_fc2 experiment. 
Starting the process with remaining connection 11 using tech 4!
Loaded pretrained model
Pretrained model has AUROC / IND / OOD = 0.9409200479927711 / 2.7055532932281494 / 4.35019588470459
Pruned model (before finetuning) has AUROC / IND / OOD = 0.6511289425802074 / 9.096809387207031 / 9.944725036621094
Pruned model (after finetuning) has AUROC / IND / OOD = 0.8989130647442864 / 4.441553115844727 / 6.279482364654541
Notification sent to chrome.
 
Currently running leave_8_encoder_fc2 experiment. 
Starting the process with remaining connection 12 using tech 4!
Loaded pretrained model
Pretrained model has AUROC / IND / OOD = 0.9409200479927711 / 2.7055532932281494 / 4.35019588470459
Pruned model (before finetuning) has AUROC / IND / OOD = 0.651240529867856 / 9.09687614440918 / 9.94540786743164
Pruned model (after finetuning) has AUROC / IND / OOD = 0.9152857408053667 / 4.584042549133301 / 6.692152500152588
Notification sent to chrome.
 
Currently running leave_8_encoder_fc2 experiment. 
Starting the process with remaining connection 13 using tech 4!
Loaded pretrained model
Pretrained model has AUROC / IND / OOD = 0.9409200479927711 / 2.7055532932281494 / 4.35019588470459
Pruned model (before finetuning) has AUROC / IND / OOD = 0.6511846793497771 / 9.0980224609375 / 9.946381568908691
Pruned model (after finetuning) has AUROC / IND / OOD = 0.9273183993673763 / 4.41947078704834 / 6.608288288116455
Notification sent to chrome.
 
Currently running leave_8_encoder_fc2 experiment. 
Starting the process with remaining connection 14 using tech 4!
Loaded pretrained model
Pretrained model has AUROC / IND / OOD = 0.9409200479927711 / 2.7055532932281494 / 4.35019588470459
Pruned model (before finetuning) has AUROC / IND / OOD = 0.6511844518527585 / 9.098024368286133 / 9.946381568908691
Pruned model (after finetuning) has AUROC / IND / OOD = 0.9170771660787386 / 4.371133804321289 / 6.358854293823242
Notification sent to chrome.
 
Currently running leave_8_encoder_fc2 experiment. 
Starting the process with remaining connection 15 using tech 4!
Loaded pretrained model
Pretrained model has AUROC / IND / OOD = 0.9409200479927711 / 2.7055532932281494 / 4.35019588470459
Pruned model (before finetuning) has AUROC / IND / OOD = 0.6511986135421695 / 9.097939491271973 / 9.94636058807373
Pruned model (after finetuning) has AUROC / IND / OOD = 0.9096759486966922 / 4.383919715881348 / 6.3171539306640625
Notification sent to chrome.
 
Currently running leave_8_encoder_fc2 experiment. 
Starting the process with remaining connection 16 using tech 4!
Loaded pretrained model
Pretrained model has AUROC / IND / OOD = 0.9409200479927711 / 2.7055532932281494 / 4.35019588470459
Pruned model (before finetuning) has AUROC / IND / OOD = 0.6511908217692808 / 9.09799575805664 / 9.946372032165527
Pruned model (after finetuning) has AUROC / IND / OOD = 0.9114753363657169 / 4.366652011871338 / 6.298494338989258
Notification sent to chrome.
 
Currently running leave_8_encoder_fc2 experiment. 
Starting the process with remaining connection 1 using tech 5!
Loaded pretrained model
Pretrained model has AUROC / IND / OOD = 0.9409200479927711 / 2.7055532932281494 / 4.35019588470459
Pruned model (before finetuning) has AUROC / IND / OOD = 0.6502830517906063 / 9.093437194824219 / 9.93792724609375
Pruned model (after finetuning) has AUROC / IND / OOD = 0.6681069882079195 / 6.440690517425537 / 7.275949478149414
Notification sent to chrome.
 
Currently running leave_8_encoder_fc2 experiment. 
Starting the process with remaining connection 2 using tech 5!
Loaded pretrained model
Pretrained model has AUROC / IND / OOD = 0.9409200479927711 / 2.7055532932281494 / 4.35019588470459
Pruned model (before finetuning) has AUROC / IND / OOD = 0.6510643903011651 / 9.095695495605469 / 9.943740844726562
Pruned model (after finetuning) has AUROC / IND / OOD = 0.768988778027064 / 5.832401752471924 / 7.120666980743408
Notification sent to chrome.
 
Currently running leave_8_encoder_fc2 experiment. 
Starting the process with remaining connection 3 using tech 5!
Loaded pretrained model
Pretrained model has AUROC / IND / OOD = 0.9409200479927711 / 2.7055532932281494 / 4.35019588470459
Pruned model (before finetuning) has AUROC / IND / OOD = 0.6510567691510403 / 9.09573745727539 / 9.943741798400879
Pruned model (after finetuning) has AUROC / IND / OOD = 0.7697097729534255 / 5.843374252319336 / 7.129153251647949
Notification sent to chrome.
 
Currently running leave_8_encoder_fc2 experiment. 
Starting the process with remaining connection 4 using tech 5!
Loaded pretrained model
Pretrained model has AUROC / IND / OOD = 0.9409200479927711 / 2.7055532932281494 / 4.35019588470459
Pruned model (before finetuning) has AUROC / IND / OOD = 0.6511046572734663 / 9.095654487609863 / 9.943879127502441
Pruned model (after finetuning) has AUROC / IND / OOD = 0.8833729708972164 / 5.0299882888793945 / 6.941683292388916
Notification sent to chrome.
 
Currently running leave_8_encoder_fc2 experiment. 
Starting the process with remaining connection 5 using tech 5!
Loaded pretrained model
Pretrained model has AUROC / IND / OOD = 0.9409200479927711 / 2.7055532932281494 / 4.35019588470459
Pruned model (before finetuning) has AUROC / IND / OOD = 0.6510987423509815 / 9.095722198486328 / 9.943929672241211
Pruned model (after finetuning) has AUROC / IND / OOD = 0.8708550611944231 / 4.964315891265869 / 6.797474384307861
Notification sent to chrome.
 
Currently running leave_8_encoder_fc2 experiment. 
Starting the process with remaining connection 6 using tech 5!
Loaded pretrained model
Pretrained model has AUROC / IND / OOD = 0.9409200479927711 / 2.7055532932281494 / 4.35019588470459
Pruned model (before finetuning) has AUROC / IND / OOD = 0.6510767888886816 / 9.0958251953125 / 9.943893432617188
Pruned model (after finetuning) has AUROC / IND / OOD = 0.9094093221908327 / 4.683518409729004 / 6.829495906829834
Notification sent to chrome.
 
Currently running leave_8_encoder_fc2 experiment. 
Starting the process with remaining connection 7 using tech 5!
Loaded pretrained model
Pretrained model has AUROC / IND / OOD = 0.9409200479927711 / 2.7055532932281494 / 4.35019588470459
Pruned model (before finetuning) has AUROC / IND / OOD = 0.6510746276670043 / 9.095832824707031 / 9.943893432617188
Pruned model (after finetuning) has AUROC / IND / OOD = 0.91285487828682 / 4.620866298675537 / 6.849956512451172
Notification sent to chrome.
 
Currently running leave_8_encoder_fc2 experiment. 
Starting the process with remaining connection 8 using tech 5!
Loaded pretrained model
Pretrained model has AUROC / IND / OOD = 0.9409200479927711 / 2.7055532932281494 / 4.35019588470459
Pruned model (before finetuning) has AUROC / IND / OOD = 0.6511208095617906 / 9.09674072265625 / 9.944611549377441
Pruned model (after finetuning) has AUROC / IND / OOD = 0.8898196676632553 / 4.4286274909973145 / 6.2389445304870605
Notification sent to chrome.
 
Currently running leave_8_encoder_fc2 experiment. 
Starting the process with remaining connection 9 using tech 5!
Loaded pretrained model
Pretrained model has AUROC / IND / OOD = 0.9409200479927711 / 2.7055532932281494 / 4.35019588470459
Pruned model (before finetuning) has AUROC / IND / OOD = 0.6511304213108288 / 9.096720695495605 / 9.944628715515137
Pruned model (after finetuning) has AUROC / IND / OOD = 0.9115971610192047 / 4.420954704284668 / 6.408875465393066
Notification sent to chrome.
 
Currently running leave_8_encoder_fc2 experiment. 
Starting the process with remaining connection 10 using tech 5!
Loaded pretrained model
Pretrained model has AUROC / IND / OOD = 0.9409200479927711 / 2.7055532932281494 / 4.35019588470459
Pruned model (before finetuning) has AUROC / IND / OOD = 0.6511342887601457 / 9.09671401977539 / 9.9446382522583
Pruned model (after finetuning) has AUROC / IND / OOD = 0.9170040826614966 / 4.62310791015625 / 6.763019561767578
Notification sent to chrome.
 
Currently running leave_8_encoder_fc2 experiment. 
Starting the process with remaining connection 11 using tech 5!
Loaded pretrained model
Pretrained model has AUROC / IND / OOD = 0.9409200479927711 / 2.7055532932281494 / 4.35019588470459
Pruned model (before finetuning) has AUROC / IND / OOD = 0.6511289425802074 / 9.096809387207031 / 9.944725036621094
Pruned model (after finetuning) has AUROC / IND / OOD = 0.9221704262065646 / 4.437048435211182 / 6.594377517700195
Notification sent to chrome.
 
Currently running leave_8_encoder_fc2 experiment. 
Starting the process with remaining connection 12 using tech 5!
Loaded pretrained model
Pretrained model has AUROC / IND / OOD = 0.9409200479927711 / 2.7055532932281494 / 4.35019588470459
Pruned model (before finetuning) has AUROC / IND / OOD = 0.6511287150831888 / 9.096810340881348 / 9.944725036621094
Pruned model (after finetuning) has AUROC / IND / OOD = 0.9119231642469325 / 4.4544172286987305 / 6.515341281890869
Notification sent to chrome.
 
Currently running leave_8_encoder_fc2 experiment. 
Starting the process with remaining connection 13 using tech 5!
Loaded pretrained model
Pretrained model has AUROC / IND / OOD = 0.9409200479927711 / 2.7055532932281494 / 4.35019588470459
Pruned model (before finetuning) has AUROC / IND / OOD = 0.651240529867856 / 9.09687614440918 / 9.94540786743164
Pruned model (after finetuning) has AUROC / IND / OOD = 0.9040001255783542 / 4.3958868980407715 / 6.298332214355469
Notification sent to chrome.
 
Currently running leave_8_encoder_fc2 experiment. 
Starting the process with remaining connection 14 using tech 5!
Loaded pretrained model
Pretrained model has AUROC / IND / OOD = 0.9409200479927711 / 2.7055532932281494 / 4.35019588470459
Pruned model (before finetuning) has AUROC / IND / OOD = 0.651231600609874 / 9.096930503845215 / 9.945420265197754
Pruned model (after finetuning) has AUROC / IND / OOD = 0.9030243908653576 / 4.404260158538818 / 6.284564971923828
Notification sent to chrome.
 
Currently running leave_8_encoder_fc2 experiment. 
Starting the process with remaining connection 15 using tech 5!
Loaded pretrained model
Pretrained model has AUROC / IND / OOD = 0.9409200479927711 / 2.7055532932281494 / 4.35019588470459
Pruned model (before finetuning) has AUROC / IND / OOD = 0.6511761482115777 / 9.098082542419434 / 9.946393966674805
Pruned model (after finetuning) has AUROC / IND / OOD = 0.9218361762119108 / 4.405753135681152 / 6.540463924407959
Notification sent to chrome.
 
Currently running leave_8_encoder_fc2 experiment. 
Starting the process with remaining connection 16 using tech 5!
Loaded pretrained model
Pretrained model has AUROC / IND / OOD = 0.9409200479927711 / 2.7055532932281494 / 4.35019588470459
Pruned model (before finetuning) has AUROC / IND / OOD = 0.6511727926305526 / 9.098402976989746 / 9.946805953979492
Pruned model (after finetuning) has AUROC / IND / OOD = 0.9253639724801407 / 4.377084255218506 / 6.509800910949707
Notification sent to chrome.
 
Currently running leave_8_encoder_fc2 experiment. 
Starting the process with remaining connection 1 using tech 6!
Loaded pretrained model
Pretrained model has AUROC / IND / OOD = 0.9409200479927711 / 2.7055532932281494 / 4.35019588470459
Pruned model (before finetuning) has AUROC / IND / OOD = 0.6502926635396443 / 9.093284606933594 / 9.937788963317871
Pruned model (after finetuning) has AUROC / IND / OOD = 0.5328455076846218 / 7.206655502319336 / 7.274991512298584
Notification sent to chrome.
 
Currently running leave_8_encoder_fc2 experiment. 
Starting the process with remaining connection 2 using tech 6!
Loaded pretrained model
Pretrained model has AUROC / IND / OOD = 0.9409200479927711 / 2.7055532932281494 / 4.35019588470459
Pruned model (before finetuning) has AUROC / IND / OOD = 0.6502926635396443 / 9.093284606933594 / 9.937788963317871
Pruned model (after finetuning) has AUROC / IND / OOD = 0.5324232732180045 / 7.206878185272217 / 7.275656700134277
Notification sent to chrome.
 
Currently running leave_8_encoder_fc2 experiment. 
Starting the process with remaining connection 3 using tech 6!
Loaded pretrained model
Pretrained model has AUROC / IND / OOD = 0.9409200479927711 / 2.7055532932281494 / 4.35019588470459
Pruned model (before finetuning) has AUROC / IND / OOD = 0.6502926635396443 / 9.093284606933594 / 9.937788963317871
Pruned model (after finetuning) has AUROC / IND / OOD = 0.5298568224763415 / 7.204809665679932 / 7.260728359222412
Notification sent to chrome.
 
Currently running leave_8_encoder_fc2 experiment. 
Starting the process with remaining connection 4 using tech 6!
Loaded pretrained model
Pretrained model has AUROC / IND / OOD = 0.9409200479927711 / 2.7055532932281494 / 4.35019588470459
Pruned model (before finetuning) has AUROC / IND / OOD = 0.6502926635396443 / 9.093284606933594 / 9.937788963317871
Pruned model (after finetuning) has AUROC / IND / OOD = 0.5303255232090183 / 7.207314968109131 / 7.270026683807373
Notification sent to chrome.
 
Currently running leave_8_encoder_fc2 experiment. 
Starting the process with remaining connection 5 using tech 6!
Loaded pretrained model
Pretrained model has AUROC / IND / OOD = 0.9409200479927711 / 2.7055532932281494 / 4.35019588470459
Pruned model (before finetuning) has AUROC / IND / OOD = 0.6502926635396443 / 9.093284606933594 / 9.937788963317871
Pruned model (after finetuning) has AUROC / IND / OOD = 0.5343969804775708 / 7.2058515548706055 / 7.278493881225586
Notification sent to chrome.
 
Currently running leave_8_encoder_fc2 experiment. 
Starting the process with remaining connection 6 using tech 6!
Loaded pretrained model
Pretrained model has AUROC / IND / OOD = 0.9409200479927711 / 2.7055532932281494 / 4.35019588470459
Pruned model (before finetuning) has AUROC / IND / OOD = 0.6502926635396443 / 9.093284606933594 / 9.937788963317871
Pruned model (after finetuning) has AUROC / IND / OOD = 0.5332332194786588 / 7.206142425537109 / 7.2739458084106445
Notification sent to chrome.
 
Currently running leave_8_encoder_fc2 experiment. 
Starting the process with remaining connection 7 using tech 6!
Loaded pretrained model
Pretrained model has AUROC / IND / OOD = 0.9409200479927711 / 2.7055532932281494 / 4.35019588470459
Pruned model (before finetuning) has AUROC / IND / OOD = 0.6502926635396443 / 9.093284606933594 / 9.937788963317871
Pruned model (after finetuning) has AUROC / IND / OOD = 0.5349291528784516 / 7.206596374511719 / 7.280702114105225
Notification sent to chrome.
 
Currently running leave_8_encoder_fc2 experiment. 
Starting the process with remaining connection 8 using tech 6!
Loaded pretrained model
Pretrained model has AUROC / IND / OOD = 0.9409200479927711 / 2.7055532932281494 / 4.35019588470459
Pruned model (before finetuning) has AUROC / IND / OOD = 0.6502926635396443 / 9.093284606933594 / 9.937788963317871
Pruned model (after finetuning) has AUROC / IND / OOD = 0.5329929826269627 / 7.205526828765869 / 7.269979476928711
Notification sent to chrome.
 
Currently running leave_8_encoder_fc2 experiment. 
Starting the process with remaining connection 9 using tech 6!
Loaded pretrained model
Pretrained model has AUROC / IND / OOD = 0.9409200479927711 / 2.7055532932281494 / 4.35019588470459
Pruned model (before finetuning) has AUROC / IND / OOD = 0.6502926635396443 / 9.093284606933594 / 9.937788963317871
Pruned model (after finetuning) has AUROC / IND / OOD = 0.5413228428391446 / 7.212281703948975 / 7.317317485809326
Notification sent to chrome.
 
Currently running leave_8_encoder_fc2 experiment. 
Starting the process with remaining connection 10 using tech 6!
Loaded pretrained model
Pretrained model has AUROC / IND / OOD = 0.9409200479927711 / 2.7055532932281494 / 4.35019588470459
Pruned model (before finetuning) has AUROC / IND / OOD = 0.6502926635396443 / 9.093284606933594 / 9.937788963317871
Pruned model (after finetuning) has AUROC / IND / OOD = 0.5327567838473477 / 7.204716205596924 / 7.26847505569458
Notification sent to chrome.
 
Currently running leave_8_encoder_fc2 experiment. 
Starting the process with remaining connection 11 using tech 6!
Loaded pretrained model
Pretrained model has AUROC / IND / OOD = 0.9409200479927711 / 2.7055532932281494 / 4.35019588470459
Pruned model (before finetuning) has AUROC / IND / OOD = 0.6502926635396443 / 9.093284606933594 / 9.937788963317871
Pruned model (after finetuning) has AUROC / IND / OOD = 0.5284701143991508 / 7.205602169036865 / 7.2532501220703125
Notification sent to chrome.
 
Currently running leave_8_encoder_fc2 experiment. 
Starting the process with remaining connection 12 using tech 6!
Loaded pretrained model
Pretrained model has AUROC / IND / OOD = 0.9409200479927711 / 2.7055532932281494 / 4.35019588470459
Pruned model (before finetuning) has AUROC / IND / OOD = 0.6502926635396443 / 9.093284606933594 / 9.937788963317871
Pruned model (after finetuning) has AUROC / IND / OOD = 0.5279556298914703 / 7.20583963394165 / 7.25260591506958
Notification sent to chrome.
 
Currently running leave_8_encoder_fc2 experiment. 
Starting the process with remaining connection 13 using tech 6!
Loaded pretrained model
Pretrained model has AUROC / IND / OOD = 0.9409200479927711 / 2.7055532932281494 / 4.35019588470459
Pruned model (before finetuning) has AUROC / IND / OOD = 0.6502926635396443 / 9.093284606933594 / 9.937788963317871
Pruned model (after finetuning) has AUROC / IND / OOD = 0.5378228012071902 / 7.208990573883057 / 7.296442031860352
Notification sent to chrome.
 
Currently running leave_8_encoder_fc2 experiment. 
Starting the process with remaining connection 14 using tech 6!
Loaded pretrained model
Pretrained model has AUROC / IND / OOD = 0.9409200479927711 / 2.7055532932281494 / 4.35019588470459
Pruned model (before finetuning) has AUROC / IND / OOD = 0.6502926635396443 / 9.093284606933594 / 9.937788963317871
Pruned model (after finetuning) has AUROC / IND / OOD = 0.5317301466764278 / 7.205824375152588 / 7.268095016479492
Notification sent to chrome.
 
Currently running leave_8_encoder_fc2 experiment. 
Starting the process with remaining connection 15 using tech 6!
Loaded pretrained model
Pretrained model has AUROC / IND / OOD = 0.9409200479927711 / 2.7055532932281494 / 4.35019588470459
Pruned model (before finetuning) has AUROC / IND / OOD = 0.6502927772881537 / 9.093282699584961 / 9.937788963317871
Pruned model (after finetuning) has AUROC / IND / OOD = 0.6530507805195214 / 6.4203290939331055 / 7.228351593017578
Notification sent to chrome.
 
Currently running leave_8_encoder_fc2 experiment. 
Starting the process with remaining connection 16 using tech 6!
Loaded pretrained model
Pretrained model has AUROC / IND / OOD = 0.9409200479927711 / 2.7055532932281494 / 4.35019588470459
Pruned model (before finetuning) has AUROC / IND / OOD = 0.6502927772881537 / 9.093282699584961 / 9.937788963317871
Pruned model (after finetuning) has AUROC / IND / OOD = 0.6688775774843471 / 6.42592716217041 / 7.291437149047852
Notification sent to chrome.
 
Currently running leave_8_encoder_fc2 experiment. 
Starting the process with remaining connection 1 using tech 7!
Loaded pretrained model
Pretrained model has AUROC / IND / OOD = 0.9409200479927711 / 2.7055532932281494 / 4.35019588470459
Pruned model (before finetuning) has AUROC / IND / OOD = 0.6502926635396443 / 9.093284606933594 / 9.937788963317871
Pruned model (after finetuning) has AUROC / IND / OOD = 0.5401419626895789 / 7.210763454437256 / 7.308139801025391
Notification sent to chrome.
 
Currently running leave_8_encoder_fc2 experiment. 
Starting the process with remaining connection 2 using tech 7!
Loaded pretrained model
Pretrained model has AUROC / IND / OOD = 0.9409200479927711 / 2.7055532932281494 / 4.35019588470459
Pruned model (before finetuning) has AUROC / IND / OOD = 0.6502926635396443 / 9.093284606933594 / 9.937788963317871
Pruned model (after finetuning) has AUROC / IND / OOD = 0.5341805170643238 / 7.206964015960693 / 7.280613422393799
Notification sent to chrome.
 
Currently running leave_8_encoder_fc2 experiment. 
Starting the process with remaining connection 3 using tech 7!
Loaded pretrained model
Pretrained model has AUROC / IND / OOD = 0.9409200479927711 / 2.7055532932281494 / 4.35019588470459
Pruned model (before finetuning) has AUROC / IND / OOD = 0.6502926635396443 / 9.093284606933594 / 9.937788963317871
Pruned model (after finetuning) has AUROC / IND / OOD = 0.5327394940739302 / 7.20768928527832 / 7.273784637451172
Notification sent to chrome.
 
Currently running leave_8_encoder_fc2 experiment. 
Starting the process with remaining connection 4 using tech 7!
Loaded pretrained model
Pretrained model has AUROC / IND / OOD = 0.9409200479927711 / 2.7055532932281494 / 4.35019588470459
Pruned model (before finetuning) has AUROC / IND / OOD = 0.6502926635396443 / 9.093284606933594 / 9.937788963317871
Pruned model (after finetuning) has AUROC / IND / OOD = 0.530968543532237 / 7.2052435874938965 / 7.263333320617676
Notification sent to chrome.
 
Currently running leave_8_encoder_fc2 experiment. 
Starting the process with remaining connection 5 using tech 7!
Loaded pretrained model
Pretrained model has AUROC / IND / OOD = 0.9409200479927711 / 2.7055532932281494 / 4.35019588470459
Pruned model (before finetuning) has AUROC / IND / OOD = 0.6502926635396443 / 9.093284606933594 / 9.937788963317871
Pruned model (after finetuning) has AUROC / IND / OOD = 0.5342893743877486 / 7.206247329711914 / 7.280544281005859
Notification sent to chrome.
 
Currently running leave_8_encoder_fc2 experiment. 
Starting the process with remaining connection 6 using tech 7!
Loaded pretrained model
Pretrained model has AUROC / IND / OOD = 0.9409200479927711 / 2.7055532932281494 / 4.35019588470459
Pruned model (before finetuning) has AUROC / IND / OOD = 0.6502926635396443 / 9.093284606933594 / 9.937788963317871
Pruned model (after finetuning) has AUROC / IND / OOD = 0.5333549303836372 / 7.2080979347229 / 7.282817363739014
Notification sent to chrome.
 
Currently running leave_8_encoder_fc2 experiment. 
Starting the process with remaining connection 7 using tech 7!
Loaded pretrained model
Pretrained model has AUROC / IND / OOD = 0.9409200479927711 / 2.7055532932281494 / 4.35019588470459
Pruned model (before finetuning) has AUROC / IND / OOD = 0.6502926635396443 / 9.093284606933594 / 9.937788963317871
Pruned model (after finetuning) has AUROC / IND / OOD = 0.534574769397647 / 7.205411434173584 / 7.272890090942383
Notification sent to chrome.
 
Currently running leave_8_encoder_fc2 experiment. 
Starting the process with remaining connection 8 using tech 7!
Loaded pretrained model
Pretrained model has AUROC / IND / OOD = 0.9409200479927711 / 2.7055532932281494 / 4.35019588470459
Pruned model (before finetuning) has AUROC / IND / OOD = 0.6502926635396443 / 9.093284606933594 / 9.937788963317871
Pruned model (after finetuning) has AUROC / IND / OOD = 0.5395377306080403 / 7.21043586730957 / 7.310080528259277
Notification sent to chrome.
 
Currently running leave_8_encoder_fc2 experiment. 
Starting the process with remaining connection 9 using tech 7!
Loaded pretrained model
Pretrained model has AUROC / IND / OOD = 0.9409200479927711 / 2.7055532932281494 / 4.35019588470459
Pruned model (before finetuning) has AUROC / IND / OOD = 0.6502926635396443 / 9.093284606933594 / 9.937788963317871
Pruned model (after finetuning) has AUROC / IND / OOD = 0.5317079088428546 / 7.2074875831604 / 7.268135070800781
Notification sent to chrome.
 
Currently running leave_8_encoder_fc2 experiment. 
Starting the process with remaining connection 10 using tech 7!
Loaded pretrained model
Pretrained model has AUROC / IND / OOD = 0.9409200479927711 / 2.7055532932281494 / 4.35019588470459
Pruned model (before finetuning) has AUROC / IND / OOD = 0.6502926635396443 / 9.093284606933594 / 9.937788963317871
Pruned model (after finetuning) has AUROC / IND / OOD = 0.5246388371080397 / 7.205296993255615 / 7.242110252380371
Notification sent to chrome.
 
Currently running leave_8_encoder_fc2 experiment. 
Starting the process with remaining connection 11 using tech 7!
Loaded pretrained model
Pretrained model has AUROC / IND / OOD = 0.9409200479927711 / 2.7055532932281494 / 4.35019588470459
Pruned model (before finetuning) has AUROC / IND / OOD = 0.6502926635396443 / 9.093284606933594 / 9.937788963317871
Pruned model (after finetuning) has AUROC / IND / OOD = 0.5379898977673898 / 7.209401607513428 / 7.297417640686035
Notification sent to chrome.
 
Currently running leave_8_encoder_fc2 experiment. 
Starting the process with remaining connection 12 using tech 7!
Loaded pretrained model
Pretrained model has AUROC / IND / OOD = 0.9409200479927711 / 2.7055532932281494 / 4.35019588470459
Pruned model (before finetuning) has AUROC / IND / OOD = 0.6502926635396443 / 9.093284606933594 / 9.937788963317871
Pruned model (after finetuning) has AUROC / IND / OOD = 0.5330437144621221 / 7.2057037353515625 / 7.271819591522217
Notification sent to chrome.
 
Currently running leave_8_encoder_fc2 experiment. 
Starting the process with remaining connection 13 using tech 7!
Loaded pretrained model
Pretrained model has AUROC / IND / OOD = 0.9409200479927711 / 2.7055532932281494 / 4.35019588470459
Pruned model (before finetuning) has AUROC / IND / OOD = 0.6502926635396443 / 9.093284606933594 / 9.937788963317871
Pruned model (after finetuning) has AUROC / IND / OOD = 0.5333056204048445 / 7.206667900085449 / 7.272110462188721
Notification sent to chrome.
 
Currently running leave_8_encoder_fc2 experiment. 
Starting the process with remaining connection 14 using tech 7!
Loaded pretrained model
Pretrained model has AUROC / IND / OOD = 0.9409200479927711 / 2.7055532932281494 / 4.35019588470459
Pruned model (before finetuning) has AUROC / IND / OOD = 0.6502926635396443 / 9.093284606933594 / 9.937788963317871
Pruned model (after finetuning) has AUROC / IND / OOD = 0.5338958614197361 / 7.207938194274902 / 7.27878999710083
Notification sent to chrome.
 
Currently running leave_8_encoder_fc2 experiment. 
Starting the process with remaining connection 15 using tech 7!
Loaded pretrained model
Pretrained model has AUROC / IND / OOD = 0.9409200479927711 / 2.7055532932281494 / 4.35019588470459
Pruned model (before finetuning) has AUROC / IND / OOD = 0.6502927772881537 / 9.093282699584961 / 9.937788963317871
Pruned model (after finetuning) has AUROC / IND / OOD = 0.6768966198947962 / 6.428439140319824 / 7.321376323699951
Notification sent to chrome.
 
Currently running leave_8_encoder_fc2 experiment. 
Starting the process with remaining connection 16 using tech 7!
Loaded pretrained model
Pretrained model has AUROC / IND / OOD = 0.9409200479927711 / 2.7055532932281494 / 4.35019588470459
Pruned model (before finetuning) has AUROC / IND / OOD = 0.6502927772881537 / 9.093282699584961 / 9.937788963317871
Pruned model (after finetuning) has AUROC / IND / OOD = 0.66909557650247 / 6.424132823944092 / 7.290665626525879
Notification sent to chrome.
 
Currently running leave_8_encoder_fc2 experiment. 
Starting the process with remaining connection 1 using tech 8!
Loaded pretrained model
Pretrained model has AUROC / IND / OOD = 0.9409200479927711 / 2.7055532932281494 / 4.35019588470459
Pruned model (before finetuning) has AUROC / IND / OOD = 0.6502926635396443 / 9.093284606933594 / 9.937788963317871
Pruned model (after finetuning) has AUROC / IND / OOD = 0.5304791974451175 / 7.20750093460083 / 7.266271114349365
Notification sent to chrome.
 
Currently running leave_8_encoder_fc2 experiment. 
Starting the process with remaining connection 2 using tech 8!
Loaded pretrained model
Pretrained model has AUROC / IND / OOD = 0.9409200479927711 / 2.7055532932281494 / 4.35019588470459
Pruned model (before finetuning) has AUROC / IND / OOD = 0.6502926635396443 / 9.093284606933594 / 9.937788963317871
Pruned model (after finetuning) has AUROC / IND / OOD = 0.5311220471455722 / 7.206687927246094 / 7.266980171203613
Notification sent to chrome.
 
Currently running leave_8_encoder_fc2 experiment. 
Starting the process with remaining connection 3 using tech 8!
Loaded pretrained model
Pretrained model has AUROC / IND / OOD = 0.9409200479927711 / 2.7055532932281494 / 4.35019588470459
Pruned model (before finetuning) has AUROC / IND / OOD = 0.6502926635396443 / 9.093284606933594 / 9.937788963317871
Pruned model (after finetuning) has AUROC / IND / OOD = 0.5286285660726416 / 7.204903602600098 / 7.251605033874512
Notification sent to chrome.
 
Currently running leave_8_encoder_fc2 experiment. 
Starting the process with remaining connection 4 using tech 8!
Loaded pretrained model
Pretrained model has AUROC / IND / OOD = 0.9409200479927711 / 2.7055532932281494 / 4.35019588470459
Pruned model (before finetuning) has AUROC / IND / OOD = 0.6502902179466938 / 9.093381881713867 / 9.937861442565918
Pruned model (after finetuning) has AUROC / IND / OOD = 0.7876527471857482 / 5.834872245788574 / 7.234935760498047
Notification sent to chrome.
 
Currently running leave_8_encoder_fc2 experiment. 
Starting the process with remaining connection 5 using tech 8!
Loaded pretrained model
Pretrained model has AUROC / IND / OOD = 0.9409200479927711 / 2.7055532932281494 / 4.35019588470459
Pruned model (before finetuning) has AUROC / IND / OOD = 0.6502839617786809 / 9.093338966369629 / 9.937801361083984
Pruned model (after finetuning) has AUROC / IND / OOD = 0.7513721482679969 / 6.024393081665039 / 7.148473739624023
Notification sent to chrome.
 
Currently running leave_8_encoder_fc2 experiment. 
Starting the process with remaining connection 6 using tech 8!
Loaded pretrained model
Pretrained model has AUROC / IND / OOD = 0.9409200479927711 / 2.7055532932281494 / 4.35019588470459
Pruned model (before finetuning) has AUROC / IND / OOD = 0.6502223100866261 / 9.092938423156738 / 9.937032699584961
Pruned model (after finetuning) has AUROC / IND / OOD = 0.6605613670932842 / 6.521078109741211 / 7.371253967285156
Notification sent to chrome.
 
Currently running leave_8_encoder_fc2 experiment. 
Starting the process with remaining connection 7 using tech 8!
Loaded pretrained model
Pretrained model has AUROC / IND / OOD = 0.9409200479927711 / 2.7055532932281494 / 4.35019588470459
Pruned model (before finetuning) has AUROC / IND / OOD = 0.6502948247613215 / 9.092948913574219 / 9.937530517578125
Pruned model (after finetuning) has AUROC / IND / OOD = 0.7962550350777653 / 5.794337272644043 / 7.252873420715332
Notification sent to chrome.
 
Currently running leave_8_encoder_fc2 experiment. 
Starting the process with remaining connection 8 using tech 8!
Loaded pretrained model
Pretrained model has AUROC / IND / OOD = 0.9409200479927711 / 2.7055532932281494 / 4.35019588470459
Pruned model (before finetuning) has AUROC / IND / OOD = 0.6503139913851429 / 9.093070030212402 / 9.937726974487305
Pruned model (after finetuning) has AUROC / IND / OOD = 0.8974979764140191 / 4.522853374481201 / 6.639342784881592
Notification sent to chrome.
 
Currently running leave_8_encoder_fc2 experiment. 
Starting the process with remaining connection 9 using tech 8!
Loaded pretrained model
Pretrained model has AUROC / IND / OOD = 0.9409200479927711 / 2.7055532932281494 / 4.35019588470459
Pruned model (before finetuning) has AUROC / IND / OOD = 0.6502717906881831 / 9.0926513671875 / 9.936954498291016
Pruned model (after finetuning) has AUROC / IND / OOD = 0.8785338249392242 / 4.891811847686768 / 6.800143718719482
Notification sent to chrome.
 
Currently running leave_8_encoder_fc2 experiment. 
Starting the process with remaining connection 10 using tech 8!
Loaded pretrained model
Pretrained model has AUROC / IND / OOD = 0.9409200479927711 / 2.7055532932281494 / 4.35019588470459
Pruned model (before finetuning) has AUROC / IND / OOD = 0.6502879429765074 / 9.092825889587402 / 9.93718147277832
Pruned model (after finetuning) has AUROC / IND / OOD = 0.78649928042693 / 5.801056385040283 / 7.18171501159668
Notification sent to chrome.
 
Currently running leave_8_encoder_fc2 experiment. 
Starting the process with remaining connection 11 using tech 8!
Loaded pretrained model
Pretrained model has AUROC / IND / OOD = 0.9409200479927711 / 2.7055532932281494 / 4.35019588470459
Pruned model (before finetuning) has AUROC / IND / OOD = 0.6502885117190539 / 9.09293270111084 / 9.937284469604492
Pruned model (after finetuning) has AUROC / IND / OOD = 0.8891862590890746 / 4.866859436035156 / 6.881590843200684
Notification sent to chrome.
 
Currently running leave_8_encoder_fc2 experiment. 
Starting the process with remaining connection 12 using tech 8!
Loaded pretrained model
Pretrained model has AUROC / IND / OOD = 0.9409200479927711 / 2.7055532932281494 / 4.35019588470459
Pruned model (before finetuning) has AUROC / IND / OOD = 0.6502823124252957 / 9.093355178833008 / 9.937807083129883
Pruned model (after finetuning) has AUROC / IND / OOD = 0.8073100252021198 / 5.3997955322265625 / 6.935377597808838
Notification sent to chrome.
 
Currently running leave_8_encoder_fc2 experiment. 
Starting the process with remaining connection 13 using tech 8!
Loaded pretrained model
Pretrained model has AUROC / IND / OOD = 0.9409200479927711 / 2.7055532932281494 / 4.35019588470459
Pruned model (before finetuning) has AUROC / IND / OOD = 0.6503499927883445 / 9.093560218811035 / 9.938705444335938
Pruned model (after finetuning) has AUROC / IND / OOD = 0.9060958849884273 / 4.521629333496094 / 6.695373058319092
Notification sent to chrome.
 
Currently running leave_8_encoder_fc2 experiment. 
Starting the process with remaining connection 14 using tech 8!
Loaded pretrained model
Pretrained model has AUROC / IND / OOD = 0.9409200479927711 / 2.7055532932281494 / 4.35019588470459
Pruned model (before finetuning) has AUROC / IND / OOD = 0.6500771669887266 / 9.095297813415527 / 9.939486503601074
Pruned model (after finetuning) has AUROC / IND / OOD = 0.92365757421749 / 4.532240867614746 / 6.89077091217041
Notification sent to chrome.
 
Currently running leave_8_encoder_fc2 experiment. 
Starting the process with remaining connection 15 using tech 8!
Loaded pretrained model
Pretrained model has AUROC / IND / OOD = 0.9409200479927711 / 2.7055532932281494 / 4.35019588470459
Pruned model (before finetuning) has AUROC / IND / OOD = 0.6503104651813538 / 9.093316078186035 / 9.93789291381836
Pruned model (after finetuning) has AUROC / IND / OOD = 0.910192765048814 / 4.186912536621094 / 6.158473491668701
Notification sent to chrome.
 
Currently running leave_8_encoder_fc2 experiment. 
Starting the process with remaining connection 16 using tech 8!
Loaded pretrained model
Pretrained model has AUROC / IND / OOD = 0.9409200479927711 / 2.7055532932281494 / 4.35019588470459
Pruned model (before finetuning) has AUROC / IND / OOD = 0.6503130245228135 / 9.09048843383789 / 9.9346342086792
Pruned model (after finetuning) has AUROC / IND / OOD = 0.9079213779403421 / 3.868145704269409 / 5.623616695404053
Notification sent to chrome.
