 
Currently running leave_9_encoder_fc4 experiment. 
Starting the process with remaining connection 1 using tech 0!
Loaded pretrained model
Pretrained model has AUROC / IND / OOD = 0.6365012738760124 / 2.7788734436035156 / 3.145264148712158
Pruned model (before finetuning) has AUROC / IND / OOD = 0.44570553374649835 / 9.164640426635742 / 8.890375137329102
Pruned model (after finetuning) has AUROC / IND / OOD = 0.6013707794348693 / 5.828968048095703 / 6.432370185852051
Notification sent to chrome.
 
Currently running leave_9_encoder_fc4 experiment. 
Starting the process with remaining connection 2 using tech 0!
Loaded pretrained model
Pretrained model has AUROC / IND / OOD = 0.6365012738760124 / 2.7788734436035156 / 3.145264148712158
Pruned model (before finetuning) has AUROC / IND / OOD = 0.45438704864979496 / 9.209983825683594 / 8.987311363220215
Pruned model (after finetuning) has AUROC / IND / OOD = 0.6482875343133025 / 5.241522789001465 / 6.100839614868164
Notification sent to chrome.
 
Currently running leave_9_encoder_fc4 experiment. 
Starting the process with remaining connection 3 using tech 0!
Loaded pretrained model
Pretrained model has AUROC / IND / OOD = 0.6365012738760124 / 2.7788734436035156 / 3.145264148712158
Pruned model (before finetuning) has AUROC / IND / OOD = 0.4473171552788335 / 9.055768966674805 / 8.789498329162598
Pruned model (after finetuning) has AUROC / IND / OOD = 0.6667523706946678 / 4.769911289215088 / 5.575403690338135
Notification sent to chrome.
 
Currently running leave_9_encoder_fc4 experiment. 
Starting the process with remaining connection 4 using tech 0!
Loaded pretrained model
Pretrained model has AUROC / IND / OOD = 0.6365012738760124 / 2.7788734436035156 / 3.145264148712158
Pruned model (before finetuning) has AUROC / IND / OOD = 0.45055401178074894 / 9.09122085571289 / 8.840350151062012
Pruned model (after finetuning) has AUROC / IND / OOD = 0.6424078521865109 / 4.788696765899658 / 5.547362804412842
Notification sent to chrome.
 
Currently running leave_9_encoder_fc4 experiment. 
Starting the process with remaining connection 5 using tech 0!
Loaded pretrained model
Pretrained model has AUROC / IND / OOD = 0.6365012738760124 / 2.7788734436035156 / 3.145264148712158
Pruned model (before finetuning) has AUROC / IND / OOD = 0.4476684040058118 / 9.095728874206543 / 8.833736419677734
Pruned model (after finetuning) has AUROC / IND / OOD = 0.7135680444236769 / 4.443991661071777 / 5.402512073516846
Notification sent to chrome.
 
Currently running leave_9_encoder_fc4 experiment. 
Starting the process with remaining connection 6 using tech 0!
Loaded pretrained model
Pretrained model has AUROC / IND / OOD = 0.6365012738760124 / 2.7788734436035156 / 3.145264148712158
Pruned model (before finetuning) has AUROC / IND / OOD = 0.4579268730243293 / 9.00257396697998 / 8.808146476745605
Pruned model (after finetuning) has AUROC / IND / OOD = 0.72764841705487 / 4.155570983886719 / 5.164760589599609
Notification sent to chrome.
 
Currently running leave_9_encoder_fc4 experiment. 
Starting the process with remaining connection 7 using tech 0!
Loaded pretrained model
Pretrained model has AUROC / IND / OOD = 0.6365012738760124 / 2.7788734436035156 / 3.145264148712158
Pruned model (before finetuning) has AUROC / IND / OOD = 0.46160735121202023 / 9.02122688293457 / 8.83578872680664
Pruned model (after finetuning) has AUROC / IND / OOD = 0.7449027047088934 / 3.8974061012268066 / 4.931180000305176
Notification sent to chrome.
 
Currently running leave_9_encoder_fc4 experiment. 
Starting the process with remaining connection 8 using tech 0!
Loaded pretrained model
Pretrained model has AUROC / IND / OOD = 0.6365012738760124 / 2.7788734436035156 / 3.145264148712158
Pruned model (before finetuning) has AUROC / IND / OOD = 0.4645130208944767 / 8.91956615447998 / 8.743043899536133
Pruned model (after finetuning) has AUROC / IND / OOD = 0.729157910250301 / 3.8700973987579346 / 4.853386878967285
Notification sent to chrome.
 
Currently running leave_9_encoder_fc4 experiment. 
Starting the process with remaining connection 9 using tech 0!
Loaded pretrained model
Pretrained model has AUROC / IND / OOD = 0.6365012738760124 / 2.7788734436035156 / 3.145264148712158
Pruned model (before finetuning) has AUROC / IND / OOD = 0.4664091467306972 / 8.86382007598877 / 8.697652816772461
Pruned model (after finetuning) has AUROC / IND / OOD = 0.8006896886976174 / 3.6149322986602783 / 4.867741107940674
Notification sent to chrome.
 
Currently running leave_9_encoder_fc4 experiment. 
Starting the process with remaining connection 10 using tech 0!
Loaded pretrained model
Pretrained model has AUROC / IND / OOD = 0.6365012738760124 / 2.7788734436035156 / 3.145264148712158
Pruned model (before finetuning) has AUROC / IND / OOD = 0.4434082799901542 / 9.011738777160645 / 8.732902526855469
Pruned model (after finetuning) has AUROC / IND / OOD = 0.772374841530221 / 3.639511823654175 / 4.712381839752197
Notification sent to chrome.
 
Currently running leave_9_encoder_fc4 experiment. 
Starting the process with remaining connection 11 using tech 0!
Loaded pretrained model
Pretrained model has AUROC / IND / OOD = 0.6365012738760124 / 2.7788734436035156 / 3.145264148712158
Pruned model (before finetuning) has AUROC / IND / OOD = 0.4370048387777712 / 9.016620635986328 / 8.704954147338867
Pruned model (after finetuning) has AUROC / IND / OOD = 0.7391381029746849 / 3.62395977973938 / 4.530818462371826
Notification sent to chrome.
 
Currently running leave_9_encoder_fc4 experiment. 
Starting the process with remaining connection 12 using tech 0!
Loaded pretrained model
Pretrained model has AUROC / IND / OOD = 0.6365012738760124 / 2.7788734436035156 / 3.145264148712158
Pruned model (before finetuning) has AUROC / IND / OOD = 0.44219481016089324 / 8.911956787109375 / 8.62228012084961
Pruned model (after finetuning) has AUROC / IND / OOD = 0.7626877510700878 / 3.4350392818450928 / 4.400254249572754
Notification sent to chrome.
 
Currently running leave_9_encoder_fc4 experiment. 
Starting the process with remaining connection 13 using tech 0!
Loaded pretrained model
Pretrained model has AUROC / IND / OOD = 0.6365012738760124 / 2.7788734436035156 / 3.145264148712158
Pruned model (before finetuning) has AUROC / IND / OOD = 0.46380368916433223 / 8.933511734008789 / 8.760550498962402
Pruned model (after finetuning) has AUROC / IND / OOD = 0.7152175851658288 / 3.488922595977783 / 4.229400157928467
Notification sent to chrome.
 
Currently running leave_9_encoder_fc4 experiment. 
Starting the process with remaining connection 14 using tech 0!
Loaded pretrained model
Pretrained model has AUROC / IND / OOD = 0.6365012738760124 / 2.7788734436035156 / 3.145264148712158
Pruned model (before finetuning) has AUROC / IND / OOD = 0.4465106004584036 / 9.034860610961914 / 8.778085708618164
Pruned model (after finetuning) has AUROC / IND / OOD = 0.7300749709074784 / 3.446312665939331 / 4.226109504699707
Notification sent to chrome.
 
Currently running leave_9_encoder_fc4 experiment. 
Starting the process with remaining connection 15 using tech 0!
Loaded pretrained model
Pretrained model has AUROC / IND / OOD = 0.6365012738760124 / 2.7788734436035156 / 3.145264148712158
Pruned model (before finetuning) has AUROC / IND / OOD = 0.46151861585183906 / 9.027344703674316 / 8.842960357666016
Pruned model (after finetuning) has AUROC / IND / OOD = 0.7334808655147825 / 3.4900336265563965 / 4.295288562774658
Notification sent to chrome.
 
Currently running leave_9_encoder_fc4 experiment. 
Starting the process with remaining connection 16 using tech 0!
Loaded pretrained model
Pretrained model has AUROC / IND / OOD = 0.6365012738760124 / 2.7788734436035156 / 3.145264148712158
Pruned model (before finetuning) has AUROC / IND / OOD = 0.46444600089573107 / 9.086344718933105 / 8.925965309143066
Pruned model (after finetuning) has AUROC / IND / OOD = 0.711046857891919 / 3.4635345935821533 / 4.170775413513184
Notification sent to chrome.
 
Currently running leave_9_encoder_fc4 experiment. 
Starting the process with remaining connection 1 using tech 1!
Loaded pretrained model
Pretrained model has AUROC / IND / OOD = 0.6365012738760124 / 2.7788734436035156 / 3.145264148712158
Pruned model (before finetuning) has AUROC / IND / OOD = 0.43544739541876415 / 9.104253768920898 / 8.765846252441406
Pruned model (after finetuning) has AUROC / IND / OOD = 0.3810768151699767 / 7.254782676696777 / 6.834501266479492
Notification sent to chrome.
 
Currently running leave_9_encoder_fc4 experiment. 
Starting the process with remaining connection 2 using tech 1!
Loaded pretrained model
Pretrained model has AUROC / IND / OOD = 0.6365012738760124 / 2.7788734436035156 / 3.145264148712158
Pruned model (before finetuning) has AUROC / IND / OOD = 0.4354444743168452 / 9.104248046875 / 8.765822410583496
Pruned model (after finetuning) has AUROC / IND / OOD = 0.5695403034352489 / 5.831485271453857 / 6.283536911010742
Notification sent to chrome.
 
Currently running leave_9_encoder_fc4 experiment. 
Starting the process with remaining connection 3 using tech 1!
Loaded pretrained model
Pretrained model has AUROC / IND / OOD = 0.6365012738760124 / 2.7788734436035156 / 3.145264148712158
Pruned model (before finetuning) has AUROC / IND / OOD = 0.4354444743168452 / 9.104248046875 / 8.765822410583496
Pruned model (after finetuning) has AUROC / IND / OOD = 0.5240804619177044 / 5.86735200881958 / 6.155399322509766
Notification sent to chrome.
 
Currently running leave_9_encoder_fc4 experiment. 
Starting the process with remaining connection 4 using tech 1!
Loaded pretrained model
Pretrained model has AUROC / IND / OOD = 0.6365012738760124 / 2.7788734436035156 / 3.145264148712158
Pruned model (before finetuning) has AUROC / IND / OOD = 0.4354444743168452 / 9.104248046875 / 8.765822410583496
Pruned model (after finetuning) has AUROC / IND / OOD = 0.7076939840402015 / 5.21158504486084 / 6.201163291931152
Notification sent to chrome.
 
Currently running leave_9_encoder_fc4 experiment. 
Starting the process with remaining connection 5 using tech 1!
Loaded pretrained model
Pretrained model has AUROC / IND / OOD = 0.6365012738760124 / 2.7788734436035156 / 3.145264148712158
Pruned model (before finetuning) has AUROC / IND / OOD = 0.4354444743168452 / 9.104248046875 / 8.765822410583496
Pruned model (after finetuning) has AUROC / IND / OOD = 0.6012461641247017 / 5.266923904418945 / 5.86863374710083
Notification sent to chrome.
 
Currently running leave_9_encoder_fc4 experiment. 
Starting the process with remaining connection 6 using tech 1!
Loaded pretrained model
Pretrained model has AUROC / IND / OOD = 0.6365012738760124 / 2.7788734436035156 / 3.145264148712158
Pruned model (before finetuning) has AUROC / IND / OOD = 0.43546481180001717 / 9.10434341430664 / 8.766005516052246
Pruned model (after finetuning) has AUROC / IND / OOD = 0.6489227913079911 / 5.243766784667969 / 5.992818832397461
Notification sent to chrome.
 
Currently running leave_9_encoder_fc4 experiment. 
Starting the process with remaining connection 7 using tech 1!
Loaded pretrained model
Pretrained model has AUROC / IND / OOD = 0.6365012738760124 / 2.7788734436035156 / 3.145264148712158
Pruned model (before finetuning) has AUROC / IND / OOD = 0.4354565996455656 / 9.10433292388916 / 8.7659273147583
Pruned model (after finetuning) has AUROC / IND / OOD = 0.652561878032641 / 4.826982498168945 / 5.6028971672058105
Notification sent to chrome.
 
Currently running leave_9_encoder_fc4 experiment. 
Starting the process with remaining connection 8 using tech 1!
Loaded pretrained model
Pretrained model has AUROC / IND / OOD = 0.6365012738760124 / 2.7788734436035156 / 3.145264148712158
Pruned model (before finetuning) has AUROC / IND / OOD = 0.43547715758925976 / 9.104625701904297 / 8.766287803649902
Pruned model (after finetuning) has AUROC / IND / OOD = 0.7309752214498388 / 4.443017959594727 / 5.48168420791626
Notification sent to chrome.
 
Currently running leave_9_encoder_fc4 experiment. 
Starting the process with remaining connection 9 using tech 1!
Loaded pretrained model
Pretrained model has AUROC / IND / OOD = 0.6365012738760124 / 2.7788734436035156 / 3.145264148712158
Pruned model (before finetuning) has AUROC / IND / OOD = 0.43537392694974464 / 9.10479736328125 / 8.766008377075195
Pruned model (after finetuning) has AUROC / IND / OOD = 0.7112151795006106 / 4.446821689605713 / 5.405618190765381
Notification sent to chrome.
 
Currently running leave_9_encoder_fc4 experiment. 
Starting the process with remaining connection 10 using tech 1!
Loaded pretrained model
Pretrained model has AUROC / IND / OOD = 0.6365012738760124 / 2.7788734436035156 / 3.145264148712158
Pruned model (before finetuning) has AUROC / IND / OOD = 0.43537392694974464 / 9.10479736328125 / 8.766008377075195
Pruned model (after finetuning) has AUROC / IND / OOD = 0.7003025489976266 / 4.452997207641602 / 5.345790386199951
Notification sent to chrome.
 
Currently running leave_9_encoder_fc4 experiment. 
Starting the process with remaining connection 11 using tech 1!
Loaded pretrained model
Pretrained model has AUROC / IND / OOD = 0.6365012738760124 / 2.7788734436035156 / 3.145264148712158
Pruned model (before finetuning) has AUROC / IND / OOD = 0.43537624178522766 / 9.105164527893066 / 8.76633358001709
Pruned model (after finetuning) has AUROC / IND / OOD = 0.7242947715913248 / 4.455133438110352 / 5.477655410766602
Notification sent to chrome.
 
Currently running leave_9_encoder_fc4 experiment. 
Starting the process with remaining connection 12 using tech 1!
Loaded pretrained model
Pretrained model has AUROC / IND / OOD = 0.6365012738760124 / 2.7788734436035156 / 3.145264148712158
Pruned model (before finetuning) has AUROC / IND / OOD = 0.43537624178522766 / 9.105164527893066 / 8.76633358001709
Pruned model (after finetuning) has AUROC / IND / OOD = 0.6707982070827573 / 4.471225738525391 / 5.2536139488220215
Notification sent to chrome.
 
Currently running leave_9_encoder_fc4 experiment. 
Starting the process with remaining connection 13 using tech 1!
Loaded pretrained model
Pretrained model has AUROC / IND / OOD = 0.6365012738760124 / 2.7788734436035156 / 3.145264148712158
Pruned model (before finetuning) has AUROC / IND / OOD = 0.43550438446375017 / 9.104623794555664 / 8.76646900177002
Pruned model (after finetuning) has AUROC / IND / OOD = 0.7645692713967134 / 4.206812858581543 / 5.366363048553467
Notification sent to chrome.
 
Currently running leave_9_encoder_fc4 experiment. 
Starting the process with remaining connection 14 using tech 1!
Loaded pretrained model
Pretrained model has AUROC / IND / OOD = 0.6365012738760124 / 2.7788734436035156 / 3.145264148712158
Pruned model (before finetuning) has AUROC / IND / OOD = 0.43550438446375017 / 9.104623794555664 / 8.76646900177002
Pruned model (after finetuning) has AUROC / IND / OOD = 0.7288864682323553 / 4.1924896240234375 / 5.205964088439941
Notification sent to chrome.
 
Currently running leave_9_encoder_fc4 experiment. 
Starting the process with remaining connection 15 using tech 1!
Loaded pretrained model
Pretrained model has AUROC / IND / OOD = 0.6365012738760124 / 2.7788734436035156 / 3.145264148712158
Pruned model (before finetuning) has AUROC / IND / OOD = 0.43544122252414286 / 9.104328155517578 / 8.765789031982422
Pruned model (after finetuning) has AUROC / IND / OOD = 0.7308066793806249 / 4.251032829284668 / 5.29585599899292
Notification sent to chrome.
 
Currently running leave_9_encoder_fc4 experiment. 
Starting the process with remaining connection 16 using tech 1!
Loaded pretrained model
Pretrained model has AUROC / IND / OOD = 0.6365012738760124 / 2.7788734436035156 / 3.145264148712158
Pruned model (before finetuning) has AUROC / IND / OOD = 0.43544122252414286 / 9.104328155517578 / 8.765789031982422
Pruned model (after finetuning) has AUROC / IND / OOD = 0.7249072660370975 / 4.186854362487793 / 5.149946689605713
Notification sent to chrome.
 
Currently running leave_9_encoder_fc4 experiment. 
Starting the process with remaining connection 1 using tech 2!
Loaded pretrained model
Pretrained model has AUROC / IND / OOD = 0.6365012738760124 / 2.7788734436035156 / 3.145264148712158
Pruned model (before finetuning) has AUROC / IND / OOD = 0.43544739541876415 / 9.104253768920898 / 8.765846252441406
Pruned model (after finetuning) has AUROC / IND / OOD = 0.3947385883846626 / 7.258350849151611 / 6.877253532409668
Notification sent to chrome.
 
Currently running leave_9_encoder_fc4 experiment. 
Starting the process with remaining connection 2 using tech 2!
Loaded pretrained model
Pretrained model has AUROC / IND / OOD = 0.6365012738760124 / 2.7788734436035156 / 3.145264148712158
Pruned model (before finetuning) has AUROC / IND / OOD = 0.43585072794410973 / 9.055153846740723 / 8.721039772033691
Pruned model (after finetuning) has AUROC / IND / OOD = 0.5086245809734412 / 5.8317389488220215 / 6.100332736968994
Notification sent to chrome.
 
Currently running leave_9_encoder_fc4 experiment. 
Starting the process with remaining connection 3 using tech 2!
Loaded pretrained model
Pretrained model has AUROC / IND / OOD = 0.6365012738760124 / 2.7788734436035156 / 3.145264148712158
Pruned model (before finetuning) has AUROC / IND / OOD = 0.44204010198944677 / 9.04926586151123 / 8.75051498413086
Pruned model (after finetuning) has AUROC / IND / OOD = 0.6716885920167498 / 4.749505519866943 / 5.625883102416992
Notification sent to chrome.
 
Currently running leave_9_encoder_fc4 experiment. 
Starting the process with remaining connection 4 using tech 2!
Loaded pretrained model
Pretrained model has AUROC / IND / OOD = 0.6365012738760124 / 2.7788734436035156 / 3.145264148712158
Pruned model (before finetuning) has AUROC / IND / OOD = 0.44204010198944677 / 9.04926586151123 / 8.75051498413086
Pruned model (after finetuning) has AUROC / IND / OOD = 0.6446190161089401 / 5.153765678405762 / 5.862847805023193
Notification sent to chrome.
 
Currently running leave_9_encoder_fc4 experiment. 
Starting the process with remaining connection 5 using tech 2!
Loaded pretrained model
Pretrained model has AUROC / IND / OOD = 0.6365012738760124 / 2.7788734436035156 / 3.145264148712158
Pruned model (before finetuning) has AUROC / IND / OOD = 0.4602090252349035 / 9.064903259277344 / 8.855597496032715
Pruned model (after finetuning) has AUROC / IND / OOD = 0.7303933159015198 / 4.416993141174316 / 5.488505840301514
Notification sent to chrome.
 
Currently running leave_9_encoder_fc4 experiment. 
Starting the process with remaining connection 6 using tech 2!
Loaded pretrained model
Pretrained model has AUROC / IND / OOD = 0.6365012738760124 / 2.7788734436035156 / 3.145264148712158
Pruned model (before finetuning) has AUROC / IND / OOD = 0.4602090252349035 / 9.064903259277344 / 8.855597496032715
Pruned model (after finetuning) has AUROC / IND / OOD = 0.733331172820216 / 4.397723197937012 / 5.489729404449463
Notification sent to chrome.
 
Currently running leave_9_encoder_fc4 experiment. 
Starting the process with remaining connection 7 using tech 2!
Loaded pretrained model
Pretrained model has AUROC / IND / OOD = 0.6365012738760124 / 2.7788734436035156 / 3.145264148712158
Pruned model (before finetuning) has AUROC / IND / OOD = 0.4602090252349035 / 9.064903259277344 / 8.855597496032715
Pruned model (after finetuning) has AUROC / IND / OOD = 0.6642623793267994 / 4.745220184326172 / 5.566677570343018
Notification sent to chrome.
 
Currently running leave_9_encoder_fc4 experiment. 
Starting the process with remaining connection 8 using tech 2!
Loaded pretrained model
Pretrained model has AUROC / IND / OOD = 0.6365012738760124 / 2.7788734436035156 / 3.145264148712158
Pruned model (before finetuning) has AUROC / IND / OOD = 0.4602090252349035 / 9.064903259277344 / 8.855597496032715
Pruned model (after finetuning) has AUROC / IND / OOD = 0.719547870742673 / 4.403258323669434 / 5.408005714416504
Notification sent to chrome.
 
Currently running leave_9_encoder_fc4 experiment. 
Starting the process with remaining connection 9 using tech 2!
Loaded pretrained model
Pretrained model has AUROC / IND / OOD = 0.6365012738760124 / 2.7788734436035156 / 3.145264148712158
Pruned model (before finetuning) has AUROC / IND / OOD = 0.4602090252349035 / 9.064903259277344 / 8.855597496032715
Pruned model (after finetuning) has AUROC / IND / OOD = 0.6521356727281185 / 4.755629062652588 / 5.523231029510498
Notification sent to chrome.
 
Currently running leave_9_encoder_fc4 experiment. 
Starting the process with remaining connection 10 using tech 2!
Loaded pretrained model
Pretrained model has AUROC / IND / OOD = 0.6365012738760124 / 2.7788734436035156 / 3.145264148712158
Pruned model (before finetuning) has AUROC / IND / OOD = 0.4602090252349035 / 9.064903259277344 / 8.855597496032715
Pruned model (after finetuning) has AUROC / IND / OOD = 0.6587345521934223 / 4.7715864181518555 / 5.571060657501221
Notification sent to chrome.
 
Currently running leave_9_encoder_fc4 experiment. 
Starting the process with remaining connection 11 using tech 2!
Loaded pretrained model
Pretrained model has AUROC / IND / OOD = 0.6365012738760124 / 2.7788734436035156 / 3.145264148712158
Pruned model (before finetuning) has AUROC / IND / OOD = 0.4602090252349035 / 9.064903259277344 / 8.855597496032715
Pruned model (after finetuning) has AUROC / IND / OOD = 0.6797886422927718 / 4.760225296020508 / 5.659631729125977
Notification sent to chrome.
 
Currently running leave_9_encoder_fc4 experiment. 
Starting the process with remaining connection 12 using tech 2!
Loaded pretrained model
Pretrained model has AUROC / IND / OOD = 0.6365012738760124 / 2.7788734436035156 / 3.145264148712158
Pruned model (before finetuning) has AUROC / IND / OOD = 0.4602090252349035 / 9.064903259277344 / 8.855597496032715
Pruned model (after finetuning) has AUROC / IND / OOD = 0.728209874889756 / 4.13933801651001 / 5.14752721786499
Notification sent to chrome.
 
Currently running leave_9_encoder_fc4 experiment. 
Starting the process with remaining connection 13 using tech 2!
Loaded pretrained model
Pretrained model has AUROC / IND / OOD = 0.6365012738760124 / 2.7788734436035156 / 3.145264148712158
Pruned model (before finetuning) has AUROC / IND / OOD = 0.4602090252349035 / 9.064903259277344 / 8.855597496032715
Pruned model (after finetuning) has AUROC / IND / OOD = 0.740987160489418 / 4.413362979888916 / 5.527302265167236
Notification sent to chrome.
 
Currently running leave_9_encoder_fc4 experiment. 
Starting the process with remaining connection 14 using tech 2!
Loaded pretrained model
Pretrained model has AUROC / IND / OOD = 0.6365012738760124 / 2.7788734436035156 / 3.145264148712158
Pruned model (before finetuning) has AUROC / IND / OOD = 0.47587610735942415 / 9.071892738342285 / 8.95319652557373
Pruned model (after finetuning) has AUROC / IND / OOD = 0.7042180381019715 / 4.13993501663208 / 5.079629898071289
Notification sent to chrome.
 
Currently running leave_9_encoder_fc4 experiment. 
Starting the process with remaining connection 15 using tech 2!
Loaded pretrained model
Pretrained model has AUROC / IND / OOD = 0.6365012738760124 / 2.7788734436035156 / 3.145264148712158
Pruned model (before finetuning) has AUROC / IND / OOD = 0.4663185925712079 / 9.163719177246094 / 8.990906715393066
Pruned model (after finetuning) has AUROC / IND / OOD = 0.749074203594631 / 4.12122917175293 / 5.262592315673828
Notification sent to chrome.
 
Currently running leave_9_encoder_fc4 experiment. 
Starting the process with remaining connection 16 using tech 2!
Loaded pretrained model
Pretrained model has AUROC / IND / OOD = 0.6365012738760124 / 2.7788734436035156 / 3.145264148712158
Pruned model (before finetuning) has AUROC / IND / OOD = 0.4663185925712079 / 9.163719177246094 / 8.990906715393066
Pruned model (after finetuning) has AUROC / IND / OOD = 0.6982615254831972 / 4.389505863189697 / 5.3170952796936035
Notification sent to chrome.
 
Currently running leave_9_encoder_fc4 experiment. 
Starting the process with remaining connection 1 using tech 3!
Loaded pretrained model
Pretrained model has AUROC / IND / OOD = 0.6365012738760124 / 2.7788734436035156 / 3.145264148712158
Pruned model (before finetuning) has AUROC / IND / OOD = 0.43544739541876415 / 9.104253768920898 / 8.765846252441406
Pruned model (after finetuning) has AUROC / IND / OOD = 0.38904006969198024 / 7.260287761688232 / 6.8630547523498535
Notification sent to chrome.
 
Currently running leave_9_encoder_fc4 experiment. 
Starting the process with remaining connection 2 using tech 3!
Loaded pretrained model
Pretrained model has AUROC / IND / OOD = 0.6365012738760124 / 2.7788734436035156 / 3.145264148712158
Pruned model (before finetuning) has AUROC / IND / OOD = 0.43544739541876415 / 9.104253768920898 / 8.765846252441406
Pruned model (after finetuning) has AUROC / IND / OOD = 0.3883792392767175 / 7.257144451141357 / 6.852976322174072
Notification sent to chrome.
 
Currently running leave_9_encoder_fc4 experiment. 
Starting the process with remaining connection 3 using tech 3!
Loaded pretrained model
Pretrained model has AUROC / IND / OOD = 0.6365012738760124 / 2.7788734436035156 / 3.145264148712158
Pruned model (before finetuning) has AUROC / IND / OOD = 0.43521232938697973 / 9.111883163452148 / 8.772420883178711
Pruned model (after finetuning) has AUROC / IND / OOD = 0.38890729734249163 / 7.257369518280029 / 6.854371547698975
Notification sent to chrome.
 
Currently running leave_9_encoder_fc4 experiment. 
Starting the process with remaining connection 4 using tech 3!
Loaded pretrained model
Pretrained model has AUROC / IND / OOD = 0.6365012738760124 / 2.7788734436035156 / 3.145264148712158
Pruned model (before finetuning) has AUROC / IND / OOD = 0.43521232938697973 / 9.111883163452148 / 8.772420883178711
Pruned model (after finetuning) has AUROC / IND / OOD = 0.38211055455852283 / 7.256718635559082 / 6.84127140045166
Notification sent to chrome.
 
Currently running leave_9_encoder_fc4 experiment. 
Starting the process with remaining connection 5 using tech 3!
Loaded pretrained model
Pretrained model has AUROC / IND / OOD = 0.6365012738760124 / 2.7788734436035156 / 3.145264148712158
Pruned model (before finetuning) has AUROC / IND / OOD = 0.43509344605038913 / 9.099187850952148 / 8.761502265930176
Pruned model (after finetuning) has AUROC / IND / OOD = 0.6632710785887749 / 5.274724960327148 / 6.095385551452637
Notification sent to chrome.
 
Currently running leave_9_encoder_fc4 experiment. 
Starting the process with remaining connection 6 using tech 3!
Loaded pretrained model
Pretrained model has AUROC / IND / OOD = 0.6365012738760124 / 2.7788734436035156 / 3.145264148712158
Pruned model (before finetuning) has AUROC / IND / OOD = 0.43509344605038913 / 9.099187850952148 / 8.761502265930176
Pruned model (after finetuning) has AUROC / IND / OOD = 0.693629980602781 / 5.263730525970459 / 6.221510410308838
Notification sent to chrome.
 
Currently running leave_9_encoder_fc4 experiment. 
Starting the process with remaining connection 7 using tech 3!
Loaded pretrained model
Pretrained model has AUROC / IND / OOD = 0.6365012738760124 / 2.7788734436035156 / 3.145264148712158
Pruned model (before finetuning) has AUROC / IND / OOD = 0.43509344605038913 / 9.099187850952148 / 8.761502265930176
Pruned model (after finetuning) has AUROC / IND / OOD = 0.6860769479974413 / 5.22359037399292 / 6.130371570587158
Notification sent to chrome.
 
Currently running leave_9_encoder_fc4 experiment. 
Starting the process with remaining connection 8 using tech 3!
Loaded pretrained model
Pretrained model has AUROC / IND / OOD = 0.6365012738760124 / 2.7788734436035156 / 3.145264148712158
Pruned model (before finetuning) has AUROC / IND / OOD = 0.43509344605038913 / 9.099187850952148 / 8.761502265930176
Pruned model (after finetuning) has AUROC / IND / OOD = 0.6779377108636 / 5.251076698303223 / 6.132913112640381
Notification sent to chrome.
 
Currently running leave_9_encoder_fc4 experiment. 
Starting the process with remaining connection 9 using tech 3!
Loaded pretrained model
Pretrained model has AUROC / IND / OOD = 0.6365012738760124 / 2.7788734436035156 / 3.145264148712158
Pruned model (before finetuning) has AUROC / IND / OOD = 0.43499451439105663 / 9.099164962768555 / 8.760931015014648
Pruned model (after finetuning) has AUROC / IND / OOD = 0.6746047886891406 / 4.758723258972168 / 5.608333587646484
Notification sent to chrome.
 
Currently running leave_9_encoder_fc4 experiment. 
Starting the process with remaining connection 10 using tech 3!
Loaded pretrained model
Pretrained model has AUROC / IND / OOD = 0.6365012738760124 / 2.7788734436035156 / 3.145264148712158
Pruned model (before finetuning) has AUROC / IND / OOD = 0.4377947488287759 / 9.079876899719238 / 8.759417533874512
Pruned model (after finetuning) has AUROC / IND / OOD = 0.7293170827473218 / 4.4138383865356445 / 5.466474533081055
Notification sent to chrome.
 
Currently running leave_9_encoder_fc4 experiment. 
Starting the process with remaining connection 11 using tech 3!
Loaded pretrained model
Pretrained model has AUROC / IND / OOD = 0.6365012738760124 / 2.7788734436035156 / 3.145264148712158
Pruned model (before finetuning) has AUROC / IND / OOD = 0.43783178619650376 / 9.080083847045898 / 8.759814262390137
Pruned model (after finetuning) has AUROC / IND / OOD = 0.7182328237278133 / 4.4336323738098145 / 5.437960624694824
Notification sent to chrome.
 
Currently running leave_9_encoder_fc4 experiment. 
Starting the process with remaining connection 12 using tech 3!
Loaded pretrained model
Pretrained model has AUROC / IND / OOD = 0.6365012738760124 / 2.7788734436035156 / 3.145264148712158
Pruned model (before finetuning) has AUROC / IND / OOD = 0.43783178619650376 / 9.080083847045898 / 8.759814262390137
Pruned model (after finetuning) has AUROC / IND / OOD = 0.7372263795565195 / 4.406746864318848 / 5.50933837890625
Notification sent to chrome.
 
Currently running leave_9_encoder_fc4 experiment. 
Starting the process with remaining connection 13 using tech 3!
Loaded pretrained model
Pretrained model has AUROC / IND / OOD = 0.6365012738760124 / 2.7788734436035156 / 3.145264148712158
Pruned model (before finetuning) has AUROC / IND / OOD = 0.437376976139227 / 9.083738327026367 / 8.761014938354492
Pruned model (after finetuning) has AUROC / IND / OOD = 0.7025734577215691 / 4.139082431793213 / 5.051120281219482
Notification sent to chrome.
 
Currently running leave_9_encoder_fc4 experiment. 
Starting the process with remaining connection 14 using tech 3!
Loaded pretrained model
Pretrained model has AUROC / IND / OOD = 0.6365012738760124 / 2.7788734436035156 / 3.145264148712158
Pruned model (before finetuning) has AUROC / IND / OOD = 0.4374417364176201 / 9.081107139587402 / 8.761248588562012
Pruned model (after finetuning) has AUROC / IND / OOD = 0.7354402084057409 / 4.137203216552734 / 5.184477806091309
Notification sent to chrome.
 
Currently running leave_9_encoder_fc4 experiment. 
Starting the process with remaining connection 15 using tech 3!
Loaded pretrained model
Pretrained model has AUROC / IND / OOD = 0.6365012738760124 / 2.7788734436035156 / 3.145264148712158
Pruned model (before finetuning) has AUROC / IND / OOD = 0.4374417364176201 / 9.081107139587402 / 8.761248588562012
Pruned model (after finetuning) has AUROC / IND / OOD = 0.719726498880777 / 4.1572489738464355 / 5.114045143127441
Notification sent to chrome.
 
Currently running leave_9_encoder_fc4 experiment. 
Starting the process with remaining connection 16 using tech 3!
Loaded pretrained model
Pretrained model has AUROC / IND / OOD = 0.6365012738760124 / 2.7788734436035156 / 3.145264148712158
Pruned model (before finetuning) has AUROC / IND / OOD = 0.43763463937453584 / 9.07520580291748 / 8.758084297180176
Pruned model (after finetuning) has AUROC / IND / OOD = 0.7268602155729125 / 3.9131805896759033 / 4.880122184753418
Notification sent to chrome.
 
Currently running leave_9_encoder_fc4 experiment. 
Starting the process with remaining connection 1 using tech 4!
Loaded pretrained model
Pretrained model has AUROC / IND / OOD = 0.6365012738760124 / 2.7788734436035156 / 3.145264148712158
Pruned model (before finetuning) has AUROC / IND / OOD = 0.44570553374649835 / 9.164640426635742 / 8.890375137329102
Pruned model (after finetuning) has AUROC / IND / OOD = 0.5291250395864425 / 5.857916831970215 / 6.188102722167969
Notification sent to chrome.
 
Currently running leave_9_encoder_fc4 experiment. 
Starting the process with remaining connection 2 using tech 4!
Loaded pretrained model
Pretrained model has AUROC / IND / OOD = 0.6365012738760124 / 2.7788734436035156 / 3.145264148712158
Pruned model (before finetuning) has AUROC / IND / OOD = 0.4445688392940898 / 9.168251037597656 / 8.89439582824707
Pruned model (after finetuning) has AUROC / IND / OOD = 0.6366692096787903 / 5.189916610717773 / 5.9424729347229
Notification sent to chrome.
 
Currently running leave_9_encoder_fc4 experiment. 
Starting the process with remaining connection 3 using tech 4!
Loaded pretrained model
Pretrained model has AUROC / IND / OOD = 0.6365012738760124 / 2.7788734436035156 / 3.145264148712158
Pruned model (before finetuning) has AUROC / IND / OOD = 0.4390517044960388 / 9.147258758544922 / 8.845852851867676
Pruned model (after finetuning) has AUROC / IND / OOD = 0.6710124947103253 / 4.774204730987549 / 5.642098426818848
Notification sent to chrome.
 
Currently running leave_9_encoder_fc4 experiment. 
Starting the process with remaining connection 4 using tech 4!
Loaded pretrained model
Pretrained model has AUROC / IND / OOD = 0.6365012738760124 / 2.7788734436035156 / 3.145264148712158
Pruned model (before finetuning) has AUROC / IND / OOD = 0.44327418487753256 / 9.190282821655273 / 8.908158302307129
Pruned model (after finetuning) has AUROC / IND / OOD = 0.6725637100595806 / 4.754456043243408 / 5.580410480499268
Notification sent to chrome.
 
Currently running leave_9_encoder_fc4 experiment. 
Starting the process with remaining connection 5 using tech 4!
Loaded pretrained model
Pretrained model has AUROC / IND / OOD = 0.6365012738760124 / 2.7788734436035156 / 3.145264148712158
Pruned model (before finetuning) has AUROC / IND / OOD = 0.45332431870258105 / 9.14687728881836 / 8.918805122375488
Pruned model (after finetuning) has AUROC / IND / OOD = 0.8040835130913316 / 4.422106742858887 / 5.945303916931152
Notification sent to chrome.
 
Currently running leave_9_encoder_fc4 experiment. 
Starting the process with remaining connection 6 using tech 4!
Loaded pretrained model
Pretrained model has AUROC / IND / OOD = 0.6365012738760124 / 2.7788734436035156 / 3.145264148712158
Pruned model (before finetuning) has AUROC / IND / OOD = 0.454925358129851 / 9.164929389953613 / 8.94709587097168
Pruned model (after finetuning) has AUROC / IND / OOD = 0.7669517331448839 / 4.408878326416016 / 5.664372444152832
Notification sent to chrome.
 
Currently running leave_9_encoder_fc4 experiment. 
Starting the process with remaining connection 7 using tech 4!
Loaded pretrained model
Pretrained model has AUROC / IND / OOD = 0.6365012738760124 / 2.7788734436035156 / 3.145264148712158
Pruned model (before finetuning) has AUROC / IND / OOD = 0.4536598045022227 / 9.185733795166016 / 8.963922500610352
Pruned model (after finetuning) has AUROC / IND / OOD = 0.7564661897885112 / 4.125620365142822 / 5.307821273803711
Notification sent to chrome.
 
Currently running leave_9_encoder_fc4 experiment. 
Starting the process with remaining connection 8 using tech 4!
Loaded pretrained model
Pretrained model has AUROC / IND / OOD = 0.6365012738760124 / 2.7788734436035156 / 3.145264148712158
Pruned model (before finetuning) has AUROC / IND / OOD = 0.4761667845579309 / 9.26582145690918 / 9.163652420043945
Pruned model (after finetuning) has AUROC / IND / OOD = 0.7461042696699562 / 4.124904155731201 / 5.211215972900391
Notification sent to chrome.
 
Currently running leave_9_encoder_fc4 experiment. 
Starting the process with remaining connection 9 using tech 4!
Loaded pretrained model
Pretrained model has AUROC / IND / OOD = 0.6365012738760124 / 2.7788734436035156 / 3.145264148712158
Pruned model (before finetuning) has AUROC / IND / OOD = 0.47744347144192967 / 9.2979154586792 / 9.202675819396973
Pruned model (after finetuning) has AUROC / IND / OOD = 0.7420957462252473 / 3.89155912399292 / 4.87820291519165
Notification sent to chrome.
 
Currently running leave_9_encoder_fc4 experiment. 
Starting the process with remaining connection 10 using tech 4!
Loaded pretrained model
Pretrained model has AUROC / IND / OOD = 0.6365012738760124 / 2.7788734436035156 / 3.145264148712158
Pruned model (before finetuning) has AUROC / IND / OOD = 0.47503438908570506 / 9.309720039367676 / 9.198861122131348
Pruned model (after finetuning) has AUROC / IND / OOD = 0.749328063885932 / 3.8764281272888184 / 4.901340961456299
Notification sent to chrome.
 
Currently running leave_9_encoder_fc4 experiment. 
Starting the process with remaining connection 11 using tech 4!
Loaded pretrained model
Pretrained model has AUROC / IND / OOD = 0.6365012738760124 / 2.7788734436035156 / 3.145264148712158
Pruned model (before finetuning) has AUROC / IND / OOD = 0.47649824695304266 / 9.290884971618652 / 9.191971778869629
Pruned model (after finetuning) has AUROC / IND / OOD = 0.7725248098004404 / 3.916457176208496 / 5.142512321472168
Notification sent to chrome.
 
Currently running leave_9_encoder_fc4 experiment. 
Starting the process with remaining connection 12 using tech 4!
Loaded pretrained model
Pretrained model has AUROC / IND / OOD = 0.6365012738760124 / 2.7788734436035156 / 3.145264148712158
Pruned model (before finetuning) has AUROC / IND / OOD = 0.47843438637404057 / 9.414469718933105 / 9.318839073181152
Pruned model (after finetuning) has AUROC / IND / OOD = 0.7836276977340737 / 3.6842844486236572 / 4.862625598907471
Notification sent to chrome.
 
Currently running leave_9_encoder_fc4 experiment. 
Starting the process with remaining connection 13 using tech 4!
Loaded pretrained model
Pretrained model has AUROC / IND / OOD = 0.6365012738760124 / 2.7788734436035156 / 3.145264148712158
Pruned model (before finetuning) has AUROC / IND / OOD = 0.4904645312640026 / 9.292330741882324 / 9.271066665649414
Pruned model (after finetuning) has AUROC / IND / OOD = 0.7237085670628232 / 3.511772394180298 / 4.285392761230469
Notification sent to chrome.
 
Currently running leave_9_encoder_fc4 experiment. 
Starting the process with remaining connection 14 using tech 4!
Loaded pretrained model
Pretrained model has AUROC / IND / OOD = 0.6365012738760124 / 2.7788734436035156 / 3.145264148712158
Pruned model (before finetuning) has AUROC / IND / OOD = 0.4781685660994107 / 9.223211288452148 / 9.141914367675781
Pruned model (after finetuning) has AUROC / IND / OOD = 0.6978323439616249 / 3.5562567710876465 / 4.235736846923828
Notification sent to chrome.
 
Currently running leave_9_encoder_fc4 experiment. 
Starting the process with remaining connection 15 using tech 4!
Loaded pretrained model
Pretrained model has AUROC / IND / OOD = 0.6365012738760124 / 2.7788734436035156 / 3.145264148712158
Pruned model (before finetuning) has AUROC / IND / OOD = 0.4407770285426931 / 9.800924301147461 / 9.437849044799805
Pruned model (after finetuning) has AUROC / IND / OOD = 0.6759393464602141 / 3.4656567573547363 / 4.058841705322266
Notification sent to chrome.
 
Currently running leave_9_encoder_fc4 experiment. 
Starting the process with remaining connection 16 using tech 4!
Loaded pretrained model
Pretrained model has AUROC / IND / OOD = 0.6365012738760124 / 2.7788734436035156 / 3.145264148712158
Pruned model (before finetuning) has AUROC / IND / OOD = 0.4453725281277313 / 9.711320877075195 / 9.393632888793945
Pruned model (after finetuning) has AUROC / IND / OOD = 0.6570002443804889 / 3.383366107940674 / 3.897782802581787
Notification sent to chrome.
 
Currently running leave_9_encoder_fc4 experiment. 
Starting the process with remaining connection 1 using tech 5!
Loaded pretrained model
Pretrained model has AUROC / IND / OOD = 0.6365012738760124 / 2.7788734436035156 / 3.145264148712158
Pruned model (before finetuning) has AUROC / IND / OOD = 0.44570553374649835 / 9.164640426635742 / 8.890375137329102
Pruned model (after finetuning) has AUROC / IND / OOD = 0.537877928583798 / 5.864777565002441 / 6.251494407653809
Notification sent to chrome.
 
Currently running leave_9_encoder_fc4 experiment. 
Starting the process with remaining connection 2 using tech 5!
Loaded pretrained model
Pretrained model has AUROC / IND / OOD = 0.6365012738760124 / 2.7788734436035156 / 3.145264148712158
Pruned model (before finetuning) has AUROC / IND / OOD = 0.4445688392940898 / 9.168251037597656 / 8.89439582824707
Pruned model (after finetuning) has AUROC / IND / OOD = 0.6887150337210904 / 5.229111671447754 / 6.188442707061768
Notification sent to chrome.
 
Currently running leave_9_encoder_fc4 experiment. 
Starting the process with remaining connection 3 using tech 5!
Loaded pretrained model
Pretrained model has AUROC / IND / OOD = 0.6365012738760124 / 2.7788734436035156 / 3.145264148712158
Pruned model (before finetuning) has AUROC / IND / OOD = 0.4390517044960388 / 9.147258758544922 / 8.845852851867676
Pruned model (after finetuning) has AUROC / IND / OOD = 0.7235523707828521 / 4.785737991333008 / 5.896729469299316
Notification sent to chrome.
 
Currently running leave_9_encoder_fc4 experiment. 
Starting the process with remaining connection 4 using tech 5!
Loaded pretrained model
Pretrained model has AUROC / IND / OOD = 0.6365012738760124 / 2.7788734436035156 / 3.145264148712158
Pruned model (before finetuning) has AUROC / IND / OOD = 0.44327418487753256 / 9.190282821655273 / 8.908158302307129
Pruned model (after finetuning) has AUROC / IND / OOD = 0.6533803928363999 / 4.752631664276123 / 5.49002742767334
Notification sent to chrome.
 
Currently running leave_9_encoder_fc4 experiment. 
Starting the process with remaining connection 5 using tech 5!
Loaded pretrained model
Pretrained model has AUROC / IND / OOD = 0.6365012738760124 / 2.7788734436035156 / 3.145264148712158
Pruned model (before finetuning) has AUROC / IND / OOD = 0.45332431870258105 / 9.14687728881836 / 8.918805122375488
Pruned model (after finetuning) has AUROC / IND / OOD = 0.6874871237276259 / 4.414455413818359 / 5.294737339019775
Notification sent to chrome.
 
Currently running leave_9_encoder_fc4 experiment. 
Starting the process with remaining connection 6 using tech 5!
Loaded pretrained model
Pretrained model has AUROC / IND / OOD = 0.6365012738760124 / 2.7788734436035156 / 3.145264148712158
Pruned model (before finetuning) has AUROC / IND / OOD = 0.45371117180389287 / 9.175392150878906 / 8.951083183288574
Pruned model (after finetuning) has AUROC / IND / OOD = 0.7422763033929205 / 4.106717109680176 / 5.187631607055664
Notification sent to chrome.
 
Currently running leave_9_encoder_fc4 experiment. 
Starting the process with remaining connection 7 using tech 5!
Loaded pretrained model
Pretrained model has AUROC / IND / OOD = 0.6365012738760124 / 2.7788734436035156 / 3.145264148712158
Pruned model (before finetuning) has AUROC / IND / OOD = 0.4752189145427776 / 9.268754959106445 / 9.161822319030762
Pruned model (after finetuning) has AUROC / IND / OOD = 0.7475753476193957 / 4.097431182861328 / 5.21904182434082
Notification sent to chrome.
 
Currently running leave_9_encoder_fc4 experiment. 
Starting the process with remaining connection 8 using tech 5!
Loaded pretrained model
Pretrained model has AUROC / IND / OOD = 0.6365012738760124 / 2.7788734436035156 / 3.145264148712158
Pruned model (before finetuning) has AUROC / IND / OOD = 0.476099929904577 / 9.252789497375488 / 9.151784896850586
Pruned model (after finetuning) has AUROC / IND / OOD = 0.7368054101893988 / 4.133479595184326 / 5.206714153289795
Notification sent to chrome.
 
Currently running leave_9_encoder_fc4 experiment. 
Starting the process with remaining connection 9 using tech 5!
Loaded pretrained model
Pretrained model has AUROC / IND / OOD = 0.6365012738760124 / 2.7788734436035156 / 3.145264148712158
Pruned model (before finetuning) has AUROC / IND / OOD = 0.4755699979243643 / 9.208549499511719 / 9.106517791748047
Pruned model (after finetuning) has AUROC / IND / OOD = 0.778611945278612 / 4.070397853851318 / 5.334209442138672
Notification sent to chrome.
 
Currently running leave_9_encoder_fc4 experiment. 
Starting the process with remaining connection 10 using tech 5!
Loaded pretrained model
Pretrained model has AUROC / IND / OOD = 0.6365012738760124 / 2.7788734436035156 / 3.145264148712158
Pruned model (before finetuning) has AUROC / IND / OOD = 0.47669170106126385 / 9.277857780456543 / 9.184743881225586
Pruned model (after finetuning) has AUROC / IND / OOD = 0.8077089312636059 / 3.8656668663024902 / 5.2945027351379395
Notification sent to chrome.
 
Currently running leave_9_encoder_fc4 experiment. 
Starting the process with remaining connection 11 using tech 5!
Loaded pretrained model
Pretrained model has AUROC / IND / OOD = 0.6365012738760124 / 2.7788734436035156 / 3.145264148712158
Pruned model (before finetuning) has AUROC / IND / OOD = 0.47693558551393594 / 9.40388298034668 / 9.304108619689941
Pruned model (after finetuning) has AUROC / IND / OOD = 0.7701430094338364 / 3.6911721229553223 / 4.834220886230469
Notification sent to chrome.
 
Currently running leave_9_encoder_fc4 experiment. 
Starting the process with remaining connection 12 using tech 5!
Loaded pretrained model
Pretrained model has AUROC / IND / OOD = 0.6365012738760124 / 2.7788734436035156 / 3.145264148712158
Pruned model (before finetuning) has AUROC / IND / OOD = 0.4880198996485749 / 9.275110244750977 / 9.244467735290527
Pruned model (after finetuning) has AUROC / IND / OOD = 0.7319067773863502 / 3.5310490131378174 / 4.339964866638184
Notification sent to chrome.
 
Currently running leave_9_encoder_fc4 experiment. 
Starting the process with remaining connection 13 using tech 5!
Loaded pretrained model
Pretrained model has AUROC / IND / OOD = 0.6365012738760124 / 2.7788734436035156 / 3.145264148712158
Pruned model (before finetuning) has AUROC / IND / OOD = 0.47575799563466115 / 9.1996488571167 / 9.11007022857666
Pruned model (after finetuning) has AUROC / IND / OOD = 0.7141700669946458 / 3.518634557723999 / 4.259484767913818
Notification sent to chrome.
 
Currently running leave_9_encoder_fc4 experiment. 
Starting the process with remaining connection 14 using tech 5!
Loaded pretrained model
Pretrained model has AUROC / IND / OOD = 0.6365012738760124 / 2.7788734436035156 / 3.145264148712158
Pruned model (before finetuning) has AUROC / IND / OOD = 0.43902464296694005 / 9.773078918457031 / 9.40887451171875
Pruned model (after finetuning) has AUROC / IND / OOD = 0.7014094812795396 / 3.5412673950195312 / 4.239051818847656
Notification sent to chrome.
 
Currently running leave_9_encoder_fc4 experiment. 
Starting the process with remaining connection 15 using tech 5!
Loaded pretrained model
Pretrained model has AUROC / IND / OOD = 0.6365012738760124 / 2.7788734436035156 / 3.145264148712158
Pruned model (before finetuning) has AUROC / IND / OOD = 0.44311964205147775 / 9.688383102416992 / 9.36445140838623
Pruned model (after finetuning) has AUROC / IND / OOD = 0.7085729050270401 / 3.5234932899475098 / 4.261701583862305
Notification sent to chrome.
 
Currently running leave_9_encoder_fc4 experiment. 
Starting the process with remaining connection 16 using tech 5!
Loaded pretrained model
Pretrained model has AUROC / IND / OOD = 0.6365012738760124 / 2.7788734436035156 / 3.145264148712158
Pruned model (before finetuning) has AUROC / IND / OOD = 0.44387653813928457 / 9.670373916625977 / 9.359750747680664
Pruned model (after finetuning) has AUROC / IND / OOD = 0.7079884641827158 / 3.4984242916107178 / 4.2174601554870605
Notification sent to chrome.
 
Currently running leave_9_encoder_fc4 experiment. 
Starting the process with remaining connection 1 using tech 6!
Loaded pretrained model
Pretrained model has AUROC / IND / OOD = 0.6365012738760124 / 2.7788734436035156 / 3.145264148712158
Pruned model (before finetuning) has AUROC / IND / OOD = 0.43544739541876415 / 9.104253768920898 / 8.765846252441406
Pruned model (after finetuning) has AUROC / IND / OOD = 0.3884906269555537 / 7.257012844085693 / 6.856199741363525
Notification sent to chrome.
 
Currently running leave_9_encoder_fc4 experiment. 
Starting the process with remaining connection 2 using tech 6!
Loaded pretrained model
Pretrained model has AUROC / IND / OOD = 0.6365012738760124 / 2.7788734436035156 / 3.145264148712158
Pruned model (before finetuning) has AUROC / IND / OOD = 0.43544739541876415 / 9.104253768920898 / 8.765846252441406
Pruned model (after finetuning) has AUROC / IND / OOD = 0.3781151485148842 / 7.255071640014648 / 6.825364112854004
Notification sent to chrome.
 
Currently running leave_9_encoder_fc4 experiment. 
Starting the process with remaining connection 3 using tech 6!
Loaded pretrained model
Pretrained model has AUROC / IND / OOD = 0.6365012738760124 / 2.7788734436035156 / 3.145264148712158
Pruned model (before finetuning) has AUROC / IND / OOD = 0.43544739541876415 / 9.104253768920898 / 8.765846252441406
Pruned model (after finetuning) has AUROC / IND / OOD = 0.3930500812452139 / 7.2603888511657715 / 6.868439197540283
Notification sent to chrome.
 
Currently running leave_9_encoder_fc4 experiment. 
Starting the process with remaining connection 4 using tech 6!
Loaded pretrained model
Pretrained model has AUROC / IND / OOD = 0.6365012738760124 / 2.7788734436035156 / 3.145264148712158
Pruned model (before finetuning) has AUROC / IND / OOD = 0.43544739541876415 / 9.104253768920898 / 8.765846252441406
Pruned model (after finetuning) has AUROC / IND / OOD = 0.3918509964650258 / 7.257319927215576 / 6.870396614074707
Notification sent to chrome.
 
Currently running leave_9_encoder_fc4 experiment. 
Starting the process with remaining connection 5 using tech 6!
Loaded pretrained model
Pretrained model has AUROC / IND / OOD = 0.6365012738760124 / 2.7788734436035156 / 3.145264148712158
Pruned model (before finetuning) has AUROC / IND / OOD = 0.43544739541876415 / 9.104253768920898 / 8.765846252441406
Pruned model (after finetuning) has AUROC / IND / OOD = 0.38102919569718385 / 7.255568027496338 / 6.8355712890625
Notification sent to chrome.
 
Currently running leave_9_encoder_fc4 experiment. 
Starting the process with remaining connection 6 using tech 6!
Loaded pretrained model
Pretrained model has AUROC / IND / OOD = 0.6365012738760124 / 2.7788734436035156 / 3.145264148712158
Pruned model (before finetuning) has AUROC / IND / OOD = 0.43544739541876415 / 9.104253768920898 / 8.765846252441406
Pruned model (after finetuning) has AUROC / IND / OOD = 0.3895927642211091 / 7.259706974029541 / 6.858808994293213
Notification sent to chrome.
 
Currently running leave_9_encoder_fc4 experiment. 
Starting the process with remaining connection 7 using tech 6!
Loaded pretrained model
Pretrained model has AUROC / IND / OOD = 0.6365012738760124 / 2.7788734436035156 / 3.145264148712158
Pruned model (before finetuning) has AUROC / IND / OOD = 0.43544739541876415 / 9.104253768920898 / 8.765846252441406
Pruned model (after finetuning) has AUROC / IND / OOD = 0.3836794618646837 / 7.255524635314941 / 6.8409037590026855
Notification sent to chrome.
 
Currently running leave_9_encoder_fc4 experiment. 
Starting the process with remaining connection 8 using tech 6!
Loaded pretrained model
Pretrained model has AUROC / IND / OOD = 0.6365012738760124 / 2.7788734436035156 / 3.145264148712158
Pruned model (before finetuning) has AUROC / IND / OOD = 0.43544739541876415 / 9.104253768920898 / 8.765846252441406
Pruned model (after finetuning) has AUROC / IND / OOD = 0.391758182585184 / 7.257059097290039 / 6.873222351074219
Notification sent to chrome.
 
Currently running leave_9_encoder_fc4 experiment. 
Starting the process with remaining connection 9 using tech 6!
Loaded pretrained model
Pretrained model has AUROC / IND / OOD = 0.6365012738760124 / 2.7788734436035156 / 3.145264148712158
Pruned model (before finetuning) has AUROC / IND / OOD = 0.43544739541876415 / 9.104253768920898 / 8.765846252441406
Pruned model (after finetuning) has AUROC / IND / OOD = 0.38983372757186213 / 7.259422779083252 / 6.855704307556152
Notification sent to chrome.
 
Currently running leave_9_encoder_fc4 experiment. 
Starting the process with remaining connection 10 using tech 6!
Loaded pretrained model
Pretrained model has AUROC / IND / OOD = 0.6365012738760124 / 2.7788734436035156 / 3.145264148712158
Pruned model (before finetuning) has AUROC / IND / OOD = 0.43544739541876415 / 9.104253768920898 / 8.765846252441406
Pruned model (after finetuning) has AUROC / IND / OOD = 0.3830917692276573 / 7.254969120025635 / 6.840437412261963
Notification sent to chrome.
 
Currently running leave_9_encoder_fc4 experiment. 
Starting the process with remaining connection 11 using tech 6!
Loaded pretrained model
Pretrained model has AUROC / IND / OOD = 0.6365012738760124 / 2.7788734436035156 / 3.145264148712158
Pruned model (before finetuning) has AUROC / IND / OOD = 0.43544739541876415 / 9.104253768920898 / 8.765846252441406
Pruned model (after finetuning) has AUROC / IND / OOD = 0.38325794134625757 / 7.256836414337158 / 6.8406548500061035
Notification sent to chrome.
 
Currently running leave_9_encoder_fc4 experiment. 
Starting the process with remaining connection 12 using tech 6!
Loaded pretrained model
Pretrained model has AUROC / IND / OOD = 0.6365012738760124 / 2.7788734436035156 / 3.145264148712158
Pruned model (before finetuning) has AUROC / IND / OOD = 0.43544739541876415 / 9.104253768920898 / 8.765846252441406
Pruned model (after finetuning) has AUROC / IND / OOD = 0.3822589244899563 / 7.255462169647217 / 6.840325832366943
Notification sent to chrome.
 
Currently running leave_9_encoder_fc4 experiment. 
Starting the process with remaining connection 13 using tech 6!
Loaded pretrained model
Pretrained model has AUROC / IND / OOD = 0.6365012738760124 / 2.7788734436035156 / 3.145264148712158
Pruned model (before finetuning) has AUROC / IND / OOD = 0.43544739541876415 / 9.104253768920898 / 8.765846252441406
Pruned model (after finetuning) has AUROC / IND / OOD = 0.38982248408523046 / 7.258302688598633 / 6.86235237121582
Notification sent to chrome.
 
Currently running leave_9_encoder_fc4 experiment. 
Starting the process with remaining connection 14 using tech 6!
Loaded pretrained model
Pretrained model has AUROC / IND / OOD = 0.6365012738760124 / 2.7788734436035156 / 3.145264148712158
Pruned model (before finetuning) has AUROC / IND / OOD = 0.43544739541876415 / 9.104253768920898 / 8.765846252441406
Pruned model (after finetuning) has AUROC / IND / OOD = 0.3972860648336918 / 7.263445854187012 / 6.878550052642822
Notification sent to chrome.
 
Currently running leave_9_encoder_fc4 experiment. 
Starting the process with remaining connection 15 using tech 6!
Loaded pretrained model
Pretrained model has AUROC / IND / OOD = 0.6365012738760124 / 2.7788734436035156 / 3.145264148712158
Pruned model (before finetuning) has AUROC / IND / OOD = 0.43544739541876415 / 9.104253768920898 / 8.765846252441406
Pruned model (after finetuning) has AUROC / IND / OOD = 0.38108166530146487 / 7.256647109985352 / 6.8393235206604
Notification sent to chrome.
 
Currently running leave_9_encoder_fc4 experiment. 
Starting the process with remaining connection 16 using tech 6!
Loaded pretrained model
Pretrained model has AUROC / IND / OOD = 0.6365012738760124 / 2.7788734436035156 / 3.145264148712158
Pruned model (before finetuning) has AUROC / IND / OOD = 0.43544739541876415 / 9.104253768920898 / 8.765846252441406
Pruned model (after finetuning) has AUROC / IND / OOD = 0.38496937638001394 / 7.256206512451172 / 6.842868328094482
Notification sent to chrome.
 
Currently running leave_9_encoder_fc4 experiment. 
Starting the process with remaining connection 1 using tech 7!
Loaded pretrained model
Pretrained model has AUROC / IND / OOD = 0.6365012738760124 / 2.7788734436035156 / 3.145264148712158
Pruned model (before finetuning) has AUROC / IND / OOD = 0.43544739541876415 / 9.104253768920898 / 8.765846252441406
Pruned model (after finetuning) has AUROC / IND / OOD = 0.3921070062464182 / 7.258481502532959 / 6.8653883934021
Notification sent to chrome.
 
Currently running leave_9_encoder_fc4 experiment. 
Starting the process with remaining connection 2 using tech 7!
Loaded pretrained model
Pretrained model has AUROC / IND / OOD = 0.6365012738760124 / 2.7788734436035156 / 3.145264148712158
Pruned model (before finetuning) has AUROC / IND / OOD = 0.43544739541876415 / 9.104253768920898 / 8.765846252441406
Pruned model (after finetuning) has AUROC / IND / OOD = 0.3890088194129599 / 7.254162311553955 / 6.86299991607666
Notification sent to chrome.
 
Currently running leave_9_encoder_fc4 experiment. 
Starting the process with remaining connection 3 using tech 7!
Loaded pretrained model
Pretrained model has AUROC / IND / OOD = 0.6365012738760124 / 2.7788734436035156 / 3.145264148712158
Pruned model (before finetuning) has AUROC / IND / OOD = 0.43544739541876415 / 9.104253768920898 / 8.765846252441406
Pruned model (after finetuning) has AUROC / IND / OOD = 0.3845534776049036 / 7.258827209472656 / 6.843113422393799
Notification sent to chrome.
 
Currently running leave_9_encoder_fc4 experiment. 
Starting the process with remaining connection 4 using tech 7!
Loaded pretrained model
Pretrained model has AUROC / IND / OOD = 0.6365012738760124 / 2.7788734436035156 / 3.145264148712158
Pruned model (before finetuning) has AUROC / IND / OOD = 0.43544739541876415 / 9.104253768920898 / 8.765846252441406
Pruned model (after finetuning) has AUROC / IND / OOD = 0.37917313856087126 / 7.255787372589111 / 6.839330196380615
Notification sent to chrome.
 
Currently running leave_9_encoder_fc4 experiment. 
Starting the process with remaining connection 5 using tech 7!
Loaded pretrained model
Pretrained model has AUROC / IND / OOD = 0.6365012738760124 / 2.7788734436035156 / 3.145264148712158
Pruned model (before finetuning) has AUROC / IND / OOD = 0.43544739541876415 / 9.104253768920898 / 8.765846252441406
Pruned model (after finetuning) has AUROC / IND / OOD = 0.3861050787600727 / 7.25619649887085 / 6.854446887969971
Notification sent to chrome.
 
Currently running leave_9_encoder_fc4 experiment. 
Starting the process with remaining connection 6 using tech 7!
Loaded pretrained model
Pretrained model has AUROC / IND / OOD = 0.6365012738760124 / 2.7788734436035156 / 3.145264148712158
Pruned model (before finetuning) has AUROC / IND / OOD = 0.43544739541876415 / 9.104253768920898 / 8.765846252441406
Pruned model (after finetuning) has AUROC / IND / OOD = 0.3861949164228649 / 7.258352279663086 / 6.85178804397583
Notification sent to chrome.
 
Currently running leave_9_encoder_fc4 experiment. 
Starting the process with remaining connection 7 using tech 7!
Loaded pretrained model
Pretrained model has AUROC / IND / OOD = 0.6365012738760124 / 2.7788734436035156 / 3.145264148712158
Pruned model (before finetuning) has AUROC / IND / OOD = 0.43544739541876415 / 9.104253768920898 / 8.765846252441406
Pruned model (after finetuning) has AUROC / IND / OOD = 0.38447455273795983 / 7.259671688079834 / 6.834676742553711
Notification sent to chrome.
 
Currently running leave_9_encoder_fc4 experiment. 
Starting the process with remaining connection 8 using tech 7!
Loaded pretrained model
Pretrained model has AUROC / IND / OOD = 0.6365012738760124 / 2.7788734436035156 / 3.145264148712158
Pruned model (before finetuning) has AUROC / IND / OOD = 0.43544739541876415 / 9.104253768920898 / 8.765846252441406
Pruned model (after finetuning) has AUROC / IND / OOD = 0.38562293159804445 / 7.254836559295654 / 6.855662822723389
Notification sent to chrome.
 
Currently running leave_9_encoder_fc4 experiment. 
Starting the process with remaining connection 9 using tech 7!
Loaded pretrained model
Pretrained model has AUROC / IND / OOD = 0.6365012738760124 / 2.7788734436035156 / 3.145264148712158
Pruned model (before finetuning) has AUROC / IND / OOD = 0.43544739541876415 / 9.104253768920898 / 8.765846252441406
Pruned model (after finetuning) has AUROC / IND / OOD = 0.3905635621305702 / 7.256731986999512 / 6.869482517242432
Notification sent to chrome.
 
Currently running leave_9_encoder_fc4 experiment. 
Starting the process with remaining connection 10 using tech 7!
Loaded pretrained model
Pretrained model has AUROC / IND / OOD = 0.6365012738760124 / 2.7788734436035156 / 3.145264148712158
Pruned model (before finetuning) has AUROC / IND / OOD = 0.43544739541876415 / 9.104253768920898 / 8.765846252441406
Pruned model (after finetuning) has AUROC / IND / OOD = 0.3852138119839915 / 7.255100727081299 / 6.852115154266357
Notification sent to chrome.
 
Currently running leave_9_encoder_fc4 experiment. 
Starting the process with remaining connection 11 using tech 7!
Loaded pretrained model
Pretrained model has AUROC / IND / OOD = 0.6365012738760124 / 2.7788734436035156 / 3.145264148712158
Pruned model (before finetuning) has AUROC / IND / OOD = 0.43544739541876415 / 9.104253768920898 / 8.765846252441406
Pruned model (after finetuning) has AUROC / IND / OOD = 0.3827876439372971 / 7.256895065307617 / 6.8324408531188965
Notification sent to chrome.
 
Currently running leave_9_encoder_fc4 experiment. 
Starting the process with remaining connection 12 using tech 7!
Loaded pretrained model
Pretrained model has AUROC / IND / OOD = 0.6365012738760124 / 2.7788734436035156 / 3.145264148712158
Pruned model (before finetuning) has AUROC / IND / OOD = 0.43544739541876415 / 9.104253768920898 / 8.765846252441406
Pruned model (after finetuning) has AUROC / IND / OOD = 0.3833580304233316 / 7.2607011795043945 / 6.834369659423828
Notification sent to chrome.
 
Currently running leave_9_encoder_fc4 experiment. 
Starting the process with remaining connection 13 using tech 7!
Loaded pretrained model
Pretrained model has AUROC / IND / OOD = 0.6365012738760124 / 2.7788734436035156 / 3.145264148712158
Pruned model (before finetuning) has AUROC / IND / OOD = 0.43544739541876415 / 9.104253768920898 / 8.765846252441406
Pruned model (after finetuning) has AUROC / IND / OOD = 0.37407862658385727 / 7.255062103271484 / 6.814541339874268
Notification sent to chrome.
 
Currently running leave_9_encoder_fc4 experiment. 
Starting the process with remaining connection 14 using tech 7!
Loaded pretrained model
Pretrained model has AUROC / IND / OOD = 0.6365012738760124 / 2.7788734436035156 / 3.145264148712158
Pruned model (before finetuning) has AUROC / IND / OOD = 0.43544739541876415 / 9.104253768920898 / 8.765846252441406
Pruned model (after finetuning) has AUROC / IND / OOD = 0.38994467432965396 / 7.257530689239502 / 6.858042240142822
Notification sent to chrome.
 
Currently running leave_9_encoder_fc4 experiment. 
Starting the process with remaining connection 15 using tech 7!
Loaded pretrained model
Pretrained model has AUROC / IND / OOD = 0.6365012738760124 / 2.7788734436035156 / 3.145264148712158
Pruned model (before finetuning) has AUROC / IND / OOD = 0.43544739541876415 / 9.104253768920898 / 8.765846252441406
Pruned model (after finetuning) has AUROC / IND / OOD = 0.3865734471394641 / 7.256523609161377 / 6.851548194885254
Notification sent to chrome.
 
Currently running leave_9_encoder_fc4 experiment. 
Starting the process with remaining connection 16 using tech 7!
Loaded pretrained model
Pretrained model has AUROC / IND / OOD = 0.6365012738760124 / 2.7788734436035156 / 3.145264148712158
Pruned model (before finetuning) has AUROC / IND / OOD = 0.43544739541876415 / 9.104253768920898 / 8.765846252441406
Pruned model (after finetuning) has AUROC / IND / OOD = 0.3867356509686649 / 7.25420618057251 / 6.8600263595581055
Notification sent to chrome.
 
Currently running leave_9_encoder_fc4 experiment. 
Starting the process with remaining connection 1 using tech 8!
Loaded pretrained model
Pretrained model has AUROC / IND / OOD = 0.6365012738760124 / 2.7788734436035156 / 3.145264148712158
Pruned model (before finetuning) has AUROC / IND / OOD = 0.43544739541876415 / 9.104253768920898 / 8.765846252441406
Pruned model (after finetuning) has AUROC / IND / OOD = 0.38513042279147336 / 7.255836486816406 / 6.841461658477783
Notification sent to chrome.
 
Currently running leave_9_encoder_fc4 experiment. 
Starting the process with remaining connection 2 using tech 8!
Loaded pretrained model
Pretrained model has AUROC / IND / OOD = 0.6365012738760124 / 2.7788734436035156 / 3.145264148712158
Pruned model (before finetuning) has AUROC / IND / OOD = 0.43544739541876415 / 9.104253768920898 / 8.765846252441406
Pruned model (after finetuning) has AUROC / IND / OOD = 0.38171245797057934 / 7.256133556365967 / 6.83760404586792
Notification sent to chrome.
 
Currently running leave_9_encoder_fc4 experiment. 
Starting the process with remaining connection 3 using tech 8!
Loaded pretrained model
Pretrained model has AUROC / IND / OOD = 0.6365012738760124 / 2.7788734436035156 / 3.145264148712158
Pruned model (before finetuning) has AUROC / IND / OOD = 0.4323867419892087 / 9.091066360473633 / 8.740221977233887
Pruned model (after finetuning) has AUROC / IND / OOD = 0.6764746797232206 / 5.214521408081055 / 6.094299793243408
Notification sent to chrome.
 
Currently running leave_9_encoder_fc4 experiment. 
Starting the process with remaining connection 4 using tech 8!
Loaded pretrained model
Pretrained model has AUROC / IND / OOD = 0.6365012738760124 / 2.7788734436035156 / 3.145264148712158
Pruned model (before finetuning) has AUROC / IND / OOD = 0.43544739541876415 / 9.104253768920898 / 8.765846252441406
Pruned model (after finetuning) has AUROC / IND / OOD = 0.3853624574910776 / 7.256603717803955 / 6.8453779220581055
Notification sent to chrome.
 
Currently running leave_9_encoder_fc4 experiment. 
Starting the process with remaining connection 5 using tech 8!
Loaded pretrained model
Pretrained model has AUROC / IND / OOD = 0.6365012738760124 / 2.7788734436035156 / 3.145264148712158
Pruned model (before finetuning) has AUROC / IND / OOD = 0.4358991190287303 / 9.105254173278809 / 8.769335746765137
Pruned model (after finetuning) has AUROC / IND / OOD = 0.6357866510933354 / 5.220168590545654 / 5.973616600036621
Notification sent to chrome.
 
Currently running leave_9_encoder_fc4 experiment. 
Starting the process with remaining connection 6 using tech 8!
Loaded pretrained model
Pretrained model has AUROC / IND / OOD = 0.6365012738760124 / 2.7788734436035156 / 3.145264148712158
Pruned model (before finetuning) has AUROC / IND / OOD = 0.43543394732691065 / 9.04686164855957 / 8.720767974853516
Pruned model (after finetuning) has AUROC / IND / OOD = 0.6578451042166493 / 4.777554512023926 / 5.571247100830078
Notification sent to chrome.
 
Currently running leave_9_encoder_fc4 experiment. 
Starting the process with remaining connection 7 using tech 8!
Loaded pretrained model
Pretrained model has AUROC / IND / OOD = 0.6365012738760124 / 2.7788734436035156 / 3.145264148712158
Pruned model (before finetuning) has AUROC / IND / OOD = 0.4460268549575895 / 8.932390213012695 / 8.660940170288086
Pruned model (after finetuning) has AUROC / IND / OOD = 0.7740512233409491 / 4.128629684448242 / 5.365081787109375
Notification sent to chrome.
 
Currently running leave_9_encoder_fc4 experiment. 
Starting the process with remaining connection 8 using tech 8!
Loaded pretrained model
Pretrained model has AUROC / IND / OOD = 0.6365012738760124 / 2.7788734436035156 / 3.145264148712158
Pruned model (before finetuning) has AUROC / IND / OOD = 0.4380160911930541 / 9.058917999267578 / 8.73654556274414
Pruned model (after finetuning) has AUROC / IND / OOD = 0.6336019975486995 / 4.8136396408081055 / 5.501112937927246
Notification sent to chrome.
 
Currently running leave_9_encoder_fc4 experiment. 
Starting the process with remaining connection 9 using tech 8!
Loaded pretrained model
Pretrained model has AUROC / IND / OOD = 0.6365012738760124 / 2.7788734436035156 / 3.145264148712158
Pruned model (before finetuning) has AUROC / IND / OOD = 0.43491173146497447 / 9.08561897277832 / 8.750343322753906
Pruned model (after finetuning) has AUROC / IND / OOD = 0.7375546452740595 / 4.476632595062256 / 5.545211315155029
Notification sent to chrome.
 
Currently running leave_9_encoder_fc4 experiment. 
Starting the process with remaining connection 10 using tech 8!
Loaded pretrained model
Pretrained model has AUROC / IND / OOD = 0.6365012738760124 / 2.7788734436035156 / 3.145264148712158
Pruned model (before finetuning) has AUROC / IND / OOD = 0.4451338796124612 / 9.150083541870117 / 8.860392570495605
Pruned model (after finetuning) has AUROC / IND / OOD = 0.6633834032248304 / 4.76448917388916 / 5.562888145446777
Notification sent to chrome.
 
Currently running leave_9_encoder_fc4 experiment. 
Starting the process with remaining connection 11 using tech 8!
Loaded pretrained model
Pretrained model has AUROC / IND / OOD = 0.6365012738760124 / 2.7788734436035156 / 3.145264148712158
Pruned model (before finetuning) has AUROC / IND / OOD = 0.43567182423035306 / 9.082730293273926 / 8.748952865600586
Pruned model (after finetuning) has AUROC / IND / OOD = 0.7544317800897473 / 4.851251602172852 / 6.086755275726318
Notification sent to chrome.
 
Currently running leave_9_encoder_fc4 experiment. 
Starting the process with remaining connection 12 using tech 8!
Loaded pretrained model
Pretrained model has AUROC / IND / OOD = 0.6365012738760124 / 2.7788734436035156 / 3.145264148712158
Pruned model (before finetuning) has AUROC / IND / OOD = 0.4322470251332711 / 8.952956199645996 / 8.612793922424316
Pruned model (after finetuning) has AUROC / IND / OOD = 0.7250565729257502 / 4.103339672088623 / 5.109373569488525
Notification sent to chrome.
 
Currently running leave_9_encoder_fc4 experiment. 
Starting the process with remaining connection 13 using tech 8!
Loaded pretrained model
Pretrained model has AUROC / IND / OOD = 0.6365012738760124 / 2.7788734436035156 / 3.145264148712158
Pruned model (before finetuning) has AUROC / IND / OOD = 0.4328886203679728 / 9.161286354064941 / 8.813899993896484
Pruned model (after finetuning) has AUROC / IND / OOD = 0.7369655747587693 / 4.145606994628906 / 5.2084574699401855
Notification sent to chrome.
 
Currently running leave_9_encoder_fc4 experiment. 
Starting the process with remaining connection 14 using tech 8!
Loaded pretrained model
Pretrained model has AUROC / IND / OOD = 0.6365012738760124 / 2.7788734436035156 / 3.145264148712158
Pruned model (before finetuning) has AUROC / IND / OOD = 0.4123253305061476 / 9.064135551452637 / 8.620147705078125
Pruned model (after finetuning) has AUROC / IND / OOD = 0.7088102307791769 / 4.429012298583984 / 5.397063732147217
Notification sent to chrome.
 
Currently running leave_9_encoder_fc4 experiment. 
Starting the process with remaining connection 15 using tech 8!
Loaded pretrained model
Pretrained model has AUROC / IND / OOD = 0.6365012738760124 / 2.7788734436035156 / 3.145264148712158
Pruned model (before finetuning) has AUROC / IND / OOD = 0.4336818924419409 / 9.027894020080566 / 8.693978309631348
Pruned model (after finetuning) has AUROC / IND / OOD = 0.7191533015230847 / 4.155532360076904 / 5.131129741668701
Notification sent to chrome.
 
Currently running leave_9_encoder_fc4 experiment. 
Starting the process with remaining connection 16 using tech 8!
Loaded pretrained model
Pretrained model has AUROC / IND / OOD = 0.6365012738760124 / 2.7788734436035156 / 3.145264148712158
Pruned model (before finetuning) has AUROC / IND / OOD = 0.43385748924786477 / 9.094654083251953 / 8.752543449401855
Pruned model (after finetuning) has AUROC / IND / OOD = 0.7238321903006408 / 4.150346279144287 / 5.118041038513184
Notification sent to chrome.
