 
Currently running leave_1_tech_6_encoder_fc3 experiment. 
Starting the process with remaining sparsity 0 and connection 1!
Loaded pretrained model
Pretrained model has AUROC / IND / OOD = 0.3141697165758527 / 3.0057060718536377 / 2.6190078258514404
Pruned model (before finetuning) has AUROC / IND / OOD = 0.11819837951057344 / 9.262572288513184 / 6.983417987823486
Pruned model (after finetuning) has AUROC / IND / OOD = 0.19855234290172463 / 7.317172050476074 / 6.448589324951172
Notification sent to chrome.
 
Currently running leave_1_tech_6_encoder_fc3 experiment. 
Starting the process with remaining sparsity 0 and connection 2!
Loaded pretrained model
Pretrained model has AUROC / IND / OOD = 0.3141697165758527 / 3.0057060718536377 / 2.6190078258514404
Pruned model (before finetuning) has AUROC / IND / OOD = 0.11819837951057344 / 9.262572288513184 / 6.983417987823486
Pruned model (after finetuning) has AUROC / IND / OOD = 0.22015310419881184 / 7.315389156341553 / 6.5077290534973145
Notification sent to chrome.
 
Currently running leave_1_tech_6_encoder_fc3 experiment. 
Starting the process with remaining sparsity 0 and connection 3!
Loaded pretrained model
Pretrained model has AUROC / IND / OOD = 0.3141697165758527 / 3.0057060718536377 / 2.6190078258514404
Pruned model (before finetuning) has AUROC / IND / OOD = 0.11819837951057344 / 9.262572288513184 / 6.983417987823486
Pruned model (after finetuning) has AUROC / IND / OOD = 0.22937672527958536 / 7.314876556396484 / 6.553523540496826
Notification sent to chrome.
 
Currently running leave_1_tech_6_encoder_fc3 experiment. 
Starting the process with remaining sparsity 0 and connection 4!
Loaded pretrained model
Pretrained model has AUROC / IND / OOD = 0.3141697165758527 / 3.0057060718536377 / 2.6190078258514404
Pruned model (before finetuning) has AUROC / IND / OOD = 0.11819837951057344 / 9.262572288513184 / 6.983417987823486
Pruned model (after finetuning) has AUROC / IND / OOD = 0.19536592698604371 / 7.319432258605957 / 6.443799018859863
Notification sent to chrome.
 
Currently running leave_1_tech_6_encoder_fc3 experiment. 
Starting the process with remaining sparsity 0 and connection 5!
Loaded pretrained model
Pretrained model has AUROC / IND / OOD = 0.3141697165758527 / 3.0057060718536377 / 2.6190078258514404
Pruned model (before finetuning) has AUROC / IND / OOD = 0.11819837951057344 / 9.262572288513184 / 6.983417987823486
Pruned model (after finetuning) has AUROC / IND / OOD = 0.21737312750483884 / 7.31437349319458 / 6.501674175262451
Notification sent to chrome.
 
Currently running leave_1_tech_6_encoder_fc3 experiment. 
Starting the process with remaining sparsity 0 and connection 6!
Loaded pretrained model
Pretrained model has AUROC / IND / OOD = 0.3141697165758527 / 3.0057060718536377 / 2.6190078258514404
Pruned model (before finetuning) has AUROC / IND / OOD = 0.11819837951057344 / 9.262572288513184 / 6.983417987823486
Pruned model (after finetuning) has AUROC / IND / OOD = 0.20384703494164796 / 7.319952011108398 / 6.451056957244873
Notification sent to chrome.
 
Currently running leave_1_tech_6_encoder_fc3 experiment. 
Starting the process with remaining sparsity 0 and connection 7!
Loaded pretrained model
Pretrained model has AUROC / IND / OOD = 0.3141697165758527 / 3.0057060718536377 / 2.6190078258514404
Pruned model (before finetuning) has AUROC / IND / OOD = 0.11819837951057344 / 9.262572288513184 / 6.983417987823486
Pruned model (after finetuning) has AUROC / IND / OOD = 0.20849845082005908 / 7.318115711212158 / 6.466738700866699
Notification sent to chrome.
 
Currently running leave_1_tech_6_encoder_fc3 experiment. 
Starting the process with remaining sparsity 0 and connection 8!
Loaded pretrained model
Pretrained model has AUROC / IND / OOD = 0.3141697165758527 / 3.0057060718536377 / 2.6190078258514404
Pruned model (before finetuning) has AUROC / IND / OOD = 0.11819837951057344 / 9.262572288513184 / 6.983417987823486
Pruned model (after finetuning) has AUROC / IND / OOD = 0.20744903359496708 / 7.319583892822266 / 6.46201229095459
Notification sent to chrome.
 
Currently running leave_1_tech_6_encoder_fc3 experiment. 
Starting the process with remaining sparsity 0 and connection 9!
Loaded pretrained model
Pretrained model has AUROC / IND / OOD = 0.3141697165758527 / 3.0057060718536377 / 2.6190078258514404
Pruned model (before finetuning) has AUROC / IND / OOD = 0.11819837951057344 / 9.262572288513184 / 6.983417987823486
Pruned model (after finetuning) has AUROC / IND / OOD = 0.21706279458644226 / 7.315896034240723 / 6.491374492645264
Notification sent to chrome.
 
Currently running leave_1_tech_6_encoder_fc3 experiment. 
Starting the process with remaining sparsity 0 and connection 10!
Loaded pretrained model
Pretrained model has AUROC / IND / OOD = 0.3141697165758527 / 3.0057060718536377 / 2.6190078258514404
Pruned model (before finetuning) has AUROC / IND / OOD = 0.11819837951057344 / 9.262572288513184 / 6.983417987823486
Pruned model (after finetuning) has AUROC / IND / OOD = 0.21375100317786871 / 7.316273212432861 / 6.490286827087402
Notification sent to chrome.
 
Currently running leave_1_tech_6_encoder_fc3 experiment. 
Starting the process with remaining sparsity 0 and connection 11!
Loaded pretrained model
Pretrained model has AUROC / IND / OOD = 0.3141697165758527 / 3.0057060718536377 / 2.6190078258514404
Pruned model (before finetuning) has AUROC / IND / OOD = 0.11819837951057344 / 9.262572288513184 / 6.983417987823486
Pruned model (after finetuning) has AUROC / IND / OOD = 0.2059026364632483 / 7.318968296051025 / 6.453502655029297
Notification sent to chrome.
 
Currently running leave_1_tech_6_encoder_fc3 experiment. 
Starting the process with remaining sparsity 0 and connection 12!
Loaded pretrained model
Pretrained model has AUROC / IND / OOD = 0.3141697165758527 / 3.0057060718536377 / 2.6190078258514404
Pruned model (before finetuning) has AUROC / IND / OOD = 0.11819837951057344 / 9.262572288513184 / 6.983417987823486
Pruned model (after finetuning) has AUROC / IND / OOD = 0.22245910885504794 / 7.314449310302734 / 6.527987480163574
Notification sent to chrome.
