 
Currently running leave_9_bottleneck_bottleneck experiment. 
Starting the process with remaining connection 1 using tech 0!
Loaded pretrained model
Pretrained model has AUROC / IND / OOD = 0.7425933807389594 / 3.3362951278686523 / 4.157049655914307
Pruned model (before finetuning) has AUROC / IND / OOD = 0.42785594756743306 / 9.046771049499512 / 8.667370796203613
Pruned model (after finetuning) has AUROC / IND / OOD = 0.38819223363877037 / 7.255305290222168 / 6.860569477081299
Notification sent to chrome.
 
Currently running leave_9_bottleneck_bottleneck experiment. 
Starting the process with remaining connection 2 using tech 0!
Loaded pretrained model
Pretrained model has AUROC / IND / OOD = 0.7425933807389594 / 3.3362951278686523 / 4.157049655914307
Pruned model (before finetuning) has AUROC / IND / OOD = 0.41282417755273165 / 9.149114608764648 / 8.681455612182617
Pruned model (after finetuning) has AUROC / IND / OOD = 0.6233497565399337 / 5.220062732696533 / 5.855177879333496
Notification sent to chrome.
 
Currently running leave_9_bottleneck_bottleneck experiment. 
Starting the process with remaining connection 3 using tech 0!
Loaded pretrained model
Pretrained model has AUROC / IND / OOD = 0.7425933807389594 / 3.3362951278686523 / 4.157049655914307
Pruned model (before finetuning) has AUROC / IND / OOD = 0.39299909974945757 / 9.366250038146973 / 8.718914985656738
Pruned model (after finetuning) has AUROC / IND / OOD = 0.5748974941244515 / 5.345866680145264 / 5.8016839027404785
Notification sent to chrome.
 
Currently running leave_9_bottleneck_bottleneck experiment. 
Starting the process with remaining connection 4 using tech 0!
Loaded pretrained model
Pretrained model has AUROC / IND / OOD = 0.7425933807389594 / 3.3362951278686523 / 4.157049655914307
Pruned model (before finetuning) has AUROC / IND / OOD = 0.4150531436623276 / 9.4769868850708 / 8.969269752502441
Pruned model (after finetuning) has AUROC / IND / OOD = 0.6950767527796489 / 5.177085876464844 / 6.124022483825684
Notification sent to chrome.
 
Currently running leave_9_bottleneck_bottleneck experiment. 
Starting the process with remaining connection 5 using tech 0!
Loaded pretrained model
Pretrained model has AUROC / IND / OOD = 0.7425933807389594 / 3.3362951278686523 / 4.157049655914307
Pruned model (before finetuning) has AUROC / IND / OOD = 0.4018395115741223 / 9.362028121948242 / 8.784646034240723
Pruned model (after finetuning) has AUROC / IND / OOD = 0.7244803993510084 / 4.741053581237793 / 5.758856296539307
Notification sent to chrome.
 
Currently running leave_9_bottleneck_bottleneck experiment. 
Starting the process with remaining connection 6 using tech 0!
Loaded pretrained model
Pretrained model has AUROC / IND / OOD = 0.7425933807389594 / 3.3362951278686523 / 4.157049655914307
Pruned model (before finetuning) has AUROC / IND / OOD = 0.4037843040706161 / 9.393617630004883 / 8.808501243591309
Pruned model (after finetuning) has AUROC / IND / OOD = 0.7125476980118539 / 4.936636447906494 / 5.957354545593262
Notification sent to chrome.
 
Currently running leave_9_bottleneck_bottleneck experiment. 
Starting the process with remaining connection 7 using tech 0!
Loaded pretrained model
Pretrained model has AUROC / IND / OOD = 0.7425933807389594 / 3.3362951278686523 / 4.157049655914307
Pruned model (before finetuning) has AUROC / IND / OOD = 0.40570798747211034 / 9.407310485839844 / 8.842321395874023
Pruned model (after finetuning) has AUROC / IND / OOD = 0.724001669327074 / 4.735987186431885 / 5.76737117767334
Notification sent to chrome.
 
Currently running leave_9_bottleneck_bottleneck experiment. 
Starting the process with remaining connection 8 using tech 0!
Loaded pretrained model
Pretrained model has AUROC / IND / OOD = 0.7425933807389594 / 3.3362951278686523 / 4.157049655914307
Pruned model (before finetuning) has AUROC / IND / OOD = 0.40570798747211034 / 9.407310485839844 / 8.842321395874023
Pruned model (after finetuning) has AUROC / IND / OOD = 0.6923551676332207 / 4.547577857971191 / 5.424051761627197
Notification sent to chrome.
 
Currently running leave_9_bottleneck_bottleneck experiment. 
Starting the process with remaining connection 9 using tech 0!
Loaded pretrained model
Pretrained model has AUROC / IND / OOD = 0.7425933807389594 / 3.3362951278686523 / 4.157049655914307
Pruned model (before finetuning) has AUROC / IND / OOD = 0.40570798747211034 / 9.407310485839844 / 8.842321395874023
Pruned model (after finetuning) has AUROC / IND / OOD = 0.7365687458188285 / 4.411832809448242 / 5.477413177490234
Notification sent to chrome.
 
Currently running leave_9_bottleneck_bottleneck experiment. 
Starting the process with remaining connection 10 using tech 0!
Loaded pretrained model
Pretrained model has AUROC / IND / OOD = 0.7425933807389594 / 3.3362951278686523 / 4.157049655914307
Pruned model (before finetuning) has AUROC / IND / OOD = 0.40981467096432406 / 9.363008499145508 / 8.829895973205566
Pruned model (after finetuning) has AUROC / IND / OOD = 0.7564677330121664 / 4.064487934112549 / 5.147678852081299
Notification sent to chrome.
 
Currently running leave_9_bottleneck_bottleneck experiment. 
Starting the process with remaining connection 11 using tech 0!
Loaded pretrained model
Pretrained model has AUROC / IND / OOD = 0.7425933807389594 / 3.3362951278686523 / 4.157049655914307
Pruned model (before finetuning) has AUROC / IND / OOD = 0.4174825635017244 / 9.395049095153809 / 8.903641700744629
Pruned model (after finetuning) has AUROC / IND / OOD = 0.7588842007958847 / 4.069018840789795 / 5.242957592010498
Notification sent to chrome.
 
Currently running leave_9_bottleneck_bottleneck experiment. 
Starting the process with remaining connection 12 using tech 0!
Loaded pretrained model
Pretrained model has AUROC / IND / OOD = 0.7425933807389594 / 3.3362951278686523 / 4.157049655914307
Pruned model (before finetuning) has AUROC / IND / OOD = 0.42399877027120725 / 9.311137199401855 / 8.892779350280762
Pruned model (after finetuning) has AUROC / IND / OOD = 0.7603884580539134 / 4.098912239074707 / 5.250490665435791
Notification sent to chrome.
 
Currently running leave_9_bottleneck_bottleneck experiment. 
Starting the process with remaining connection 13 using tech 0!
Loaded pretrained model
Pretrained model has AUROC / IND / OOD = 0.7425933807389594 / 3.3362951278686523 / 4.157049655914307
Pruned model (before finetuning) has AUROC / IND / OOD = 0.4257449278372084 / 9.299088478088379 / 8.892334938049316
Pruned model (after finetuning) has AUROC / IND / OOD = 0.7383616961306644 / 4.038317680358887 / 5.091015815734863
Notification sent to chrome.
 
Currently running leave_9_bottleneck_bottleneck experiment. 
Starting the process with remaining connection 14 using tech 0!
Loaded pretrained model
Pretrained model has AUROC / IND / OOD = 0.7425933807389594 / 3.3362951278686523 / 4.157049655914307
Pruned model (before finetuning) has AUROC / IND / OOD = 0.42100971139623267 / 9.279356002807617 / 8.833640098571777
Pruned model (after finetuning) has AUROC / IND / OOD = 0.8212498921121318 / 3.5928313732147217 / 4.920226097106934
Notification sent to chrome.
 
Currently running leave_9_bottleneck_bottleneck experiment. 
Starting the process with remaining connection 15 using tech 0!
Loaded pretrained model
Pretrained model has AUROC / IND / OOD = 0.7425933807389594 / 3.3362951278686523 / 4.157049655914307
Pruned model (before finetuning) has AUROC / IND / OOD = 0.4276789728832455 / 9.229755401611328 / 8.826277732849121
Pruned model (after finetuning) has AUROC / IND / OOD = 0.801725687806516 / 3.5836591720581055 / 4.81227970123291
Notification sent to chrome.
 
Currently running leave_9_bottleneck_bottleneck experiment. 
Starting the process with remaining connection 16 using tech 0!
Loaded pretrained model
Pretrained model has AUROC / IND / OOD = 0.7425933807389594 / 3.3362951278686523 / 4.157049655914307
Pruned model (before finetuning) has AUROC / IND / OOD = 0.43243816440600935 / 9.226468086242676 / 8.847563743591309
Pruned model (after finetuning) has AUROC / IND / OOD = 0.780002114216408 / 3.44175386428833 / 4.4177680015563965
Notification sent to chrome.
 
Currently running leave_9_bottleneck_bottleneck experiment. 
Starting the process with remaining connection 1 using tech 1!
Loaded pretrained model
Pretrained model has AUROC / IND / OOD = 0.7425933807389594 / 3.3362951278686523 / 4.157049655914307
Pruned model (before finetuning) has AUROC / IND / OOD = 0.43597352445496923 / 8.985875129699707 / 8.658503532409668
Pruned model (after finetuning) has AUROC / IND / OOD = 0.5607615654416667 / 5.917949676513672 / 6.395984172821045
Notification sent to chrome.
 
Currently running leave_9_bottleneck_bottleneck experiment. 
Starting the process with remaining connection 2 using tech 1!
Loaded pretrained model
Pretrained model has AUROC / IND / OOD = 0.7425933807389594 / 3.3362951278686523 / 4.157049655914307
Pruned model (before finetuning) has AUROC / IND / OOD = 0.4361559004219504 / 8.985064506530762 / 8.6585693359375
Pruned model (after finetuning) has AUROC / IND / OOD = 0.5419485667806337 / 5.8475446701049805 / 6.194122314453125
Notification sent to chrome.
 
Currently running leave_9_bottleneck_bottleneck experiment. 
Starting the process with remaining connection 3 using tech 1!
Loaded pretrained model
Pretrained model has AUROC / IND / OOD = 0.7425933807389594 / 3.3362951278686523 / 4.157049655914307
Pruned model (before finetuning) has AUROC / IND / OOD = 0.4361666478724071 / 8.985016822814941 / 8.658570289611816
Pruned model (after finetuning) has AUROC / IND / OOD = 0.6477630587310139 / 5.203549861907959 / 5.990464687347412
Notification sent to chrome.
 
Currently running leave_9_bottleneck_bottleneck experiment. 
Starting the process with remaining connection 4 using tech 1!
Loaded pretrained model
Pretrained model has AUROC / IND / OOD = 0.7425933807389594 / 3.3362951278686523 / 4.157049655914307
Pruned model (before finetuning) has AUROC / IND / OOD = 0.4361614119350051 / 8.985036849975586 / 8.658586502075195
Pruned model (after finetuning) has AUROC / IND / OOD = 0.6309287483717613 / 5.2320709228515625 / 5.898067474365234
Notification sent to chrome.
 
Currently running leave_9_bottleneck_bottleneck experiment. 
Starting the process with remaining connection 5 using tech 1!
Loaded pretrained model
Pretrained model has AUROC / IND / OOD = 0.7425933807389594 / 3.3362951278686523 / 4.157049655914307
Pruned model (before finetuning) has AUROC / IND / OOD = 0.43614686154054066 / 8.98508071899414 / 8.658590316772461
Pruned model (after finetuning) has AUROC / IND / OOD = 0.6526773442311379 / 4.813003063201904 / 5.556622505187988
Notification sent to chrome.
 
Currently running leave_9_bottleneck_bottleneck experiment. 
Starting the process with remaining connection 6 using tech 1!
Loaded pretrained model
Pretrained model has AUROC / IND / OOD = 0.7425933807389594 / 3.3362951278686523 / 4.157049655914307
Pruned model (before finetuning) has AUROC / IND / OOD = 0.43617805670443044 / 8.985002517700195 / 8.658655166625977
Pruned model (after finetuning) has AUROC / IND / OOD = 0.71598098483904 / 4.507663726806641 / 5.473812580108643
Notification sent to chrome.
 
Currently running leave_9_bottleneck_bottleneck experiment. 
Starting the process with remaining connection 7 using tech 1!
Loaded pretrained model
Pretrained model has AUROC / IND / OOD = 0.7425933807389594 / 3.3362951278686523 / 4.157049655914307
Pruned model (before finetuning) has AUROC / IND / OOD = 0.436298042343632 / 8.984244346618652 / 8.658625602722168
Pruned model (after finetuning) has AUROC / IND / OOD = 0.731465525651188 / 4.476324081420898 / 5.539553165435791
Notification sent to chrome.
 
Currently running leave_9_bottleneck_bottleneck experiment. 
Starting the process with remaining connection 8 using tech 1!
Loaded pretrained model
Pretrained model has AUROC / IND / OOD = 0.7425933807389594 / 3.3362951278686523 / 4.157049655914307
Pruned model (before finetuning) has AUROC / IND / OOD = 0.43622650290418163 / 8.984359741210938 / 8.658456802368164
Pruned model (after finetuning) has AUROC / IND / OOD = 0.7363786537335705 / 4.4688005447387695 / 5.550228595733643
Notification sent to chrome.
 
Currently running leave_9_bottleneck_bottleneck experiment. 
Starting the process with remaining connection 9 using tech 1!
Loaded pretrained model
Pretrained model has AUROC / IND / OOD = 0.7425933807389594 / 3.3362951278686523 / 4.157049655914307
Pruned model (before finetuning) has AUROC / IND / OOD = 0.4361016120183613 / 8.985095977783203 / 8.658469200134277
Pruned model (after finetuning) has AUROC / IND / OOD = 0.7517724199257071 / 4.260054111480713 / 5.305243492126465
Notification sent to chrome.
 
Currently running leave_9_bottleneck_bottleneck experiment. 
Starting the process with remaining connection 10 using tech 1!
Loaded pretrained model
Pretrained model has AUROC / IND / OOD = 0.7425933807389594 / 3.3362951278686523 / 4.157049655914307
Pruned model (before finetuning) has AUROC / IND / OOD = 0.43597749274436864 / 8.985794067382812 / 8.658449172973633
Pruned model (after finetuning) has AUROC / IND / OOD = 0.7037688497880107 / 3.9112141132354736 / 4.7221832275390625
Notification sent to chrome.
 
Currently running leave_9_bottleneck_bottleneck experiment. 
Starting the process with remaining connection 11 using tech 1!
Loaded pretrained model
Pretrained model has AUROC / IND / OOD = 0.7425933807389594 / 3.3362951278686523 / 4.157049655914307
Pruned model (before finetuning) has AUROC / IND / OOD = 0.4359771069384548 / 8.98571491241455 / 8.658354759216309
Pruned model (after finetuning) has AUROC / IND / OOD = 0.7077936873113615 / 3.935967206954956 / 4.7813944816589355
Notification sent to chrome.
 
Currently running leave_9_bottleneck_bottleneck experiment. 
Starting the process with remaining connection 12 using tech 1!
Loaded pretrained model
Pretrained model has AUROC / IND / OOD = 0.7425933807389594 / 3.3362951278686523 / 4.157049655914307
Pruned model (before finetuning) has AUROC / IND / OOD = 0.43707301619425837 / 8.98369026184082 / 8.662601470947266
Pruned model (after finetuning) has AUROC / IND / OOD = 0.6937590051233924 / 3.8936140537261963 / 4.642062187194824
Notification sent to chrome.
 
Currently running leave_9_bottleneck_bottleneck experiment. 
Starting the process with remaining connection 13 using tech 1!
Loaded pretrained model
Pretrained model has AUROC / IND / OOD = 0.7425933807389594 / 3.3362951278686523 / 4.157049655914307
Pruned model (before finetuning) has AUROC / IND / OOD = 0.4370553793524832 / 8.984262466430664 / 8.662799835205078
Pruned model (after finetuning) has AUROC / IND / OOD = 0.7118043051310313 / 3.7416601181030273 / 4.503054141998291
Notification sent to chrome.
 
Currently running leave_9_bottleneck_bottleneck experiment. 
Starting the process with remaining connection 14 using tech 1!
Loaded pretrained model
Pretrained model has AUROC / IND / OOD = 0.7425933807389594 / 3.3362951278686523 / 4.157049655914307
Pruned model (before finetuning) has AUROC / IND / OOD = 0.43703531744496393 / 8.984129905700684 / 8.662663459777832
Pruned model (after finetuning) has AUROC / IND / OOD = 0.6977669223016651 / 3.7723000049591064 / 4.479034423828125
Notification sent to chrome.
 
Currently running leave_9_bottleneck_bottleneck experiment. 
Starting the process with remaining connection 15 using tech 1!
Loaded pretrained model
Pretrained model has AUROC / IND / OOD = 0.7425933807389594 / 3.3362951278686523 / 4.157049655914307
Pruned model (before finetuning) has AUROC / IND / OOD = 0.4344273796977244 / 9.000933647155762 / 8.665385246276855
Pruned model (after finetuning) has AUROC / IND / OOD = 0.737002997932411 / 3.821953058242798 / 4.740304946899414
Notification sent to chrome.
 
Currently running leave_9_bottleneck_bottleneck experiment. 
Starting the process with remaining connection 16 using tech 1!
Loaded pretrained model
Pretrained model has AUROC / IND / OOD = 0.7425933807389594 / 3.3362951278686523 / 4.157049655914307
Pruned model (before finetuning) has AUROC / IND / OOD = 0.43398750584082596 / 9.001282691955566 / 8.663044929504395
Pruned model (after finetuning) has AUROC / IND / OOD = 0.7075361894214444 / 4.027472972869873 / 4.854027271270752
Notification sent to chrome.
 
Currently running leave_9_bottleneck_bottleneck experiment. 
Starting the process with remaining connection 1 using tech 2!
Loaded pretrained model
Pretrained model has AUROC / IND / OOD = 0.7425933807389594 / 3.3362951278686523 / 4.157049655914307
Pruned model (before finetuning) has AUROC / IND / OOD = 0.43596575322156206 / 8.985918998718262 / 8.6585054397583
Pruned model (after finetuning) has AUROC / IND / OOD = 0.38491894603556315 / 7.254719257354736 / 6.847586631774902
Notification sent to chrome.
 
Currently running leave_9_bottleneck_bottleneck experiment. 
Starting the process with remaining connection 2 using tech 2!
Loaded pretrained model
Pretrained model has AUROC / IND / OOD = 0.7425933807389594 / 3.3362951278686523 / 4.157049655914307
Pruned model (before finetuning) has AUROC / IND / OOD = 0.4522078515030833 / 9.042384147644043 / 8.802027702331543
Pruned model (after finetuning) has AUROC / IND / OOD = 0.5729995494889228 / 5.793737411499023 / 6.305603504180908
Notification sent to chrome.
 
Currently running leave_9_bottleneck_bottleneck experiment. 
Starting the process with remaining connection 3 using tech 2!
Loaded pretrained model
Pretrained model has AUROC / IND / OOD = 0.7425933807389594 / 3.3362951278686523 / 4.157049655914307
Pruned model (before finetuning) has AUROC / IND / OOD = 0.4529222538252381 / 9.051762580871582 / 8.81517505645752
Pruned model (after finetuning) has AUROC / IND / OOD = 0.6101655559314407 / 5.201322078704834 / 5.791830539703369
Notification sent to chrome.
 
Currently running leave_9_bottleneck_bottleneck experiment. 
Starting the process with remaining connection 4 using tech 2!
Loaded pretrained model
Pretrained model has AUROC / IND / OOD = 0.7425933807389594 / 3.3362951278686523 / 4.157049655914307
Pruned model (before finetuning) has AUROC / IND / OOD = 0.4529222538252381 / 9.051762580871582 / 8.81517505645752
Pruned model (after finetuning) has AUROC / IND / OOD = 0.6043231867480299 / 5.224208354949951 / 5.808637619018555
Notification sent to chrome.
 
Currently running leave_9_bottleneck_bottleneck experiment. 
Starting the process with remaining connection 5 using tech 2!
Loaded pretrained model
Pretrained model has AUROC / IND / OOD = 0.7425933807389594 / 3.3362951278686523 / 4.157049655914307
Pruned model (before finetuning) has AUROC / IND / OOD = 0.4529222538252381 / 9.051762580871582 / 8.81517505645752
Pruned model (after finetuning) has AUROC / IND / OOD = 0.6165982081630139 / 5.189002990722656 / 5.8335490226745605
Notification sent to chrome.
 
Currently running leave_9_bottleneck_bottleneck experiment. 
Starting the process with remaining connection 6 using tech 2!
Loaded pretrained model
Pretrained model has AUROC / IND / OOD = 0.7425933807389594 / 3.3362951278686523 / 4.157049655914307
Pruned model (before finetuning) has AUROC / IND / OOD = 0.4529222538252381 / 9.051762580871582 / 8.81517505645752
Pruned model (after finetuning) has AUROC / IND / OOD = 0.7261851654539684 / 4.5421552658081055 / 5.563265323638916
Notification sent to chrome.
 
Currently running leave_9_bottleneck_bottleneck experiment. 
Starting the process with remaining connection 7 using tech 2!
Loaded pretrained model
Pretrained model has AUROC / IND / OOD = 0.7425933807389594 / 3.3362951278686523 / 4.157049655914307
Pruned model (before finetuning) has AUROC / IND / OOD = 0.4529222538252381 / 9.051762580871582 / 8.81517505645752
Pruned model (after finetuning) has AUROC / IND / OOD = 0.7451290625500515 / 4.930379390716553 / 6.102409839630127
Notification sent to chrome.
 
Currently running leave_9_bottleneck_bottleneck experiment. 
Starting the process with remaining connection 8 using tech 2!
Loaded pretrained model
Pretrained model has AUROC / IND / OOD = 0.7425933807389594 / 3.3362951278686523 / 4.157049655914307
Pruned model (before finetuning) has AUROC / IND / OOD = 0.4372914374566175 / 9.140961647033691 / 8.802967071533203
Pruned model (after finetuning) has AUROC / IND / OOD = 0.6570116532125122 / 4.727654933929443 / 5.551717281341553
Notification sent to chrome.
 
Currently running leave_9_bottleneck_bottleneck experiment. 
Starting the process with remaining connection 9 using tech 2!
Loaded pretrained model
Pretrained model has AUROC / IND / OOD = 0.7425933807389594 / 3.3362951278686523 / 4.157049655914307
Pruned model (before finetuning) has AUROC / IND / OOD = 0.43442275002675845 / 9.142611503601074 / 8.786478996276855
Pruned model (after finetuning) has AUROC / IND / OOD = 0.6976976425825672 / 4.40707540512085 / 5.2865471839904785
Notification sent to chrome.
 
Currently running leave_9_bottleneck_bottleneck experiment. 
Starting the process with remaining connection 10 using tech 2!
Loaded pretrained model
Pretrained model has AUROC / IND / OOD = 0.7425933807389594 / 3.3362951278686523 / 4.157049655914307
Pruned model (before finetuning) has AUROC / IND / OOD = 0.4366350713669291 / 9.128211975097656 / 8.783493995666504
Pruned model (after finetuning) has AUROC / IND / OOD = 0.7097772257446302 / 4.405067443847656 / 5.33900785446167
Notification sent to chrome.
 
Currently running leave_9_bottleneck_bottleneck experiment. 
Starting the process with remaining connection 11 using tech 2!
Loaded pretrained model
Pretrained model has AUROC / IND / OOD = 0.7425933807389594 / 3.3362951278686523 / 4.157049655914307
Pruned model (before finetuning) has AUROC / IND / OOD = 0.4324850122669746 / 9.130826950073242 / 8.760056495666504
Pruned model (after finetuning) has AUROC / IND / OOD = 0.6682474237258953 / 4.703453063964844 / 5.527679443359375
Notification sent to chrome.
 
Currently running leave_9_bottleneck_bottleneck experiment. 
Starting the process with remaining connection 12 using tech 2!
Loaded pretrained model
Pretrained model has AUROC / IND / OOD = 0.7425933807389594 / 3.3362951278686523 / 4.157049655914307
Pruned model (before finetuning) has AUROC / IND / OOD = 0.43302387289833605 / 9.130621910095215 / 8.763171195983887
Pruned model (after finetuning) has AUROC / IND / OOD = 0.6897218769259292 / 4.683419704437256 / 5.591120719909668
Notification sent to chrome.
 
Currently running leave_9_bottleneck_bottleneck experiment. 
Starting the process with remaining connection 13 using tech 2!
Loaded pretrained model
Pretrained model has AUROC / IND / OOD = 0.7425933807389594 / 3.3362951278686523 / 4.157049655914307
Pruned model (before finetuning) has AUROC / IND / OOD = 0.4330233217470306 / 9.130623817443848 / 8.763171195983887
Pruned model (after finetuning) has AUROC / IND / OOD = 0.7445545975443564 / 4.1263747215271 / 5.157289505004883
Notification sent to chrome.
 
Currently running leave_9_bottleneck_bottleneck experiment. 
Starting the process with remaining connection 14 using tech 2!
Loaded pretrained model
Pretrained model has AUROC / IND / OOD = 0.7425933807389594 / 3.3362951278686523 / 4.157049655914307
Pruned model (before finetuning) has AUROC / IND / OOD = 0.4183358008377279 / 9.142626762390137 / 8.6893310546875
Pruned model (after finetuning) has AUROC / IND / OOD = 0.7136351746526839 / 4.109708309173584 / 5.048209190368652
Notification sent to chrome.
 
Currently running leave_9_bottleneck_bottleneck experiment. 
Starting the process with remaining connection 15 using tech 2!
Loaded pretrained model
Pretrained model has AUROC / IND / OOD = 0.7425933807389594 / 3.3362951278686523 / 4.157049655914307
Pruned model (before finetuning) has AUROC / IND / OOD = 0.41990040916370613 / 9.129932403564453 / 8.737119674682617
Pruned model (after finetuning) has AUROC / IND / OOD = 0.7794309010034152 / 3.8453662395477295 / 5.058670520782471
Notification sent to chrome.
 
Currently running leave_9_bottleneck_bottleneck experiment. 
Starting the process with remaining connection 16 using tech 2!
Loaded pretrained model
Pretrained model has AUROC / IND / OOD = 0.7425933807389594 / 3.3362951278686523 / 4.157049655914307
Pruned model (before finetuning) has AUROC / IND / OOD = 0.41093505133809066 / 9.11917781829834 / 8.676836013793945
Pruned model (after finetuning) has AUROC / IND / OOD = 0.7582792020078661 / 3.803116798400879 / 4.9173264503479
Notification sent to chrome.
 
Currently running leave_9_bottleneck_bottleneck experiment. 
Starting the process with remaining connection 1 using tech 3!
Loaded pretrained model
Pretrained model has AUROC / IND / OOD = 0.7425933807389594 / 3.3362951278686523 / 4.157049655914307
Pruned model (before finetuning) has AUROC / IND / OOD = 0.43721383535280683 / 8.983745574951172 / 8.663267135620117
Pruned model (after finetuning) has AUROC / IND / OOD = 0.5284785942202527 / 5.844999313354492 / 6.161128997802734
Notification sent to chrome.
 
Currently running leave_9_bottleneck_bottleneck experiment. 
Starting the process with remaining connection 2 using tech 3!
Loaded pretrained model
Pretrained model has AUROC / IND / OOD = 0.7425933807389594 / 3.3362951278686523 / 4.157049655914307
Pruned model (before finetuning) has AUROC / IND / OOD = 0.4349408873690341 / 8.99918270111084 / 8.665014266967773
Pruned model (after finetuning) has AUROC / IND / OOD = 0.6101819802403439 / 5.239363670349121 / 5.816525459289551
Notification sent to chrome.
 
Currently running leave_9_bottleneck_bottleneck experiment. 
Starting the process with remaining connection 3 using tech 3!
Loaded pretrained model
Pretrained model has AUROC / IND / OOD = 0.7425933807389594 / 3.3362951278686523 / 4.157049655914307
Pruned model (before finetuning) has AUROC / IND / OOD = 0.43472180472510835 / 8.991833686828613 / 8.657819747924805
Pruned model (after finetuning) has AUROC / IND / OOD = 0.6577616599090006 / 4.954347610473633 / 5.694084644317627
Notification sent to chrome.
 
Currently running leave_9_bottleneck_bottleneck experiment. 
Starting the process with remaining connection 4 using tech 3!
Loaded pretrained model
Pretrained model has AUROC / IND / OOD = 0.7425933807389594 / 3.3362951278686523 / 4.157049655914307
Pruned model (before finetuning) has AUROC / IND / OOD = 0.4353293939242623 / 8.99412727355957 / 8.662378311157227
Pruned model (after finetuning) has AUROC / IND / OOD = 0.6622044354672919 / 4.821635723114014 / 5.615456581115723
Notification sent to chrome.
 
Currently running leave_9_bottleneck_bottleneck experiment. 
Starting the process with remaining connection 5 using tech 3!
Loaded pretrained model
Pretrained model has AUROC / IND / OOD = 0.7425933807389594 / 3.3362951278686523 / 4.157049655914307
Pruned model (before finetuning) has AUROC / IND / OOD = 0.4353297246150456 / 8.994122505187988 / 8.662378311157227
Pruned model (after finetuning) has AUROC / IND / OOD = 0.7690035592249005 / 4.478407859802246 / 5.778903961181641
Notification sent to chrome.
 
Currently running leave_9_bottleneck_bottleneck experiment. 
Starting the process with remaining connection 6 using tech 3!
Loaded pretrained model
Pretrained model has AUROC / IND / OOD = 0.7425933807389594 / 3.3362951278686523 / 4.157049655914307
Pruned model (before finetuning) has AUROC / IND / OOD = 0.43562679516869585 / 8.99337387084961 / 8.66323471069336
Pruned model (after finetuning) has AUROC / IND / OOD = 0.6718811091677516 / 4.7744951248168945 / 5.598907947540283
Notification sent to chrome.
 
Currently running leave_9_bottleneck_bottleneck experiment. 
Starting the process with remaining connection 7 using tech 3!
Loaded pretrained model
Pretrained model has AUROC / IND / OOD = 0.7425933807389594 / 3.3362951278686523 / 4.157049655914307
Pruned model (before finetuning) has AUROC / IND / OOD = 0.43630641984347523 / 8.991888046264648 / 8.665127754211426
Pruned model (after finetuning) has AUROC / IND / OOD = 0.7263549751711849 / 4.225561141967773 / 5.192381858825684
Notification sent to chrome.
 
Currently running leave_9_bottleneck_bottleneck experiment. 
Starting the process with remaining connection 8 using tech 3!
Loaded pretrained model
Pretrained model has AUROC / IND / OOD = 0.7425933807389594 / 3.3362951278686523 / 4.157049655914307
Pruned model (before finetuning) has AUROC / IND / OOD = 0.4370124997809174 / 8.989739418029785 / 8.665699005126953
Pruned model (after finetuning) has AUROC / IND / OOD = 0.7396487997743366 / 4.233891010284424 / 5.267613410949707
Notification sent to chrome.
 
Currently running leave_9_bottleneck_bottleneck experiment. 
Starting the process with remaining connection 9 using tech 3!
Loaded pretrained model
Pretrained model has AUROC / IND / OOD = 0.7425933807389594 / 3.3362951278686523 / 4.157049655914307
Pruned model (before finetuning) has AUROC / IND / OOD = 0.43829844600684814 / 8.997713088989258 / 8.680405616760254
Pruned model (after finetuning) has AUROC / IND / OOD = 0.7423138367968232 / 4.171491622924805 / 5.229680061340332
Notification sent to chrome.
 
Currently running leave_9_bottleneck_bottleneck experiment. 
Starting the process with remaining connection 10 using tech 3!
Loaded pretrained model
Pretrained model has AUROC / IND / OOD = 0.7425933807389594 / 3.3362951278686523 / 4.157049655914307
Pruned model (before finetuning) has AUROC / IND / OOD = 0.4382488423893556 / 8.998150825500488 / 8.680561065673828
Pruned model (after finetuning) has AUROC / IND / OOD = 0.7480232131702234 / 3.976480722427368 / 5.060548782348633
Notification sent to chrome.
 
Currently running leave_9_bottleneck_bottleneck experiment. 
Starting the process with remaining connection 11 using tech 3!
Loaded pretrained model
Pretrained model has AUROC / IND / OOD = 0.7425933807389594 / 3.3362951278686523 / 4.157049655914307
Pruned model (before finetuning) has AUROC / IND / OOD = 0.43823385107384666 / 8.998421669006348 / 8.680727005004883
Pruned model (after finetuning) has AUROC / IND / OOD = 0.7084720443381384 / 4.312453746795654 / 5.196467399597168
Notification sent to chrome.
 
Currently running leave_9_bottleneck_bottleneck experiment. 
Starting the process with remaining connection 12 using tech 3!
Loaded pretrained model
Pretrained model has AUROC / IND / OOD = 0.7425933807389594 / 3.3362951278686523 / 4.157049655914307
Pruned model (before finetuning) has AUROC / IND / OOD = 0.4382417876526455 / 8.998384475708008 / 8.68073844909668
Pruned model (after finetuning) has AUROC / IND / OOD = 0.7189347149153338 / 4.151185035705566 / 5.096409797668457
Notification sent to chrome.
 
Currently running leave_9_bottleneck_bottleneck experiment. 
Starting the process with remaining connection 13 using tech 3!
Loaded pretrained model
Pretrained model has AUROC / IND / OOD = 0.7425933807389594 / 3.3362951278686523 / 4.157049655914307
Pruned model (before finetuning) has AUROC / IND / OOD = 0.4378845864915681 / 8.997969627380371 / 8.678459167480469
Pruned model (after finetuning) has AUROC / IND / OOD = 0.7533475552416198 / 3.920788049697876 / 4.9915032386779785
Notification sent to chrome.
 
Currently running leave_9_bottleneck_bottleneck experiment. 
Starting the process with remaining connection 14 using tech 3!
Loaded pretrained model
Pretrained model has AUROC / IND / OOD = 0.7425933807389594 / 3.3362951278686523 / 4.157049655914307
Pruned model (before finetuning) has AUROC / IND / OOD = 0.43817394092694173 / 8.998628616333008 / 8.680928230285645
Pruned model (after finetuning) has AUROC / IND / OOD = 0.7426151512155257 / 3.7748098373413086 / 4.704827785491943
Notification sent to chrome.
 
Currently running leave_9_bottleneck_bottleneck experiment. 
Starting the process with remaining connection 15 using tech 3!
Loaded pretrained model
Pretrained model has AUROC / IND / OOD = 0.7425933807389594 / 3.3362951278686523 / 4.157049655914307
Pruned model (before finetuning) has AUROC / IND / OOD = 0.4354346087084772 / 9.01140022277832 / 8.677271842956543
Pruned model (after finetuning) has AUROC / IND / OOD = 0.7282170949718576 / 3.6097254753112793 / 4.402847766876221
Notification sent to chrome.
 
Currently running leave_9_bottleneck_bottleneck experiment. 
Starting the process with remaining connection 16 using tech 3!
Loaded pretrained model
Pretrained model has AUROC / IND / OOD = 0.7425933807389594 / 3.3362951278686523 / 4.157049655914307
Pruned model (before finetuning) has AUROC / IND / OOD = 0.4331098525019899 / 9.018471717834473 / 8.671114921569824
Pruned model (after finetuning) has AUROC / IND / OOD = 0.7432238978324212 / 3.9088146686553955 / 4.959314346313477
Notification sent to chrome.
 
Currently running leave_9_bottleneck_bottleneck experiment. 
Starting the process with remaining connection 1 using tech 4!
Loaded pretrained model
Pretrained model has AUROC / IND / OOD = 0.7425933807389594 / 3.3362951278686523 / 4.157049655914307
Pruned model (before finetuning) has AUROC / IND / OOD = 0.43512254683931817 / 8.999163627624512 / 8.667312622070312
Pruned model (after finetuning) has AUROC / IND / OOD = 0.529103544685529 / 5.761120319366455 / 6.084771633148193
Notification sent to chrome.
 
Currently running leave_9_bottleneck_bottleneck experiment. 
Starting the process with remaining connection 2 using tech 4!
Loaded pretrained model
Pretrained model has AUROC / IND / OOD = 0.7425933807389594 / 3.3362951278686523 / 4.157049655914307
Pruned model (before finetuning) has AUROC / IND / OOD = 0.43478887983898445 / 8.994972229003906 / 8.660676956176758
Pruned model (after finetuning) has AUROC / IND / OOD = 0.6266977802601633 / 5.206656455993652 / 5.906772136688232
Notification sent to chrome.
 
Currently running leave_9_bottleneck_bottleneck experiment. 
Starting the process with remaining connection 3 using tech 4!
Loaded pretrained model
Pretrained model has AUROC / IND / OOD = 0.7425933807389594 / 3.3362951278686523 / 4.157049655914307
Pruned model (before finetuning) has AUROC / IND / OOD = 0.43633838661919266 / 8.985264778137207 / 8.660998344421387
Pruned model (after finetuning) has AUROC / IND / OOD = 0.6126681135490739 / 5.156702041625977 / 5.730948448181152
Notification sent to chrome.
 
Currently running leave_9_bottleneck_bottleneck experiment. 
Starting the process with remaining connection 4 using tech 4!
Loaded pretrained model
Pretrained model has AUROC / IND / OOD = 0.7425933807389594 / 3.3362951278686523 / 4.157049655914307
Pruned model (before finetuning) has AUROC / IND / OOD = 0.4290877156200359 / 9.034234046936035 / 8.66665267944336
Pruned model (after finetuning) has AUROC / IND / OOD = 0.6707764917213215 / 4.737046718597412 / 5.607907772064209
Notification sent to chrome.
 
Currently running leave_9_bottleneck_bottleneck experiment. 
Starting the process with remaining connection 5 using tech 4!
Loaded pretrained model
Pretrained model has AUROC / IND / OOD = 0.7425933807389594 / 3.3362951278686523 / 4.157049655914307
Pruned model (before finetuning) has AUROC / IND / OOD = 0.42762892834470856 / 9.037803649902344 / 8.662328720092773
Pruned model (after finetuning) has AUROC / IND / OOD = 0.7040243084180976 / 4.735159397125244 / 5.743232727050781
Notification sent to chrome.
 
Currently running leave_9_bottleneck_bottleneck experiment. 
Starting the process with remaining connection 6 using tech 4!
Loaded pretrained model
Pretrained model has AUROC / IND / OOD = 0.7425933807389594 / 3.3362951278686523 / 4.157049655914307
Pruned model (before finetuning) has AUROC / IND / OOD = 0.42757866334564937 / 9.038859367370605 / 8.662806510925293
Pruned model (after finetuning) has AUROC / IND / OOD = 0.6446415581973339 / 4.802391529083252 / 5.517662525177002
Notification sent to chrome.
 
Currently running leave_9_bottleneck_bottleneck experiment. 
Starting the process with remaining connection 7 using tech 4!
Loaded pretrained model
Pretrained model has AUROC / IND / OOD = 0.7425933807389594 / 3.3362951278686523 / 4.157049655914307
Pruned model (before finetuning) has AUROC / IND / OOD = 0.41250153357850744 / 9.136565208435059 / 8.67154598236084
Pruned model (after finetuning) has AUROC / IND / OOD = 0.6951252540945306 / 4.755522727966309 / 5.672643184661865
Notification sent to chrome.
 
Currently running leave_9_bottleneck_bottleneck experiment. 
Starting the process with remaining connection 8 using tech 4!
Loaded pretrained model
Pretrained model has AUROC / IND / OOD = 0.7425933807389594 / 3.3362951278686523 / 4.157049655914307
Pruned model (before finetuning) has AUROC / IND / OOD = 0.41372701850622784 / 9.125967979431152 / 8.670666694641113
Pruned model (after finetuning) has AUROC / IND / OOD = 0.7265649087034397 / 4.423620700836182 / 5.439405918121338
Notification sent to chrome.
 
Currently running leave_9_bottleneck_bottleneck experiment. 
Starting the process with remaining connection 9 using tech 4!
Loaded pretrained model
Pretrained model has AUROC / IND / OOD = 0.7425933807389594 / 3.3362951278686523 / 4.157049655914307
Pruned model (before finetuning) has AUROC / IND / OOD = 0.4142517145490386 / 9.125429153442383 / 8.673149108886719
Pruned model (after finetuning) has AUROC / IND / OOD = 0.7161468262668571 / 4.414473533630371 / 5.378031253814697
Notification sent to chrome.
 
Currently running leave_9_bottleneck_bottleneck experiment. 
Starting the process with remaining connection 10 using tech 4!
Loaded pretrained model
Pretrained model has AUROC / IND / OOD = 0.7425933807389594 / 3.3362951278686523 / 4.157049655914307
Pruned model (before finetuning) has AUROC / IND / OOD = 0.41676860210061395 / 9.149924278259277 / 8.71045207977295
Pruned model (after finetuning) has AUROC / IND / OOD = 0.7153690415445728 / 4.442967414855957 / 5.423031806945801
Notification sent to chrome.
 
Currently running leave_9_bottleneck_bottleneck experiment. 
Starting the process with remaining connection 11 using tech 4!
Loaded pretrained model
Pretrained model has AUROC / IND / OOD = 0.7425933807389594 / 3.3362951278686523 / 4.157049655914307
Pruned model (before finetuning) has AUROC / IND / OOD = 0.42961863967259845 / 9.13414478302002 / 8.765095710754395
Pruned model (after finetuning) has AUROC / IND / OOD = 0.7325143665855042 / 4.40172004699707 / 5.442516326904297
Notification sent to chrome.
 
Currently running leave_9_bottleneck_bottleneck experiment. 
Starting the process with remaining connection 12 using tech 4!
Loaded pretrained model
Pretrained model has AUROC / IND / OOD = 0.7425933807389594 / 3.3362951278686523 / 4.157049655914307
Pruned model (before finetuning) has AUROC / IND / OOD = 0.42553984443644177 / 9.133061408996582 / 8.739380836486816
Pruned model (after finetuning) has AUROC / IND / OOD = 0.7580406637228573 / 3.9210543632507324 / 4.9902143478393555
Notification sent to chrome.
 
Currently running leave_9_bottleneck_bottleneck experiment. 
Starting the process with remaining connection 13 using tech 4!
Loaded pretrained model
Pretrained model has AUROC / IND / OOD = 0.7425933807389594 / 3.3362951278686523 / 4.157049655914307
Pruned model (before finetuning) has AUROC / IND / OOD = 0.4257553445968818 / 9.130434036254883 / 8.737480163574219
Pruned model (after finetuning) has AUROC / IND / OOD = 0.7511398635724151 / 3.935073137283325 / 4.994230270385742
Notification sent to chrome.
 
Currently running leave_9_bottleneck_bottleneck experiment. 
Starting the process with remaining connection 14 using tech 4!
Loaded pretrained model
Pretrained model has AUROC / IND / OOD = 0.7425933807389594 / 3.3362951278686523 / 4.157049655914307
Pruned model (before finetuning) has AUROC / IND / OOD = 0.42612500177746293 / 9.13011646270752 / 8.73923397064209
Pruned model (after finetuning) has AUROC / IND / OOD = 0.7408445225315614 / 3.935671329498291 / 4.937760829925537
Notification sent to chrome.
 
Currently running leave_9_bottleneck_bottleneck experiment. 
Starting the process with remaining connection 15 using tech 4!
Loaded pretrained model
Pretrained model has AUROC / IND / OOD = 0.7425933807389594 / 3.3362951278686523 / 4.157049655914307
Pruned model (before finetuning) has AUROC / IND / OOD = 0.42933804854298196 / 9.10771656036377 / 8.735701560974121
Pruned model (after finetuning) has AUROC / IND / OOD = 0.7795250376463899 / 3.818389654159546 / 5.021552085876465
Notification sent to chrome.
 
Currently running leave_9_bottleneck_bottleneck experiment. 
Starting the process with remaining connection 16 using tech 4!
Loaded pretrained model
Pretrained model has AUROC / IND / OOD = 0.7425933807389594 / 3.3362951278686523 / 4.157049655914307
Pruned model (before finetuning) has AUROC / IND / OOD = 0.41742728302578536 / 9.234075546264648 / 8.762528419494629
Pruned model (after finetuning) has AUROC / IND / OOD = 0.7679420969256889 / 3.6326112747192383 / 4.713550090789795
Notification sent to chrome.
 
Currently running leave_9_bottleneck_bottleneck experiment. 
Starting the process with remaining connection 1 using tech 5!
Loaded pretrained model
Pretrained model has AUROC / IND / OOD = 0.7425933807389594 / 3.3362951278686523 / 4.157049655914307
Pruned model (before finetuning) has AUROC / IND / OOD = 0.43512254683931817 / 8.999163627624512 / 8.667312622070312
Pruned model (after finetuning) has AUROC / IND / OOD = 0.525938723659239 / 5.748077392578125 / 6.0503106117248535
Notification sent to chrome.
 
Currently running leave_9_bottleneck_bottleneck experiment. 
Starting the process with remaining connection 2 using tech 5!
Loaded pretrained model
Pretrained model has AUROC / IND / OOD = 0.7425933807389594 / 3.3362951278686523 / 4.157049655914307
Pruned model (before finetuning) has AUROC / IND / OOD = 0.4353853908968984 / 8.985424995422363 / 8.656476974487305
Pruned model (after finetuning) has AUROC / IND / OOD = 0.665648469744935 / 5.2142863273620605 / 6.024837970733643
Notification sent to chrome.
 
Currently running leave_9_bottleneck_bottleneck experiment. 
Starting the process with remaining connection 3 using tech 5!
Loaded pretrained model
Pretrained model has AUROC / IND / OOD = 0.7425933807389594 / 3.3362951278686523 / 4.157049655914307
Pruned model (before finetuning) has AUROC / IND / OOD = 0.428170710077989 / 9.034363746643066 / 8.662117958068848
Pruned model (after finetuning) has AUROC / IND / OOD = 0.6329432615083975 / 5.126241207122803 / 5.7911763191223145
Notification sent to chrome.
 
Currently running leave_9_bottleneck_bottleneck experiment. 
Starting the process with remaining connection 4 using tech 5!
Loaded pretrained model
Pretrained model has AUROC / IND / OOD = 0.7425933807389594 / 3.3362951278686523 / 4.157049655914307
Pruned model (before finetuning) has AUROC / IND / OOD = 0.42726026323647726 / 9.038960456848145 / 8.662322998046875
Pruned model (after finetuning) has AUROC / IND / OOD = 0.697605490084292 / 4.70578670501709 / 5.674257278442383
Notification sent to chrome.
 
Currently running leave_9_bottleneck_bottleneck experiment. 
Starting the process with remaining connection 5 using tech 5!
Loaded pretrained model
Pretrained model has AUROC / IND / OOD = 0.7425933807389594 / 3.3362951278686523 / 4.157049655914307
Pruned model (before finetuning) has AUROC / IND / OOD = 0.4125269416536898 / 9.139914512634277 / 8.67626667022705
Pruned model (after finetuning) has AUROC / IND / OOD = 0.6335377333064812 / 4.807346343994141 / 5.464757919311523
Notification sent to chrome.
 
Currently running leave_9_bottleneck_bottleneck experiment. 
Starting the process with remaining connection 6 using tech 5!
Loaded pretrained model
Pretrained model has AUROC / IND / OOD = 0.7425933807389594 / 3.3362951278686523 / 4.157049655914307
Pruned model (before finetuning) has AUROC / IND / OOD = 0.41383548508314505 / 9.129305839538574 / 8.675758361816406
Pruned model (after finetuning) has AUROC / IND / OOD = 0.6456458109910372 / 4.739652156829834 / 5.4369659423828125
Notification sent to chrome.
 
Currently running leave_9_bottleneck_bottleneck experiment. 
Starting the process with remaining connection 7 using tech 5!
Loaded pretrained model
Pretrained model has AUROC / IND / OOD = 0.7425933807389594 / 3.3362951278686523 / 4.157049655914307
Pruned model (before finetuning) has AUROC / IND / OOD = 0.4144533808117114 / 9.12901496887207 / 8.67888069152832
Pruned model (after finetuning) has AUROC / IND / OOD = 0.7574767808222275 / 4.409246921539307 / 5.59859037399292
Notification sent to chrome.
 
Currently running leave_9_bottleneck_bottleneck experiment. 
Starting the process with remaining connection 8 using tech 5!
Loaded pretrained model
Pretrained model has AUROC / IND / OOD = 0.7425933807389594 / 3.3362951278686523 / 4.157049655914307
Pruned model (before finetuning) has AUROC / IND / OOD = 0.4173846239147418 / 9.150099754333496 / 8.715657234191895
Pruned model (after finetuning) has AUROC / IND / OOD = 0.7412647202868543 / 4.401444435119629 / 5.440816879272461
Notification sent to chrome.
 
Currently running leave_9_bottleneck_bottleneck experiment. 
Starting the process with remaining connection 9 using tech 5!
Loaded pretrained model
Pretrained model has AUROC / IND / OOD = 0.7425933807389594 / 3.3362951278686523 / 4.157049655914307
Pruned model (before finetuning) has AUROC / IND / OOD = 0.42981396769525826 / 9.135388374328613 / 8.768308639526367
Pruned model (after finetuning) has AUROC / IND / OOD = 0.7377612167833508 / 4.4772047996521 / 5.580057144165039
Notification sent to chrome.
 
Currently running leave_9_bottleneck_bottleneck experiment. 
Starting the process with remaining connection 10 using tech 5!
Loaded pretrained model
Pretrained model has AUROC / IND / OOD = 0.7425933807389594 / 3.3362951278686523 / 4.157049655914307
Pruned model (before finetuning) has AUROC / IND / OOD = 0.4250376904820248 / 9.134631156921387 / 8.738598823547363
Pruned model (after finetuning) has AUROC / IND / OOD = 0.6952684432036926 / 4.141783237457275 / 5.0077691078186035
Notification sent to chrome.
 
Currently running leave_9_bottleneck_bottleneck experiment. 
Starting the process with remaining connection 11 using tech 5!
Loaded pretrained model
Pretrained model has AUROC / IND / OOD = 0.7425933807389594 / 3.3362951278686523 / 4.157049655914307
Pruned model (before finetuning) has AUROC / IND / OOD = 0.42534462664404304 / 9.132039070129395 / 8.737244606018066
Pruned model (after finetuning) has AUROC / IND / OOD = 0.7309069338030906 / 3.922468423843384 / 4.89024543762207
Notification sent to chrome.
 
Currently running leave_9_bottleneck_bottleneck experiment. 
Starting the process with remaining connection 12 using tech 5!
Loaded pretrained model
Pretrained model has AUROC / IND / OOD = 0.7425933807389594 / 3.3362951278686523 / 4.157049655914307
Pruned model (before finetuning) has AUROC / IND / OOD = 0.42877041781347475 / 9.108614921569824 / 8.733896255493164
Pruned model (after finetuning) has AUROC / IND / OOD = 0.7749872987181653 / 3.80277419090271 / 4.992562294006348
Notification sent to chrome.
 
Currently running leave_9_bottleneck_bottleneck experiment. 
Starting the process with remaining connection 13 using tech 5!
Loaded pretrained model
Pretrained model has AUROC / IND / OOD = 0.7425933807389594 / 3.3362951278686523 / 4.157049655914307
Pruned model (before finetuning) has AUROC / IND / OOD = 0.41698564548470946 / 9.234354972839355 / 8.760895729064941
Pruned model (after finetuning) has AUROC / IND / OOD = 0.7648768138251675 / 3.635981559753418 / 4.673192024230957
Notification sent to chrome.
 
Currently running leave_9_bottleneck_bottleneck experiment. 
Starting the process with remaining connection 14 using tech 5!
Loaded pretrained model
Pretrained model has AUROC / IND / OOD = 0.7425933807389594 / 3.3362951278686523 / 4.157049655914307
Pruned model (before finetuning) has AUROC / IND / OOD = 0.4173316031591552 / 9.233821868896484 / 8.762331008911133
Pruned model (after finetuning) has AUROC / IND / OOD = 0.7559224239105309 / 3.6444246768951416 / 4.644866466522217
Notification sent to chrome.
 
Currently running leave_9_bottleneck_bottleneck experiment. 
Starting the process with remaining connection 15 using tech 5!
Loaded pretrained model
Pretrained model has AUROC / IND / OOD = 0.7425933807389594 / 3.3362951278686523 / 4.157049655914307
Pruned model (before finetuning) has AUROC / IND / OOD = 0.4194786130696273 / 9.230566024780273 / 8.771728515625
Pruned model (after finetuning) has AUROC / IND / OOD = 0.7844453858108741 / 3.61645245552063 / 4.805010795593262
Notification sent to chrome.
 
Currently running leave_9_bottleneck_bottleneck experiment. 
Starting the process with remaining connection 16 using tech 5!
Loaded pretrained model
Pretrained model has AUROC / IND / OOD = 0.7425933807389594 / 3.3362951278686523 / 4.157049655914307
Pruned model (before finetuning) has AUROC / IND / OOD = 0.42439416621775394 / 9.166389465332031 / 8.752262115478516
Pruned model (after finetuning) has AUROC / IND / OOD = 0.7674942864899919 / 3.654644727706909 / 4.69130802154541
Notification sent to chrome.
 
Currently running leave_9_bottleneck_bottleneck experiment. 
Starting the process with remaining connection 1 using tech 6!
Loaded pretrained model
Pretrained model has AUROC / IND / OOD = 0.7425933807389594 / 3.3362951278686523 / 4.157049655914307
Pruned model (before finetuning) has AUROC / IND / OOD = 0.43596586345182314 / 8.985918045043945 / 8.6585054397583
Pruned model (after finetuning) has AUROC / IND / OOD = 0.5381189470496816 / 5.852868556976318 / 6.187077045440674
Notification sent to chrome.
 
Currently running leave_9_bottleneck_bottleneck experiment. 
Starting the process with remaining connection 2 using tech 6!
Loaded pretrained model
Pretrained model has AUROC / IND / OOD = 0.7425933807389594 / 3.3362951278686523 / 4.157049655914307
Pruned model (before finetuning) has AUROC / IND / OOD = 0.4359906652605695 / 8.985759735107422 / 8.6585054397583
Pruned model (after finetuning) has AUROC / IND / OOD = 0.5078081054295127 / 5.808852195739746 / 6.055974006652832
Notification sent to chrome.
 
Currently running leave_9_bottleneck_bottleneck experiment. 
Starting the process with remaining connection 3 using tech 6!
Loaded pretrained model
Pretrained model has AUROC / IND / OOD = 0.7425933807389594 / 3.3362951278686523 / 4.157049655914307
Pruned model (before finetuning) has AUROC / IND / OOD = 0.4367884016601118 / 8.981545448303223 / 8.658454895019531
Pruned model (after finetuning) has AUROC / IND / OOD = 0.5266001603409377 / 5.828304290771484 / 6.116177558898926
Notification sent to chrome.
 
Currently running leave_9_bottleneck_bottleneck experiment. 
Starting the process with remaining connection 4 using tech 6!
Loaded pretrained model
Pretrained model has AUROC / IND / OOD = 0.7425933807389594 / 3.3362951278686523 / 4.157049655914307
Pruned model (before finetuning) has AUROC / IND / OOD = 0.4367479471542901 / 8.98187255859375 / 8.658469200134277
Pruned model (after finetuning) has AUROC / IND / OOD = 0.5431679890439938 / 5.822958469390869 / 6.192676067352295
Notification sent to chrome.
 
Currently running leave_9_bottleneck_bottleneck experiment. 
Starting the process with remaining connection 5 using tech 6!
Loaded pretrained model
Pretrained model has AUROC / IND / OOD = 0.7425933807389594 / 3.3362951278686523 / 4.157049655914307
Pruned model (before finetuning) has AUROC / IND / OOD = 0.43641405969343416 / 8.983657836914062 / 8.658498764038086
Pruned model (after finetuning) has AUROC / IND / OOD = 0.5353188779573539 / 5.777400493621826 / 6.109588623046875
Notification sent to chrome.
 
Currently running leave_9_bottleneck_bottleneck experiment. 
Starting the process with remaining connection 6 using tech 6!
Loaded pretrained model
Pretrained model has AUROC / IND / OOD = 0.7425933807389594 / 3.3362951278686523 / 4.157049655914307
Pruned model (before finetuning) has AUROC / IND / OOD = 0.43596575322156206 / 8.985918998718262 / 8.6585054397583
Pruned model (after finetuning) has AUROC / IND / OOD = 0.3870665070973407 / 7.2553205490112305 / 6.851066589355469
Notification sent to chrome.
 
Currently running leave_9_bottleneck_bottleneck experiment. 
Starting the process with remaining connection 7 using tech 6!
Loaded pretrained model
Pretrained model has AUROC / IND / OOD = 0.7425933807389594 / 3.3362951278686523 / 4.157049655914307
Pruned model (before finetuning) has AUROC / IND / OOD = 0.43596575322156206 / 8.985918998718262 / 8.6585054397583
Pruned model (after finetuning) has AUROC / IND / OOD = 0.386294509463764 / 7.255521774291992 / 6.8513312339782715
Notification sent to chrome.
 
Currently running leave_9_bottleneck_bottleneck experiment. 
Starting the process with remaining connection 8 using tech 6!
Loaded pretrained model
Pretrained model has AUROC / IND / OOD = 0.7425933807389594 / 3.3362951278686523 / 4.157049655914307
Pruned model (before finetuning) has AUROC / IND / OOD = 0.43596575322156206 / 8.985918998718262 / 8.6585054397583
Pruned model (after finetuning) has AUROC / IND / OOD = 0.3916251897751732 / 7.2555460929870605 / 6.869542598724365
Notification sent to chrome.
 
Currently running leave_9_bottleneck_bottleneck experiment. 
Starting the process with remaining connection 9 using tech 6!
Loaded pretrained model
Pretrained model has AUROC / IND / OOD = 0.7425933807389594 / 3.3362951278686523 / 4.157049655914307
Pruned model (before finetuning) has AUROC / IND / OOD = 0.43596542253077875 / 8.985922813415527 / 8.6585054397583
Pruned model (after finetuning) has AUROC / IND / OOD = 0.3863483018311782 / 7.255537509918213 / 6.855507850646973
Notification sent to chrome.
 
Currently running leave_9_bottleneck_bottleneck experiment. 
Starting the process with remaining connection 10 using tech 6!
Loaded pretrained model
Pretrained model has AUROC / IND / OOD = 0.7425933807389594 / 3.3362951278686523 / 4.157049655914307
Pruned model (before finetuning) has AUROC / IND / OOD = 0.4359647611492122 / 8.985926628112793 / 8.6585054397583
Pruned model (after finetuning) has AUROC / IND / OOD = 0.38748472070793405 / 7.255291938781738 / 6.854044437408447
Notification sent to chrome.
 
Currently running leave_9_bottleneck_bottleneck experiment. 
Starting the process with remaining connection 11 using tech 6!
Loaded pretrained model
Pretrained model has AUROC / IND / OOD = 0.7425933807389594 / 3.3362951278686523 / 4.157049655914307
Pruned model (before finetuning) has AUROC / IND / OOD = 0.43596575322156206 / 8.985918998718262 / 8.6585054397583
Pruned model (after finetuning) has AUROC / IND / OOD = 0.3864302029151715 / 7.255795001983643 / 6.8529863357543945
Notification sent to chrome.
 
Currently running leave_9_bottleneck_bottleneck experiment. 
Starting the process with remaining connection 12 using tech 6!
Loaded pretrained model
Pretrained model has AUROC / IND / OOD = 0.7425933807389594 / 3.3362951278686523 / 4.157049655914307
Pruned model (before finetuning) has AUROC / IND / OOD = 0.43596575322156206 / 8.985918998718262 / 8.6585054397583
Pruned model (after finetuning) has AUROC / IND / OOD = 0.3875882820382325 / 7.257529258728027 / 6.846783638000488
Notification sent to chrome.
 
Currently running leave_9_bottleneck_bottleneck experiment. 
Starting the process with remaining connection 13 using tech 6!
Loaded pretrained model
Pretrained model has AUROC / IND / OOD = 0.7425933807389594 / 3.3362951278686523 / 4.157049655914307
Pruned model (before finetuning) has AUROC / IND / OOD = 0.43596575322156206 / 8.985918998718262 / 8.6585054397583
Pruned model (after finetuning) has AUROC / IND / OOD = 0.3775650995120216 / 7.256259918212891 / 6.8256964683532715
Notification sent to chrome.
 
Currently running leave_9_bottleneck_bottleneck experiment. 
Starting the process with remaining connection 14 using tech 6!
Loaded pretrained model
Pretrained model has AUROC / IND / OOD = 0.7425933807389594 / 3.3362951278686523 / 4.157049655914307
Pruned model (before finetuning) has AUROC / IND / OOD = 0.43596575322156206 / 8.985918998718262 / 8.6585054397583
Pruned model (after finetuning) has AUROC / IND / OOD = 0.38993795028372713 / 7.25760555267334 / 6.866275787353516
Notification sent to chrome.
 
Currently running leave_9_bottleneck_bottleneck experiment. 
Starting the process with remaining connection 15 using tech 6!
Loaded pretrained model
Pretrained model has AUROC / IND / OOD = 0.7425933807389594 / 3.3362951278686523 / 4.157049655914307
Pruned model (before finetuning) has AUROC / IND / OOD = 0.43596575322156206 / 8.985918998718262 / 8.6585054397583
Pruned model (after finetuning) has AUROC / IND / OOD = 0.3826535488246753 / 7.256229400634766 / 6.836912155151367
Notification sent to chrome.
 
Currently running leave_9_bottleneck_bottleneck experiment. 
Starting the process with remaining connection 16 using tech 6!
Loaded pretrained model
Pretrained model has AUROC / IND / OOD = 0.7425933807389594 / 3.3362951278686523 / 4.157049655914307
Pruned model (before finetuning) has AUROC / IND / OOD = 0.43596575322156206 / 8.985918998718262 / 8.6585054397583
Pruned model (after finetuning) has AUROC / IND / OOD = 0.3904876134806759 / 7.255110740661621 / 6.864760875701904
Notification sent to chrome.
 
Currently running leave_9_bottleneck_bottleneck experiment. 
Starting the process with remaining connection 1 using tech 7!
Loaded pretrained model
Pretrained model has AUROC / IND / OOD = 0.7425933807389594 / 3.3362951278686523 / 4.157049655914307
Pruned model (before finetuning) has AUROC / IND / OOD = 0.43596586345182314 / 8.985918045043945 / 8.6585054397583
Pruned model (after finetuning) has AUROC / IND / OOD = 0.3761591125317587 / 7.255238056182861 / 6.838377952575684
Notification sent to chrome.
 
Currently running leave_9_bottleneck_bottleneck experiment. 
Starting the process with remaining connection 2 using tech 7!
Loaded pretrained model
Pretrained model has AUROC / IND / OOD = 0.7425933807389594 / 3.3362951278686523 / 4.157049655914307
Pruned model (before finetuning) has AUROC / IND / OOD = 0.4359906652605695 / 8.985759735107422 / 8.6585054397583
Pruned model (after finetuning) has AUROC / IND / OOD = 0.5282278203762621 / 5.834349155426025 / 6.1412272453308105
Notification sent to chrome.
 
Currently running leave_9_bottleneck_bottleneck experiment. 
Starting the process with remaining connection 3 using tech 7!
Loaded pretrained model
Pretrained model has AUROC / IND / OOD = 0.7425933807389594 / 3.3362951278686523 / 4.157049655914307
Pruned model (before finetuning) has AUROC / IND / OOD = 0.4367884016601118 / 8.981545448303223 / 8.658454895019531
Pruned model (after finetuning) has AUROC / IND / OOD = 0.5589768272842823 / 5.865967273712158 / 6.286968231201172
Notification sent to chrome.
 
Currently running leave_9_bottleneck_bottleneck experiment. 
Starting the process with remaining connection 4 using tech 7!
Loaded pretrained model
Pretrained model has AUROC / IND / OOD = 0.7425933807389594 / 3.3362951278686523 / 4.157049655914307
Pruned model (before finetuning) has AUROC / IND / OOD = 0.4367479471542901 / 8.98187255859375 / 8.658469200134277
Pruned model (after finetuning) has AUROC / IND / OOD = 0.5448055698028168 / 5.806247711181641 / 6.183297634124756
Notification sent to chrome.
 
Currently running leave_9_bottleneck_bottleneck experiment. 
Starting the process with remaining connection 5 using tech 7!
Loaded pretrained model
Pretrained model has AUROC / IND / OOD = 0.7425933807389594 / 3.3362951278686523 / 4.157049655914307
Pruned model (before finetuning) has AUROC / IND / OOD = 0.43641405969343416 / 8.983657836914062 / 8.658498764038086
Pruned model (after finetuning) has AUROC / IND / OOD = 0.5519973227274185 / 5.797858238220215 / 6.210238456726074
Notification sent to chrome.
 
Currently running leave_9_bottleneck_bottleneck experiment. 
Starting the process with remaining connection 6 using tech 7!
Loaded pretrained model
Pretrained model has AUROC / IND / OOD = 0.7425933807389594 / 3.3362951278686523 / 4.157049655914307
Pruned model (before finetuning) has AUROC / IND / OOD = 0.43596575322156206 / 8.985918998718262 / 8.6585054397583
Pruned model (after finetuning) has AUROC / IND / OOD = 0.37972963603400783 / 7.2555999755859375 / 6.826143741607666
Notification sent to chrome.
 
Currently running leave_9_bottleneck_bottleneck experiment. 
Starting the process with remaining connection 7 using tech 7!
Loaded pretrained model
Pretrained model has AUROC / IND / OOD = 0.7425933807389594 / 3.3362951278686523 / 4.157049655914307
Pruned model (before finetuning) has AUROC / IND / OOD = 0.43596575322156206 / 8.985918998718262 / 8.6585054397583
Pruned model (after finetuning) has AUROC / IND / OOD = 0.37842484043342983 / 7.255321025848389 / 6.827677249908447
Notification sent to chrome.
 
Currently running leave_9_bottleneck_bottleneck experiment. 
Starting the process with remaining connection 8 using tech 7!
Loaded pretrained model
Pretrained model has AUROC / IND / OOD = 0.7425933807389594 / 3.3362951278686523 / 4.157049655914307
Pruned model (before finetuning) has AUROC / IND / OOD = 0.43596575322156206 / 8.985918998718262 / 8.6585054397583
Pruned model (after finetuning) has AUROC / IND / OOD = 0.3803652237194799 / 7.255316734313965 / 6.834227085113525
Notification sent to chrome.
 
Currently running leave_9_bottleneck_bottleneck experiment. 
Starting the process with remaining connection 9 using tech 7!
Loaded pretrained model
Pretrained model has AUROC / IND / OOD = 0.7425933807389594 / 3.3362951278686523 / 4.157049655914307
Pruned model (before finetuning) has AUROC / IND / OOD = 0.43596542253077875 / 8.985922813415527 / 8.6585054397583
Pruned model (after finetuning) has AUROC / IND / OOD = 0.3898038551711055 / 7.258785247802734 / 6.858770847320557
Notification sent to chrome.
 
Currently running leave_9_bottleneck_bottleneck experiment. 
Starting the process with remaining connection 10 using tech 7!
Loaded pretrained model
Pretrained model has AUROC / IND / OOD = 0.7425933807389594 / 3.3362951278686523 / 4.157049655914307
Pruned model (before finetuning) has AUROC / IND / OOD = 0.4359647611492122 / 8.985926628112793 / 8.6585054397583
Pruned model (after finetuning) has AUROC / IND / OOD = 0.3890901142305173 / 7.255043029785156 / 6.861293792724609
Notification sent to chrome.
 
Currently running leave_9_bottleneck_bottleneck experiment. 
Starting the process with remaining connection 11 using tech 7!
Loaded pretrained model
Pretrained model has AUROC / IND / OOD = 0.7425933807389594 / 3.3362951278686523 / 4.157049655914307
Pruned model (before finetuning) has AUROC / IND / OOD = 0.43596575322156206 / 8.985918998718262 / 8.6585054397583
Pruned model (after finetuning) has AUROC / IND / OOD = 0.38003943818281444 / 7.257001876831055 / 6.827255725860596
Notification sent to chrome.
 
Currently running leave_9_bottleneck_bottleneck experiment. 
Starting the process with remaining connection 12 using tech 7!
Loaded pretrained model
Pretrained model has AUROC / IND / OOD = 0.7425933807389594 / 3.3362951278686523 / 4.157049655914307
Pruned model (before finetuning) has AUROC / IND / OOD = 0.43596575322156206 / 8.985918998718262 / 8.6585054397583
Pruned model (after finetuning) has AUROC / IND / OOD = 0.38864114637707853 / 7.2562665939331055 / 6.858174800872803
Notification sent to chrome.
 
Currently running leave_9_bottleneck_bottleneck experiment. 
Starting the process with remaining connection 13 using tech 7!
Loaded pretrained model
Pretrained model has AUROC / IND / OOD = 0.7425933807389594 / 3.3362951278686523 / 4.157049655914307
Pruned model (before finetuning) has AUROC / IND / OOD = 0.43596575322156206 / 8.985918998718262 / 8.6585054397583
Pruned model (after finetuning) has AUROC / IND / OOD = 0.3862380164549529 / 7.256261348724365 / 6.850828170776367
Notification sent to chrome.
 
Currently running leave_9_bottleneck_bottleneck experiment. 
Starting the process with remaining connection 14 using tech 7!
Loaded pretrained model
Pretrained model has AUROC / IND / OOD = 0.7425933807389594 / 3.3362951278686523 / 4.157049655914307
Pruned model (before finetuning) has AUROC / IND / OOD = 0.43596575322156206 / 8.985918998718262 / 8.6585054397583
Pruned model (after finetuning) has AUROC / IND / OOD = 0.3748647888059846 / 7.255211353302002 / 6.833029747009277
Notification sent to chrome.
 
Currently running leave_9_bottleneck_bottleneck experiment. 
Starting the process with remaining connection 15 using tech 7!
Loaded pretrained model
Pretrained model has AUROC / IND / OOD = 0.7425933807389594 / 3.3362951278686523 / 4.157049655914307
Pruned model (before finetuning) has AUROC / IND / OOD = 0.43596575322156206 / 8.985918998718262 / 8.6585054397583
Pruned model (after finetuning) has AUROC / IND / OOD = 0.38990967622175643 / 7.2564239501953125 / 6.85568904876709
Notification sent to chrome.
 
Currently running leave_9_bottleneck_bottleneck experiment. 
Starting the process with remaining connection 16 using tech 7!
Loaded pretrained model
Pretrained model has AUROC / IND / OOD = 0.7425933807389594 / 3.3362951278686523 / 4.157049655914307
Pruned model (before finetuning) has AUROC / IND / OOD = 0.43596575322156206 / 8.985918998718262 / 8.6585054397583
Pruned model (after finetuning) has AUROC / IND / OOD = 0.391637149758502 / 7.259109973907471 / 6.860316276550293
Notification sent to chrome.
 
Currently running leave_9_bottleneck_bottleneck experiment. 
Starting the process with remaining connection 1 using tech 8!
Loaded pretrained model
Pretrained model has AUROC / IND / OOD = 0.7425933807389594 / 3.3362951278686523 / 4.157049655914307
Pruned model (before finetuning) has AUROC / IND / OOD = 0.43603376529265747 / 8.986306190490723 / 8.659614562988281
Pruned model (after finetuning) has AUROC / IND / OOD = 0.541503732561986 / 5.852097988128662 / 6.194653511047363
Notification sent to chrome.
 
Currently running leave_9_bottleneck_bottleneck experiment. 
Starting the process with remaining connection 2 using tech 8!
Loaded pretrained model
Pretrained model has AUROC / IND / OOD = 0.7425933807389594 / 3.3362951278686523 / 4.157049655914307
Pruned model (before finetuning) has AUROC / IND / OOD = 0.4351434354737956 / 9.004202842712402 / 8.673680305480957
Pruned model (after finetuning) has AUROC / IND / OOD = 0.6064542683857737 / 5.160572052001953 / 5.740366458892822
Notification sent to chrome.
 
Currently running leave_9_bottleneck_bottleneck experiment. 
Starting the process with remaining connection 3 using tech 8!
Loaded pretrained model
Pretrained model has AUROC / IND / OOD = 0.7425933807389594 / 3.3362951278686523 / 4.157049655914307
Pruned model (before finetuning) has AUROC / IND / OOD = 0.43428347409186524 / 9.006439208984375 / 8.66646671295166
Pruned model (after finetuning) has AUROC / IND / OOD = 0.6710795147090709 / 5.197460651397705 / 6.024647235870361
Notification sent to chrome.
 
Currently running leave_9_bottleneck_bottleneck experiment. 
Starting the process with remaining connection 4 using tech 8!
Loaded pretrained model
Pretrained model has AUROC / IND / OOD = 0.7425933807389594 / 3.3362951278686523 / 4.157049655914307
Pruned model (before finetuning) has AUROC / IND / OOD = 0.4404929100447215 / 8.983770370483398 / 8.67949390411377
Pruned model (after finetuning) has AUROC / IND / OOD = 0.6465486519445335 / 4.811716079711914 / 5.548412799835205
Notification sent to chrome.
 
Currently running leave_9_bottleneck_bottleneck experiment. 
Starting the process with remaining connection 5 using tech 8!
Loaded pretrained model
Pretrained model has AUROC / IND / OOD = 0.7425933807389594 / 3.3362951278686523 / 4.157049655914307
Pruned model (before finetuning) has AUROC / IND / OOD = 0.4151040149278229 / 9.31169605255127 / 8.876237869262695
Pruned model (after finetuning) has AUROC / IND / OOD = 0.7673614039102421 / 4.412899971008301 / 5.663057804107666
Notification sent to chrome.
 
Currently running leave_9_bottleneck_bottleneck experiment. 
Starting the process with remaining connection 6 using tech 8!
Loaded pretrained model
Pretrained model has AUROC / IND / OOD = 0.7425933807389594 / 3.3362951278686523 / 4.157049655914307
Pruned model (before finetuning) has AUROC / IND / OOD = 0.43754899046166523 / 8.988813400268555 / 8.67122745513916
Pruned model (after finetuning) has AUROC / IND / OOD = 0.7281580666670415 / 4.440186500549316 / 5.473756313323975
Notification sent to chrome.
 
Currently running leave_9_bottleneck_bottleneck experiment. 
Starting the process with remaining connection 7 using tech 8!
Loaded pretrained model
Pretrained model has AUROC / IND / OOD = 0.7425933807389594 / 3.3362951278686523 / 4.157049655914307
Pruned model (before finetuning) has AUROC / IND / OOD = 0.4382273474884421 / 8.997206687927246 / 8.679040908813477
Pruned model (after finetuning) has AUROC / IND / OOD = 0.6432065255432726 / 4.766748428344727 / 5.476260662078857
Notification sent to chrome.
 
Currently running leave_9_bottleneck_bottleneck experiment. 
Starting the process with remaining connection 8 using tech 8!
Loaded pretrained model
Pretrained model has AUROC / IND / OOD = 0.7425933807389594 / 3.3362951278686523 / 4.157049655914307
Pruned model (before finetuning) has AUROC / IND / OOD = 0.4464996325474246 / 9.023493766784668 / 8.75649642944336
Pruned model (after finetuning) has AUROC / IND / OOD = 0.726147356474413 / 4.415369987487793 / 5.447287559509277
Notification sent to chrome.
 
Currently running leave_9_bottleneck_bottleneck experiment. 
Starting the process with remaining connection 9 using tech 8!
Loaded pretrained model
Pretrained model has AUROC / IND / OOD = 0.7425933807389594 / 3.3362951278686523 / 4.157049655914307
Pruned model (before finetuning) has AUROC / IND / OOD = 0.4334406535155352 / 9.018539428710938 / 8.675918579101562
Pruned model (after finetuning) has AUROC / IND / OOD = 0.705373747274419 / 4.435945510864258 / 5.34806489944458
Notification sent to chrome.
 
Currently running leave_9_bottleneck_bottleneck experiment. 
Starting the process with remaining connection 10 using tech 8!
Loaded pretrained model
Pretrained model has AUROC / IND / OOD = 0.7425933807389594 / 3.3362951278686523 / 4.157049655914307
Pruned model (before finetuning) has AUROC / IND / OOD = 0.43857793483385377 / 9.071382522583008 / 8.7703857421875
Pruned model (after finetuning) has AUROC / IND / OOD = 0.7344081224711111 / 4.152504920959473 / 5.177704334259033
Notification sent to chrome.
 
Currently running leave_9_bottleneck_bottleneck experiment. 
Starting the process with remaining connection 11 using tech 8!
Loaded pretrained model
Pretrained model has AUROC / IND / OOD = 0.7425933807389594 / 3.3362951278686523 / 4.157049655914307
Pruned model (before finetuning) has AUROC / IND / OOD = 0.4151843727881609 / 9.348855972290039 / 8.924373626708984
Pruned model (after finetuning) has AUROC / IND / OOD = 0.7599044369774466 / 3.7577977180480957 / 4.806117057800293
Notification sent to chrome.
 
Currently running leave_9_bottleneck_bottleneck experiment. 
Starting the process with remaining connection 12 using tech 8!
Loaded pretrained model
Pretrained model has AUROC / IND / OOD = 0.7425933807389594 / 3.3362951278686523 / 4.157049655914307
Pruned model (before finetuning) has AUROC / IND / OOD = 0.4287348685542717 / 9.161221504211426 / 8.776713371276855
Pruned model (after finetuning) has AUROC / IND / OOD = 0.7422296759924775 / 3.9232418537139893 / 4.918116092681885
Notification sent to chrome.
 
Currently running leave_9_bottleneck_bottleneck experiment. 
Starting the process with remaining connection 13 using tech 8!
Loaded pretrained model
Pretrained model has AUROC / IND / OOD = 0.7425933807389594 / 3.3362951278686523 / 4.157049655914307
Pruned model (before finetuning) has AUROC / IND / OOD = 0.43493846230329 / 8.972416877746582 / 8.640098571777344
Pruned model (after finetuning) has AUROC / IND / OOD = 0.7497897633345272 / 3.8888661861419678 / 4.906016826629639
Notification sent to chrome.
 
Currently running leave_9_bottleneck_bottleneck experiment. 
Starting the process with remaining connection 14 using tech 8!
Loaded pretrained model
Pretrained model has AUROC / IND / OOD = 0.7425933807389594 / 3.3362951278686523 / 4.157049655914307
Pruned model (before finetuning) has AUROC / IND / OOD = 0.3984984323603419 / 9.459498405456543 / 8.939760208129883
Pruned model (after finetuning) has AUROC / IND / OOD = 0.7387841536063097 / 4.042852401733398 / 5.126562118530273
Notification sent to chrome.
 
Currently running leave_9_bottleneck_bottleneck experiment. 
Starting the process with remaining connection 15 using tech 8!
Loaded pretrained model
Pretrained model has AUROC / IND / OOD = 0.7425933807389594 / 3.3362951278686523 / 4.157049655914307
Pruned model (before finetuning) has AUROC / IND / OOD = 0.4660473158986539 / 9.190199851989746 / 9.03720760345459
Pruned model (after finetuning) has AUROC / IND / OOD = 0.7496417792090075 / 3.7219388484954834 / 4.663455009460449
Notification sent to chrome.
 
Currently running leave_9_bottleneck_bottleneck experiment. 
Starting the process with remaining connection 16 using tech 8!
Loaded pretrained model
Pretrained model has AUROC / IND / OOD = 0.7425933807389594 / 3.3362951278686523 / 4.157049655914307
Pruned model (before finetuning) has AUROC / IND / OOD = 0.4260265110391749 / 9.453670501708984 / 9.049369812011719
Pruned model (after finetuning) has AUROC / IND / OOD = 0.7440496327182815 / 3.701223850250244 / 4.6320953369140625
Notification sent to chrome.
