 
Currently running leave_1_tech_0_encoder_fc4 experiment. 
Starting the process with remaining sparsity 0 and connection 1!
Loaded pretrained model
Pretrained model has AUROC / IND / OOD = 0.3141697165758527 / 3.0057060718536377 / 2.6190078258514404
Pruned model (before finetuning) has AUROC / IND / OOD = 0.11724486981670729 / 9.211234092712402 / 6.967295169830322
Pruned model (after finetuning) has AUROC / IND / OOD = 0.569035284529817 / 6.125725269317627 / 6.268019676208496
 
Currently running leave_1_tech_0_encoder_fc4 experiment. 
Starting the process with remaining sparsity 0 and connection 2!
Loaded pretrained model
Pretrained model has AUROC / IND / OOD = 0.3141697165758527 / 3.0057060718536377 / 2.6190078258514404
Pruned model (before finetuning) has AUROC / IND / OOD = 0.1171831510841775 / 9.212312698364258 / 6.967312335968018
Pruned model (after finetuning) has AUROC / IND / OOD = 0.5844243684638148 / 5.560492515563965 / 5.798477649688721
 
Currently running leave_1_tech_0_encoder_fc4 experiment. 
Starting the process with remaining sparsity 0 and connection 3!
Loaded pretrained model
Pretrained model has AUROC / IND / OOD = 0.3141697165758527 / 3.0057060718536377 / 2.6190078258514404
Pruned model (before finetuning) has AUROC / IND / OOD = 0.11635958864116917 / 9.150992393493652 / 6.948995113372803
Pruned model (after finetuning) has AUROC / IND / OOD = 0.4026543527359735 / 5.637889862060547 / 5.296080589294434
 
Currently running leave_1_tech_0_encoder_fc4 experiment. 
Starting the process with remaining sparsity 0 and connection 4!
Loaded pretrained model
Pretrained model has AUROC / IND / OOD = 0.3141697165758527 / 3.0057060718536377 / 2.6190078258514404
Pruned model (before finetuning) has AUROC / IND / OOD = 0.12254294098208317 / 9.13627815246582 / 7.0014848709106445
Pruned model (after finetuning) has AUROC / IND / OOD = 0.36577075118455743 / 5.099191188812256 / 4.611867904663086
 
Currently running leave_1_tech_0_encoder_fc4 experiment. 
Starting the process with remaining sparsity 0 and connection 5!
Loaded pretrained model
Pretrained model has AUROC / IND / OOD = 0.3141697165758527 / 3.0057060718536377 / 2.6190078258514404
Pruned model (before finetuning) has AUROC / IND / OOD = 0.1158710068551523 / 9.16061782836914 / 6.95199728012085
Pruned model (after finetuning) has AUROC / IND / OOD = 0.5158765227805233 / 4.738229751586914 / 4.733099937438965
 
Currently running leave_1_tech_0_encoder_fc4 experiment. 
Starting the process with remaining sparsity 0 and connection 6!
Loaded pretrained model
Pretrained model has AUROC / IND / OOD = 0.3141697165758527 / 3.0057060718536377 / 2.6190078258514404
Pruned model (before finetuning) has AUROC / IND / OOD = 0.12097865436267458 / 9.175434112548828 / 7.016227722167969
Pruned model (after finetuning) has AUROC / IND / OOD = 0.41373559834124696 / 4.411315441131592 / 4.092996120452881
 
Currently running leave_1_tech_0_encoder_fc4 experiment. 
Starting the process with remaining sparsity 0.1 and connection 1!
Loaded pretrained model
Pretrained model has AUROC / IND / OOD = 0.3141697165758527 / 3.0057060718536377 / 2.6190078258514404
Pruned model (before finetuning) has AUROC / IND / OOD = 0.11678138300647749 / 9.206334114074707 / 6.9602274894714355
Pruned model (after finetuning) has AUROC / IND / OOD = 0.6119098270434391 / 6.113343238830566 / 6.353250980377197
 
Currently running leave_1_tech_0_encoder_fc4 experiment. 
Starting the process with remaining sparsity 0.1 and connection 2!
Loaded pretrained model
Pretrained model has AUROC / IND / OOD = 0.3141697165758527 / 3.0057060718536377 / 2.6190078258514404
Pruned model (before finetuning) has AUROC / IND / OOD = 0.1167206581343749 / 9.207355499267578 / 6.960245132446289
Pruned model (after finetuning) has AUROC / IND / OOD = 0.4732095977101456 / 5.5633978843688965 / 5.401925563812256
 
Currently running leave_1_tech_0_encoder_fc4 experiment. 
Starting the process with remaining sparsity 0.1 and connection 3!
Loaded pretrained model
Pretrained model has AUROC / IND / OOD = 0.3141697165758527 / 3.0057060718536377 / 2.6190078258514404
Pruned model (before finetuning) has AUROC / IND / OOD = 0.115713430284418 / 9.142990112304688 / 6.937566757202148
Pruned model (after finetuning) has AUROC / IND / OOD = 0.3950734338623155 / 5.553645133972168 / 5.173755168914795
 
Currently running leave_1_tech_0_encoder_fc4 experiment. 
Starting the process with remaining sparsity 0.1 and connection 4!
Loaded pretrained model
Pretrained model has AUROC / IND / OOD = 0.3141697165758527 / 3.0057060718536377 / 2.6190078258514404
Pruned model (before finetuning) has AUROC / IND / OOD = 0.12152289233261526 / 9.12576961517334 / 6.983199119567871
Pruned model (after finetuning) has AUROC / IND / OOD = 0.30569720551294377 / 5.095350742340088 / 4.441686153411865
 
Currently running leave_1_tech_0_encoder_fc4 experiment. 
Starting the process with remaining sparsity 0.1 and connection 5!
Loaded pretrained model
Pretrained model has AUROC / IND / OOD = 0.3141697165758527 / 3.0057060718536377 / 2.6190078258514404
Pruned model (before finetuning) has AUROC / IND / OOD = 0.11520243694576753 / 9.147537231445312 / 6.935433387756348
Pruned model (after finetuning) has AUROC / IND / OOD = 0.4355734947362667 / 4.728044033050537 / 4.467838287353516
 
Currently running leave_1_tech_0_encoder_fc4 experiment. 
Starting the process with remaining sparsity 0.1 and connection 6!
Loaded pretrained model
Pretrained model has AUROC / IND / OOD = 0.3141697165758527 / 3.0057060718536377 / 2.6190078258514404
Pruned model (before finetuning) has AUROC / IND / OOD = 0.12012681659051211 / 9.163330078125 / 6.99852180480957
Pruned model (after finetuning) has AUROC / IND / OOD = 0.38024255163726084 / 4.393450736999512 / 3.99590802192688
 
Currently running leave_1_tech_0_encoder_fc4 experiment. 
Starting the process with remaining sparsity 0.3 and connection 1!
Loaded pretrained model
Pretrained model has AUROC / IND / OOD = 0.3141697165758527 / 3.0057060718536377 / 2.6190078258514404
Pruned model (before finetuning) has AUROC / IND / OOD = 0.11612553451056101 / 9.226788520812988 / 6.955416202545166
Pruned model (after finetuning) has AUROC / IND / OOD = 0.5392825321575965 / 6.1516923904418945 / 6.212549209594727
 
Currently running leave_1_tech_0_encoder_fc4 experiment. 
Starting the process with remaining sparsity 0.3 and connection 2!
Loaded pretrained model
Pretrained model has AUROC / IND / OOD = 0.3141697165758527 / 3.0057060718536377 / 2.6190078258514404
Pruned model (before finetuning) has AUROC / IND / OOD = 0.11609681194421462 / 9.227237701416016 / 6.955437660217285
Pruned model (after finetuning) has AUROC / IND / OOD = 0.4132791679400504 / 5.5463175773620605 / 5.234417915344238
 
Currently running leave_1_tech_0_encoder_fc4 experiment. 
Starting the process with remaining sparsity 0.3 and connection 3!
Loaded pretrained model
Pretrained model has AUROC / IND / OOD = 0.3141697165758527 / 3.0057060718536377 / 2.6190078258514404
Pruned model (before finetuning) has AUROC / IND / OOD = 0.11613646697526034 / 9.167662620544434 / 6.945833206176758
Pruned model (after finetuning) has AUROC / IND / OOD = 0.5539844112991993 / 5.536573886871338 / 5.674226760864258
 
Currently running leave_1_tech_0_encoder_fc4 experiment. 
Starting the process with remaining sparsity 0.3 and connection 4!
Loaded pretrained model
Pretrained model has AUROC / IND / OOD = 0.3141697165758527 / 3.0057060718536377 / 2.6190078258514404
Pruned model (before finetuning) has AUROC / IND / OOD = 0.12271174817564495 / 9.158147811889648 / 7.0076165199279785
Pruned model (after finetuning) has AUROC / IND / OOD = 0.34083533968907076 / 5.100276470184326 / 4.547786235809326
 
Currently running leave_1_tech_0_encoder_fc4 experiment. 
Starting the process with remaining sparsity 0.3 and connection 5!
Loaded pretrained model
Pretrained model has AUROC / IND / OOD = 0.3141697165758527 / 3.0057060718536377 / 2.6190078258514404
Pruned model (before finetuning) has AUROC / IND / OOD = 0.11524417908371037 / 9.196630477905273 / 6.967412948608398
Pruned model (after finetuning) has AUROC / IND / OOD = 0.5542190617460636 / 4.771013259887695 / 4.867936611175537
 
Currently running leave_1_tech_0_encoder_fc4 experiment. 
Starting the process with remaining sparsity 0.3 and connection 6!
Loaded pretrained model
Pretrained model has AUROC / IND / OOD = 0.3141697165758527 / 3.0057060718536377 / 2.6190078258514404
Pruned model (before finetuning) has AUROC / IND / OOD = 0.1205233172079479 / 9.210562705993652 / 7.034806251525879
Pruned model (after finetuning) has AUROC / IND / OOD = 0.2952563538739437 / 4.448176860809326 / 3.8199989795684814
 
Currently running leave_1_tech_0_encoder_fc4 experiment. 
Starting the process with remaining sparsity 0.5 and connection 1!
Loaded pretrained model
Pretrained model has AUROC / IND / OOD = 0.3141697165758527 / 3.0057060718536377 / 2.6190078258514404
Pruned model (before finetuning) has AUROC / IND / OOD = 0.11372108797900966 / 9.242252349853516 / 6.956310272216797
Pruned model (after finetuning) has AUROC / IND / OOD = 0.5720380350385494 / 6.167942523956299 / 6.309325218200684
 
Currently running leave_1_tech_0_encoder_fc4 experiment. 
Starting the process with remaining sparsity 0.5 and connection 2!
Loaded pretrained model
Pretrained model has AUROC / IND / OOD = 0.3141697165758527 / 3.0057060718536377 / 2.6190078258514404
Pruned model (before finetuning) has AUROC / IND / OOD = 0.11368719733844176 / 9.242995262145996 / 6.956344127655029
Pruned model (after finetuning) has AUROC / IND / OOD = 0.39513664338548615 / 5.579961776733398 / 5.207202434539795
 
Currently running leave_1_tech_0_encoder_fc4 experiment. 
Starting the process with remaining sparsity 0.5 and connection 3!
Loaded pretrained model
Pretrained model has AUROC / IND / OOD = 0.3141697165758527 / 3.0057060718536377 / 2.6190078258514404
Pruned model (before finetuning) has AUROC / IND / OOD = 0.11259728030094093 / 9.200969696044922 / 6.938009738922119
Pruned model (after finetuning) has AUROC / IND / OOD = 0.39608115864248605 / 5.5662522315979 / 5.18943977355957
 
Currently running leave_1_tech_0_encoder_fc4 experiment. 
Starting the process with remaining sparsity 0.5 and connection 4!
Loaded pretrained model
Pretrained model has AUROC / IND / OOD = 0.3141697165758527 / 3.0057060718536377 / 2.6190078258514404
Pruned model (before finetuning) has AUROC / IND / OOD = 0.11861411132727576 / 9.195032119750977 / 7.002953052520752
Pruned model (after finetuning) has AUROC / IND / OOD = 0.3172453170538995 / 5.128124713897705 / 4.5082831382751465
 
Currently running leave_1_tech_0_encoder_fc4 experiment. 
Starting the process with remaining sparsity 0.5 and connection 5!
Loaded pretrained model
Pretrained model has AUROC / IND / OOD = 0.3141697165758527 / 3.0057060718536377 / 2.6190078258514404
Pruned model (before finetuning) has AUROC / IND / OOD = 0.11039781748250183 / 9.1941556930542 / 6.934016227722168
Pruned model (after finetuning) has AUROC / IND / OOD = 0.4221904683815728 / 4.780422210693359 / 4.473973751068115
 
Currently running leave_1_tech_0_encoder_fc4 experiment. 
Starting the process with remaining sparsity 0.5 and connection 6!
Loaded pretrained model
Pretrained model has AUROC / IND / OOD = 0.3141697165758527 / 3.0057060718536377 / 2.6190078258514404
Pruned model (before finetuning) has AUROC / IND / OOD = 0.1173050480655749 / 9.202515602111816 / 7.008477687835693
Pruned model (after finetuning) has AUROC / IND / OOD = 0.29222309185009604 / 4.470410346984863 / 3.8299131393432617
 
Currently running leave_1_tech_0_encoder_fc4 experiment. 
Starting the process with remaining sparsity 0.7 and connection 1!
Loaded pretrained model
Pretrained model has AUROC / IND / OOD = 0.3141697165758527 / 3.0057060718536377 / 2.6190078258514404
Pruned model (before finetuning) has AUROC / IND / OOD = 0.10828849780481077 / 9.28097152709961 / 6.98555326461792
Pruned model (after finetuning) has AUROC / IND / OOD = 0.5396948848488461 / 6.227016925811768 / 6.287559986114502
 
Currently running leave_1_tech_0_encoder_fc4 experiment. 
Starting the process with remaining sparsity 0.7 and connection 2!
Loaded pretrained model
Pretrained model has AUROC / IND / OOD = 0.3141697165758527 / 3.0057060718536377 / 2.6190078258514404
Pruned model (before finetuning) has AUROC / IND / OOD = 0.1082228533235935 / 9.28161334991455 / 6.985574722290039
Pruned model (after finetuning) has AUROC / IND / OOD = 0.5192575365678521 / 6.198156356811523 / 6.193948268890381
 
Currently running leave_1_tech_0_encoder_fc4 experiment. 
Starting the process with remaining sparsity 0.7 and connection 3!
Loaded pretrained model
Pretrained model has AUROC / IND / OOD = 0.3141697165758527 / 3.0057060718536377 / 2.6190078258514404
Pruned model (before finetuning) has AUROC / IND / OOD = 0.1078967677174256 / 9.308968544006348 / 7.007879734039307
Pruned model (after finetuning) has AUROC / IND / OOD = 0.4996397752881574 / 5.586974620819092 / 5.542961120605469
 
Currently running leave_1_tech_0_encoder_fc4 experiment. 
Starting the process with remaining sparsity 0.7 and connection 4!
Loaded pretrained model
Pretrained model has AUROC / IND / OOD = 0.3141697165758527 / 3.0057060718536377 / 2.6190078258514404
Pruned model (before finetuning) has AUROC / IND / OOD = 0.11041252661682457 / 9.279864311218262 / 7.0188446044921875
Pruned model (after finetuning) has AUROC / IND / OOD = 0.35353265204201045 / 5.162661552429199 / 4.649216175079346
 
Currently running leave_1_tech_0_encoder_fc4 experiment. 
Starting the process with remaining sparsity 0.7 and connection 5!
Loaded pretrained model
Pretrained model has AUROC / IND / OOD = 0.3141697165758527 / 3.0057060718536377 / 2.6190078258514404
Pruned model (before finetuning) has AUROC / IND / OOD = 0.10414365258614906 / 9.27075481414795 / 6.966063499450684
Pruned model (after finetuning) has AUROC / IND / OOD = 0.3233527384581746 / 4.796619415283203 / 4.228052616119385
 
Currently running leave_1_tech_0_encoder_fc4 experiment. 
Starting the process with remaining sparsity 0.7 and connection 6!
Loaded pretrained model
Pretrained model has AUROC / IND / OOD = 0.3141697165758527 / 3.0057060718536377 / 2.6190078258514404
Pruned model (before finetuning) has AUROC / IND / OOD = 0.10773486785383293 / 9.263111114501953 / 6.997579574584961
Pruned model (after finetuning) has AUROC / IND / OOD = 0.2783995865540623 / 4.546405792236328 / 3.871333360671997
 
Currently running leave_1_tech_0_encoder_fc4 experiment. 
Starting the process with remaining sparsity 0.9 and connection 1!
Loaded pretrained model
Pretrained model has AUROC / IND / OOD = 0.3141697165758527 / 3.0057060718536377 / 2.6190078258514404
Pruned model (before finetuning) has AUROC / IND / OOD = 0.09433464771374832 / 9.327531814575195 / 6.842051029205322
Pruned model (after finetuning) has AUROC / IND / OOD = 0.6317121482044669 / 6.146597862243652 / 6.475152969360352
 
Currently running leave_1_tech_0_encoder_fc4 experiment. 
Starting the process with remaining sparsity 0.9 and connection 2!
Loaded pretrained model
Pretrained model has AUROC / IND / OOD = 0.3141697165758527 / 3.0057060718536377 / 2.6190078258514404
Pruned model (before finetuning) has AUROC / IND / OOD = 0.09430503067301743 / 9.327606201171875 / 6.84224796295166
Pruned model (after finetuning) has AUROC / IND / OOD = 0.7975998270682857 / 5.55418586730957 / 6.751921653747559
 
Currently running leave_1_tech_0_encoder_fc4 experiment. 
Starting the process with remaining sparsity 0.9 and connection 3!
Loaded pretrained model
Pretrained model has AUROC / IND / OOD = 0.3141697165758527 / 3.0057060718536377 / 2.6190078258514404
Pruned model (before finetuning) has AUROC / IND / OOD = 0.09480454492373364 / 9.33676815032959 / 6.851926326751709
Pruned model (after finetuning) has AUROC / IND / OOD = 0.6840015305450579 / 5.580811977386475 / 6.253122329711914
 
Currently running leave_1_tech_0_encoder_fc4 experiment. 
Starting the process with remaining sparsity 0.9 and connection 4!
Loaded pretrained model
Pretrained model has AUROC / IND / OOD = 0.3141697165758527 / 3.0057060718536377 / 2.6190078258514404
Pruned model (before finetuning) has AUROC / IND / OOD = 0.09534038477306439 / 9.334503173828125 / 6.8528876304626465
Pruned model (after finetuning) has AUROC / IND / OOD = 0.32444593523508525 / 5.214625835418701 / 4.595948219299316
 
Currently running leave_1_tech_0_encoder_fc4 experiment. 
Starting the process with remaining sparsity 0.9 and connection 5!
Loaded pretrained model
Pretrained model has AUROC / IND / OOD = 0.3141697165758527 / 3.0057060718536377 / 2.6190078258514404
Pruned model (before finetuning) has AUROC / IND / OOD = 0.09530306531402262 / 9.35800838470459 / 6.8944878578186035
Pruned model (after finetuning) has AUROC / IND / OOD = 0.44141933207609985 / 4.8671488761901855 / 4.627162456512451
 
Currently running leave_1_tech_0_encoder_fc4 experiment. 
Starting the process with remaining sparsity 0.9 and connection 6!
Loaded pretrained model
Pretrained model has AUROC / IND / OOD = 0.3141697165758527 / 3.0057060718536377 / 2.6190078258514404
Pruned model (before finetuning) has AUROC / IND / OOD = 0.0961705066948923 / 9.365779876708984 / 6.901182651519775
Pruned model (after finetuning) has AUROC / IND / OOD = 0.32364562912607364 / 4.678358554840088 / 4.12888765335083
 
Currently running leave_1_tech_0_encoder_fc4 experiment. 
Starting the process with remaining sparsity 0 and connection 1!
Loaded pretrained model
Pretrained model has AUROC / IND / OOD = 0.3141697165758527 / 3.0057060718536377 / 2.6190078258514404
Pruned model (before finetuning) has AUROC / IND / OOD = 0.11724486981670729 / 9.211234092712402 / 6.967295169830322
