 
Currently running leave_4_encoder_fc2 experiment. 
Starting the process with remaining connection 1 using tech 0!
Loaded pretrained model
Pretrained model has AUROC / IND / OOD = 0.9166617545628363 / 2.7372066974639893 / 4.327578544616699
Pruned model (before finetuning) has AUROC / IND / OOD = 0.4127356285392555 / 9.261638641357422 / 8.802583694458008
Pruned model (after finetuning) has AUROC / IND / OOD = 0.5597171802581755 / 6.472700595855713 / 6.946730613708496
Notification sent to chrome.
 
Currently running leave_4_encoder_fc2 experiment. 
Starting the process with remaining connection 2 using tech 0!
Loaded pretrained model
Pretrained model has AUROC / IND / OOD = 0.9166617545628363 / 2.7372066974639893 / 4.327578544616699
Pruned model (before finetuning) has AUROC / IND / OOD = 0.4127356285392555 / 9.261638641357422 / 8.802583694458008
Pruned model (after finetuning) has AUROC / IND / OOD = 0.5569570295932236 / 6.472836017608643 / 6.940492630004883
Notification sent to chrome.
 
Currently running leave_4_encoder_fc2 experiment. 
Starting the process with remaining connection 3 using tech 0!
Loaded pretrained model
Pretrained model has AUROC / IND / OOD = 0.9166617545628363 / 2.7372066974639893 / 4.327578544616699
Pruned model (before finetuning) has AUROC / IND / OOD = 0.4127570837054111 / 9.261492729187012 / 8.802581787109375
Pruned model (after finetuning) has AUROC / IND / OOD = 0.6550689636793396 / 5.911869049072266 / 6.751667022705078
Notification sent to chrome.
 
Currently running leave_4_encoder_fc2 experiment. 
Starting the process with remaining connection 4 using tech 0!
Loaded pretrained model
Pretrained model has AUROC / IND / OOD = 0.9166617545628363 / 2.7372066974639893 / 4.327578544616699
Pruned model (before finetuning) has AUROC / IND / OOD = 0.4127850883433405 / 9.26130485534668 / 8.802578926086426
Pruned model (after finetuning) has AUROC / IND / OOD = 0.6854573270295796 / 5.912216663360596 / 6.917505264282227
Notification sent to chrome.
 
Currently running leave_4_encoder_fc2 experiment. 
Starting the process with remaining connection 5 using tech 0!
Loaded pretrained model
Pretrained model has AUROC / IND / OOD = 0.9166617545628363 / 2.7372066974639893 / 4.327578544616699
Pruned model (before finetuning) has AUROC / IND / OOD = 0.4128722076101249 / 9.261523246765137 / 8.80318832397461
Pruned model (after finetuning) has AUROC / IND / OOD = 0.7647409412900833 / 5.813229560852051 / 7.191344738006592
Notification sent to chrome.
 
Currently running leave_4_encoder_fc2 experiment. 
Starting the process with remaining connection 6 using tech 0!
Loaded pretrained model
Pretrained model has AUROC / IND / OOD = 0.9166617545628363 / 2.7372066974639893 / 4.327578544616699
Pruned model (before finetuning) has AUROC / IND / OOD = 0.41287988630117 / 9.261326789855957 / 8.80306625366211
Pruned model (after finetuning) has AUROC / IND / OOD = 0.6752036772799728 / 5.7963762283325195 / 6.725183963775635
Notification sent to chrome.
 
Currently running leave_4_encoder_fc2 experiment. 
Starting the process with remaining connection 7 using tech 0!
Loaded pretrained model
Pretrained model has AUROC / IND / OOD = 0.9166617545628363 / 2.7372066974639893 / 4.327578544616699
Pruned model (before finetuning) has AUROC / IND / OOD = 0.4129069875636823 / 9.261630058288574 / 8.803446769714355
Pruned model (after finetuning) has AUROC / IND / OOD = 0.7293565166566619 / 5.311515808105469 / 6.571465492248535
Notification sent to chrome.
 
Currently running leave_4_encoder_fc2 experiment. 
Starting the process with remaining connection 8 using tech 0!
Loaded pretrained model
Pretrained model has AUROC / IND / OOD = 0.9166617545628363 / 2.7372066974639893 / 4.327578544616699
Pruned model (before finetuning) has AUROC / IND / OOD = 0.41290868139258935 / 9.261621475219727 / 8.803446769714355
Pruned model (after finetuning) has AUROC / IND / OOD = 0.699941992006031 / 5.437918663024902 / 6.549954414367676
Notification sent to chrome.
 
Currently running leave_4_encoder_fc2 experiment. 
Starting the process with remaining connection 9 using tech 0!
Loaded pretrained model
Pretrained model has AUROC / IND / OOD = 0.9166617545628363 / 2.7372066974639893 / 4.327578544616699
Pruned model (before finetuning) has AUROC / IND / OOD = 0.4129129724258205 / 9.261579513549805 / 8.803428649902344
Pruned model (after finetuning) has AUROC / IND / OOD = 0.6880847944301486 / 5.627468109130859 / 6.689959526062012
Notification sent to chrome.
 
Currently running leave_4_encoder_fc2 experiment. 
Starting the process with remaining connection 10 using tech 0!
Loaded pretrained model
Pretrained model has AUROC / IND / OOD = 0.9166617545628363 / 2.7372066974639893 / 4.327578544616699
Pruned model (before finetuning) has AUROC / IND / OOD = 0.41290935892415215 / 9.261636734008789 / 8.803424835205078
Pruned model (after finetuning) has AUROC / IND / OOD = 0.7355015585484384 / 5.264471530914307 / 6.422347068786621
Notification sent to chrome.
 
Currently running leave_4_encoder_fc2 experiment. 
Starting the process with remaining connection 11 using tech 0!
Loaded pretrained model
Pretrained model has AUROC / IND / OOD = 0.9166617545628363 / 2.7372066974639893 / 4.327578544616699
Pruned model (before finetuning) has AUROC / IND / OOD = 0.4129007768576899 / 9.261696815490723 / 8.803424835205078
Pruned model (after finetuning) has AUROC / IND / OOD = 0.7491449551677364 / 5.318332195281982 / 6.61372709274292
Notification sent to chrome.
 
Currently running leave_4_encoder_fc2 experiment. 
Starting the process with remaining connection 12 using tech 0!
Loaded pretrained model
Pretrained model has AUROC / IND / OOD = 0.9166617545628363 / 2.7372066974639893 / 4.327578544616699
Pruned model (before finetuning) has AUROC / IND / OOD = 0.4129068181807916 / 9.261651992797852 / 8.803452491760254
Pruned model (after finetuning) has AUROC / IND / OOD = 0.7314414506583122 / 4.917277812957764 / 6.040310859680176
Notification sent to chrome.
 
Currently running leave_4_encoder_fc2 experiment. 
Starting the process with remaining connection 13 using tech 0!
Loaded pretrained model
Pretrained model has AUROC / IND / OOD = 0.9166617545628363 / 2.7372066974639893 / 4.327578544616699
Pruned model (before finetuning) has AUROC / IND / OOD = 0.4128989136458922 / 9.261700630187988 / 8.803457260131836
Pruned model (after finetuning) has AUROC / IND / OOD = 0.7003168363431543 / 5.058856010437012 / 6.040051460266113
Notification sent to chrome.
 
Currently running leave_4_encoder_fc2 experiment. 
Starting the process with remaining connection 14 using tech 0!
Loaded pretrained model
Pretrained model has AUROC / IND / OOD = 0.9166617545628363 / 2.7372066974639893 / 4.327578544616699
Pruned model (before finetuning) has AUROC / IND / OOD = 0.4129007203967263 / 9.261690139770508 / 8.80345344543457
Pruned model (after finetuning) has AUROC / IND / OOD = 0.7334887251972634 / 5.065190315246582 / 6.166743755340576
Notification sent to chrome.
 
Currently running leave_4_encoder_fc2 experiment. 
Starting the process with remaining connection 15 using tech 0!
Loaded pretrained model
Pretrained model has AUROC / IND / OOD = 0.9166617545628363 / 2.7372066974639893 / 4.327578544616699
Pruned model (before finetuning) has AUROC / IND / OOD = 0.41302064348334333 / 9.259461402893066 / 8.801664352416992
Pruned model (after finetuning) has AUROC / IND / OOD = 0.7688138658189392 / 4.648552417755127 / 5.9621429443359375
Notification sent to chrome.
 
Currently running leave_4_encoder_fc2 experiment. 
Starting the process with remaining connection 16 using tech 0!
Loaded pretrained model
Pretrained model has AUROC / IND / OOD = 0.9166617545628363 / 2.7372066974639893 / 4.327578544616699
Pruned model (before finetuning) has AUROC / IND / OOD = 0.4130387109916849 / 9.259320259094238 / 8.801661491394043
Pruned model (after finetuning) has AUROC / IND / OOD = 0.7920177973990918 / 4.382654666900635 / 5.698713302612305
Notification sent to chrome.
 
Currently running leave_4_encoder_fc2 experiment. 
Starting the process with remaining connection 1 using tech 1!
Loaded pretrained model
Pretrained model has AUROC / IND / OOD = 0.9166617545628363 / 2.7372066974639893 / 4.327578544616699
Pruned model (before finetuning) has AUROC / IND / OOD = 0.4127195936256024 / 9.261054039001465 / 8.80196475982666
Pruned model (after finetuning) has AUROC / IND / OOD = 0.49068907895907665 / 7.217728137969971 / 7.160614967346191
Notification sent to chrome.
 
Currently running leave_4_encoder_fc2 experiment. 
Starting the process with remaining connection 2 using tech 1!
Loaded pretrained model
Pretrained model has AUROC / IND / OOD = 0.9166617545628363 / 2.7372066974639893 / 4.327578544616699
Pruned model (before finetuning) has AUROC / IND / OOD = 0.4127195936256024 / 9.261054039001465 / 8.80196475982666
Pruned model (after finetuning) has AUROC / IND / OOD = 0.48756447277429754 / 7.220830917358398 / 7.155168533325195
Notification sent to chrome.
 
Currently running leave_4_encoder_fc2 experiment. 
Starting the process with remaining connection 3 using tech 1!
Loaded pretrained model
Pretrained model has AUROC / IND / OOD = 0.9166617545628363 / 2.7372066974639893 / 4.327578544616699
Pruned model (before finetuning) has AUROC / IND / OOD = 0.4127195936256024 / 9.261054039001465 / 8.80196475982666
Pruned model (after finetuning) has AUROC / IND / OOD = 0.5762905056598728 / 6.465523719787598 / 6.998387336730957
Notification sent to chrome.
 
Currently running leave_4_encoder_fc2 experiment. 
Starting the process with remaining connection 4 using tech 1!
Loaded pretrained model
Pretrained model has AUROC / IND / OOD = 0.9166617545628363 / 2.7372066974639893 / 4.327578544616699
Pruned model (before finetuning) has AUROC / IND / OOD = 0.4127195936256024 / 9.261054039001465 / 8.80196475982666
Pruned model (after finetuning) has AUROC / IND / OOD = 0.5818669856485265 / 6.493088245391846 / 7.027465343475342
Notification sent to chrome.
 
Currently running leave_4_encoder_fc2 experiment. 
Starting the process with remaining connection 5 using tech 1!
Loaded pretrained model
Pretrained model has AUROC / IND / OOD = 0.9166617545628363 / 2.7372066974639893 / 4.327578544616699
Pruned model (before finetuning) has AUROC / IND / OOD = 0.4127195936256024 / 9.261054039001465 / 8.80196475982666
Pruned model (after finetuning) has AUROC / IND / OOD = 0.5731705857350698 / 6.476699352264404 / 6.985933780670166
Notification sent to chrome.
 
Currently running leave_4_encoder_fc2 experiment. 
Starting the process with remaining connection 6 using tech 1!
Loaded pretrained model
Pretrained model has AUROC / IND / OOD = 0.9166617545628363 / 2.7372066974639893 / 4.327578544616699
Pruned model (before finetuning) has AUROC / IND / OOD = 0.4127195936256024 / 9.261054039001465 / 8.80196475982666
Pruned model (after finetuning) has AUROC / IND / OOD = 0.574988177074229 / 6.48227596282959 / 6.9922285079956055
Notification sent to chrome.
 
Currently running leave_4_encoder_fc2 experiment. 
Starting the process with remaining connection 7 using tech 1!
Loaded pretrained model
Pretrained model has AUROC / IND / OOD = 0.9166617545628363 / 2.7372066974639893 / 4.327578544616699
Pruned model (before finetuning) has AUROC / IND / OOD = 0.4127195936256024 / 9.261054039001465 / 8.80196475982666
Pruned model (after finetuning) has AUROC / IND / OOD = 0.5692357082621361 / 6.486433029174805 / 6.977514266967773
Notification sent to chrome.
 
Currently running leave_4_encoder_fc2 experiment. 
Starting the process with remaining connection 8 using tech 1!
Loaded pretrained model
Pretrained model has AUROC / IND / OOD = 0.9166617545628363 / 2.7372066974639893 / 4.327578544616699
Pruned model (before finetuning) has AUROC / IND / OOD = 0.4127195936256024 / 9.261054039001465 / 8.80196475982666
Pruned model (after finetuning) has AUROC / IND / OOD = 0.5665237187991069 / 6.476949691772461 / 6.976377010345459
Notification sent to chrome.
 
Currently running leave_4_encoder_fc2 experiment. 
Starting the process with remaining connection 9 using tech 1!
Loaded pretrained model
Pretrained model has AUROC / IND / OOD = 0.9166617545628363 / 2.7372066974639893 / 4.327578544616699
Pruned model (before finetuning) has AUROC / IND / OOD = 0.4127195936256024 / 9.261054039001465 / 8.80196475982666
Pruned model (after finetuning) has AUROC / IND / OOD = 0.5717733462696694 / 6.483058452606201 / 6.995948791503906
Notification sent to chrome.
 
Currently running leave_4_encoder_fc2 experiment. 
Starting the process with remaining connection 10 using tech 1!
Loaded pretrained model
Pretrained model has AUROC / IND / OOD = 0.9166617545628363 / 2.7372066974639893 / 4.327578544616699
Pruned model (before finetuning) has AUROC / IND / OOD = 0.4127195936256024 / 9.261054039001465 / 8.80196475982666
Pruned model (after finetuning) has AUROC / IND / OOD = 0.5836514344020717 / 6.478681564331055 / 7.035202503204346
Notification sent to chrome.
 
Currently running leave_4_encoder_fc2 experiment. 
Starting the process with remaining connection 11 using tech 1!
Loaded pretrained model
Pretrained model has AUROC / IND / OOD = 0.9166617545628363 / 2.7372066974639893 / 4.327578544616699
Pruned model (before finetuning) has AUROC / IND / OOD = 0.4127195936256024 / 9.261054039001465 / 8.80196475982666
Pruned model (after finetuning) has AUROC / IND / OOD = 0.5552325423829869 / 6.4871344566345215 / 6.937947750091553
Notification sent to chrome.
 
Currently running leave_4_encoder_fc2 experiment. 
Starting the process with remaining connection 12 using tech 1!
Loaded pretrained model
Pretrained model has AUROC / IND / OOD = 0.9166617545628363 / 2.7372066974639893 / 4.327578544616699
Pruned model (before finetuning) has AUROC / IND / OOD = 0.4127195936256024 / 9.261054039001465 / 8.80196475982666
Pruned model (after finetuning) has AUROC / IND / OOD = 0.5833962308467473 / 6.517194747924805 / 7.042688846588135
Notification sent to chrome.
 
Currently running leave_4_encoder_fc2 experiment. 
Starting the process with remaining connection 13 using tech 1!
Loaded pretrained model
Pretrained model has AUROC / IND / OOD = 0.9166617545628363 / 2.7372066974639893 / 4.327578544616699
Pruned model (before finetuning) has AUROC / IND / OOD = 0.4127195936256024 / 9.261054039001465 / 8.80196475982666
Pruned model (after finetuning) has AUROC / IND / OOD = 0.5744139690747494 / 6.498283863067627 / 7.0037055015563965
Notification sent to chrome.
 
Currently running leave_4_encoder_fc2 experiment. 
Starting the process with remaining connection 14 using tech 1!
Loaded pretrained model
Pretrained model has AUROC / IND / OOD = 0.9166617545628363 / 2.7372066974639893 / 4.327578544616699
Pruned model (before finetuning) has AUROC / IND / OOD = 0.41271953716463883 / 9.261054039001465 / 8.80196475982666
Pruned model (after finetuning) has AUROC / IND / OOD = 0.7219426275306369 / 5.85596227645874 / 7.05711030960083
Notification sent to chrome.
 
Currently running leave_4_encoder_fc2 experiment. 
Starting the process with remaining connection 15 using tech 1!
Loaded pretrained model
Pretrained model has AUROC / IND / OOD = 0.9166617545628363 / 2.7372066974639893 / 4.327578544616699
Pruned model (before finetuning) has AUROC / IND / OOD = 0.41271953716463883 / 9.261054039001465 / 8.80196475982666
Pruned model (after finetuning) has AUROC / IND / OOD = 0.7551879156373833 / 5.820348262786865 / 7.170172691345215
Notification sent to chrome.
 
Currently running leave_4_encoder_fc2 experiment. 
Starting the process with remaining connection 16 using tech 1!
Loaded pretrained model
Pretrained model has AUROC / IND / OOD = 0.9166617545628363 / 2.7372066974639893 / 4.327578544616699
Pruned model (before finetuning) has AUROC / IND / OOD = 0.41271953716463883 / 9.261054039001465 / 8.80196475982666
Pruned model (after finetuning) has AUROC / IND / OOD = 0.6496671739119634 / 5.836936950683594 / 6.73891019821167
Notification sent to chrome.
 
Currently running leave_4_encoder_fc2 experiment. 
Starting the process with remaining connection 1 using tech 2!
Loaded pretrained model
Pretrained model has AUROC / IND / OOD = 0.9166617545628363 / 2.7372066974639893 / 4.327578544616699
Pruned model (before finetuning) has AUROC / IND / OOD = 0.4130631585889096 / 9.262273788452148 / 8.8051176071167
Pruned model (after finetuning) has AUROC / IND / OOD = 0.5781295521651877 / 6.447038173675537 / 6.988746166229248
Notification sent to chrome.
 
Currently running leave_4_encoder_fc2 experiment. 
Starting the process with remaining connection 2 using tech 2!
Loaded pretrained model
Pretrained model has AUROC / IND / OOD = 0.9166617545628363 / 2.7372066974639893 / 4.327578544616699
Pruned model (before finetuning) has AUROC / IND / OOD = 0.4130630456669824 / 9.262310981750488 / 8.805160522460938
Pruned model (after finetuning) has AUROC / IND / OOD = 0.6634950849601995 / 5.990016460418701 / 6.898862361907959
Notification sent to chrome.
 
Currently running leave_4_encoder_fc2 experiment. 
Starting the process with remaining connection 3 using tech 2!
Loaded pretrained model
Pretrained model has AUROC / IND / OOD = 0.9166617545628363 / 2.7372066974639893 / 4.327578544616699
Pruned model (before finetuning) has AUROC / IND / OOD = 0.41320284301277505 / 9.26257610321045 / 8.80622673034668
Pruned model (after finetuning) has AUROC / IND / OOD = 0.7948111471106214 / 5.443167686462402 / 6.996435642242432
Notification sent to chrome.
 
Currently running leave_4_encoder_fc2 experiment. 
Starting the process with remaining connection 4 using tech 2!
Loaded pretrained model
Pretrained model has AUROC / IND / OOD = 0.9166617545628363 / 2.7372066974639893 / 4.327578544616699
Pruned model (before finetuning) has AUROC / IND / OOD = 0.41320284301277505 / 9.26257610321045 / 8.80622673034668
Pruned model (after finetuning) has AUROC / IND / OOD = 0.7991794189398977 / 5.417610168457031 / 7.02442741394043
Notification sent to chrome.
 
Currently running leave_4_encoder_fc2 experiment. 
Starting the process with remaining connection 5 using tech 2!
Loaded pretrained model
Pretrained model has AUROC / IND / OOD = 0.9166617545628363 / 2.7372066974639893 / 4.327578544616699
Pruned model (before finetuning) has AUROC / IND / OOD = 0.4133942456792683 / 9.263764381408691 / 8.808572769165039
Pruned model (after finetuning) has AUROC / IND / OOD = 0.6879125320303047 / 5.382260322570801 / 6.4018683433532715
Notification sent to chrome.
 
Currently running leave_4_encoder_fc2 experiment. 
Starting the process with remaining connection 6 using tech 2!
Loaded pretrained model
Pretrained model has AUROC / IND / OOD = 0.9166617545628363 / 2.7372066974639893 / 4.327578544616699
Pruned model (before finetuning) has AUROC / IND / OOD = 0.4133942456792683 / 9.263764381408691 / 8.808572769165039
Pruned model (after finetuning) has AUROC / IND / OOD = 0.7688563809245055 / 5.423546314239502 / 6.926611423492432
Notification sent to chrome.
 
Currently running leave_4_encoder_fc2 experiment. 
Starting the process with remaining connection 7 using tech 2!
Loaded pretrained model
Pretrained model has AUROC / IND / OOD = 0.9166617545628363 / 2.7372066974639893 / 4.327578544616699
Pruned model (before finetuning) has AUROC / IND / OOD = 0.4133942456792683 / 9.263764381408691 / 8.808572769165039
Pruned model (after finetuning) has AUROC / IND / OOD = 0.80903129247276 / 5.444079399108887 / 7.097532272338867
Notification sent to chrome.
 
Currently running leave_4_encoder_fc2 experiment. 
Starting the process with remaining connection 8 using tech 2!
Loaded pretrained model
Pretrained model has AUROC / IND / OOD = 0.9166617545628363 / 2.7372066974639893 / 4.327578544616699
Pruned model (before finetuning) has AUROC / IND / OOD = 0.4133942456792683 / 9.263764381408691 / 8.808572769165039
Pruned model (after finetuning) has AUROC / IND / OOD = 0.7774015219165652 / 5.426980972290039 / 7.012576103210449
Notification sent to chrome.
 
Currently running leave_4_encoder_fc2 experiment. 
Starting the process with remaining connection 9 using tech 2!
Loaded pretrained model
Pretrained model has AUROC / IND / OOD = 0.9166617545628363 / 2.7372066974639893 / 4.327578544616699
Pruned model (before finetuning) has AUROC / IND / OOD = 0.4134010209948964 / 9.263721466064453 / 8.808560371398926
Pruned model (after finetuning) has AUROC / IND / OOD = 0.7492831151455857 / 4.924794673919678 / 6.196109294891357
Notification sent to chrome.
 
Currently running leave_4_encoder_fc2 experiment. 
Starting the process with remaining connection 10 using tech 2!
Loaded pretrained model
Pretrained model has AUROC / IND / OOD = 0.9166617545628363 / 2.7372066974639893 / 4.327578544616699
Pruned model (before finetuning) has AUROC / IND / OOD = 0.4134302113130607 / 9.263660430908203 / 8.808646202087402
Pruned model (after finetuning) has AUROC / IND / OOD = 0.7795813103370087 / 4.635201930999756 / 6.012592315673828
Notification sent to chrome.
 
Currently running leave_4_encoder_fc2 experiment. 
Starting the process with remaining connection 11 using tech 2!
Loaded pretrained model
Pretrained model has AUROC / IND / OOD = 0.9166617545628363 / 2.7372066974639893 / 4.327578544616699
Pruned model (before finetuning) has AUROC / IND / OOD = 0.4134302113130607 / 9.263660430908203 / 8.808646202087402
Pruned model (after finetuning) has AUROC / IND / OOD = 0.7750385741303092 / 4.614655494689941 / 5.999485969543457
Notification sent to chrome.
 
Currently running leave_4_encoder_fc2 experiment. 
Starting the process with remaining connection 12 using tech 2!
Loaded pretrained model
Pretrained model has AUROC / IND / OOD = 0.9166617545628363 / 2.7372066974639893 / 4.327578544616699
Pruned model (before finetuning) has AUROC / IND / OOD = 0.4134302113130607 / 9.263660430908203 / 8.808646202087402
Pruned model (after finetuning) has AUROC / IND / OOD = 0.7711878799540544 / 4.638005256652832 / 5.964504718780518
Notification sent to chrome.
 
Currently running leave_4_encoder_fc2 experiment. 
Starting the process with remaining connection 13 using tech 2!
Loaded pretrained model
Pretrained model has AUROC / IND / OOD = 0.9166617545628363 / 2.7372066974639893 / 4.327578544616699
Pruned model (before finetuning) has AUROC / IND / OOD = 0.4134302113130607 / 9.263660430908203 / 8.808646202087402
Pruned model (after finetuning) has AUROC / IND / OOD = 0.7641846878770182 / 4.647115707397461 / 5.924343585968018
Notification sent to chrome.
 
Currently running leave_4_encoder_fc2 experiment. 
Starting the process with remaining connection 14 using tech 2!
Loaded pretrained model
Pretrained model has AUROC / IND / OOD = 0.9166617545628363 / 2.7372066974639893 / 4.327578544616699
Pruned model (before finetuning) has AUROC / IND / OOD = 0.4134302113130607 / 9.263660430908203 / 8.808646202087402
Pruned model (after finetuning) has AUROC / IND / OOD = 0.7650165837142189 / 4.649454593658447 / 5.923434734344482
Notification sent to chrome.
 
Currently running leave_4_encoder_fc2 experiment. 
Starting the process with remaining connection 15 using tech 2!
Loaded pretrained model
Pretrained model has AUROC / IND / OOD = 0.9166617545628363 / 2.7372066974639893 / 4.327578544616699
Pruned model (before finetuning) has AUROC / IND / OOD = 0.4134302113130607 / 9.263660430908203 / 8.808646202087402
Pruned model (after finetuning) has AUROC / IND / OOD = 0.7917311450870606 / 4.613220691680908 / 6.0288310050964355
Notification sent to chrome.
 
Currently running leave_4_encoder_fc2 experiment. 
Starting the process with remaining connection 16 using tech 2!
Loaded pretrained model
Pretrained model has AUROC / IND / OOD = 0.9166617545628363 / 2.7372066974639893 / 4.327578544616699
Pruned model (before finetuning) has AUROC / IND / OOD = 0.4134302113130607 / 9.263660430908203 / 8.808646202087402
Pruned model (after finetuning) has AUROC / IND / OOD = 0.7792476260423259 / 4.66002893447876 / 6.015152454376221
Notification sent to chrome.
 
Currently running leave_4_encoder_fc2 experiment. 
Starting the process with remaining connection 1 using tech 3!
Loaded pretrained model
Pretrained model has AUROC / IND / OOD = 0.9166617545628363 / 2.7372066974639893 / 4.327578544616699
Pruned model (before finetuning) has AUROC / IND / OOD = 0.4127168834993511 / 9.261064529418945 / 8.801962852478027
Pruned model (after finetuning) has AUROC / IND / OOD = 0.5760707595896688 / 6.474240303039551 / 6.99453592300415
Notification sent to chrome.
 
Currently running leave_4_encoder_fc2 experiment. 
Starting the process with remaining connection 2 using tech 3!
Loaded pretrained model
Pretrained model has AUROC / IND / OOD = 0.9166617545628363 / 2.7372066974639893 / 4.327578544616699
Pruned model (before finetuning) has AUROC / IND / OOD = 0.4127128183099743 / 9.26105785369873 / 8.801935195922852
Pruned model (after finetuning) has AUROC / IND / OOD = 0.6961032110930888 / 5.934152603149414 / 6.958532333374023
Notification sent to chrome.
 
Currently running leave_4_encoder_fc2 experiment. 
Starting the process with remaining connection 3 using tech 3!
Loaded pretrained model
Pretrained model has AUROC / IND / OOD = 0.9166617545628363 / 2.7372066974639893 / 4.327578544616699
Pruned model (before finetuning) has AUROC / IND / OOD = 0.4127070592916904 / 9.261124610900879 / 8.801939964294434
Pruned model (after finetuning) has AUROC / IND / OOD = 0.6541431167987628 / 5.937931537628174 / 6.796678066253662
Notification sent to chrome.
 
Currently running leave_4_encoder_fc2 experiment. 
Starting the process with remaining connection 4 using tech 3!
Loaded pretrained model
Pretrained model has AUROC / IND / OOD = 0.9166617545628363 / 2.7372066974639893 / 4.327578544616699
Pruned model (before finetuning) has AUROC / IND / OOD = 0.4127070592916904 / 9.261124610900879 / 8.801939964294434
Pruned model (after finetuning) has AUROC / IND / OOD = 0.6846279154747756 / 5.91024923324585 / 6.938540458679199
Notification sent to chrome.
 
Currently running leave_4_encoder_fc2 experiment. 
Starting the process with remaining connection 5 using tech 3!
Loaded pretrained model
Pretrained model has AUROC / IND / OOD = 0.9166617545628363 / 2.7372066974639893 / 4.327578544616699
Pruned model (before finetuning) has AUROC / IND / OOD = 0.4127202146962016 / 9.261185646057129 / 8.802077293395996
Pruned model (after finetuning) has AUROC / IND / OOD = 0.6860581281428996 / 5.446142673492432 / 6.410926342010498
Notification sent to chrome.
 
Currently running leave_4_encoder_fc2 experiment. 
Starting the process with remaining connection 6 using tech 3!
Loaded pretrained model
Pretrained model has AUROC / IND / OOD = 0.9166617545628363 / 2.7372066974639893 / 4.327578544616699
Pruned model (before finetuning) has AUROC / IND / OOD = 0.4127312245840972 / 9.261012077331543 / 8.801904678344727
Pruned model (after finetuning) has AUROC / IND / OOD = 0.7450615288996572 / 4.736563682556152 / 5.9029645919799805
Notification sent to chrome.
 
Currently running leave_4_encoder_fc2 experiment. 
Starting the process with remaining connection 7 using tech 3!
Loaded pretrained model
Pretrained model has AUROC / IND / OOD = 0.9166617545628363 / 2.7372066974639893 / 4.327578544616699
Pruned model (before finetuning) has AUROC / IND / OOD = 0.4127494050143659 / 9.260835647583008 / 8.801834106445312
Pruned model (after finetuning) has AUROC / IND / OOD = 0.7946515884275802 / 4.602427005767822 / 5.983433246612549
Notification sent to chrome.
 
Currently running leave_4_encoder_fc2 experiment. 
Starting the process with remaining connection 8 using tech 3!
Loaded pretrained model
Pretrained model has AUROC / IND / OOD = 0.9166617545628363 / 2.7372066974639893 / 4.327578544616699
Pruned model (before finetuning) has AUROC / IND / OOD = 0.4127491791705116 / 9.260830879211426 / 8.801831245422363
Pruned model (after finetuning) has AUROC / IND / OOD = 0.7946508544350539 / 4.401793003082275 / 5.744026184082031
Notification sent to chrome.
 
Currently running leave_4_encoder_fc2 experiment. 
Starting the process with remaining connection 9 using tech 3!
Loaded pretrained model
Pretrained model has AUROC / IND / OOD = 0.9166617545628363 / 2.7372066974639893 / 4.327578544616699
Pruned model (before finetuning) has AUROC / IND / OOD = 0.4127491791705116 / 9.260830879211426 / 8.801831245422363
Pruned model (after finetuning) has AUROC / IND / OOD = 0.8342101720975338 / 4.255767345428467 / 5.780956745147705
Notification sent to chrome.
 
Currently running leave_4_encoder_fc2 experiment. 
Starting the process with remaining connection 10 using tech 3!
Loaded pretrained model
Pretrained model has AUROC / IND / OOD = 0.9166617545628363 / 2.7372066974639893 / 4.327578544616699
Pruned model (before finetuning) has AUROC / IND / OOD = 0.4127491791705116 / 9.260830879211426 / 8.801831245422363
Pruned model (after finetuning) has AUROC / IND / OOD = 0.8419054626659782 / 4.223203659057617 / 5.835507392883301
Notification sent to chrome.
 
Currently running leave_4_encoder_fc2 experiment. 
Starting the process with remaining connection 11 using tech 3!
Loaded pretrained model
Pretrained model has AUROC / IND / OOD = 0.9166617545628363 / 2.7372066974639893 / 4.327578544616699
Pruned model (before finetuning) has AUROC / IND / OOD = 0.412759567987808 / 9.260884284973145 / 8.801933288574219
Pruned model (after finetuning) has AUROC / IND / OOD = 0.8224306648075199 / 4.28909158706665 / 5.74066686630249
Notification sent to chrome.
 
Currently running leave_4_encoder_fc2 experiment. 
Starting the process with remaining connection 12 using tech 3!
Loaded pretrained model
Pretrained model has AUROC / IND / OOD = 0.9166617545628363 / 2.7372066974639893 / 4.327578544616699
Pruned model (before finetuning) has AUROC / IND / OOD = 0.412741952167175 / 9.260886192321777 / 8.801836013793945
Pruned model (after finetuning) has AUROC / IND / OOD = 0.8623289740952582 / 4.091342926025391 / 5.748228073120117
Notification sent to chrome.
 
Currently running leave_4_encoder_fc2 experiment. 
Starting the process with remaining connection 13 using tech 3!
Loaded pretrained model
Pretrained model has AUROC / IND / OOD = 0.9166617545628363 / 2.7372066974639893 / 4.327578544616699
Pruned model (before finetuning) has AUROC / IND / OOD = 0.412741952167175 / 9.260886192321777 / 8.801836013793945
Pruned model (after finetuning) has AUROC / IND / OOD = 0.8311768632908431 / 4.153778553009033 / 5.618885517120361
Notification sent to chrome.
 
Currently running leave_4_encoder_fc2 experiment. 
Starting the process with remaining connection 14 using tech 3!
Loaded pretrained model
Pretrained model has AUROC / IND / OOD = 0.9166617545628363 / 2.7372066974639893 / 4.327578544616699
Pruned model (before finetuning) has AUROC / IND / OOD = 0.412741952167175 / 9.260886192321777 / 8.801836013793945
Pruned model (after finetuning) has AUROC / IND / OOD = 0.8330549807829465 / 4.08384370803833 / 5.515561580657959
Notification sent to chrome.
 
Currently running leave_4_encoder_fc2 experiment. 
Starting the process with remaining connection 15 using tech 3!
Loaded pretrained model
Pretrained model has AUROC / IND / OOD = 0.9166617545628363 / 2.7372066974639893 / 4.327578544616699
Pruned model (before finetuning) has AUROC / IND / OOD = 0.4127415004794665 / 9.260909080505371 / 8.80185604095459
Pruned model (after finetuning) has AUROC / IND / OOD = 0.8341448467626865 / 4.244138717651367 / 5.736381530761719
Notification sent to chrome.
 
Currently running leave_4_encoder_fc2 experiment. 
Starting the process with remaining connection 16 using tech 3!
Loaded pretrained model
Pretrained model has AUROC / IND / OOD = 0.9166617545628363 / 2.7372066974639893 / 4.327578544616699
Pruned model (before finetuning) has AUROC / IND / OOD = 0.4127419521671751 / 9.260854721069336 / 8.801799774169922
Pruned model (after finetuning) has AUROC / IND / OOD = 0.8220099741679799 / 4.130797386169434 / 5.517434120178223
Notification sent to chrome.
 
Currently running leave_4_encoder_fc2 experiment. 
Starting the process with remaining connection 1 using tech 4!
Loaded pretrained model
Pretrained model has AUROC / IND / OOD = 0.9166617545628363 / 2.7372066974639893 / 4.327578544616699
Pruned model (before finetuning) has AUROC / IND / OOD = 0.4127356285392555 / 9.261638641357422 / 8.802583694458008
Pruned model (after finetuning) has AUROC / IND / OOD = 0.5520305846781206 / 6.4869585037231445 / 6.915853023529053
Notification sent to chrome.
 
Currently running leave_4_encoder_fc2 experiment. 
Starting the process with remaining connection 2 using tech 4!
Loaded pretrained model
Pretrained model has AUROC / IND / OOD = 0.9166617545628363 / 2.7372066974639893 / 4.327578544616699
Pruned model (before finetuning) has AUROC / IND / OOD = 0.4127356285392555 / 9.261638641357422 / 8.802583694458008
Pruned model (after finetuning) has AUROC / IND / OOD = 0.5640844922510715 / 6.48597526550293 / 6.9731764793396
Notification sent to chrome.
 
Currently running leave_4_encoder_fc2 experiment. 
Starting the process with remaining connection 3 using tech 4!
Loaded pretrained model
Pretrained model has AUROC / IND / OOD = 0.9166617545628363 / 2.7372066974639893 / 4.327578544616699
Pruned model (before finetuning) has AUROC / IND / OOD = 0.4127570837054111 / 9.261492729187012 / 8.802581787109375
Pruned model (after finetuning) has AUROC / IND / OOD = 0.6636350516888828 / 5.922407627105713 / 6.805605888366699
Notification sent to chrome.
 
Currently running leave_4_encoder_fc2 experiment. 
Starting the process with remaining connection 4 using tech 4!
Loaded pretrained model
Pretrained model has AUROC / IND / OOD = 0.9166617545628363 / 2.7372066974639893 / 4.327578544616699
Pruned model (before finetuning) has AUROC / IND / OOD = 0.4127850883433405 / 9.26130485534668 / 8.802578926086426
Pruned model (after finetuning) has AUROC / IND / OOD = 0.6914586193081138 / 5.879119396209717 / 6.9721879959106445
Notification sent to chrome.
 
Currently running leave_4_encoder_fc2 experiment. 
Starting the process with remaining connection 5 using tech 4!
Loaded pretrained model
Pretrained model has AUROC / IND / OOD = 0.9166617545628363 / 2.7372066974639893 / 4.327578544616699
Pruned model (before finetuning) has AUROC / IND / OOD = 0.4128722076101249 / 9.261523246765137 / 8.80318832397461
Pruned model (after finetuning) has AUROC / IND / OOD = 0.7699005135237559 / 5.839122772216797 / 7.271222114562988
Notification sent to chrome.
 
Currently running leave_4_encoder_fc2 experiment. 
Starting the process with remaining connection 6 using tech 4!
Loaded pretrained model
Pretrained model has AUROC / IND / OOD = 0.9166617545628363 / 2.7372066974639893 / 4.327578544616699
Pruned model (before finetuning) has AUROC / IND / OOD = 0.41287988630117 / 9.261326789855957 / 8.80306625366211
Pruned model (after finetuning) has AUROC / IND / OOD = 0.6863093229698105 / 5.791532516479492 / 6.774388313293457
Notification sent to chrome.
 
Currently running leave_4_encoder_fc2 experiment. 
Starting the process with remaining connection 7 using tech 4!
Loaded pretrained model
Pretrained model has AUROC / IND / OOD = 0.9166617545628363 / 2.7372066974639893 / 4.327578544616699
Pruned model (before finetuning) has AUROC / IND / OOD = 0.4129069875636823 / 9.261630058288574 / 8.803446769714355
Pruned model (after finetuning) has AUROC / IND / OOD = 0.7454952055608177 / 5.728733539581299 / 7.0109944343566895
Notification sent to chrome.
 
Currently running leave_4_encoder_fc2 experiment. 
Starting the process with remaining connection 8 using tech 4!
Loaded pretrained model
Pretrained model has AUROC / IND / OOD = 0.9166617545628363 / 2.7372066974639893 / 4.327578544616699
Pruned model (before finetuning) has AUROC / IND / OOD = 0.41290868139258935 / 9.261621475219727 / 8.803446769714355
Pruned model (after finetuning) has AUROC / IND / OOD = 0.6832428715775059 / 5.71446418762207 / 6.7566375732421875
Notification sent to chrome.
 
Currently running leave_4_encoder_fc2 experiment. 
Starting the process with remaining connection 9 using tech 4!
Loaded pretrained model
Pretrained model has AUROC / IND / OOD = 0.9166617545628363 / 2.7372066974639893 / 4.327578544616699
Pruned model (before finetuning) has AUROC / IND / OOD = 0.4129129724258205 / 9.261579513549805 / 8.803428649902344
Pruned model (after finetuning) has AUROC / IND / OOD = 0.699296191504748 / 5.453610420227051 / 6.582107067108154
Notification sent to chrome.
 
Currently running leave_4_encoder_fc2 experiment. 
Starting the process with remaining connection 10 using tech 4!
Loaded pretrained model
Pretrained model has AUROC / IND / OOD = 0.9166617545628363 / 2.7372066974639893 / 4.327578544616699
Pruned model (before finetuning) has AUROC / IND / OOD = 0.41290935892415215 / 9.261636734008789 / 8.803424835205078
Pruned model (after finetuning) has AUROC / IND / OOD = 0.7274337385423767 / 5.338918685913086 / 6.5088677406311035
Notification sent to chrome.
 
Currently running leave_4_encoder_fc2 experiment. 
Starting the process with remaining connection 11 using tech 4!
Loaded pretrained model
Pretrained model has AUROC / IND / OOD = 0.9166617545628363 / 2.7372066974639893 / 4.327578544616699
Pruned model (before finetuning) has AUROC / IND / OOD = 0.4129013414673256 / 9.261687278747559 / 8.803428649902344
Pruned model (after finetuning) has AUROC / IND / OOD = 0.7385205827313466 / 5.310125350952148 / 6.6407389640808105
Notification sent to chrome.
 
Currently running leave_4_encoder_fc2 experiment. 
Starting the process with remaining connection 12 using tech 4!
Loaded pretrained model
Pretrained model has AUROC / IND / OOD = 0.9166617545628363 / 2.7372066974639893 / 4.327578544616699
Pruned model (before finetuning) has AUROC / IND / OOD = 0.41290670525886447 / 9.261641502380371 / 8.803457260131836
Pruned model (after finetuning) has AUROC / IND / OOD = 0.7142367787620052 / 4.942939758300781 / 5.931746482849121
Notification sent to chrome.
 
Currently running leave_4_encoder_fc2 experiment. 
Starting the process with remaining connection 13 using tech 4!
Loaded pretrained model
Pretrained model has AUROC / IND / OOD = 0.9166617545628363 / 2.7372066974639893 / 4.327578544616699
Pruned model (before finetuning) has AUROC / IND / OOD = 0.4129086249316258 / 9.26163101196289 / 8.80345344543457
Pruned model (after finetuning) has AUROC / IND / OOD = 0.73709855690294 / 4.988589763641357 / 6.222143650054932
Notification sent to chrome.
 
Currently running leave_4_encoder_fc2 experiment. 
Starting the process with remaining connection 14 using tech 4!
Loaded pretrained model
Pretrained model has AUROC / IND / OOD = 0.9166617545628363 / 2.7372066974639893 / 4.327578544616699
Pruned model (before finetuning) has AUROC / IND / OOD = 0.4129007203967263 / 9.261690139770508 / 8.80345344543457
Pruned model (after finetuning) has AUROC / IND / OOD = 0.7633221337366002 / 5.1898298263549805 / 6.525485515594482
Notification sent to chrome.
 
Currently running leave_4_encoder_fc2 experiment. 
Starting the process with remaining connection 15 using tech 4!
Loaded pretrained model
Pretrained model has AUROC / IND / OOD = 0.9166617545628363 / 2.7372066974639893 / 4.327578544616699
Pruned model (before finetuning) has AUROC / IND / OOD = 0.41302064348334333 / 9.259461402893066 / 8.801664352416992
Pruned model (after finetuning) has AUROC / IND / OOD = 0.7713126022225745 / 4.685595989227295 / 5.97683048248291
Notification sent to chrome.
 
Currently running leave_4_encoder_fc2 experiment. 
Starting the process with remaining connection 16 using tech 4!
Loaded pretrained model
Pretrained model has AUROC / IND / OOD = 0.9166617545628363 / 2.7372066974639893 / 4.327578544616699
Pruned model (before finetuning) has AUROC / IND / OOD = 0.412886548694871 / 9.260233879089355 / 8.801678657531738
Pruned model (after finetuning) has AUROC / IND / OOD = 0.7390405317448381 / 4.7607550621032715 / 5.868807792663574
Notification sent to chrome.
 
Currently running leave_4_encoder_fc2 experiment. 
Starting the process with remaining connection 1 using tech 5!
Loaded pretrained model
Pretrained model has AUROC / IND / OOD = 0.9166617545628363 / 2.7372066974639893 / 4.327578544616699
Pruned model (before finetuning) has AUROC / IND / OOD = 0.4127356285392555 / 9.261638641357422 / 8.802583694458008
Pruned model (after finetuning) has AUROC / IND / OOD = 0.5608888581741247 / 6.477220058441162 / 6.9596991539001465
Notification sent to chrome.
 
Currently running leave_4_encoder_fc2 experiment. 
Starting the process with remaining connection 2 using tech 5!
Loaded pretrained model
Pretrained model has AUROC / IND / OOD = 0.9166617545628363 / 2.7372066974639893 / 4.327578544616699
Pruned model (before finetuning) has AUROC / IND / OOD = 0.4127356285392555 / 9.261638641357422 / 8.802583694458008
Pruned model (after finetuning) has AUROC / IND / OOD = 0.544825036507659 / 6.536975383758545 / 6.949118614196777
Notification sent to chrome.
 
Currently running leave_4_encoder_fc2 experiment. 
Starting the process with remaining connection 3 using tech 5!
Loaded pretrained model
Pretrained model has AUROC / IND / OOD = 0.9166617545628363 / 2.7372066974639893 / 4.327578544616699
Pruned model (before finetuning) has AUROC / IND / OOD = 0.4127570837054111 / 9.261492729187012 / 8.802581787109375
Pruned model (after finetuning) has AUROC / IND / OOD = 0.6541082803842417 / 5.931525707244873 / 6.756976127624512
Notification sent to chrome.
 
Currently running leave_4_encoder_fc2 experiment. 
Starting the process with remaining connection 4 using tech 5!
Loaded pretrained model
Pretrained model has AUROC / IND / OOD = 0.9166617545628363 / 2.7372066974639893 / 4.327578544616699
Pruned model (before finetuning) has AUROC / IND / OOD = 0.4127850883433405 / 9.26130485534668 / 8.802578926086426
Pruned model (after finetuning) has AUROC / IND / OOD = 0.710033542329236 / 5.920457363128662 / 7.011313438415527
Notification sent to chrome.
 
Currently running leave_4_encoder_fc2 experiment. 
Starting the process with remaining connection 5 using tech 5!
Loaded pretrained model
Pretrained model has AUROC / IND / OOD = 0.9166617545628363 / 2.7372066974639893 / 4.327578544616699
Pruned model (before finetuning) has AUROC / IND / OOD = 0.4128722076101249 / 9.261523246765137 / 8.80318832397461
Pruned model (after finetuning) has AUROC / IND / OOD = 0.7510740004489775 / 5.873827934265137 / 7.165312767028809
Notification sent to chrome.
 
Currently running leave_4_encoder_fc2 experiment. 
Starting the process with remaining connection 6 using tech 5!
Loaded pretrained model
Pretrained model has AUROC / IND / OOD = 0.9166617545628363 / 2.7372066974639893 / 4.327578544616699
Pruned model (before finetuning) has AUROC / IND / OOD = 0.41287988630117 / 9.261326789855957 / 8.80306625366211
Pruned model (after finetuning) has AUROC / IND / OOD = 0.7092776429489968 / 5.75639533996582 / 6.89569616317749
Notification sent to chrome.
 
Currently running leave_4_encoder_fc2 experiment. 
Starting the process with remaining connection 7 using tech 5!
Loaded pretrained model
Pretrained model has AUROC / IND / OOD = 0.9166617545628363 / 2.7372066974639893 / 4.327578544616699
Pruned model (before finetuning) has AUROC / IND / OOD = 0.4129069875636823 / 9.261630058288574 / 8.803446769714355
Pruned model (after finetuning) has AUROC / IND / OOD = 0.7311344159384332 / 5.36175012588501 / 6.625311374664307
Notification sent to chrome.
 
Currently running leave_4_encoder_fc2 experiment. 
Starting the process with remaining connection 8 using tech 5!
Loaded pretrained model
Pretrained model has AUROC / IND / OOD = 0.9166617545628363 / 2.7372066974639893 / 4.327578544616699
Pruned model (before finetuning) has AUROC / IND / OOD = 0.41290868139258935 / 9.261621475219727 / 8.803446769714355
Pruned model (after finetuning) has AUROC / IND / OOD = 0.6834123109291713 / 5.467350959777832 / 6.3928303718566895
Notification sent to chrome.
 
Currently running leave_4_encoder_fc2 experiment. 
Starting the process with remaining connection 9 using tech 5!
Loaded pretrained model
Pretrained model has AUROC / IND / OOD = 0.9166617545628363 / 2.7372066974639893 / 4.327578544616699
Pruned model (before finetuning) has AUROC / IND / OOD = 0.4129129724258205 / 9.261579513549805 / 8.803428649902344
Pruned model (after finetuning) has AUROC / IND / OOD = 0.7013159130934782 / 5.4226202964782715 / 6.580408573150635
Notification sent to chrome.
 
Currently running leave_4_encoder_fc2 experiment. 
Starting the process with remaining connection 10 using tech 5!
Loaded pretrained model
Pretrained model has AUROC / IND / OOD = 0.9166617545628363 / 2.7372066974639893 / 4.327578544616699
Pruned model (before finetuning) has AUROC / IND / OOD = 0.41290935892415215 / 9.261636734008789 / 8.803424835205078
Pruned model (after finetuning) has AUROC / IND / OOD = 0.6555408644128352 / 5.412092685699463 / 6.183870315551758
Notification sent to chrome.
 
Currently running leave_4_encoder_fc2 experiment. 
Starting the process with remaining connection 11 using tech 5!
Loaded pretrained model
Pretrained model has AUROC / IND / OOD = 0.9166617545628363 / 2.7372066974639893 / 4.327578544616699
Pruned model (before finetuning) has AUROC / IND / OOD = 0.4129147227156911 / 9.261591911315918 / 8.803452491760254
Pruned model (after finetuning) has AUROC / IND / OOD = 0.7559207789444871 / 4.988813877105713 / 6.227402687072754
Notification sent to chrome.
 
Currently running leave_4_encoder_fc2 experiment. 
Starting the process with remaining connection 12 using tech 5!
Loaded pretrained model
Pretrained model has AUROC / IND / OOD = 0.9166617545628363 / 2.7372066974639893 / 4.327578544616699
Pruned model (before finetuning) has AUROC / IND / OOD = 0.4129068181807916 / 9.261651992797852 / 8.803452491760254
Pruned model (after finetuning) has AUROC / IND / OOD = 0.7331112271948522 / 5.2157464027404785 / 6.4530205726623535
Notification sent to chrome.
 
Currently running leave_4_encoder_fc2 experiment. 
Starting the process with remaining connection 13 using tech 5!
Loaded pretrained model
Pretrained model has AUROC / IND / OOD = 0.9166617545628363 / 2.7372066974639893 / 4.327578544616699
Pruned model (before finetuning) has AUROC / IND / OOD = 0.4128989136458922 / 9.261700630187988 / 8.803457260131836
Pruned model (after finetuning) has AUROC / IND / OOD = 0.7298225454499463 / 5.008517742156982 / 6.165464401245117
Notification sent to chrome.
 
Currently running leave_4_encoder_fc2 experiment. 
Starting the process with remaining connection 14 using tech 5!
Loaded pretrained model
Pretrained model has AUROC / IND / OOD = 0.9166617545628363 / 2.7372066974639893 / 4.327578544616699
Pruned model (before finetuning) has AUROC / IND / OOD = 0.41301883673250916 / 9.259472846984863 / 8.801669120788574
Pruned model (after finetuning) has AUROC / IND / OOD = 0.7424338921161975 / 4.898276329040527 / 6.03896427154541
Notification sent to chrome.
 
Currently running leave_4_encoder_fc2 experiment. 
Starting the process with remaining connection 15 using tech 5!
Loaded pretrained model
Pretrained model has AUROC / IND / OOD = 0.9166617545628363 / 2.7372066974639893 / 4.327578544616699
Pruned model (before finetuning) has AUROC / IND / OOD = 0.41302064348334333 / 9.259461402893066 / 8.801664352416992
Pruned model (after finetuning) has AUROC / IND / OOD = 0.7723612516989105 / 4.677182674407959 / 6.009045124053955
Notification sent to chrome.
 
Currently running leave_4_encoder_fc2 experiment. 
Starting the process with remaining connection 16 using tech 5!
Loaded pretrained model
Pretrained model has AUROC / IND / OOD = 0.9166617545628363 / 2.7372066974639893 / 4.327578544616699
Pruned model (before finetuning) has AUROC / IND / OOD = 0.41303148398834827 / 9.25932502746582 / 8.801621437072754
Pruned model (after finetuning) has AUROC / IND / OOD = 0.721293157066722 / 4.803780555725098 / 5.847404956817627
Notification sent to chrome.
 
Currently running leave_4_encoder_fc2 experiment. 
Starting the process with remaining connection 1 using tech 6!
Loaded pretrained model
Pretrained model has AUROC / IND / OOD = 0.9166617545628363 / 2.7372066974639893 / 4.327578544616699
Pruned model (before finetuning) has AUROC / IND / OOD = 0.4127195936256024 / 9.261054039001465 / 8.80196475982666
Pruned model (after finetuning) has AUROC / IND / OOD = 0.48609801216756343 / 7.218358993530273 / 7.146150588989258
Notification sent to chrome.
 
Currently running leave_4_encoder_fc2 experiment. 
Starting the process with remaining connection 2 using tech 6!
Loaded pretrained model
Pretrained model has AUROC / IND / OOD = 0.9166617545628363 / 2.7372066974639893 / 4.327578544616699
Pruned model (before finetuning) has AUROC / IND / OOD = 0.4127195936256024 / 9.261054039001465 / 8.80196475982666
Pruned model (after finetuning) has AUROC / IND / OOD = 0.4935527225702475 / 7.222303867340088 / 7.175507068634033
Notification sent to chrome.
 
Currently running leave_4_encoder_fc2 experiment. 
Starting the process with remaining connection 3 using tech 6!
Loaded pretrained model
Pretrained model has AUROC / IND / OOD = 0.9166617545628363 / 2.7372066974639893 / 4.327578544616699
Pruned model (before finetuning) has AUROC / IND / OOD = 0.4127195936256024 / 9.261054039001465 / 8.80196475982666
Pruned model (after finetuning) has AUROC / IND / OOD = 0.49281370501811494 / 7.218728542327881 / 7.169270038604736
Notification sent to chrome.
 
Currently running leave_4_encoder_fc2 experiment. 
Starting the process with remaining connection 4 using tech 6!
Loaded pretrained model
Pretrained model has AUROC / IND / OOD = 0.9166617545628363 / 2.7372066974639893 / 4.327578544616699
Pruned model (before finetuning) has AUROC / IND / OOD = 0.4127195936256024 / 9.261054039001465 / 8.80196475982666
Pruned model (after finetuning) has AUROC / IND / OOD = 0.49569101218246914 / 7.219244003295898 / 7.181273937225342
Notification sent to chrome.
 
Currently running leave_4_encoder_fc2 experiment. 
Starting the process with remaining connection 5 using tech 6!
Loaded pretrained model
Pretrained model has AUROC / IND / OOD = 0.9166617545628363 / 2.7372066974639893 / 4.327578544616699
Pruned model (before finetuning) has AUROC / IND / OOD = 0.4127190854769303 / 9.261053085327148 / 8.801962852478027
Pruned model (after finetuning) has AUROC / IND / OOD = 0.6076835918567933 / 6.324303150177002 / 7.020839214324951
Notification sent to chrome.
 
Currently running leave_4_encoder_fc2 experiment. 
Starting the process with remaining connection 6 using tech 6!
Loaded pretrained model
Pretrained model has AUROC / IND / OOD = 0.9166617545628363 / 2.7372066974639893 / 4.327578544616699
Pruned model (before finetuning) has AUROC / IND / OOD = 0.4127190854769303 / 9.261053085327148 / 8.801962852478027
Pruned model (after finetuning) has AUROC / IND / OOD = 0.6340259625577991 / 6.2860026359558105 / 7.105786323547363
Notification sent to chrome.
 
Currently running leave_4_encoder_fc2 experiment. 
Starting the process with remaining connection 7 using tech 6!
Loaded pretrained model
Pretrained model has AUROC / IND / OOD = 0.9166617545628363 / 2.7372066974639893 / 4.327578544616699
Pruned model (before finetuning) has AUROC / IND / OOD = 0.4127190854769303 / 9.261053085327148 / 8.801962852478027
Pruned model (after finetuning) has AUROC / IND / OOD = 0.6287046296635062 / 6.297271728515625 / 7.078273296356201
Notification sent to chrome.
 
Currently running leave_4_encoder_fc2 experiment. 
Starting the process with remaining connection 8 using tech 6!
Loaded pretrained model
Pretrained model has AUROC / IND / OOD = 0.9166617545628363 / 2.7372066974639893 / 4.327578544616699
Pruned model (before finetuning) has AUROC / IND / OOD = 0.4127190854769303 / 9.261053085327148 / 8.801962852478027
Pruned model (after finetuning) has AUROC / IND / OOD = 0.6208902629228983 / 6.286990165710449 / 7.041032791137695
Notification sent to chrome.
 
Currently running leave_4_encoder_fc2 experiment. 
Starting the process with remaining connection 9 using tech 6!
Loaded pretrained model
Pretrained model has AUROC / IND / OOD = 0.9166617545628363 / 2.7372066974639893 / 4.327578544616699
Pruned model (before finetuning) has AUROC / IND / OOD = 0.4127190854769303 / 9.261053085327148 / 8.801962852478027
Pruned model (after finetuning) has AUROC / IND / OOD = 0.6322927803591729 / 6.301434516906738 / 7.0923004150390625
Notification sent to chrome.
 
Currently running leave_4_encoder_fc2 experiment. 
Starting the process with remaining connection 10 using tech 6!
Loaded pretrained model
Pretrained model has AUROC / IND / OOD = 0.9166617545628363 / 2.7372066974639893 / 4.327578544616699
Pruned model (before finetuning) has AUROC / IND / OOD = 0.4127190854769303 / 9.261053085327148 / 8.801962852478027
Pruned model (after finetuning) has AUROC / IND / OOD = 0.6239145944363818 / 6.306834697723389 / 7.062544822692871
Notification sent to chrome.
 
Currently running leave_4_encoder_fc2 experiment. 
Starting the process with remaining connection 11 using tech 6!
Loaded pretrained model
Pretrained model has AUROC / IND / OOD = 0.9166617545628363 / 2.7372066974639893 / 4.327578544616699
Pruned model (before finetuning) has AUROC / IND / OOD = 0.4127190854769303 / 9.261053085327148 / 8.801962852478027
Pruned model (after finetuning) has AUROC / IND / OOD = 0.6199920254535057 / 6.295786380767822 / 7.049380302429199
Notification sent to chrome.
 
Currently running leave_4_encoder_fc2 experiment. 
Starting the process with remaining connection 12 using tech 6!
Loaded pretrained model
Pretrained model has AUROC / IND / OOD = 0.9166617545628363 / 2.7372066974639893 / 4.327578544616699
Pruned model (before finetuning) has AUROC / IND / OOD = 0.4127190854769303 / 9.261053085327148 / 8.801962852478027
Pruned model (after finetuning) has AUROC / IND / OOD = 0.6337050384408824 / 6.291439533233643 / 7.085987567901611
Notification sent to chrome.
 
Currently running leave_4_encoder_fc2 experiment. 
Starting the process with remaining connection 13 using tech 6!
Loaded pretrained model
Pretrained model has AUROC / IND / OOD = 0.9166617545628363 / 2.7372066974639893 / 4.327578544616699
Pruned model (before finetuning) has AUROC / IND / OOD = 0.4127190854769303 / 9.261053085327148 / 8.801962852478027
Pruned model (after finetuning) has AUROC / IND / OOD = 0.6306747220652607 / 6.287950038909912 / 7.091601848602295
Notification sent to chrome.
 
Currently running leave_4_encoder_fc2 experiment. 
Starting the process with remaining connection 14 using tech 6!
Loaded pretrained model
Pretrained model has AUROC / IND / OOD = 0.9166617545628363 / 2.7372066974639893 / 4.327578544616699
Pruned model (before finetuning) has AUROC / IND / OOD = 0.4127190854769303 / 9.261053085327148 / 8.801962852478027
Pruned model (after finetuning) has AUROC / IND / OOD = 0.624542892038959 / 6.301076412200928 / 7.064895153045654
Notification sent to chrome.
 
Currently running leave_4_encoder_fc2 experiment. 
Starting the process with remaining connection 15 using tech 6!
Loaded pretrained model
Pretrained model has AUROC / IND / OOD = 0.9166617545628363 / 2.7372066974639893 / 4.327578544616699
Pruned model (before finetuning) has AUROC / IND / OOD = 0.4127190854769303 / 9.261053085327148 / 8.801962852478027
Pruned model (after finetuning) has AUROC / IND / OOD = 0.6259913980592786 / 6.28848123550415 / 7.063498020172119
Notification sent to chrome.
 
Currently running leave_4_encoder_fc2 experiment. 
Starting the process with remaining connection 16 using tech 6!
Loaded pretrained model
Pretrained model has AUROC / IND / OOD = 0.9166617545628363 / 2.7372066974639893 / 4.327578544616699
Pruned model (before finetuning) has AUROC / IND / OOD = 0.4127190854769303 / 9.261053085327148 / 8.801962852478027
Pruned model (after finetuning) has AUROC / IND / OOD = 0.6265789873071237 / 6.312549591064453 / 7.075837135314941
Notification sent to chrome.
 
Currently running leave_4_encoder_fc2 experiment. 
Starting the process with remaining connection 1 using tech 7!
Loaded pretrained model
Pretrained model has AUROC / IND / OOD = 0.9166617545628363 / 2.7372066974639893 / 4.327578544616699
Pruned model (before finetuning) has AUROC / IND / OOD = 0.4127195936256024 / 9.261054039001465 / 8.80196475982666
Pruned model (after finetuning) has AUROC / IND / OOD = 0.4912320640457036 / 7.224509239196777 / 7.170132160186768
Notification sent to chrome.
 
Currently running leave_4_encoder_fc2 experiment. 
Starting the process with remaining connection 2 using tech 7!
Loaded pretrained model
Pretrained model has AUROC / IND / OOD = 0.9166617545628363 / 2.7372066974639893 / 4.327578544616699
Pruned model (before finetuning) has AUROC / IND / OOD = 0.4127195936256024 / 9.261054039001465 / 8.80196475982666
Pruned model (after finetuning) has AUROC / IND / OOD = 0.4880405516190972 / 7.218785762786865 / 7.15492582321167
Notification sent to chrome.
 
Currently running leave_4_encoder_fc2 experiment. 
Starting the process with remaining connection 3 using tech 7!
Loaded pretrained model
Pretrained model has AUROC / IND / OOD = 0.9166617545628363 / 2.7372066974639893 / 4.327578544616699
Pruned model (before finetuning) has AUROC / IND / OOD = 0.4127195936256024 / 9.261054039001465 / 8.80196475982666
Pruned model (after finetuning) has AUROC / IND / OOD = 0.4908700928082735 / 7.218253135681152 / 7.16450834274292
Notification sent to chrome.
 
Currently running leave_4_encoder_fc2 experiment. 
Starting the process with remaining connection 4 using tech 7!
Loaded pretrained model
Pretrained model has AUROC / IND / OOD = 0.9166617545628363 / 2.7372066974639893 / 4.327578544616699
Pruned model (before finetuning) has AUROC / IND / OOD = 0.4127195936256024 / 9.261054039001465 / 8.80196475982666
Pruned model (after finetuning) has AUROC / IND / OOD = 0.49178893852936806 / 7.219979286193848 / 7.167816638946533
Notification sent to chrome.
 
Currently running leave_4_encoder_fc2 experiment. 
Starting the process with remaining connection 5 using tech 7!
Loaded pretrained model
Pretrained model has AUROC / IND / OOD = 0.9166617545628363 / 2.7372066974639893 / 4.327578544616699
Pruned model (before finetuning) has AUROC / IND / OOD = 0.4127190854769303 / 9.261053085327148 / 8.801962852478027
Pruned model (after finetuning) has AUROC / IND / OOD = 0.6065262550255903 / 6.295010089874268 / 6.9899582862854
Notification sent to chrome.
 
Currently running leave_4_encoder_fc2 experiment. 
Starting the process with remaining connection 6 using tech 7!
Loaded pretrained model
Pretrained model has AUROC / IND / OOD = 0.9166617545628363 / 2.7372066974639893 / 4.327578544616699
Pruned model (before finetuning) has AUROC / IND / OOD = 0.4127190854769303 / 9.261053085327148 / 8.801962852478027
Pruned model (after finetuning) has AUROC / IND / OOD = 0.6205158702734833 / 6.313251495361328 / 7.0448455810546875
Notification sent to chrome.
 
Currently running leave_4_encoder_fc2 experiment. 
Starting the process with remaining connection 7 using tech 7!
Loaded pretrained model
Pretrained model has AUROC / IND / OOD = 0.9166617545628363 / 2.7372066974639893 / 4.327578544616699
Pruned model (before finetuning) has AUROC / IND / OOD = 0.4127190854769303 / 9.261053085327148 / 8.801962852478027
Pruned model (after finetuning) has AUROC / IND / OOD = 0.6280952464837241 / 6.310268402099609 / 7.084131240844727
Notification sent to chrome.
 
Currently running leave_4_encoder_fc2 experiment. 
Starting the process with remaining connection 8 using tech 7!
Loaded pretrained model
Pretrained model has AUROC / IND / OOD = 0.9166617545628363 / 2.7372066974639893 / 4.327578544616699
Pruned model (before finetuning) has AUROC / IND / OOD = 0.4127190854769303 / 9.261053085327148 / 8.801962852478027
Pruned model (after finetuning) has AUROC / IND / OOD = 0.6188383021239711 / 6.340490818023682 / 7.046367645263672
Notification sent to chrome.
 
Currently running leave_4_encoder_fc2 experiment. 
Starting the process with remaining connection 9 using tech 7!
Loaded pretrained model
Pretrained model has AUROC / IND / OOD = 0.9166617545628363 / 2.7372066974639893 / 4.327578544616699
Pruned model (before finetuning) has AUROC / IND / OOD = 0.4127190854769303 / 9.261053085327148 / 8.801962852478027
Pruned model (after finetuning) has AUROC / IND / OOD = 0.6203371713237928 / 6.286594390869141 / 7.0448899269104
Notification sent to chrome.
 
Currently running leave_4_encoder_fc2 experiment. 
Starting the process with remaining connection 10 using tech 7!
Loaded pretrained model
Pretrained model has AUROC / IND / OOD = 0.9166617545628363 / 2.7372066974639893 / 4.327578544616699
Pruned model (before finetuning) has AUROC / IND / OOD = 0.4127190854769303 / 9.261053085327148 / 8.801962852478027
Pruned model (after finetuning) has AUROC / IND / OOD = 0.6138058799802522 / 6.2885236740112305 / 7.018404960632324
Notification sent to chrome.
 
Currently running leave_4_encoder_fc2 experiment. 
Starting the process with remaining connection 11 using tech 7!
Loaded pretrained model
Pretrained model has AUROC / IND / OOD = 0.9166617545628363 / 2.7372066974639893 / 4.327578544616699
Pruned model (before finetuning) has AUROC / IND / OOD = 0.4127190854769303 / 9.261053085327148 / 8.801962852478027
Pruned model (after finetuning) has AUROC / IND / OOD = 0.6216596000124666 / 6.296062469482422 / 7.0467729568481445
Notification sent to chrome.
 
Currently running leave_4_encoder_fc2 experiment. 
Starting the process with remaining connection 12 using tech 7!
Loaded pretrained model
Pretrained model has AUROC / IND / OOD = 0.9166617545628363 / 2.7372066974639893 / 4.327578544616699
Pruned model (before finetuning) has AUROC / IND / OOD = 0.4127190854769303 / 9.261053085327148 / 8.801962852478027
Pruned model (after finetuning) has AUROC / IND / OOD = 0.6144222078585531 / 6.3271660804748535 / 7.05903959274292
Notification sent to chrome.
 
Currently running leave_4_encoder_fc2 experiment. 
Starting the process with remaining connection 13 using tech 7!
Loaded pretrained model
Pretrained model has AUROC / IND / OOD = 0.9166617545628363 / 2.7372066974639893 / 4.327578544616699
Pruned model (before finetuning) has AUROC / IND / OOD = 0.4127190854769303 / 9.261053085327148 / 8.801962852478027
Pruned model (after finetuning) has AUROC / IND / OOD = 0.6254430491811128 / 6.2886457443237305 / 7.055567741394043
Notification sent to chrome.
 
Currently running leave_4_encoder_fc2 experiment. 
Starting the process with remaining connection 14 using tech 7!
Loaded pretrained model
Pretrained model has AUROC / IND / OOD = 0.9166617545628363 / 2.7372066974639893 / 4.327578544616699
Pruned model (before finetuning) has AUROC / IND / OOD = 0.4127190854769303 / 9.261053085327148 / 8.801962852478027
Pruned model (after finetuning) has AUROC / IND / OOD = 0.6145713212633344 / 6.3206706047058105 / 7.036896228790283
Notification sent to chrome.
 
Currently running leave_4_encoder_fc2 experiment. 
Starting the process with remaining connection 15 using tech 7!
Loaded pretrained model
Pretrained model has AUROC / IND / OOD = 0.9166617545628363 / 2.7372066974639893 / 4.327578544616699
Pruned model (before finetuning) has AUROC / IND / OOD = 0.4127190854769303 / 9.261053085327148 / 8.801962852478027
Pruned model (after finetuning) has AUROC / IND / OOD = 0.6164703293119578 / 6.302411079406738 / 7.0290069580078125
Notification sent to chrome.
 
Currently running leave_4_encoder_fc2 experiment. 
Starting the process with remaining connection 16 using tech 7!
Loaded pretrained model
Pretrained model has AUROC / IND / OOD = 0.9166617545628363 / 2.7372066974639893 / 4.327578544616699
Pruned model (before finetuning) has AUROC / IND / OOD = 0.4127190854769303 / 9.261053085327148 / 8.801962852478027
Pruned model (after finetuning) has AUROC / IND / OOD = 0.6281923028800962 / 6.3379645347595215 / 7.09051513671875
Notification sent to chrome.
 
Currently running leave_4_encoder_fc2 experiment. 
Starting the process with remaining connection 1 using tech 8!
Loaded pretrained model
Pretrained model has AUROC / IND / OOD = 0.9166617545628363 / 2.7372066974639893 / 4.327578544616699
Pruned model (before finetuning) has AUROC / IND / OOD = 0.41269531541126847 / 9.26099967956543 / 8.801742553710938
Pruned model (after finetuning) has AUROC / IND / OOD = 0.5801858039973459 / 6.449818134307861 / 7.013132095336914
Notification sent to chrome.
 
Currently running leave_4_encoder_fc2 experiment. 
Starting the process with remaining connection 2 using tech 8!
Loaded pretrained model
Pretrained model has AUROC / IND / OOD = 0.9166617545628363 / 2.7372066974639893 / 4.327578544616699
Pruned model (before finetuning) has AUROC / IND / OOD = 0.4127176174918775 / 9.261064529418945 / 8.801953315734863
Pruned model (after finetuning) has AUROC / IND / OOD = 0.7008071998117364 / 5.922245979309082 / 7.026389122009277
Notification sent to chrome.
 
Currently running leave_4_encoder_fc2 experiment. 
Starting the process with remaining connection 3 using tech 8!
Loaded pretrained model
Pretrained model has AUROC / IND / OOD = 0.9166617545628363 / 2.7372066974639893 / 4.327578544616699
Pruned model (before finetuning) has AUROC / IND / OOD = 0.4127166576554968 / 9.261072158813477 / 8.801962852478027
Pruned model (after finetuning) has AUROC / IND / OOD = 0.548118517434468 / 6.490393161773682 / 6.9231791496276855
Notification sent to chrome.
 
Currently running leave_4_encoder_fc2 experiment. 
Starting the process with remaining connection 4 using tech 8!
Loaded pretrained model
Pretrained model has AUROC / IND / OOD = 0.9166617545628363 / 2.7372066974639893 / 4.327578544616699
Pruned model (before finetuning) has AUROC / IND / OOD = 0.4127195936256024 / 9.261054039001465 / 8.80196475982666
Pruned model (after finetuning) has AUROC / IND / OOD = 0.4962027743562434 / 7.221369743347168 / 7.182749271392822
Notification sent to chrome.
 
Currently running leave_4_encoder_fc2 experiment. 
Starting the process with remaining connection 5 using tech 8!
Loaded pretrained model
Pretrained model has AUROC / IND / OOD = 0.9166617545628363 / 2.7372066974639893 / 4.327578544616699
Pruned model (before finetuning) has AUROC / IND / OOD = 0.41271372168539133 / 9.260782241821289 / 8.801669120788574
Pruned model (after finetuning) has AUROC / IND / OOD = 0.7641144504383404 / 5.028143405914307 / 6.40851354598999
Notification sent to chrome.
 
Currently running leave_4_encoder_fc2 experiment. 
Starting the process with remaining connection 6 using tech 8!
Loaded pretrained model
Pretrained model has AUROC / IND / OOD = 0.9166617545628363 / 2.7372066974639893 / 4.327578544616699
Pruned model (before finetuning) has AUROC / IND / OOD = 0.41271208431744794 / 9.26105785369873 / 8.801933288574219
Pruned model (after finetuning) has AUROC / IND / OOD = 0.4937588050872683 / 7.219230651855469 / 7.174252033233643
Notification sent to chrome.
 
Currently running leave_4_encoder_fc2 experiment. 
Starting the process with remaining connection 7 using tech 8!
Loaded pretrained model
Pretrained model has AUROC / IND / OOD = 0.9166617545628363 / 2.7372066974639893 / 4.327578544616699
Pruned model (before finetuning) has AUROC / IND / OOD = 0.4127258043315948 / 9.261102676391602 / 8.802037239074707
Pruned model (after finetuning) has AUROC / IND / OOD = 0.777638262736803 / 5.356908798217773 / 6.960484504699707
Notification sent to chrome.
 
Currently running leave_4_encoder_fc2 experiment. 
Starting the process with remaining connection 8 using tech 8!
Loaded pretrained model
Pretrained model has AUROC / IND / OOD = 0.9166617545628363 / 2.7372066974639893 / 4.327578544616699
Pruned model (before finetuning) has AUROC / IND / OOD = 0.4127066076039819 / 9.26125717163086 / 8.801949501037598
Pruned model (after finetuning) has AUROC / IND / OOD = 0.7298126083203587 / 5.403945446014404 / 6.75802755355835
Notification sent to chrome.
 
Currently running leave_4_encoder_fc2 experiment. 
Starting the process with remaining connection 9 using tech 8!
Loaded pretrained model
Pretrained model has AUROC / IND / OOD = 0.9166617545628363 / 2.7372066974639893 / 4.327578544616699
Pruned model (before finetuning) has AUROC / IND / OOD = 0.412549476742374 / 9.260976791381836 / 8.801018714904785
Pruned model (after finetuning) has AUROC / IND / OOD = 0.7886667827504077 / 5.03358268737793 / 6.558404922485352
Notification sent to chrome.
 
Currently running leave_4_encoder_fc2 experiment. 
Starting the process with remaining connection 10 using tech 8!
Loaded pretrained model
Pretrained model has AUROC / IND / OOD = 0.9166617545628363 / 2.7372066974639893 / 4.327578544616699
Pruned model (before finetuning) has AUROC / IND / OOD = 0.41261751220347265 / 9.260849952697754 / 8.801229476928711
Pruned model (after finetuning) has AUROC / IND / OOD = 0.8005338609949144 / 4.3132171630859375 / 5.682506561279297
Notification sent to chrome.
 
Currently running leave_4_encoder_fc2 experiment. 
Starting the process with remaining connection 11 using tech 8!
Loaded pretrained model
Pretrained model has AUROC / IND / OOD = 0.9166617545628363 / 2.7372066974639893 / 4.327578544616699
Pruned model (before finetuning) has AUROC / IND / OOD = 0.41265912393362175 / 9.26111888885498 / 8.801613807678223
Pruned model (after finetuning) has AUROC / IND / OOD = 0.7977047714934468 / 4.332465171813965 / 5.701382160186768
Notification sent to chrome.
 
Currently running leave_4_encoder_fc2 experiment. 
Starting the process with remaining connection 12 using tech 8!
Loaded pretrained model
Pretrained model has AUROC / IND / OOD = 0.9166617545628363 / 2.7372066974639893 / 4.327578544616699
Pruned model (before finetuning) has AUROC / IND / OOD = 0.4127850318823769 / 9.260794639587402 / 8.801980972290039
Pruned model (after finetuning) has AUROC / IND / OOD = 0.8155824580754761 / 4.2076263427734375 / 5.616109848022461
Notification sent to chrome.
 
Currently running leave_4_encoder_fc2 experiment. 
Starting the process with remaining connection 13 using tech 8!
Loaded pretrained model
Pretrained model has AUROC / IND / OOD = 0.9166617545628363 / 2.7372066974639893 / 4.327578544616699
Pruned model (before finetuning) has AUROC / IND / OOD = 0.4126981949204104 / 9.260770797729492 / 8.801614761352539
Pruned model (after finetuning) has AUROC / IND / OOD = 0.7973119161089454 / 4.639862537384033 / 6.096109390258789
Notification sent to chrome.
 
Currently running leave_4_encoder_fc2 experiment. 
Starting the process with remaining connection 14 using tech 8!
Loaded pretrained model
Pretrained model has AUROC / IND / OOD = 0.9166617545628363 / 2.7372066974639893 / 4.327578544616699
Pruned model (before finetuning) has AUROC / IND / OOD = 0.41284843754446304 / 9.257468223571777 / 8.799226760864258
Pruned model (after finetuning) has AUROC / IND / OOD = 0.8709530475143852 / 3.8441503047943115 / 5.441739082336426
Notification sent to chrome.
 
Currently running leave_4_encoder_fc2 experiment. 
Starting the process with remaining connection 15 using tech 8!
Loaded pretrained model
Pretrained model has AUROC / IND / OOD = 0.9166617545628363 / 2.7372066974639893 / 4.327578544616699
Pruned model (before finetuning) has AUROC / IND / OOD = 0.4127973968333981 / 9.261337280273438 / 8.802578926086426
Pruned model (after finetuning) has AUROC / IND / OOD = 0.783055748652051 / 4.666851997375488 / 6.0416035652160645
Notification sent to chrome.
 
Currently running leave_4_encoder_fc2 experiment. 
Starting the process with remaining connection 16 using tech 8!
Loaded pretrained model
Pretrained model has AUROC / IND / OOD = 0.9166617545628363 / 2.7372066974639893 / 4.327578544616699
Pruned model (before finetuning) has AUROC / IND / OOD = 0.4126212950880317 / 9.26208782196045 / 8.802376747131348
Pruned model (after finetuning) has AUROC / IND / OOD = 0.7857665524348452 / 5.006318092346191 / 6.550217628479004
Notification sent to chrome.
