 
Currently running leave_1_encoder_fc2 experiment. 
Starting the process with remaining connection 1 using tech 0!
Loaded pretrained model
Pretrained model has AUROC / IND / OOD = 0.3141697165758527 / 3.0057060718536377 / 2.6190078258514404
Pruned model (before finetuning) has AUROC / IND / OOD = 0.11640172832328291 / 9.271759033203125 / 6.979665279388428
Pruned model (after finetuning) has AUROC / IND / OOD = 0.42626156915653546 / 6.6612348556518555 / 6.4179911613464355
Notification sent to chrome.
 
Currently running leave_1_encoder_fc2 experiment. 
Starting the process with remaining connection 2 using tech 0!
Loaded pretrained model
Pretrained model has AUROC / IND / OOD = 0.3141697165758527 / 3.0057060718536377 / 2.6190078258514404
Pruned model (before finetuning) has AUROC / IND / OOD = 0.11640863565325203 / 9.271927833557129 / 6.979818344116211
Pruned model (after finetuning) has AUROC / IND / OOD = 0.4914666149859244 / 6.293267726898193 / 6.21484375
Notification sent to chrome.
 
Currently running leave_1_encoder_fc2 experiment. 
Starting the process with remaining connection 3 using tech 0!
Loaded pretrained model
Pretrained model has AUROC / IND / OOD = 0.3141697165758527 / 3.0057060718536377 / 2.6190078258514404
Pruned model (before finetuning) has AUROC / IND / OOD = 0.11652849522077366 / 9.270893096923828 / 6.980649471282959
Pruned model (after finetuning) has AUROC / IND / OOD = 0.38664062752347367 / 6.295940399169922 / 5.895955562591553
Notification sent to chrome.
 
Currently running leave_1_encoder_fc2 experiment. 
Starting the process with remaining connection 4 using tech 0!
Loaded pretrained model
Pretrained model has AUROC / IND / OOD = 0.3141697165758527 / 3.0057060718536377 / 2.6190078258514404
Pruned model (before finetuning) has AUROC / IND / OOD = 0.11660035132966101 / 9.270200729370117 / 6.980329513549805
Pruned model (after finetuning) has AUROC / IND / OOD = 0.47380755383617695 / 6.244264125823975 / 6.118517875671387
Notification sent to chrome.
 
Currently running leave_1_encoder_fc2 experiment. 
Starting the process with remaining connection 5 using tech 0!
Loaded pretrained model
Pretrained model has AUROC / IND / OOD = 0.3141697165758527 / 3.0057060718536377 / 2.6190078258514404
Pruned model (before finetuning) has AUROC / IND / OOD = 0.11653271912758932 / 9.270132064819336 / 6.979302406311035
Pruned model (after finetuning) has AUROC / IND / OOD = 0.4151877278114448 / 5.821023464202881 / 5.511464595794678
Notification sent to chrome.
 
Currently running leave_1_encoder_fc2 experiment. 
Starting the process with remaining connection 6 using tech 0!
Loaded pretrained model
Pretrained model has AUROC / IND / OOD = 0.3141697165758527 / 3.0057060718536377 / 2.6190078258514404
Pruned model (before finetuning) has AUROC / IND / OOD = 0.1165326197415466 / 9.27011775970459 / 6.979302883148193
Pruned model (after finetuning) has AUROC / IND / OOD = 0.4146346444837019 / 5.44286584854126 / 5.123593330383301
Notification sent to chrome.
 
Currently running leave_1_encoder_fc2 experiment. 
Starting the process with remaining connection 7 using tech 0!
Loaded pretrained model
Pretrained model has AUROC / IND / OOD = 0.3141697165758527 / 3.0057060718536377 / 2.6190078258514404
Pruned model (before finetuning) has AUROC / IND / OOD = 0.11654037185287883 / 9.270124435424805 / 6.979408264160156
Pruned model (after finetuning) has AUROC / IND / OOD = 0.3271931642279816 / 5.093412399291992 / 4.542346954345703
Notification sent to chrome.
 
Currently running leave_1_encoder_fc2 experiment. 
Starting the process with remaining connection 8 using tech 0!
Loaded pretrained model
Pretrained model has AUROC / IND / OOD = 0.3141697165758527 / 3.0057060718536377 / 2.6190078258514404
Pruned model (before finetuning) has AUROC / IND / OOD = 0.11653947737849435 / 9.270122528076172 / 6.979400157928467
Pruned model (after finetuning) has AUROC / IND / OOD = 0.3733677705971362 / 5.118690490722656 / 4.713810443878174
Notification sent to chrome.
 
Currently running leave_1_encoder_fc2 experiment. 
Starting the process with remaining connection 9 using tech 0!
Loaded pretrained model
Pretrained model has AUROC / IND / OOD = 0.3141697165758527 / 3.0057060718536377 / 2.6190078258514404
Pruned model (before finetuning) has AUROC / IND / OOD = 0.11664939834174387 / 9.26960277557373 / 6.979834079742432
Pruned model (after finetuning) has AUROC / IND / OOD = 0.3262098884143206 / 4.9731245040893555 / 4.413713455200195
Notification sent to chrome.
 
Currently running leave_1_encoder_fc2 experiment. 
Starting the process with remaining connection 10 using tech 0!
Loaded pretrained model
Pretrained model has AUROC / IND / OOD = 0.3141697165758527 / 3.0057060718536377 / 2.6190078258514404
Pruned model (before finetuning) has AUROC / IND / OOD = 0.11672781392945084 / 9.26961612701416 / 6.980386257171631
Pruned model (after finetuning) has AUROC / IND / OOD = 0.48920140830022535 / 5.0574564933776855 / 4.96864652633667
Notification sent to chrome.
 
Currently running leave_1_encoder_fc2 experiment. 
Starting the process with remaining connection 11 using tech 0!
Loaded pretrained model
Pretrained model has AUROC / IND / OOD = 0.3141697165758527 / 3.0057060718536377 / 2.6190078258514404
Pruned model (before finetuning) has AUROC / IND / OOD = 0.11679768231748373 / 9.269180297851562 / 6.980525016784668
Pruned model (after finetuning) has AUROC / IND / OOD = 0.2690498445850757 / 4.921523571014404 / 4.15742301940918
Notification sent to chrome.
 
Currently running leave_1_encoder_fc2 experiment. 
Starting the process with remaining connection 12 using tech 0!
Loaded pretrained model
Pretrained model has AUROC / IND / OOD = 0.3141697165758527 / 3.0057060718536377 / 2.6190078258514404
Pruned model (before finetuning) has AUROC / IND / OOD = 0.11677382966723068 / 9.269275665283203 / 6.980478286743164
Pruned model (after finetuning) has AUROC / IND / OOD = 0.3331108079836808 / 4.598928928375244 / 4.112479209899902
Notification sent to chrome.
 
Currently running leave_1_encoder_fc2 experiment. 
Starting the process with remaining connection 13 using tech 0!
Loaded pretrained model
Pretrained model has AUROC / IND / OOD = 0.3141697165758527 / 3.0057060718536377 / 2.6190078258514404
Pruned model (before finetuning) has AUROC / IND / OOD = 0.11676488492338578 / 9.269331932067871 / 6.9804816246032715
Pruned model (after finetuning) has AUROC / IND / OOD = 0.3042221675598987 / 4.521278381347656 / 3.9512898921966553
Notification sent to chrome.
 
Currently running leave_1_encoder_fc2 experiment. 
Starting the process with remaining connection 14 using tech 0!
Loaded pretrained model
Pretrained model has AUROC / IND / OOD = 0.3141697165758527 / 3.0057060718536377 / 2.6190078258514404
Pruned model (before finetuning) has AUROC / IND / OOD = 0.1169148584618519 / 9.269128799438477 / 6.981505870819092
Pruned model (after finetuning) has AUROC / IND / OOD = 0.29527151024545867 / 4.629349231719971 / 4.015136241912842
Notification sent to chrome.
 
Currently running leave_1_encoder_fc2 experiment. 
Starting the process with remaining connection 15 using tech 0!
Loaded pretrained model
Pretrained model has AUROC / IND / OOD = 0.3141697165758527 / 3.0057060718536377 / 2.6190078258514404
Pruned model (before finetuning) has AUROC / IND / OOD = 0.11691774065709082 / 9.269076347351074 / 6.981485843658447
Pruned model (after finetuning) has AUROC / IND / OOD = 0.28965480742711897 / 4.652804851531982 / 4.009271144866943
Notification sent to chrome.
 
Currently running leave_1_encoder_fc2 experiment. 
Starting the process with remaining connection 16 using tech 0!
Loaded pretrained model
Pretrained model has AUROC / IND / OOD = 0.3141697165758527 / 3.0057060718536377 / 2.6190078258514404
Pruned model (before finetuning) has AUROC / IND / OOD = 0.1169233062754832 / 9.26900577545166 / 6.981483459472656
Pruned model (after finetuning) has AUROC / IND / OOD = 0.28255596055367965 / 4.570922374725342 / 3.935873031616211
Notification sent to chrome.
 
Currently running leave_1_encoder_fc2 experiment. 
Starting the process with remaining connection 1 using tech 1!
Loaded pretrained model
Pretrained model has AUROC / IND / OOD = 0.3141697165758527 / 3.0057060718536377 / 2.6190078258514404
Pruned model (before finetuning) has AUROC / IND / OOD = 0.11632132501472155 / 9.272144317626953 / 6.979511260986328
Pruned model (after finetuning) has AUROC / IND / OOD = 0.22104096941146067 / 7.315962791442871 / 6.514184474945068
Notification sent to chrome.
 
Currently running leave_1_encoder_fc2 experiment. 
Starting the process with remaining connection 2 using tech 1!
Loaded pretrained model
Pretrained model has AUROC / IND / OOD = 0.3141697165758527 / 3.0057060718536377 / 2.6190078258514404
Pruned model (before finetuning) has AUROC / IND / OOD = 0.11632132501472155 / 9.272144317626953 / 6.979511260986328
Pruned model (after finetuning) has AUROC / IND / OOD = 0.2034713060071409 / 7.3223748207092285 / 6.460858345031738
Notification sent to chrome.
 
Currently running leave_1_encoder_fc2 experiment. 
Starting the process with remaining connection 3 using tech 1!
Loaded pretrained model
Pretrained model has AUROC / IND / OOD = 0.3141697165758527 / 3.0057060718536377 / 2.6190078258514404
Pruned model (before finetuning) has AUROC / IND / OOD = 0.11632132501472155 / 9.272144317626953 / 6.979511260986328
Pruned model (after finetuning) has AUROC / IND / OOD = 0.2214873121293211 / 7.316629886627197 / 6.532447338104248
Notification sent to chrome.
 
Currently running leave_1_encoder_fc2 experiment. 
Starting the process with remaining connection 4 using tech 1!
Loaded pretrained model
Pretrained model has AUROC / IND / OOD = 0.3141697165758527 / 3.0057060718536377 / 2.6190078258514404
Pruned model (before finetuning) has AUROC / IND / OOD = 0.11632132501472155 / 9.272144317626953 / 6.979511260986328
Pruned model (after finetuning) has AUROC / IND / OOD = 0.22362888257787517 / 7.3176422119140625 / 6.508175849914551
Notification sent to chrome.
 
Currently running leave_1_encoder_fc2 experiment. 
Starting the process with remaining connection 5 using tech 1!
Loaded pretrained model
Pretrained model has AUROC / IND / OOD = 0.3141697165758527 / 3.0057060718536377 / 2.6190078258514404
Pruned model (before finetuning) has AUROC / IND / OOD = 0.11632132501472155 / 9.272144317626953 / 6.979511260986328
Pruned model (after finetuning) has AUROC / IND / OOD = 0.2003894442084026 / 7.319438457489014 / 6.450952053070068
Notification sent to chrome.
 
Currently running leave_1_encoder_fc2 experiment. 
Starting the process with remaining connection 6 using tech 1!
Loaded pretrained model
Pretrained model has AUROC / IND / OOD = 0.3141697165758527 / 3.0057060718536377 / 2.6190078258514404
Pruned model (before finetuning) has AUROC / IND / OOD = 0.11632132501472155 / 9.272144317626953 / 6.979511260986328
Pruned model (after finetuning) has AUROC / IND / OOD = 0.2120744103301853 / 7.317981243133545 / 6.478744029998779
Notification sent to chrome.
 
Currently running leave_1_encoder_fc2 experiment. 
Starting the process with remaining connection 7 using tech 1!
Loaded pretrained model
Pretrained model has AUROC / IND / OOD = 0.3141697165758527 / 3.0057060718536377 / 2.6190078258514404
Pruned model (before finetuning) has AUROC / IND / OOD = 0.11632132501472155 / 9.272144317626953 / 6.979511260986328
Pruned model (after finetuning) has AUROC / IND / OOD = 0.20623215088789004 / 7.320258140563965 / 6.457988739013672
Notification sent to chrome.
 
Currently running leave_1_encoder_fc2 experiment. 
Starting the process with remaining connection 8 using tech 1!
Loaded pretrained model
Pretrained model has AUROC / IND / OOD = 0.3141697165758527 / 3.0057060718536377 / 2.6190078258514404
Pruned model (before finetuning) has AUROC / IND / OOD = 0.11632132501472156 / 9.272144317626953 / 6.979511260986328
Pruned model (after finetuning) has AUROC / IND / OOD = 0.41874420765719766 / 6.710435390472412 / 6.468504428863525
Notification sent to chrome.
 
Currently running leave_1_encoder_fc2 experiment. 
Starting the process with remaining connection 9 using tech 1!
Loaded pretrained model
Pretrained model has AUROC / IND / OOD = 0.3141697165758527 / 3.0057060718536377 / 2.6190078258514404
Pruned model (before finetuning) has AUROC / IND / OOD = 0.11632132501472156 / 9.272144317626953 / 6.979511260986328
Pruned model (after finetuning) has AUROC / IND / OOD = 0.4000805026946041 / 6.647703170776367 / 6.326165199279785
Notification sent to chrome.
 
Currently running leave_1_encoder_fc2 experiment. 
Starting the process with remaining connection 10 using tech 1!
Loaded pretrained model
Pretrained model has AUROC / IND / OOD = 0.3141697165758527 / 3.0057060718536377 / 2.6190078258514404
Pruned model (before finetuning) has AUROC / IND / OOD = 0.11632132501472156 / 9.272144317626953 / 6.979511260986328
Pruned model (after finetuning) has AUROC / IND / OOD = 0.3708834176872371 / 6.676476001739502 / 6.260307788848877
Notification sent to chrome.
 
Currently running leave_1_encoder_fc2 experiment. 
Starting the process with remaining connection 11 using tech 1!
Loaded pretrained model
Pretrained model has AUROC / IND / OOD = 0.3141697165758527 / 3.0057060718536377 / 2.6190078258514404
Pruned model (before finetuning) has AUROC / IND / OOD = 0.11632132501472156 / 9.272144317626953 / 6.979511260986328
Pruned model (after finetuning) has AUROC / IND / OOD = 0.4742913650921433 / 6.263087749481201 / 6.14381217956543
Notification sent to chrome.
 
Currently running leave_1_encoder_fc2 experiment. 
Starting the process with remaining connection 12 using tech 1!
Loaded pretrained model
Pretrained model has AUROC / IND / OOD = 0.3141697165758527 / 3.0057060718536377 / 2.6190078258514404
Pruned model (before finetuning) has AUROC / IND / OOD = 0.11632132501472156 / 9.272144317626953 / 6.979511260986328
Pruned model (after finetuning) has AUROC / IND / OOD = 0.397235875379841 / 6.295871734619141 / 5.960092067718506
Notification sent to chrome.
 
Currently running leave_1_encoder_fc2 experiment. 
Starting the process with remaining connection 13 using tech 1!
Loaded pretrained model
Pretrained model has AUROC / IND / OOD = 0.3141697165758527 / 3.0057060718536377 / 2.6190078258514404
Pruned model (before finetuning) has AUROC / IND / OOD = 0.11632132501472156 / 9.272144317626953 / 6.979511260986328
Pruned model (after finetuning) has AUROC / IND / OOD = 0.37766303659145634 / 6.321156978607178 / 5.9521684646606445
Notification sent to chrome.
 
Currently running leave_1_encoder_fc2 experiment. 
Starting the process with remaining connection 14 using tech 1!
Loaded pretrained model
Pretrained model has AUROC / IND / OOD = 0.3141697165758527 / 3.0057060718536377 / 2.6190078258514404
Pruned model (before finetuning) has AUROC / IND / OOD = 0.11632132501472156 / 9.272144317626953 / 6.979511260986328
Pruned model (after finetuning) has AUROC / IND / OOD = 0.4485241421121025 / 6.2174201011657715 / 6.004561424255371
Notification sent to chrome.
 
Currently running leave_1_encoder_fc2 experiment. 
Starting the process with remaining connection 15 using tech 1!
Loaded pretrained model
Pretrained model has AUROC / IND / OOD = 0.3141697165758527 / 3.0057060718536377 / 2.6190078258514404
Pruned model (before finetuning) has AUROC / IND / OOD = 0.11632132501472156 / 9.272144317626953 / 6.979511260986328
Pruned model (after finetuning) has AUROC / IND / OOD = 0.5620944614643042 / 6.232852935791016 / 6.3865509033203125
Notification sent to chrome.
 
Currently running leave_1_encoder_fc2 experiment. 
Starting the process with remaining connection 16 using tech 1!
Loaded pretrained model
Pretrained model has AUROC / IND / OOD = 0.3141697165758527 / 3.0057060718536377 / 2.6190078258514404
Pruned model (before finetuning) has AUROC / IND / OOD = 0.11632132501472156 / 9.272144317626953 / 6.979511260986328
Pruned model (after finetuning) has AUROC / IND / OOD = 0.4721185377331535 / 6.262340068817139 / 6.137284755706787
Notification sent to chrome.
 
Currently running leave_1_encoder_fc2 experiment. 
Starting the process with remaining connection 1 using tech 2!
Loaded pretrained model
Pretrained model has AUROC / IND / OOD = 0.3141697165758527 / 3.0057060718536377 / 2.6190078258514404
Pruned model (before finetuning) has AUROC / IND / OOD = 0.11632013238220891 / 9.272172927856445 / 6.979511260986328
Pruned model (after finetuning) has AUROC / IND / OOD = 0.3586246462478042 / 6.744622707366943 / 6.286675930023193
Notification sent to chrome.
 
Currently running leave_1_encoder_fc2 experiment. 
Starting the process with remaining connection 2 using tech 2!
Loaded pretrained model
Pretrained model has AUROC / IND / OOD = 0.3141697165758527 / 3.0057060718536377 / 2.6190078258514404
Pruned model (before finetuning) has AUROC / IND / OOD = 0.11630880237333871 / 9.272139549255371 / 6.979326248168945
Pruned model (after finetuning) has AUROC / IND / OOD = 0.23098325096715042 / 6.240077495574951 / 5.232327461242676
Notification sent to chrome.
 
Currently running leave_1_encoder_fc2 experiment. 
Starting the process with remaining connection 3 using tech 2!
Loaded pretrained model
Pretrained model has AUROC / IND / OOD = 0.3141697165758527 / 3.0057060718536377 / 2.6190078258514404
Pruned model (before finetuning) has AUROC / IND / OOD = 0.11630880237333871 / 9.272139549255371 / 6.979326248168945
Pruned model (after finetuning) has AUROC / IND / OOD = 0.3631950128083763 / 6.24263334274292 / 5.786104202270508
Notification sent to chrome.
 
Currently running leave_1_encoder_fc2 experiment. 
Starting the process with remaining connection 4 using tech 2!
Loaded pretrained model
Pretrained model has AUROC / IND / OOD = 0.3141697165758527 / 3.0057060718536377 / 2.6190078258514404
Pruned model (before finetuning) has AUROC / IND / OOD = 0.11631168456857763 / 9.27203369140625 / 6.979259967803955
Pruned model (after finetuning) has AUROC / IND / OOD = 0.3763137219824534 / 5.796570777893066 / 5.329644680023193
Notification sent to chrome.
 
Currently running leave_1_encoder_fc2 experiment. 
Starting the process with remaining connection 5 using tech 2!
Loaded pretrained model
Pretrained model has AUROC / IND / OOD = 0.3141697165758527 / 3.0057060718536377 / 2.6190078258514404
Pruned model (before finetuning) has AUROC / IND / OOD = 0.11631168456857763 / 9.27203369140625 / 6.979259967803955
Pruned model (after finetuning) has AUROC / IND / OOD = 0.3574171058287429 / 5.67726469039917 / 5.17025089263916
Notification sent to chrome.
 
Currently running leave_1_encoder_fc2 experiment. 
Starting the process with remaining connection 6 using tech 2!
Loaded pretrained model
Pretrained model has AUROC / IND / OOD = 0.3141697165758527 / 3.0057060718536377 / 2.6190078258514404
Pruned model (before finetuning) has AUROC / IND / OOD = 0.11631168456857763 / 9.27203369140625 / 6.979259967803955
Pruned model (after finetuning) has AUROC / IND / OOD = 0.3818696999286905 / 5.814518928527832 / 5.389007568359375
Notification sent to chrome.
 
Currently running leave_1_encoder_fc2 experiment. 
Starting the process with remaining connection 7 using tech 2!
Loaded pretrained model
Pretrained model has AUROC / IND / OOD = 0.3141697165758527 / 3.0057060718536377 / 2.6190078258514404
Pruned model (before finetuning) has AUROC / IND / OOD = 0.11631168456857763 / 9.27203369140625 / 6.979259967803955
Pruned model (after finetuning) has AUROC / IND / OOD = 0.3510514297924571 / 5.831172466278076 / 5.301919937133789
Notification sent to chrome.
 
Currently running leave_1_encoder_fc2 experiment. 
Starting the process with remaining connection 8 using tech 2!
Loaded pretrained model
Pretrained model has AUROC / IND / OOD = 0.3141697165758527 / 3.0057060718536377 / 2.6190078258514404
Pruned model (before finetuning) has AUROC / IND / OOD = 0.11631456676381652 / 9.27202320098877 / 6.979264259338379
Pruned model (after finetuning) has AUROC / IND / OOD = 0.3465548573686054 / 5.287972450256348 / 4.760823726654053
Notification sent to chrome.
 
Currently running leave_1_encoder_fc2 experiment. 
Starting the process with remaining connection 9 using tech 2!
Loaded pretrained model
Pretrained model has AUROC / IND / OOD = 0.3141697165758527 / 3.0057060718536377 / 2.6190078258514404
Pruned model (before finetuning) has AUROC / IND / OOD = 0.11631456676381652 / 9.27202320098877 / 6.979264259338379
Pruned model (after finetuning) has AUROC / IND / OOD = 0.3037711536980304 / 5.319737911224365 / 4.659175395965576
Notification sent to chrome.
 
Currently running leave_1_encoder_fc2 experiment. 
Starting the process with remaining connection 10 using tech 2!
Loaded pretrained model
Pretrained model has AUROC / IND / OOD = 0.3141697165758527 / 3.0057060718536377 / 2.6190078258514404
Pruned model (before finetuning) has AUROC / IND / OOD = 0.11634756292999993 / 9.271775245666504 / 6.979285717010498
Pruned model (after finetuning) has AUROC / IND / OOD = 0.30651878023509765 / 4.975125312805176 / 4.329427719116211
Notification sent to chrome.
 
Currently running leave_1_encoder_fc2 experiment. 
Starting the process with remaining connection 11 using tech 2!
Loaded pretrained model
Pretrained model has AUROC / IND / OOD = 0.3141697165758527 / 3.0057060718536377 / 2.6190078258514404
Pruned model (before finetuning) has AUROC / IND / OOD = 0.11634756292999993 / 9.271775245666504 / 6.979285717010498
Pruned model (after finetuning) has AUROC / IND / OOD = 0.2817386594313627 / 4.630614757537842 / 3.9468653202056885
Notification sent to chrome.
 
Currently running leave_1_encoder_fc2 experiment. 
Starting the process with remaining connection 12 using tech 2!
Loaded pretrained model
Pretrained model has AUROC / IND / OOD = 0.3141697165758527 / 3.0057060718536377 / 2.6190078258514404
Pruned model (before finetuning) has AUROC / IND / OOD = 0.11633951266053952 / 9.271564483642578 / 6.9790496826171875
Pruned model (after finetuning) has AUROC / IND / OOD = 0.2852915116865563 / 4.377758502960205 / 3.7339699268341064
Notification sent to chrome.
 
Currently running leave_1_encoder_fc2 experiment. 
Starting the process with remaining connection 13 using tech 2!
Loaded pretrained model
Pretrained model has AUROC / IND / OOD = 0.3141697165758527 / 3.0057060718536377 / 2.6190078258514404
Pruned model (before finetuning) has AUROC / IND / OOD = 0.11634229546973571 / 9.271568298339844 / 6.979070663452148
Pruned model (after finetuning) has AUROC / IND / OOD = 0.3147029723880727 / 4.241488933563232 / 3.704664468765259
Notification sent to chrome.
 
Currently running leave_1_encoder_fc2 experiment. 
Starting the process with remaining connection 14 using tech 2!
Loaded pretrained model
Pretrained model has AUROC / IND / OOD = 0.3141697165758527 / 3.0057060718536377 / 2.6190078258514404
Pruned model (before finetuning) has AUROC / IND / OOD = 0.11635640828780211 / 9.27090072631836 / 6.979066848754883
Pruned model (after finetuning) has AUROC / IND / OOD = 0.32586859674361635 / 4.076259136199951 / 3.5736818313598633
Notification sent to chrome.
 
Currently running leave_1_encoder_fc2 experiment. 
Starting the process with remaining connection 15 using tech 2!
Loaded pretrained model
Pretrained model has AUROC / IND / OOD = 0.3141697165758527 / 3.0057060718536377 / 2.6190078258514404
Pruned model (before finetuning) has AUROC / IND / OOD = 0.11638135418452511 / 9.270838737487793 / 6.97919225692749
Pruned model (after finetuning) has AUROC / IND / OOD = 0.32119462023350753 / 4.059298515319824 / 3.5701048374176025
Notification sent to chrome.
 
Currently running leave_1_encoder_fc2 experiment. 
Starting the process with remaining connection 16 using tech 2!
Loaded pretrained model
Pretrained model has AUROC / IND / OOD = 0.3141697165758527 / 3.0057060718536377 / 2.6190078258514404
Pruned model (before finetuning) has AUROC / IND / OOD = 0.11638135418452511 / 9.270838737487793 / 6.97919225692749
Pruned model (after finetuning) has AUROC / IND / OOD = 0.3275545318793155 / 4.115653991699219 / 3.6269614696502686
Notification sent to chrome.
 
Currently running leave_1_encoder_fc2 experiment. 
Starting the process with remaining connection 1 using tech 3!
Loaded pretrained model
Pretrained model has AUROC / IND / OOD = 0.3141697165758527 / 3.0057060718536377 / 2.6190078258514404
Pruned model (before finetuning) has AUROC / IND / OOD = 0.11637539102196183 / 9.272478103637695 / 6.979989051818848
Pruned model (after finetuning) has AUROC / IND / OOD = 0.39119603648461626 / 6.683101177215576 / 6.330347537994385
Notification sent to chrome.
 
Currently running leave_1_encoder_fc2 experiment. 
Starting the process with remaining connection 2 using tech 3!
Loaded pretrained model
Pretrained model has AUROC / IND / OOD = 0.3141697165758527 / 3.0057060718536377 / 2.6190078258514404
Pruned model (before finetuning) has AUROC / IND / OOD = 0.11637539102196183 / 9.272478103637695 / 6.979989051818848
Pruned model (after finetuning) has AUROC / IND / OOD = 0.41015904251486446 / 6.697544097900391 / 6.417196273803711
Notification sent to chrome.
 
Currently running leave_1_encoder_fc2 experiment. 
Starting the process with remaining connection 3 using tech 3!
Loaded pretrained model
Pretrained model has AUROC / IND / OOD = 0.3141697165758527 / 3.0057060718536377 / 2.6190078258514404
Pruned model (before finetuning) has AUROC / IND / OOD = 0.11637534132894047 / 9.272476196289062 / 6.979988098144531
Pruned model (after finetuning) has AUROC / IND / OOD = 0.5705628976994616 / 6.220323085784912 / 6.406583309173584
Notification sent to chrome.
 
Currently running leave_1_encoder_fc2 experiment. 
Starting the process with remaining connection 4 using tech 3!
Loaded pretrained model
Pretrained model has AUROC / IND / OOD = 0.3141697165758527 / 3.0057060718536377 / 2.6190078258514404
Pruned model (before finetuning) has AUROC / IND / OOD = 0.11637534132894047 / 9.272476196289062 / 6.979988098144531
Pruned model (after finetuning) has AUROC / IND / OOD = 0.36396595034176377 / 6.293641567230225 / 5.8580241203308105
Notification sent to chrome.
 
Currently running leave_1_encoder_fc2 experiment. 
Starting the process with remaining connection 5 using tech 3!
Loaded pretrained model
Pretrained model has AUROC / IND / OOD = 0.3141697165758527 / 3.0057060718536377 / 2.6190078258514404
Pruned model (before finetuning) has AUROC / IND / OOD = 0.11635019666013202 / 9.271924018859863 / 6.979256629943848
Pruned model (after finetuning) has AUROC / IND / OOD = 0.34020478494102685 / 5.821447849273682 / 5.235887050628662
Notification sent to chrome.
 
Currently running leave_1_encoder_fc2 experiment. 
Starting the process with remaining connection 6 using tech 3!
Loaded pretrained model
Pretrained model has AUROC / IND / OOD = 0.3141697165758527 / 3.0057060718536377 / 2.6190078258514404
Pruned model (before finetuning) has AUROC / IND / OOD = 0.11638756581219517 / 9.27167797088623 / 6.979204177856445
Pruned model (after finetuning) has AUROC / IND / OOD = 0.33448059611748426 / 5.390042781829834 / 4.808659076690674
Notification sent to chrome.
 
Currently running leave_1_encoder_fc2 experiment. 
Starting the process with remaining connection 7 using tech 3!
Loaded pretrained model
Pretrained model has AUROC / IND / OOD = 0.3141697165758527 / 3.0057060718536377 / 2.6190078258514404
Pruned model (before finetuning) has AUROC / IND / OOD = 0.11638756581219517 / 9.27167797088623 / 6.979204177856445
Pruned model (after finetuning) has AUROC / IND / OOD = 0.3366510879044702 / 5.354786396026611 / 4.796600818634033
Notification sent to chrome.
 
Currently running leave_1_encoder_fc2 experiment. 
Starting the process with remaining connection 8 using tech 3!
Loaded pretrained model
Pretrained model has AUROC / IND / OOD = 0.3141697165758527 / 3.0057060718536377 / 2.6190078258514404
Pruned model (before finetuning) has AUROC / IND / OOD = 0.11638756581219517 / 9.27167797088623 / 6.979204177856445
Pruned model (after finetuning) has AUROC / IND / OOD = 0.4085836743516924 / 5.4353790283203125 / 5.12819766998291
Notification sent to chrome.
 
Currently running leave_1_encoder_fc2 experiment. 
Starting the process with remaining connection 9 using tech 3!
Loaded pretrained model
Pretrained model has AUROC / IND / OOD = 0.3141697165758527 / 3.0057060718536377 / 2.6190078258514404
Pruned model (before finetuning) has AUROC / IND / OOD = 0.11638850997960101 / 9.271666526794434 / 6.9792046546936035
Pruned model (after finetuning) has AUROC / IND / OOD = 0.5452921080028126 / 5.268280029296875 / 5.3505706787109375
Notification sent to chrome.
 
Currently running leave_1_encoder_fc2 experiment. 
Starting the process with remaining connection 10 using tech 3!
Loaded pretrained model
Pretrained model has AUROC / IND / OOD = 0.3141697165758527 / 3.0057060718536377 / 2.6190078258514404
Pruned model (before finetuning) has AUROC / IND / OOD = 0.11638850997960101 / 9.271666526794434 / 6.9792046546936035
Pruned model (after finetuning) has AUROC / IND / OOD = 0.2851914796345575 / 5.170157432556152 / 4.481759548187256
Notification sent to chrome.
 
Currently running leave_1_encoder_fc2 experiment. 
Starting the process with remaining connection 11 using tech 3!
Loaded pretrained model
Pretrained model has AUROC / IND / OOD = 0.3141697165758527 / 3.0057060718536377 / 2.6190078258514404
Pruned model (before finetuning) has AUROC / IND / OOD = 0.11635909171095558 / 9.271882057189941 / 6.979207515716553
Pruned model (after finetuning) has AUROC / IND / OOD = 0.26004447525411767 / 4.7193379402160645 / 3.9754714965820312
Notification sent to chrome.
 
Currently running leave_1_encoder_fc2 experiment. 
Starting the process with remaining connection 12 using tech 3!
Loaded pretrained model
Pretrained model has AUROC / IND / OOD = 0.3141697165758527 / 3.0057060718536377 / 2.6190078258514404
Pruned model (before finetuning) has AUROC / IND / OOD = 0.11635909171095558 / 9.271882057189941 / 6.979207515716553
Pruned model (after finetuning) has AUROC / IND / OOD = 0.2930848185335092 / 4.8179497718811035 / 4.18375825881958
Notification sent to chrome.
 
Currently running leave_1_encoder_fc2 experiment. 
Starting the process with remaining connection 13 using tech 3!
Loaded pretrained model
Pretrained model has AUROC / IND / OOD = 0.3141697165758527 / 3.0057060718536377 / 2.6190078258514404
Pruned model (before finetuning) has AUROC / IND / OOD = 0.11635909171095558 / 9.271882057189941 / 6.979207515716553
Pruned model (after finetuning) has AUROC / IND / OOD = 0.2681150691602625 / 4.824171543121338 / 4.105629920959473
Notification sent to chrome.
 
Currently running leave_1_encoder_fc2 experiment. 
Starting the process with remaining connection 14 using tech 3!
Loaded pretrained model
Pretrained model has AUROC / IND / OOD = 0.3141697165758527 / 3.0057060718536377 / 2.6190078258514404
Pruned model (before finetuning) has AUROC / IND / OOD = 0.11635909171095558 / 9.271882057189941 / 6.979207515716553
Pruned model (after finetuning) has AUROC / IND / OOD = 0.3467752956113609 / 4.791380882263184 / 4.288481712341309
Notification sent to chrome.
 
Currently running leave_1_encoder_fc2 experiment. 
Starting the process with remaining connection 15 using tech 3!
Loaded pretrained model
Pretrained model has AUROC / IND / OOD = 0.3141697165758527 / 3.0057060718536377 / 2.6190078258514404
Pruned model (before finetuning) has AUROC / IND / OOD = 0.11635909171095558 / 9.271882057189941 / 6.979207515716553
Pruned model (after finetuning) has AUROC / IND / OOD = 0.3176152815979288 / 4.970634937286377 / 4.3845534324646
Notification sent to chrome.
 
Currently running leave_1_encoder_fc2 experiment. 
Starting the process with remaining connection 16 using tech 3!
Loaded pretrained model
Pretrained model has AUROC / IND / OOD = 0.3141697165758527 / 3.0057060718536377 / 2.6190078258514404
Pruned model (before finetuning) has AUROC / IND / OOD = 0.11635909171095558 / 9.271882057189941 / 6.979207515716553
Pruned model (after finetuning) has AUROC / IND / OOD = 0.2707495446876918 / 4.762503623962402 / 4.051390647888184
Notification sent to chrome.
 
Currently running leave_1_encoder_fc2 experiment. 
Starting the process with remaining connection 1 using tech 4!
Loaded pretrained model
Pretrained model has AUROC / IND / OOD = 0.3141697165758527 / 3.0057060718536377 / 2.6190078258514404
Pruned model (before finetuning) has AUROC / IND / OOD = 0.11640172832328291 / 9.271759033203125 / 6.979665279388428
Pruned model (after finetuning) has AUROC / IND / OOD = 0.40133932631170943 / 6.6647868156433105 / 6.354189395904541
Notification sent to chrome.
 
Currently running leave_1_encoder_fc2 experiment. 
Starting the process with remaining connection 2 using tech 4!
Loaded pretrained model
Pretrained model has AUROC / IND / OOD = 0.3141697165758527 / 3.0057060718536377 / 2.6190078258514404
Pruned model (before finetuning) has AUROC / IND / OOD = 0.11640863565325203 / 9.271927833557129 / 6.979818344116211
Pruned model (after finetuning) has AUROC / IND / OOD = 0.494601847089604 / 6.2819647789001465 / 6.211638927459717
Notification sent to chrome.
 
Currently running leave_1_encoder_fc2 experiment. 
Starting the process with remaining connection 3 using tech 4!
Loaded pretrained model
Pretrained model has AUROC / IND / OOD = 0.3141697165758527 / 3.0057060718536377 / 2.6190078258514404
Pruned model (before finetuning) has AUROC / IND / OOD = 0.11652849522077366 / 9.270893096923828 / 6.980649471282959
Pruned model (after finetuning) has AUROC / IND / OOD = 0.4103021087233615 / 6.3511271476745605 / 6.069873809814453
Notification sent to chrome.
 
Currently running leave_1_encoder_fc2 experiment. 
Starting the process with remaining connection 4 using tech 4!
Loaded pretrained model
Pretrained model has AUROC / IND / OOD = 0.3141697165758527 / 3.0057060718536377 / 2.6190078258514404
Pruned model (before finetuning) has AUROC / IND / OOD = 0.11646175749308646 / 9.270824432373047 / 6.979622840881348
Pruned model (after finetuning) has AUROC / IND / OOD = 0.39357672975195723 / 5.793893337249756 / 5.401756763458252
Notification sent to chrome.
 
Currently running leave_1_encoder_fc2 experiment. 
Starting the process with remaining connection 5 using tech 4!
Loaded pretrained model
Pretrained model has AUROC / IND / OOD = 0.3141697165758527 / 3.0057060718536377 / 2.6190078258514404
Pruned model (before finetuning) has AUROC / IND / OOD = 0.11653271912758932 / 9.270132064819336 / 6.979302406311035
Pruned model (after finetuning) has AUROC / IND / OOD = 0.4063612533573847 / 5.822563648223877 / 5.480277061462402
Notification sent to chrome.
 
Currently running leave_1_encoder_fc2 experiment. 
Starting the process with remaining connection 6 using tech 4!
Loaded pretrained model
Pretrained model has AUROC / IND / OOD = 0.3141697165758527 / 3.0057060718536377 / 2.6190078258514404
Pruned model (before finetuning) has AUROC / IND / OOD = 0.1165326197415466 / 9.27011775970459 / 6.979302883148193
Pruned model (after finetuning) has AUROC / IND / OOD = 0.3931769493951117 / 5.401307106018066 / 5.039580345153809
Notification sent to chrome.
 
Currently running leave_1_encoder_fc2 experiment. 
Starting the process with remaining connection 7 using tech 4!
Loaded pretrained model
Pretrained model has AUROC / IND / OOD = 0.3141697165758527 / 3.0057060718536377 / 2.6190078258514404
Pruned model (before finetuning) has AUROC / IND / OOD = 0.11654037185287883 / 9.270124435424805 / 6.979408264160156
Pruned model (after finetuning) has AUROC / IND / OOD = 0.3305473437837757 / 5.268293380737305 / 4.694508075714111
Notification sent to chrome.
 
Currently running leave_1_encoder_fc2 experiment. 
Starting the process with remaining connection 8 using tech 4!
Loaded pretrained model
Pretrained model has AUROC / IND / OOD = 0.3141697165758527 / 3.0057060718536377 / 2.6190078258514404
Pruned model (before finetuning) has AUROC / IND / OOD = 0.11653947737849435 / 9.270122528076172 / 6.979400157928467
Pruned model (after finetuning) has AUROC / IND / OOD = 0.3199734639265934 / 5.044353008270264 / 4.475705146789551
Notification sent to chrome.
 
Currently running leave_1_encoder_fc2 experiment. 
Starting the process with remaining connection 9 using tech 4!
Loaded pretrained model
Pretrained model has AUROC / IND / OOD = 0.3141697165758527 / 3.0057060718536377 / 2.6190078258514404
Pruned model (before finetuning) has AUROC / IND / OOD = 0.11664939834174387 / 9.26960277557373 / 6.979834079742432
Pruned model (after finetuning) has AUROC / IND / OOD = 0.32312027450425 / 4.761127471923828 / 4.241387367248535
Notification sent to chrome.
 
Currently running leave_1_encoder_fc2 experiment. 
Starting the process with remaining connection 10 using tech 4!
Loaded pretrained model
Pretrained model has AUROC / IND / OOD = 0.3141697165758527 / 3.0057060718536377 / 2.6190078258514404
Pruned model (before finetuning) has AUROC / IND / OOD = 0.1167183722553923 / 9.26916790008545 / 6.979980945587158
Pruned model (after finetuning) has AUROC / IND / OOD = 0.2945165241719279 / 4.7409138679504395 / 4.122964859008789
Notification sent to chrome.
 
Currently running leave_1_encoder_fc2 experiment. 
Starting the process with remaining connection 11 using tech 4!
Loaded pretrained model
Pretrained model has AUROC / IND / OOD = 0.3141697165758527 / 3.0057060718536377 / 2.6190078258514404
Pruned model (before finetuning) has AUROC / IND / OOD = 0.11679768231748373 / 9.269180297851562 / 6.980525016784668
Pruned model (after finetuning) has AUROC / IND / OOD = 0.28293616186010917 / 4.793796539306641 / 4.1459550857543945
Notification sent to chrome.
 
Currently running leave_1_encoder_fc2 experiment. 
Starting the process with remaining connection 12 using tech 4!
Loaded pretrained model
Pretrained model has AUROC / IND / OOD = 0.3141697165758527 / 3.0057060718536377 / 2.6190078258514404
Pruned model (before finetuning) has AUROC / IND / OOD = 0.11678983082010877 / 9.269237518310547 / 6.980531215667725
Pruned model (after finetuning) has AUROC / IND / OOD = 0.3103584109165629 / 4.769782543182373 / 4.183512210845947
Notification sent to chrome.
 
Currently running leave_1_encoder_fc2 experiment. 
Starting the process with remaining connection 13 using tech 4!
Loaded pretrained model
Pretrained model has AUROC / IND / OOD = 0.3141697165758527 / 3.0057060718536377 / 2.6190078258514404
Pruned model (before finetuning) has AUROC / IND / OOD = 0.11676488492338578 / 9.269331932067871 / 6.9804816246032715
Pruned model (after finetuning) has AUROC / IND / OOD = 0.2654741832330777 / 4.669376373291016 / 3.971026659011841
Notification sent to chrome.
 
Currently running leave_1_encoder_fc2 experiment. 
Starting the process with remaining connection 14 using tech 4!
Loaded pretrained model
Pretrained model has AUROC / IND / OOD = 0.3141697165758527 / 3.0057060718536377 / 2.6190078258514404
Pruned model (before finetuning) has AUROC / IND / OOD = 0.1169148584618519 / 9.269128799438477 / 6.981505870819092
Pruned model (after finetuning) has AUROC / IND / OOD = 0.33014214688760185 / 4.688565254211426 / 4.1775712966918945
Notification sent to chrome.
 
Currently running leave_1_encoder_fc2 experiment. 
Starting the process with remaining connection 15 using tech 4!
Loaded pretrained model
Pretrained model has AUROC / IND / OOD = 0.3141697165758527 / 3.0057060718536377 / 2.6190078258514404
Pruned model (before finetuning) has AUROC / IND / OOD = 0.11691774065709082 / 9.269076347351074 / 6.981485843658447
Pruned model (after finetuning) has AUROC / IND / OOD = 0.3101769816955756 / 4.57850980758667 / 4.039009094238281
Notification sent to chrome.
 
Currently running leave_1_encoder_fc2 experiment. 
Starting the process with remaining connection 16 using tech 4!
Loaded pretrained model
Pretrained model has AUROC / IND / OOD = 0.3141697165758527 / 3.0057060718536377 / 2.6190078258514404
Pruned model (before finetuning) has AUROC / IND / OOD = 0.11696922262722034 / 9.269181251525879 / 6.981894493103027
Pruned model (after finetuning) has AUROC / IND / OOD = 0.36500036027440486 / 4.919131755828857 / 4.499063014984131
Notification sent to chrome.
 
Currently running leave_1_encoder_fc2 experiment. 
Starting the process with remaining connection 1 using tech 5!
Loaded pretrained model
Pretrained model has AUROC / IND / OOD = 0.3141697165758527 / 3.0057060718536377 / 2.6190078258514404
Pruned model (before finetuning) has AUROC / IND / OOD = 0.11640172832328291 / 9.271759033203125 / 6.979665279388428
Pruned model (after finetuning) has AUROC / IND / OOD = 0.4227112512454314 / 6.744777679443359 / 6.495233535766602
Notification sent to chrome.
 
Currently running leave_1_encoder_fc2 experiment. 
Starting the process with remaining connection 2 using tech 5!
Loaded pretrained model
Pretrained model has AUROC / IND / OOD = 0.3141697165758527 / 3.0057060718536377 / 2.6190078258514404
Pruned model (before finetuning) has AUROC / IND / OOD = 0.11640863565325203 / 9.271927833557129 / 6.979818344116211
Pruned model (after finetuning) has AUROC / IND / OOD = 0.527903426582288 / 6.263810634613037 / 6.283632755279541
Notification sent to chrome.
 
Currently running leave_1_encoder_fc2 experiment. 
Starting the process with remaining connection 3 using tech 5!
Loaded pretrained model
Pretrained model has AUROC / IND / OOD = 0.3141697165758527 / 3.0057060718536377 / 2.6190078258514404
Pruned model (before finetuning) has AUROC / IND / OOD = 0.11652849522077366 / 9.270893096923828 / 6.980649471282959
Pruned model (after finetuning) has AUROC / IND / OOD = 0.41504312111928554 / 6.280166149139404 / 5.976078987121582
Notification sent to chrome.
 
Currently running leave_1_encoder_fc2 experiment. 
Starting the process with remaining connection 4 using tech 5!
Loaded pretrained model
Pretrained model has AUROC / IND / OOD = 0.3141697165758527 / 3.0057060718536377 / 2.6190078258514404
Pruned model (before finetuning) has AUROC / IND / OOD = 0.11660035132966101 / 9.270200729370117 / 6.980329513549805
Pruned model (after finetuning) has AUROC / IND / OOD = 0.41578071463534017 / 6.231021881103516 / 5.910385608673096
Notification sent to chrome.
 
Currently running leave_1_encoder_fc2 experiment. 
Starting the process with remaining connection 5 using tech 5!
Loaded pretrained model
Pretrained model has AUROC / IND / OOD = 0.3141697165758527 / 3.0057060718536377 / 2.6190078258514404
Pruned model (before finetuning) has AUROC / IND / OOD = 0.11660020225059695 / 9.270186424255371 / 6.980329990386963
Pruned model (after finetuning) has AUROC / IND / OOD = 0.43808120336620526 / 6.096570014953613 / 5.859428405761719
Notification sent to chrome.
 
Currently running leave_1_encoder_fc2 experiment. 
Starting the process with remaining connection 6 using tech 5!
Loaded pretrained model
Pretrained model has AUROC / IND / OOD = 0.3141697165758527 / 3.0057060718536377 / 2.6190078258514404
Pruned model (before finetuning) has AUROC / IND / OOD = 0.1165326197415466 / 9.27011775970459 / 6.979302883148193
Pruned model (after finetuning) has AUROC / IND / OOD = 0.3670463710428825 / 5.4474873542785645 / 5.004814147949219
Notification sent to chrome.
 
Currently running leave_1_encoder_fc2 experiment. 
Starting the process with remaining connection 7 using tech 5!
Loaded pretrained model
Pretrained model has AUROC / IND / OOD = 0.3141697165758527 / 3.0057060718536377 / 2.6190078258514404
Pruned model (before finetuning) has AUROC / IND / OOD = 0.11654037185287883 / 9.270124435424805 / 6.979408264160156
Pruned model (after finetuning) has AUROC / IND / OOD = 0.3593282497372481 / 5.153175354003906 / 4.713316440582275
Notification sent to chrome.
 
Currently running leave_1_encoder_fc2 experiment. 
Starting the process with remaining connection 8 using tech 5!
Loaded pretrained model
Pretrained model has AUROC / IND / OOD = 0.3141697165758527 / 3.0057060718536377 / 2.6190078258514404
Pruned model (before finetuning) has AUROC / IND / OOD = 0.11653947737849435 / 9.270122528076172 / 6.979400157928467
Pruned model (after finetuning) has AUROC / IND / OOD = 0.3316761207639805 / 5.15546178817749 / 4.642654895782471
Notification sent to chrome.
 
Currently running leave_1_encoder_fc2 experiment. 
Starting the process with remaining connection 9 using tech 5!
Loaded pretrained model
Pretrained model has AUROC / IND / OOD = 0.3141697165758527 / 3.0057060718536377 / 2.6190078258514404
Pruned model (before finetuning) has AUROC / IND / OOD = 0.11664939834174387 / 9.26960277557373 / 6.979834079742432
Pruned model (after finetuning) has AUROC / IND / OOD = 0.3418679606729429 / 4.868094444274902 / 4.3929972648620605
Notification sent to chrome.
 
Currently running leave_1_encoder_fc2 experiment. 
Starting the process with remaining connection 10 using tech 5!
Loaded pretrained model
Pretrained model has AUROC / IND / OOD = 0.3141697165758527 / 3.0057060718536377 / 2.6190078258514404
Pruned model (before finetuning) has AUROC / IND / OOD = 0.11672781392945084 / 9.26961612701416 / 6.980386257171631
Pruned model (after finetuning) has AUROC / IND / OOD = 0.3831182370903742 / 5.25190544128418 / 4.831264019012451
Notification sent to chrome.
 
Currently running leave_1_encoder_fc2 experiment. 
Starting the process with remaining connection 11 using tech 5!
Loaded pretrained model
Pretrained model has AUROC / IND / OOD = 0.3141697165758527 / 3.0057060718536377 / 2.6190078258514404
Pruned model (before finetuning) has AUROC / IND / OOD = 0.11679768231748373 / 9.269180297851562 / 6.980525016784668
Pruned model (after finetuning) has AUROC / IND / OOD = 0.3396047417080982 / 5.032214164733887 / 4.522707939147949
Notification sent to chrome.
 
Currently running leave_1_encoder_fc2 experiment. 
Starting the process with remaining connection 12 using tech 5!
Loaded pretrained model
Pretrained model has AUROC / IND / OOD = 0.3141697165758527 / 3.0057060718536377 / 2.6190078258514404
Pruned model (before finetuning) has AUROC / IND / OOD = 0.11678983082010877 / 9.269237518310547 / 6.980531215667725
Pruned model (after finetuning) has AUROC / IND / OOD = 0.3141577902507261 / 4.7904744148254395 / 4.229924201965332
Notification sent to chrome.
 
Currently running leave_1_encoder_fc2 experiment. 
Starting the process with remaining connection 13 using tech 5!
Loaded pretrained model
Pretrained model has AUROC / IND / OOD = 0.3141697165758527 / 3.0057060718536377 / 2.6190078258514404
Pruned model (before finetuning) has AUROC / IND / OOD = 0.11676488492338578 / 9.269331932067871 / 6.9804816246032715
Pruned model (after finetuning) has AUROC / IND / OOD = 0.3023666798353173 / 4.480191707611084 / 3.906278610229492
Notification sent to chrome.
 
Currently running leave_1_encoder_fc2 experiment. 
Starting the process with remaining connection 14 using tech 5!
Loaded pretrained model
Pretrained model has AUROC / IND / OOD = 0.3141697165758527 / 3.0057060718536377 / 2.6190078258514404
Pruned model (before finetuning) has AUROC / IND / OOD = 0.1169148584618519 / 9.269128799438477 / 6.981505870819092
Pruned model (after finetuning) has AUROC / IND / OOD = 0.3429075386798055 / 4.648041248321533 / 4.163956642150879
Notification sent to chrome.
 
Currently running leave_1_encoder_fc2 experiment. 
Starting the process with remaining connection 15 using tech 5!
Loaded pretrained model
Pretrained model has AUROC / IND / OOD = 0.3141697165758527 / 3.0057060718536377 / 2.6190078258514404
Pruned model (before finetuning) has AUROC / IND / OOD = 0.11691774065709082 / 9.269076347351074 / 6.981485843658447
Pruned model (after finetuning) has AUROC / IND / OOD = 0.3417977941267818 / 4.538534164428711 / 4.07538366317749
Notification sent to chrome.
 
Currently running leave_1_encoder_fc2 experiment. 
Starting the process with remaining connection 16 using tech 5!
Loaded pretrained model
Pretrained model has AUROC / IND / OOD = 0.3141697165758527 / 3.0057060718536377 / 2.6190078258514404
Pruned model (before finetuning) has AUROC / IND / OOD = 0.1169233062754832 / 9.26900577545166 / 6.981483459472656
Pruned model (after finetuning) has AUROC / IND / OOD = 0.32064501541725987 / 4.7301154136657715 / 4.183386325836182
Notification sent to chrome.
 
Currently running leave_1_encoder_fc2 experiment. 
Starting the process with remaining connection 1 using tech 6!
Loaded pretrained model
Pretrained model has AUROC / IND / OOD = 0.3141697165758527 / 3.0057060718536377 / 2.6190078258514404
Pruned model (before finetuning) has AUROC / IND / OOD = 0.11632132501472155 / 9.272144317626953 / 6.979511260986328
Pruned model (after finetuning) has AUROC / IND / OOD = 0.21400314556825212 / 7.31605339050293 / 6.478027820587158
Notification sent to chrome.
 
Currently running leave_1_encoder_fc2 experiment. 
Starting the process with remaining connection 2 using tech 6!
Loaded pretrained model
Pretrained model has AUROC / IND / OOD = 0.3141697165758527 / 3.0057060718536377 / 2.6190078258514404
Pruned model (before finetuning) has AUROC / IND / OOD = 0.11632132501472155 / 9.272144317626953 / 6.979511260986328
Pruned model (after finetuning) has AUROC / IND / OOD = 0.2059194823974895 / 7.318148612976074 / 6.470637798309326
Notification sent to chrome.
 
Currently running leave_1_encoder_fc2 experiment. 
Starting the process with remaining connection 3 using tech 6!
Loaded pretrained model
Pretrained model has AUROC / IND / OOD = 0.3141697165758527 / 3.0057060718536377 / 2.6190078258514404
Pruned model (before finetuning) has AUROC / IND / OOD = 0.11632132501472155 / 9.272144317626953 / 6.979511260986328
Pruned model (after finetuning) has AUROC / IND / OOD = 0.1998623006378099 / 7.323135852813721 / 6.437047481536865
Notification sent to chrome.
 
Currently running leave_1_encoder_fc2 experiment. 
Starting the process with remaining connection 4 using tech 6!
Loaded pretrained model
Pretrained model has AUROC / IND / OOD = 0.3141697165758527 / 3.0057060718536377 / 2.6190078258514404
Pruned model (before finetuning) has AUROC / IND / OOD = 0.11632132501472155 / 9.272144317626953 / 6.979511260986328
Pruned model (after finetuning) has AUROC / IND / OOD = 0.22243644883730754 / 7.316953182220459 / 6.517806529998779
Notification sent to chrome.
 
Currently running leave_1_encoder_fc2 experiment. 
Starting the process with remaining connection 5 using tech 6!
Loaded pretrained model
Pretrained model has AUROC / IND / OOD = 0.3141697165758527 / 3.0057060718536377 / 2.6190078258514404
Pruned model (before finetuning) has AUROC / IND / OOD = 0.11632142440076429 / 9.27214527130127 / 6.979511260986328
Pruned model (after finetuning) has AUROC / IND / OOD = 0.4042454735869168 / 6.682566165924072 / 6.373379230499268
Notification sent to chrome.
 
Currently running leave_1_encoder_fc2 experiment. 
Starting the process with remaining connection 6 using tech 6!
Loaded pretrained model
Pretrained model has AUROC / IND / OOD = 0.3141697165758527 / 3.0057060718536377 / 2.6190078258514404
Pruned model (before finetuning) has AUROC / IND / OOD = 0.11632142440076429 / 9.27214527130127 / 6.979511260986328
Pruned model (after finetuning) has AUROC / IND / OOD = 0.40377890580936265 / 6.682254791259766 / 6.369726181030273
Notification sent to chrome.
 
Currently running leave_1_encoder_fc2 experiment. 
Starting the process with remaining connection 7 using tech 6!
Loaded pretrained model
Pretrained model has AUROC / IND / OOD = 0.3141697165758527 / 3.0057060718536377 / 2.6190078258514404
Pruned model (before finetuning) has AUROC / IND / OOD = 0.11632142440076429 / 9.27214527130127 / 6.979511260986328
Pruned model (after finetuning) has AUROC / IND / OOD = 0.45656626191700767 / 6.70503568649292 / 6.5668745040893555
Notification sent to chrome.
 
Currently running leave_1_encoder_fc2 experiment. 
Starting the process with remaining connection 8 using tech 6!
Loaded pretrained model
Pretrained model has AUROC / IND / OOD = 0.3141697165758527 / 3.0057060718536377 / 2.6190078258514404
Pruned model (before finetuning) has AUROC / IND / OOD = 0.11632142440076429 / 9.27214527130127 / 6.979511260986328
Pruned model (after finetuning) has AUROC / IND / OOD = 0.4514667640649885 / 6.6744585037231445 / 6.507490158081055
Notification sent to chrome.
 
Currently running leave_1_encoder_fc2 experiment. 
Starting the process with remaining connection 9 using tech 6!
Loaded pretrained model
Pretrained model has AUROC / IND / OOD = 0.3141697165758527 / 3.0057060718536377 / 2.6190078258514404
Pruned model (before finetuning) has AUROC / IND / OOD = 0.11632142440076429 / 9.27214527130127 / 6.979511260986328
Pruned model (after finetuning) has AUROC / IND / OOD = 0.40857433206367666 / 6.690383434295654 / 6.407223224639893
Notification sent to chrome.
 
Currently running leave_1_encoder_fc2 experiment. 
Starting the process with remaining connection 10 using tech 6!
Loaded pretrained model
Pretrained model has AUROC / IND / OOD = 0.3141697165758527 / 3.0057060718536377 / 2.6190078258514404
Pruned model (before finetuning) has AUROC / IND / OOD = 0.11632142440076429 / 9.27214527130127 / 6.979511260986328
Pruned model (after finetuning) has AUROC / IND / OOD = 0.4151122938050195 / 6.6904144287109375 / 6.421088695526123
Notification sent to chrome.
 
Currently running leave_1_encoder_fc2 experiment. 
Starting the process with remaining connection 11 using tech 6!
Loaded pretrained model
Pretrained model has AUROC / IND / OOD = 0.3141697165758527 / 3.0057060718536377 / 2.6190078258514404
Pruned model (before finetuning) has AUROC / IND / OOD = 0.11632142440076429 / 9.27214527130127 / 6.979511260986328
Pruned model (after finetuning) has AUROC / IND / OOD = 0.3970784478881708 / 6.684854030609131 / 6.346888065338135
Notification sent to chrome.
 
Currently running leave_1_encoder_fc2 experiment. 
Starting the process with remaining connection 12 using tech 6!
Loaded pretrained model
Pretrained model has AUROC / IND / OOD = 0.3141697165758527 / 3.0057060718536377 / 2.6190078258514404
Pruned model (before finetuning) has AUROC / IND / OOD = 0.11632142440076429 / 9.27214527130127 / 6.979511260986328
Pruned model (after finetuning) has AUROC / IND / OOD = 0.41153454534612427 / 6.721203327178955 / 6.442071437835693
Notification sent to chrome.
 
Currently running leave_1_encoder_fc2 experiment. 
Starting the process with remaining connection 13 using tech 6!
Loaded pretrained model
Pretrained model has AUROC / IND / OOD = 0.3141697165758527 / 3.0057060718536377 / 2.6190078258514404
Pruned model (before finetuning) has AUROC / IND / OOD = 0.11632142440076429 / 9.27214527130127 / 6.979511260986328
Pruned model (after finetuning) has AUROC / IND / OOD = 0.42395879454668783 / 6.694831371307373 / 6.457502365112305
Notification sent to chrome.
 
Currently running leave_1_encoder_fc2 experiment. 
Starting the process with remaining connection 14 using tech 6!
Loaded pretrained model
Pretrained model has AUROC / IND / OOD = 0.3141697165758527 / 3.0057060718536377 / 2.6190078258514404
Pruned model (before finetuning) has AUROC / IND / OOD = 0.11632142440076429 / 9.27214527130127 / 6.979511260986328
Pruned model (after finetuning) has AUROC / IND / OOD = 0.41173351620365195 / 6.6718621253967285 / 6.390460968017578
Notification sent to chrome.
 
Currently running leave_1_encoder_fc2 experiment. 
Starting the process with remaining connection 15 using tech 6!
Loaded pretrained model
Pretrained model has AUROC / IND / OOD = 0.3141697165758527 / 3.0057060718536377 / 2.6190078258514404
Pruned model (before finetuning) has AUROC / IND / OOD = 0.11632142440076429 / 9.27214527130127 / 6.979511260986328
Pruned model (after finetuning) has AUROC / IND / OOD = 0.4253348936942041 / 6.672483921051025 / 6.427575588226318
Notification sent to chrome.
 
Currently running leave_1_encoder_fc2 experiment. 
Starting the process with remaining connection 16 using tech 6!
Loaded pretrained model
Pretrained model has AUROC / IND / OOD = 0.3141697165758527 / 3.0057060718536377 / 2.6190078258514404
Pruned model (before finetuning) has AUROC / IND / OOD = 0.11632142440076429 / 9.27214527130127 / 6.979511260986328
Pruned model (after finetuning) has AUROC / IND / OOD = 0.4556949444804718 / 6.675029754638672 / 6.515376567840576
Notification sent to chrome.
 
Currently running leave_1_encoder_fc2 experiment. 
Starting the process with remaining connection 1 using tech 7!
Loaded pretrained model
Pretrained model has AUROC / IND / OOD = 0.3141697165758527 / 3.0057060718536377 / 2.6190078258514404
Pruned model (before finetuning) has AUROC / IND / OOD = 0.11632132501472155 / 9.272144317626953 / 6.979511260986328
Pruned model (after finetuning) has AUROC / IND / OOD = 0.2152005486109558 / 7.317745208740234 / 6.487709045410156
Notification sent to chrome.
 
Currently running leave_1_encoder_fc2 experiment. 
Starting the process with remaining connection 2 using tech 7!
Loaded pretrained model
Pretrained model has AUROC / IND / OOD = 0.3141697165758527 / 3.0057060718536377 / 2.6190078258514404
Pruned model (before finetuning) has AUROC / IND / OOD = 0.11632132501472155 / 9.272144317626953 / 6.979511260986328
Pruned model (after finetuning) has AUROC / IND / OOD = 0.20371500058389302 / 7.3198137283325195 / 6.454379081726074
Notification sent to chrome.
 
Currently running leave_1_encoder_fc2 experiment. 
Starting the process with remaining connection 3 using tech 7!
Loaded pretrained model
Pretrained model has AUROC / IND / OOD = 0.3141697165758527 / 3.0057060718536377 / 2.6190078258514404
Pruned model (before finetuning) has AUROC / IND / OOD = 0.11632132501472155 / 9.272144317626953 / 6.979511260986328
Pruned model (after finetuning) has AUROC / IND / OOD = 0.2190099162424125 / 7.315583229064941 / 6.523732662200928
Notification sent to chrome.
 
Currently running leave_1_encoder_fc2 experiment. 
Starting the process with remaining connection 4 using tech 7!
Loaded pretrained model
Pretrained model has AUROC / IND / OOD = 0.3141697165758527 / 3.0057060718536377 / 2.6190078258514404
Pruned model (before finetuning) has AUROC / IND / OOD = 0.11632132501472155 / 9.272144317626953 / 6.979511260986328
Pruned model (after finetuning) has AUROC / IND / OOD = 0.2133319916217566 / 7.316275596618652 / 6.477190017700195
Notification sent to chrome.
 
Currently running leave_1_encoder_fc2 experiment. 
Starting the process with remaining connection 5 using tech 7!
Loaded pretrained model
Pretrained model has AUROC / IND / OOD = 0.3141697165758527 / 3.0057060718536377 / 2.6190078258514404
Pruned model (before finetuning) has AUROC / IND / OOD = 0.11632142440076429 / 9.27214527130127 / 6.979511260986328
Pruned model (after finetuning) has AUROC / IND / OOD = 0.3842827433529372 / 6.696407794952393 / 6.326937198638916
Notification sent to chrome.
 
Currently running leave_1_encoder_fc2 experiment. 
Starting the process with remaining connection 6 using tech 7!
Loaded pretrained model
Pretrained model has AUROC / IND / OOD = 0.3141697165758527 / 3.0057060718536377 / 2.6190078258514404
Pruned model (before finetuning) has AUROC / IND / OOD = 0.11632142440076429 / 9.27214527130127 / 6.979511260986328
Pruned model (after finetuning) has AUROC / IND / OOD = 0.3953461988565635 / 6.696141242980957 / 6.368383407592773
Notification sent to chrome.
 
Currently running leave_1_encoder_fc2 experiment. 
Starting the process with remaining connection 7 using tech 7!
Loaded pretrained model
Pretrained model has AUROC / IND / OOD = 0.3141697165758527 / 3.0057060718536377 / 2.6190078258514404
Pruned model (before finetuning) has AUROC / IND / OOD = 0.11632142440076429 / 9.27214527130127 / 6.979511260986328
Pruned model (after finetuning) has AUROC / IND / OOD = 0.44755030797249995 / 6.6687469482421875 / 6.482922554016113
Notification sent to chrome.
 
Currently running leave_1_encoder_fc2 experiment. 
Starting the process with remaining connection 8 using tech 7!
Loaded pretrained model
Pretrained model has AUROC / IND / OOD = 0.3141697165758527 / 3.0057060718536377 / 2.6190078258514404
Pruned model (before finetuning) has AUROC / IND / OOD = 0.11632142440076429 / 9.27214527130127 / 6.979511260986328
Pruned model (after finetuning) has AUROC / IND / OOD = 0.4251455632828204 / 6.693422317504883 / 6.462545871734619
Notification sent to chrome.
 
Currently running leave_1_encoder_fc2 experiment. 
Starting the process with remaining connection 9 using tech 7!
Loaded pretrained model
Pretrained model has AUROC / IND / OOD = 0.3141697165758527 / 3.0057060718536377 / 2.6190078258514404
Pruned model (before finetuning) has AUROC / IND / OOD = 0.11632142440076429 / 9.27214527130127 / 6.979511260986328
Pruned model (after finetuning) has AUROC / IND / OOD = 0.4020955050177528 / 6.691652774810791 / 6.387508392333984
Notification sent to chrome.
 
Currently running leave_1_encoder_fc2 experiment. 
Starting the process with remaining connection 10 using tech 7!
Loaded pretrained model
Pretrained model has AUROC / IND / OOD = 0.3141697165758527 / 3.0057060718536377 / 2.6190078258514404
Pruned model (before finetuning) has AUROC / IND / OOD = 0.11632142440076429 / 9.27214527130127 / 6.979511260986328
Pruned model (after finetuning) has AUROC / IND / OOD = 0.4291745243756693 / 6.6699090003967285 / 6.433366775512695
Notification sent to chrome.
 
Currently running leave_1_encoder_fc2 experiment. 
Starting the process with remaining connection 11 using tech 7!
Loaded pretrained model
Pretrained model has AUROC / IND / OOD = 0.3141697165758527 / 3.0057060718536377 / 2.6190078258514404
Pruned model (before finetuning) has AUROC / IND / OOD = 0.11632142440076429 / 9.27214527130127 / 6.979511260986328
Pruned model (after finetuning) has AUROC / IND / OOD = 0.4577006045156049 / 6.683533191680908 / 6.5346360206604
Notification sent to chrome.
 
Currently running leave_1_encoder_fc2 experiment. 
Starting the process with remaining connection 12 using tech 7!
Loaded pretrained model
Pretrained model has AUROC / IND / OOD = 0.3141697165758527 / 3.0057060718536377 / 2.6190078258514404
Pruned model (before finetuning) has AUROC / IND / OOD = 0.11632142440076429 / 9.27214527130127 / 6.979511260986328
Pruned model (after finetuning) has AUROC / IND / OOD = 0.4031974477664229 / 6.680768013000488 / 6.37279748916626
Notification sent to chrome.
 
Currently running leave_1_encoder_fc2 experiment. 
Starting the process with remaining connection 13 using tech 7!
Loaded pretrained model
Pretrained model has AUROC / IND / OOD = 0.3141697165758527 / 3.0057060718536377 / 2.6190078258514404
Pruned model (before finetuning) has AUROC / IND / OOD = 0.11632142440076429 / 9.27214527130127 / 6.979511260986328
Pruned model (after finetuning) has AUROC / IND / OOD = 0.4080309388750991 / 6.676316738128662 / 6.3830389976501465
Notification sent to chrome.
 
Currently running leave_1_encoder_fc2 experiment. 
Starting the process with remaining connection 14 using tech 7!
Loaded pretrained model
Pretrained model has AUROC / IND / OOD = 0.3141697165758527 / 3.0057060718536377 / 2.6190078258514404
Pruned model (before finetuning) has AUROC / IND / OOD = 0.11632142440076429 / 9.27214527130127 / 6.979511260986328
Pruned model (after finetuning) has AUROC / IND / OOD = 0.38182517498155144 / 6.703742027282715 / 6.32303524017334
Notification sent to chrome.
 
Currently running leave_1_encoder_fc2 experiment. 
Starting the process with remaining connection 15 using tech 7!
Loaded pretrained model
Pretrained model has AUROC / IND / OOD = 0.3141697165758527 / 3.0057060718536377 / 2.6190078258514404
Pruned model (before finetuning) has AUROC / IND / OOD = 0.11632142440076429 / 9.27214527130127 / 6.979511260986328
Pruned model (after finetuning) has AUROC / IND / OOD = 0.4258134871829275 / 6.6801652908325195 / 6.436684608459473
Notification sent to chrome.
 
Currently running leave_1_encoder_fc2 experiment. 
Starting the process with remaining connection 16 using tech 7!
Loaded pretrained model
Pretrained model has AUROC / IND / OOD = 0.3141697165758527 / 3.0057060718536377 / 2.6190078258514404
Pruned model (before finetuning) has AUROC / IND / OOD = 0.11632142440076429 / 9.27214527130127 / 6.979511260986328
Pruned model (after finetuning) has AUROC / IND / OOD = 0.36445388611850293 / 6.818373203277588 / 6.374591827392578
Notification sent to chrome.
 
Currently running leave_1_encoder_fc2 experiment. 
Starting the process with remaining connection 1 using tech 8!
Loaded pretrained model
Pretrained model has AUROC / IND / OOD = 0.3141697165758527 / 3.0057060718536377 / 2.6190078258514404
Pruned model (before finetuning) has AUROC / IND / OOD = 0.116300851489921 / 9.27224063873291 / 6.9794697761535645
Pruned model (after finetuning) has AUROC / IND / OOD = 0.32857274188699315 / 6.737927436828613 / 6.231431484222412
Notification sent to chrome.
 
Currently running leave_1_encoder_fc2 experiment. 
Starting the process with remaining connection 2 using tech 8!
Loaded pretrained model
Pretrained model has AUROC / IND / OOD = 0.3141697165758527 / 3.0057060718536377 / 2.6190078258514404
Pruned model (before finetuning) has AUROC / IND / OOD = 0.11632937528418197 / 9.272027969360352 / 6.979452610015869
Pruned model (after finetuning) has AUROC / IND / OOD = 0.49563079078989536 / 6.287854194641113 / 6.232577800750732
Notification sent to chrome.
 
Currently running leave_1_encoder_fc2 experiment. 
Starting the process with remaining connection 3 using tech 8!
Loaded pretrained model
Pretrained model has AUROC / IND / OOD = 0.3141697165758527 / 3.0057060718536377 / 2.6190078258514404
Pruned model (before finetuning) has AUROC / IND / OOD = 0.11632495260528088 / 9.272072792053223 / 6.979500770568848
Pruned model (after finetuning) has AUROC / IND / OOD = 0.3842287767317397 / 6.686954498291016 / 6.302034854888916
Notification sent to chrome.
 
Currently running leave_1_encoder_fc2 experiment. 
Starting the process with remaining connection 4 using tech 8!
Loaded pretrained model
Pretrained model has AUROC / IND / OOD = 0.3141697165758527 / 3.0057060718536377 / 2.6190078258514404
Pruned model (before finetuning) has AUROC / IND / OOD = 0.11635471872507584 / 9.272236824035645 / 6.980220317840576
Pruned model (after finetuning) has AUROC / IND / OOD = 0.4871662306104042 / 6.280513763427734 / 6.218173027038574
Notification sent to chrome.
 
Currently running leave_1_encoder_fc2 experiment. 
Starting the process with remaining connection 5 using tech 8!
Loaded pretrained model
Pretrained model has AUROC / IND / OOD = 0.3141697165758527 / 3.0057060718536377 / 2.6190078258514404
Pruned model (before finetuning) has AUROC / IND / OOD = 0.11632594646570808 / 9.271827697753906 / 6.979390621185303
Pruned model (after finetuning) has AUROC / IND / OOD = 0.32990595595707517 / 6.297388076782227 / 5.756850719451904
Notification sent to chrome.
 
Currently running leave_1_encoder_fc2 experiment. 
Starting the process with remaining connection 6 using tech 8!
Loaded pretrained model
Pretrained model has AUROC / IND / OOD = 0.3141697165758527 / 3.0057060718536377 / 2.6190078258514404
Pruned model (before finetuning) has AUROC / IND / OOD = 0.11633086607482279 / 9.27208137512207 / 6.979473114013672
Pruned model (after finetuning) has AUROC / IND / OOD = 0.3779745621423656 / 5.360784530639648 / 4.957877159118652
Notification sent to chrome.
 
Currently running leave_1_encoder_fc2 experiment. 
Starting the process with remaining connection 7 using tech 8!
Loaded pretrained model
Pretrained model has AUROC / IND / OOD = 0.3141697165758527 / 3.0057060718536377 / 2.6190078258514404
Pruned model (before finetuning) has AUROC / IND / OOD = 0.11629145950888388 / 9.271906852722168 / 6.97918701171875
Pruned model (after finetuning) has AUROC / IND / OOD = 0.3429173282050135 / 4.64949893951416 / 4.1553239822387695
Notification sent to chrome.
 
Currently running leave_1_encoder_fc2 experiment. 
Starting the process with remaining connection 8 using tech 8!
Loaded pretrained model
Pretrained model has AUROC / IND / OOD = 0.3141697165758527 / 3.0057060718536377 / 2.6190078258514404
Pruned model (before finetuning) has AUROC / IND / OOD = 0.11632033115429435 / 9.272148132324219 / 6.979496002197266
Pruned model (after finetuning) has AUROC / IND / OOD = 0.33925599608418994 / 6.268702983856201 / 5.765096664428711
Notification sent to chrome.
 
Currently running leave_1_encoder_fc2 experiment. 
Starting the process with remaining connection 9 using tech 8!
Loaded pretrained model
Pretrained model has AUROC / IND / OOD = 0.3141697165758527 / 3.0057060718536377 / 2.6190078258514404
Pruned model (before finetuning) has AUROC / IND / OOD = 0.11630333614098903 / 9.27249813079834 / 6.979574203491211
Pruned model (after finetuning) has AUROC / IND / OOD = 0.36745146855301375 / 5.020676612854004 / 4.589607238769531
Notification sent to chrome.
 
Currently running leave_1_encoder_fc2 experiment. 
Starting the process with remaining connection 10 using tech 8!
Loaded pretrained model
Pretrained model has AUROC / IND / OOD = 0.3141697165758527 / 3.0057060718536377 / 2.6190078258514404
Pruned model (before finetuning) has AUROC / IND / OOD = 0.11654042154590019 / 9.271918296813965 / 6.982793807983398
Pruned model (after finetuning) has AUROC / IND / OOD = 0.28641228809032204 / 4.707799434661865 / 4.052095413208008
Notification sent to chrome.
 
Currently running leave_1_encoder_fc2 experiment. 
Starting the process with remaining connection 11 using tech 8!
Loaded pretrained model
Pretrained model has AUROC / IND / OOD = 0.3141697165758527 / 3.0057060718536377 / 2.6190078258514404
Pruned model (before finetuning) has AUROC / IND / OOD = 0.11632107654961474 / 9.272150039672852 / 6.979523181915283
Pruned model (after finetuning) has AUROC / IND / OOD = 0.6112262001485822 / 5.730461120605469 / 6.007668972015381
Notification sent to chrome.
 
Currently running leave_1_encoder_fc2 experiment. 
Starting the process with remaining connection 12 using tech 8!
Loaded pretrained model
Pretrained model has AUROC / IND / OOD = 0.3141697165758527 / 3.0057060718536377 / 2.6190078258514404
Pruned model (before finetuning) has AUROC / IND / OOD = 0.11626209093325979 / 9.270970344543457 / 6.978695869445801
Pruned model (after finetuning) has AUROC / IND / OOD = 0.35583622174019996 / 4.187973976135254 / 3.774778127670288
Notification sent to chrome.
 
Currently running leave_1_encoder_fc2 experiment. 
Starting the process with remaining connection 13 using tech 8!
Loaded pretrained model
Pretrained model has AUROC / IND / OOD = 0.3141697165758527 / 3.0057060718536377 / 2.6190078258514404
Pruned model (before finetuning) has AUROC / IND / OOD = 0.11637136588723163 / 9.271858215332031 / 6.979763507843018
Pruned model (after finetuning) has AUROC / IND / OOD = 0.3575002422534791 / 4.658540725708008 / 4.207679748535156
Notification sent to chrome.
 
Currently running leave_1_encoder_fc2 experiment. 
Starting the process with remaining connection 14 using tech 8!
Loaded pretrained model
Pretrained model has AUROC / IND / OOD = 0.3141697165758527 / 3.0057060718536377 / 2.6190078258514404
Pruned model (before finetuning) has AUROC / IND / OOD = 0.11646230411632143 / 9.27030086517334 / 6.978975296020508
Pruned model (after finetuning) has AUROC / IND / OOD = 0.40573894765088664 / 4.254083156585693 / 3.979586601257324
Notification sent to chrome.
 
Currently running leave_1_encoder_fc2 experiment. 
Starting the process with remaining connection 15 using tech 8!
Loaded pretrained model
Pretrained model has AUROC / IND / OOD = 0.3141697165758527 / 3.0057060718536377 / 2.6190078258514404
Pruned model (before finetuning) has AUROC / IND / OOD = 0.1162958324947636 / 9.270699501037598 / 6.978655815124512
Pruned model (after finetuning) has AUROC / IND / OOD = 0.33730335850284865 / 4.340023994445801 / 3.8649449348449707
Notification sent to chrome.
 
Currently running leave_1_encoder_fc2 experiment. 
Starting the process with remaining connection 16 using tech 8!
Loaded pretrained model
Pretrained model has AUROC / IND / OOD = 0.3141697165758527 / 3.0057060718536377 / 2.6190078258514404
Pruned model (before finetuning) has AUROC / IND / OOD = 0.11629970855042972 / 9.272115707397461 / 6.97919225692749
Pruned model (after finetuning) has AUROC / IND / OOD = 0.3505432192630028 / 4.586540222167969 / 4.146210193634033
Notification sent to chrome.
