 
Currently running leave_7_encoder_fc2 experiment. 
Starting the process with remaining connection 1 using tech 0!
Loaded pretrained model
Pretrained model has AUROC / IND / OOD = 0.7556878208208504 / 2.7934911251068115 / 3.532350778579712
Pruned model (before finetuning) has AUROC / IND / OOD = 0.3911611199390755 / 9.314384460449219 / 8.721951484680176
Pruned model (after finetuning) has AUROC / IND / OOD = 0.5433882281408134 / 6.533376693725586 / 6.907236099243164
Notification sent to chrome.
 
Currently running leave_7_encoder_fc2 experiment. 
Starting the process with remaining connection 2 using tech 0!
Loaded pretrained model
Pretrained model has AUROC / IND / OOD = 0.7556878208208504 / 2.7934911251068115 / 3.532350778579712
Pruned model (before finetuning) has AUROC / IND / OOD = 0.39194040343411674 / 9.315360069274902 / 8.727591514587402
Pruned model (after finetuning) has AUROC / IND / OOD = 0.6265530916764825 / 5.965356349945068 / 6.6457929611206055
Notification sent to chrome.
 
Currently running leave_7_encoder_fc2 experiment. 
Starting the process with remaining connection 3 using tech 0!
Loaded pretrained model
Pretrained model has AUROC / IND / OOD = 0.7556878208208504 / 2.7934911251068115 / 3.532350778579712
Pruned model (before finetuning) has AUROC / IND / OOD = 0.3918567558213968 / 9.315275192260742 / 8.726981163024902
Pruned model (after finetuning) has AUROC / IND / OOD = 0.6337961184038191 / 5.53228235244751 / 6.221880912780762
Notification sent to chrome.
 
Currently running leave_7_encoder_fc2 experiment. 
Starting the process with remaining connection 4 using tech 0!
Loaded pretrained model
Pretrained model has AUROC / IND / OOD = 0.7556878208208504 / 2.7934911251068115 / 3.532350778579712
Pruned model (before finetuning) has AUROC / IND / OOD = 0.3918536115819038 / 9.315303802490234 / 8.72700309753418
Pruned model (after finetuning) has AUROC / IND / OOD = 0.6301105276077238 / 5.60170841217041 / 6.279133319854736
Notification sent to chrome.
 
Currently running leave_7_encoder_fc2 experiment. 
Starting the process with remaining connection 5 using tech 0!
Loaded pretrained model
Pretrained model has AUROC / IND / OOD = 0.7556878208208504 / 2.7934911251068115 / 3.532350778579712
Pruned model (before finetuning) has AUROC / IND / OOD = 0.39184672678163457 / 9.314903259277344 / 8.7265625
Pruned model (after finetuning) has AUROC / IND / OOD = 0.6738866898487469 / 5.430438041687012 / 6.314869403839111
Notification sent to chrome.
 
Currently running leave_7_encoder_fc2 experiment. 
Starting the process with remaining connection 6 using tech 0!
Loaded pretrained model
Pretrained model has AUROC / IND / OOD = 0.7556878208208504 / 2.7934911251068115 / 3.532350778579712
Pruned model (before finetuning) has AUROC / IND / OOD = 0.39184672678163457 / 9.314903259277344 / 8.7265625
Pruned model (after finetuning) has AUROC / IND / OOD = 0.660449836586284 / 5.441521167755127 / 6.271000862121582
Notification sent to chrome.
 
Currently running leave_7_encoder_fc2 experiment. 
Starting the process with remaining connection 7 using tech 0!
Loaded pretrained model
Pretrained model has AUROC / IND / OOD = 0.7556878208208504 / 2.7934911251068115 / 3.532350778579712
Pruned model (before finetuning) has AUROC / IND / OOD = 0.3918916677219746 / 9.31509780883789 / 8.727099418640137
Pruned model (after finetuning) has AUROC / IND / OOD = 0.7076299091336471 / 5.44547700881958 / 6.544370651245117
Notification sent to chrome.
 
Currently running leave_7_encoder_fc2 experiment. 
Starting the process with remaining connection 8 using tech 0!
Loaded pretrained model
Pretrained model has AUROC / IND / OOD = 0.7556878208208504 / 2.7934911251068115 / 3.532350778579712
Pruned model (before finetuning) has AUROC / IND / OOD = 0.3919683763233996 / 9.314717292785645 / 8.72706413269043
Pruned model (after finetuning) has AUROC / IND / OOD = 0.6610857319182377 / 5.2569169998168945 / 6.019083023071289
Notification sent to chrome.
 
Currently running leave_7_encoder_fc2 experiment. 
Starting the process with remaining connection 9 using tech 0!
Loaded pretrained model
Pretrained model has AUROC / IND / OOD = 0.7556878208208504 / 2.7934911251068115 / 3.532350778579712
Pruned model (before finetuning) has AUROC / IND / OOD = 0.3919942891937042 / 9.314553260803223 / 8.727056503295898
Pruned model (after finetuning) has AUROC / IND / OOD = 0.6946934236387828 / 5.0381879806518555 / 5.951444625854492
Notification sent to chrome.
 
Currently running leave_7_encoder_fc2 experiment. 
Starting the process with remaining connection 10 using tech 0!
Loaded pretrained model
Pretrained model has AUROC / IND / OOD = 0.7556878208208504 / 2.7934911251068115 / 3.532350778579712
Pruned model (before finetuning) has AUROC / IND / OOD = 0.39193563286385136 / 9.315269470214844 / 8.727343559265137
Pruned model (after finetuning) has AUROC / IND / OOD = 0.7269402017691009 / 4.882234573364258 / 5.902090549468994
Notification sent to chrome.
 
Currently running leave_7_encoder_fc2 experiment. 
Starting the process with remaining connection 11 using tech 0!
Loaded pretrained model
Pretrained model has AUROC / IND / OOD = 0.7556878208208504 / 2.7934911251068115 / 3.532350778579712
Pruned model (before finetuning) has AUROC / IND / OOD = 0.3920194973206742 / 9.315729141235352 / 8.72826099395752
Pruned model (after finetuning) has AUROC / IND / OOD = 0.69953094452087 / 5.279470920562744 / 6.2253804206848145
Notification sent to chrome.
 
Currently running leave_7_encoder_fc2 experiment. 
Starting the process with remaining connection 12 using tech 0!
Loaded pretrained model
Pretrained model has AUROC / IND / OOD = 0.7556878208208504 / 2.7934911251068115 / 3.532350778579712
Pruned model (before finetuning) has AUROC / IND / OOD = 0.3920204731191376 / 9.315744400024414 / 8.728253364562988
Pruned model (after finetuning) has AUROC / IND / OOD = 0.702685213053668 / 5.308703422546387 / 6.284403324127197
Notification sent to chrome.
 
Currently running leave_7_encoder_fc2 experiment. 
Starting the process with remaining connection 13 using tech 0!
Loaded pretrained model
Pretrained model has AUROC / IND / OOD = 0.7556878208208504 / 2.7934911251068115 / 3.532350778579712
Pruned model (before finetuning) has AUROC / IND / OOD = 0.39206942567538267 / 9.315335273742676 / 8.728156089782715
Pruned model (after finetuning) has AUROC / IND / OOD = 0.7544116390638581 / 4.76105260848999 / 5.948826313018799
Notification sent to chrome.
 
Currently running leave_7_encoder_fc2 experiment. 
Starting the process with remaining connection 14 using tech 0!
Loaded pretrained model
Pretrained model has AUROC / IND / OOD = 0.7556878208208504 / 2.7934911251068115 / 3.532350778579712
Pruned model (before finetuning) has AUROC / IND / OOD = 0.3920747383559054 / 9.315309524536133 / 8.728150367736816
Pruned model (after finetuning) has AUROC / IND / OOD = 0.7365711157583211 / 4.834445953369141 / 5.980297088623047
Notification sent to chrome.
 
Currently running leave_7_encoder_fc2 experiment. 
Starting the process with remaining connection 15 using tech 0!
Loaded pretrained model
Pretrained model has AUROC / IND / OOD = 0.7556878208208504 / 2.7934911251068115 / 3.532350778579712
Pruned model (before finetuning) has AUROC / IND / OOD = 0.39209642276620216 / 9.315164566040039 / 8.72807502746582
Pruned model (after finetuning) has AUROC / IND / OOD = 0.7696898782376992 / 4.374584674835205 / 5.554285526275635
Notification sent to chrome.
 
Currently running leave_7_encoder_fc2 experiment. 
Starting the process with remaining connection 16 using tech 0!
Loaded pretrained model
Pretrained model has AUROC / IND / OOD = 0.7556878208208504 / 2.7934911251068115 / 3.532350778579712
Pruned model (before finetuning) has AUROC / IND / OOD = 0.3921113307982812 / 9.315094947814941 / 8.728063583374023
Pruned model (after finetuning) has AUROC / IND / OOD = 0.7572542484096654 / 4.425880432128906 / 5.5381550788879395
Notification sent to chrome.
 
Currently running leave_7_encoder_fc2 experiment. 
Starting the process with remaining connection 1 using tech 1!
Loaded pretrained model
Pretrained model has AUROC / IND / OOD = 0.7556878208208504 / 2.7934911251068115 / 3.532350778579712
Pruned model (before finetuning) has AUROC / IND / OOD = 0.3911640473344655 / 9.314340591430664 / 8.721924781799316
Pruned model (after finetuning) has AUROC / IND / OOD = 0.48758974093201335 / 7.2309651374816895 / 7.12362003326416
Notification sent to chrome.
 
Currently running leave_7_encoder_fc2 experiment. 
Starting the process with remaining connection 2 using tech 1!
Loaded pretrained model
Pretrained model has AUROC / IND / OOD = 0.7556878208208504 / 2.7934911251068115 / 3.532350778579712
Pruned model (before finetuning) has AUROC / IND / OOD = 0.3911640473344655 / 9.314340591430664 / 8.721924781799316
Pruned model (after finetuning) has AUROC / IND / OOD = 0.48134257074755704 / 7.230536937713623 / 7.102033615112305
Notification sent to chrome.
 
Currently running leave_7_encoder_fc2 experiment. 
Starting the process with remaining connection 3 using tech 1!
Loaded pretrained model
Pretrained model has AUROC / IND / OOD = 0.7556878208208504 / 2.7934911251068115 / 3.532350778579712
Pruned model (before finetuning) has AUROC / IND / OOD = 0.3911640473344655 / 9.314340591430664 / 8.721924781799316
Pruned model (after finetuning) has AUROC / IND / OOD = 0.4764664516151416 / 7.231614589691162 / 7.089269161224365
Notification sent to chrome.
 
Currently running leave_7_encoder_fc2 experiment. 
Starting the process with remaining connection 4 using tech 1!
Loaded pretrained model
Pretrained model has AUROC / IND / OOD = 0.7556878208208504 / 2.7934911251068115 / 3.532350778579712
Pruned model (before finetuning) has AUROC / IND / OOD = 0.3911640473344655 / 9.314340591430664 / 8.721924781799316
Pruned model (after finetuning) has AUROC / IND / OOD = 0.5181459482245673 / 6.491024971008301 / 6.811610698699951
Notification sent to chrome.
 
Currently running leave_7_encoder_fc2 experiment. 
Starting the process with remaining connection 5 using tech 1!
Loaded pretrained model
Pretrained model has AUROC / IND / OOD = 0.7556878208208504 / 2.7934911251068115 / 3.532350778579712
Pruned model (before finetuning) has AUROC / IND / OOD = 0.3911641015454913 / 9.314340591430664 / 8.721924781799316
Pruned model (after finetuning) has AUROC / IND / OOD = 0.6029941725315768 / 5.94014835357666 / 6.557486057281494
Notification sent to chrome.
 
Currently running leave_7_encoder_fc2 experiment. 
Starting the process with remaining connection 6 using tech 1!
Loaded pretrained model
Pretrained model has AUROC / IND / OOD = 0.7556878208208504 / 2.7934911251068115 / 3.532350778579712
Pruned model (before finetuning) has AUROC / IND / OOD = 0.3911641015454913 / 9.314340591430664 / 8.721924781799316
Pruned model (after finetuning) has AUROC / IND / OOD = 0.6159166173707739 / 5.937595844268799 / 6.6113362312316895
Notification sent to chrome.
 
Currently running leave_7_encoder_fc2 experiment. 
Starting the process with remaining connection 7 using tech 1!
Loaded pretrained model
Pretrained model has AUROC / IND / OOD = 0.7556878208208504 / 2.7934911251068115 / 3.532350778579712
Pruned model (before finetuning) has AUROC / IND / OOD = 0.3911641015454913 / 9.314340591430664 / 8.721924781799316
Pruned model (after finetuning) has AUROC / IND / OOD = 0.679614681039672 / 5.4503889083862305 / 6.367522716522217
Notification sent to chrome.
 
Currently running leave_7_encoder_fc2 experiment. 
Starting the process with remaining connection 8 using tech 1!
Loaded pretrained model
Pretrained model has AUROC / IND / OOD = 0.7556878208208504 / 2.7934911251068115 / 3.532350778579712
Pruned model (before finetuning) has AUROC / IND / OOD = 0.3911641015454913 / 9.314340591430664 / 8.721924781799316
Pruned model (after finetuning) has AUROC / IND / OOD = 0.738837082423311 / 5.017725944519043 / 6.204164981842041
Notification sent to chrome.
 
Currently running leave_7_encoder_fc2 experiment. 
Starting the process with remaining connection 9 using tech 1!
Loaded pretrained model
Pretrained model has AUROC / IND / OOD = 0.7556878208208504 / 2.7934911251068115 / 3.532350778579712
Pruned model (before finetuning) has AUROC / IND / OOD = 0.39116410154549136 / 9.314340591430664 / 8.721924781799316
Pruned model (after finetuning) has AUROC / IND / OOD = 0.7567955147098364 / 4.739446640014648 / 5.995788097381592
Notification sent to chrome.
 
Currently running leave_7_encoder_fc2 experiment. 
Starting the process with remaining connection 10 using tech 1!
Loaded pretrained model
Pretrained model has AUROC / IND / OOD = 0.7556878208208504 / 2.7934911251068115 / 3.532350778579712
Pruned model (before finetuning) has AUROC / IND / OOD = 0.3911641015454913 / 9.314340591430664 / 8.721924781799316
Pruned model (after finetuning) has AUROC / IND / OOD = 0.7376693769288283 / 4.509454727172852 / 5.60727071762085
Notification sent to chrome.
 
Currently running leave_7_encoder_fc2 experiment. 
Starting the process with remaining connection 11 using tech 1!
Loaded pretrained model
Pretrained model has AUROC / IND / OOD = 0.7556878208208504 / 2.7934911251068115 / 3.532350778579712
Pruned model (before finetuning) has AUROC / IND / OOD = 0.3911641015454913 / 9.314340591430664 / 8.721924781799316
Pruned model (after finetuning) has AUROC / IND / OOD = 0.7474102308782533 / 4.4504075050354 / 5.634882926940918
Notification sent to chrome.
 
Currently running leave_7_encoder_fc2 experiment. 
Starting the process with remaining connection 12 using tech 1!
Loaded pretrained model
Pretrained model has AUROC / IND / OOD = 0.7556878208208504 / 2.7934911251068115 / 3.532350778579712
Pruned model (before finetuning) has AUROC / IND / OOD = 0.3911641015454913 / 9.314340591430664 / 8.721924781799316
Pruned model (after finetuning) has AUROC / IND / OOD = 0.7770344422162507 / 4.4810357093811035 / 5.7618184089660645
Notification sent to chrome.
 
Currently running leave_7_encoder_fc2 experiment. 
Starting the process with remaining connection 13 using tech 1!
Loaded pretrained model
Pretrained model has AUROC / IND / OOD = 0.7556878208208504 / 2.7934911251068115 / 3.532350778579712
Pruned model (before finetuning) has AUROC / IND / OOD = 0.39116410154549125 / 9.314340591430664 / 8.721924781799316
Pruned model (after finetuning) has AUROC / IND / OOD = 0.7606461238682906 / 4.333376407623291 / 5.548739910125732
Notification sent to chrome.
 
Currently running leave_7_encoder_fc2 experiment. 
Starting the process with remaining connection 14 using tech 1!
Loaded pretrained model
Pretrained model has AUROC / IND / OOD = 0.7556878208208504 / 2.7934911251068115 / 3.532350778579712
Pruned model (before finetuning) has AUROC / IND / OOD = 0.39116410154549125 / 9.314340591430664 / 8.721924781799316
Pruned model (after finetuning) has AUROC / IND / OOD = 0.784378247240442 / 4.402327060699463 / 5.735133171081543
Notification sent to chrome.
 
Currently running leave_7_encoder_fc2 experiment. 
Starting the process with remaining connection 15 using tech 1!
Loaded pretrained model
Pretrained model has AUROC / IND / OOD = 0.7556878208208504 / 2.7934911251068115 / 3.532350778579712
Pruned model (before finetuning) has AUROC / IND / OOD = 0.3911641015454913 / 9.314340591430664 / 8.721924781799316
Pruned model (after finetuning) has AUROC / IND / OOD = 0.7429333759504276 / 4.223559379577637 / 5.282981872558594
Notification sent to chrome.
 
Currently running leave_7_encoder_fc2 experiment. 
Starting the process with remaining connection 16 using tech 1!
Loaded pretrained model
Pretrained model has AUROC / IND / OOD = 0.7556878208208504 / 2.7934911251068115 / 3.532350778579712
Pruned model (before finetuning) has AUROC / IND / OOD = 0.3911641015454913 / 9.314340591430664 / 8.721924781799316
Pruned model (after finetuning) has AUROC / IND / OOD = 0.776811472267374 / 4.2593770027160645 / 5.510091304779053
Notification sent to chrome.
 
Currently running leave_7_encoder_fc2 experiment. 
Starting the process with remaining connection 1 using tech 2!
Loaded pretrained model
Pretrained model has AUROC / IND / OOD = 0.7556878208208504 / 2.7934911251068115 / 3.532350778579712
Pruned model (before finetuning) has AUROC / IND / OOD = 0.3911772748247466 / 9.314306259155273 / 8.721965789794922
Pruned model (after finetuning) has AUROC / IND / OOD = 0.49649086609269477 / 6.500113487243652 / 6.745570659637451
Notification sent to chrome.
 
Currently running leave_7_encoder_fc2 experiment. 
Starting the process with remaining connection 2 using tech 2!
Loaded pretrained model
Pretrained model has AUROC / IND / OOD = 0.7556878208208504 / 2.7934911251068115 / 3.532350778579712
Pruned model (before finetuning) has AUROC / IND / OOD = 0.3911875749196375 / 9.314229965209961 / 8.72196102142334
Pruned model (after finetuning) has AUROC / IND / OOD = 0.5543446017094253 / 6.039125442504883 / 6.476813316345215
Notification sent to chrome.
 
Currently running leave_7_encoder_fc2 experiment. 
Starting the process with remaining connection 3 using tech 2!
Loaded pretrained model
Pretrained model has AUROC / IND / OOD = 0.7556878208208504 / 2.7934911251068115 / 3.532350778579712
Pruned model (before finetuning) has AUROC / IND / OOD = 0.3911873580755346 / 9.314228057861328 / 8.72196102142334
Pruned model (after finetuning) has AUROC / IND / OOD = 0.5674420939507434 / 6.042102813720703 / 6.524980068206787
Notification sent to chrome.
 
Currently running leave_7_encoder_fc2 experiment. 
Starting the process with remaining connection 4 using tech 2!
Loaded pretrained model
Pretrained model has AUROC / IND / OOD = 0.7556878208208504 / 2.7934911251068115 / 3.532350778579712
Pruned model (before finetuning) has AUROC / IND / OOD = 0.3911873580755346 / 9.314228057861328 / 8.72196102142334
Pruned model (after finetuning) has AUROC / IND / OOD = 0.5858520498706742 / 6.016279220581055 / 6.558778762817383
Notification sent to chrome.
 
Currently running leave_7_encoder_fc2 experiment. 
Starting the process with remaining connection 5 using tech 2!
Loaded pretrained model
Pretrained model has AUROC / IND / OOD = 0.7556878208208504 / 2.7934911251068115 / 3.532350778579712
Pruned model (before finetuning) has AUROC / IND / OOD = 0.3911918575906712 / 9.314240455627441 / 8.722002983093262
Pruned model (after finetuning) has AUROC / IND / OOD = 0.6336239441860626 / 5.470947742462158 / 6.190727233886719
Notification sent to chrome.
 
Currently running leave_7_encoder_fc2 experiment. 
Starting the process with remaining connection 6 using tech 2!
Loaded pretrained model
Pretrained model has AUROC / IND / OOD = 0.7556878208208504 / 2.7934911251068115 / 3.532350778579712
Pruned model (before finetuning) has AUROC / IND / OOD = 0.3911934297104177 / 9.314213752746582 / 8.722001075744629
Pruned model (after finetuning) has AUROC / IND / OOD = 0.7311287082510048 / 5.042657852172852 / 6.172242641448975
Notification sent to chrome.
 
Currently running leave_7_encoder_fc2 experiment. 
Starting the process with remaining connection 7 using tech 2!
Loaded pretrained model
Pretrained model has AUROC / IND / OOD = 0.7556878208208504 / 2.7934911251068115 / 3.532350778579712
Pruned model (before finetuning) has AUROC / IND / OOD = 0.3911934297104177 / 9.314213752746582 / 8.722001075744629
Pruned model (after finetuning) has AUROC / IND / OOD = 0.6910703381553679 / 5.053604602813721 / 6.078020095825195
Notification sent to chrome.
 
Currently running leave_7_encoder_fc2 experiment. 
Starting the process with remaining connection 8 using tech 2!
Loaded pretrained model
Pretrained model has AUROC / IND / OOD = 0.7556878208208504 / 2.7934911251068115 / 3.532350778579712
Pruned model (before finetuning) has AUROC / IND / OOD = 0.39120031451068693 / 9.31418514251709 / 8.722003936767578
Pruned model (after finetuning) has AUROC / IND / OOD = 0.7484104785142189 / 4.722193717956543 / 5.912342071533203
Notification sent to chrome.
 
Currently running leave_7_encoder_fc2 experiment. 
Starting the process with remaining connection 9 using tech 2!
Loaded pretrained model
Pretrained model has AUROC / IND / OOD = 0.7556878208208504 / 2.7934911251068115 / 3.532350778579712
Pruned model (before finetuning) has AUROC / IND / OOD = 0.39120031451068693 / 9.31418514251709 / 8.722003936767578
Pruned model (after finetuning) has AUROC / IND / OOD = 0.7549595499010324 / 4.701877117156982 / 5.926940441131592
Notification sent to chrome.
 
Currently running leave_7_encoder_fc2 experiment. 
Starting the process with remaining connection 10 using tech 2!
Loaded pretrained model
Pretrained model has AUROC / IND / OOD = 0.7556878208208504 / 2.7934911251068115 / 3.532350778579712
Pruned model (before finetuning) has AUROC / IND / OOD = 0.39119798343658 / 9.31417179107666 / 8.7219877243042
Pruned model (after finetuning) has AUROC / IND / OOD = 0.7756852382075841 / 4.42458963394165 / 5.76618766784668
Notification sent to chrome.
 
Currently running leave_7_encoder_fc2 experiment. 
Starting the process with remaining connection 11 using tech 2!
Loaded pretrained model
Pretrained model has AUROC / IND / OOD = 0.7556878208208504 / 2.7934911251068115 / 3.532350778579712
Pruned model (before finetuning) has AUROC / IND / OOD = 0.39119798343658 / 9.31417179107666 / 8.7219877243042
Pruned model (after finetuning) has AUROC / IND / OOD = 0.7539235229880771 / 4.41402530670166 / 5.630535125732422
Notification sent to chrome.
 
Currently running leave_7_encoder_fc2 experiment. 
Starting the process with remaining connection 12 using tech 2!
Loaded pretrained model
Pretrained model has AUROC / IND / OOD = 0.7556878208208504 / 2.7934911251068115 / 3.532350778579712
Pruned model (before finetuning) has AUROC / IND / OOD = 0.39119798343658 / 9.31417179107666 / 8.7219877243042
Pruned model (after finetuning) has AUROC / IND / OOD = 0.7761104152824785 / 4.430087566375732 / 5.727166175842285
Notification sent to chrome.
 
Currently running leave_7_encoder_fc2 experiment. 
Starting the process with remaining connection 13 using tech 2!
Loaded pretrained model
Pretrained model has AUROC / IND / OOD = 0.7556878208208504 / 2.7934911251068115 / 3.532350778579712
Pruned model (before finetuning) has AUROC / IND / OOD = 0.3912008566209444 / 9.314424514770508 / 8.722237586975098
Pruned model (after finetuning) has AUROC / IND / OOD = 0.7824065922342056 / 4.2164764404296875 / 5.54025936126709
Notification sent to chrome.
 
Currently running leave_7_encoder_fc2 experiment. 
Starting the process with remaining connection 14 using tech 2!
Loaded pretrained model
Pretrained model has AUROC / IND / OOD = 0.7556878208208504 / 2.7934911251068115 / 3.532350778579712
Pruned model (before finetuning) has AUROC / IND / OOD = 0.391201778208382 / 9.314431190490723 / 8.722246170043945
Pruned model (after finetuning) has AUROC / IND / OOD = 0.7270577854839352 / 4.022671699523926 / 4.98488712310791
Notification sent to chrome.
 
Currently running leave_7_encoder_fc2 experiment. 
Starting the process with remaining connection 15 using tech 2!
Loaded pretrained model
Pretrained model has AUROC / IND / OOD = 0.7556878208208504 / 2.7934911251068115 / 3.532350778579712
Pruned model (before finetuning) has AUROC / IND / OOD = 0.391201778208382 / 9.314431190490723 / 8.722246170043945
Pruned model (after finetuning) has AUROC / IND / OOD = 0.7719897267937776 / 4.198072910308838 / 5.389715671539307
Notification sent to chrome.
 
Currently running leave_7_encoder_fc2 experiment. 
Starting the process with remaining connection 16 using tech 2!
Loaded pretrained model
Pretrained model has AUROC / IND / OOD = 0.7556878208208504 / 2.7934911251068115 / 3.532350778579712
Pruned model (before finetuning) has AUROC / IND / OOD = 0.391201778208382 / 9.314431190490723 / 8.722246170043945
Pruned model (after finetuning) has AUROC / IND / OOD = 0.781796501350505 / 4.211874008178711 / 5.506198406219482
Notification sent to chrome.
 
Currently running leave_7_encoder_fc2 experiment. 
Starting the process with remaining connection 1 using tech 3!
Loaded pretrained model
Pretrained model has AUROC / IND / OOD = 0.7556878208208504 / 2.7934911251068115 / 3.532350778579712
Pruned model (before finetuning) has AUROC / IND / OOD = 0.3911701731803744 / 9.314291000366211 / 8.721930503845215
Pruned model (after finetuning) has AUROC / IND / OOD = 0.5082239210271124 / 6.492247581481934 / 6.7856597900390625
Notification sent to chrome.
 
Currently running leave_7_encoder_fc2 experiment. 
Starting the process with remaining connection 2 using tech 3!
Loaded pretrained model
Pretrained model has AUROC / IND / OOD = 0.7556878208208504 / 2.7934911251068115 / 3.532350778579712
Pruned model (before finetuning) has AUROC / IND / OOD = 0.3911701731803744 / 9.314291000366211 / 8.721930503845215
Pruned model (after finetuning) has AUROC / IND / OOD = 0.5123544759224982 / 6.487179756164551 / 6.790573596954346
Notification sent to chrome.
 
Currently running leave_7_encoder_fc2 experiment. 
Starting the process with remaining connection 3 using tech 3!
Loaded pretrained model
Pretrained model has AUROC / IND / OOD = 0.7556878208208504 / 2.7934911251068115 / 3.532350778579712
Pruned model (before finetuning) has AUROC / IND / OOD = 0.3911826959273208 / 9.31408977508545 / 8.7218599319458
Pruned model (after finetuning) has AUROC / IND / OOD = 0.62663766087664 / 5.9734673500061035 / 6.684165954589844
Notification sent to chrome.
 
Currently running leave_7_encoder_fc2 experiment. 
Starting the process with remaining connection 4 using tech 3!
Loaded pretrained model
Pretrained model has AUROC / IND / OOD = 0.7556878208208504 / 2.7934911251068115 / 3.532350778579712
Pruned model (before finetuning) has AUROC / IND / OOD = 0.391274041505696 / 9.314163208007812 / 8.722365379333496
Pruned model (after finetuning) has AUROC / IND / OOD = 0.6371029909740811 / 5.496856689453125 / 6.243137359619141
Notification sent to chrome.
 
Currently running leave_7_encoder_fc2 experiment. 
Starting the process with remaining connection 5 using tech 3!
Loaded pretrained model
Pretrained model has AUROC / IND / OOD = 0.7556878208208504 / 2.7934911251068115 / 3.532350778579712
Pruned model (before finetuning) has AUROC / IND / OOD = 0.3912726320190268 / 9.314177513122559 / 8.722376823425293
Pruned model (after finetuning) has AUROC / IND / OOD = 0.6261367509987839 / 5.46210241317749 / 6.171853065490723
Notification sent to chrome.
 
Currently running leave_7_encoder_fc2 experiment. 
Starting the process with remaining connection 6 using tech 3!
Loaded pretrained model
Pretrained model has AUROC / IND / OOD = 0.7556878208208504 / 2.7934911251068115 / 3.532350778579712
Pruned model (before finetuning) has AUROC / IND / OOD = 0.3912726320190268 / 9.314177513122559 / 8.722376823425293
Pruned model (after finetuning) has AUROC / IND / OOD = 0.7101964217253505 / 5.140390872955322 / 6.171156406402588
Notification sent to chrome.
 
Currently running leave_7_encoder_fc2 experiment. 
Starting the process with remaining connection 7 using tech 3!
Loaded pretrained model
Pretrained model has AUROC / IND / OOD = 0.7556878208208504 / 2.7934911251068115 / 3.532350778579712
Pruned model (before finetuning) has AUROC / IND / OOD = 0.3912647172092684 / 9.314165115356445 / 8.72232723236084
Pruned model (after finetuning) has AUROC / IND / OOD = 0.7017048066531241 / 4.853884220123291 / 5.862837791442871
Notification sent to chrome.
 
Currently running leave_7_encoder_fc2 experiment. 
Starting the process with remaining connection 8 using tech 3!
Loaded pretrained model
Pretrained model has AUROC / IND / OOD = 0.7556878208208504 / 2.7934911251068115 / 3.532350778579712
Pruned model (before finetuning) has AUROC / IND / OOD = 0.3912647172092684 / 9.314165115356445 / 8.72232723236084
Pruned model (after finetuning) has AUROC / IND / OOD = 0.7041227268232687 / 4.838956356048584 / 5.813084602355957
Notification sent to chrome.
 
Currently running leave_7_encoder_fc2 experiment. 
Starting the process with remaining connection 9 using tech 3!
Loaded pretrained model
Pretrained model has AUROC / IND / OOD = 0.7556878208208504 / 2.7934911251068115 / 3.532350778579712
Pruned model (before finetuning) has AUROC / IND / OOD = 0.39125859136335955 / 9.314175605773926 / 8.722298622131348
Pruned model (after finetuning) has AUROC / IND / OOD = 0.753554129058671 / 4.558005332946777 / 5.734186172485352
Notification sent to chrome.
 
Currently running leave_7_encoder_fc2 experiment. 
Starting the process with remaining connection 10 using tech 3!
Loaded pretrained model
Pretrained model has AUROC / IND / OOD = 0.7556878208208504 / 2.7934911251068115 / 3.532350778579712
Pruned model (before finetuning) has AUROC / IND / OOD = 0.39126216929105856 / 9.314245223999023 / 8.722357749938965
Pruned model (after finetuning) has AUROC / IND / OOD = 0.7697761821906806 / 4.462601661682129 / 5.744709491729736
Notification sent to chrome.
 
Currently running leave_7_encoder_fc2 experiment. 
Starting the process with remaining connection 11 using tech 3!
Loaded pretrained model
Pretrained model has AUROC / IND / OOD = 0.7556878208208504 / 2.7934911251068115 / 3.532350778579712
Pruned model (before finetuning) has AUROC / IND / OOD = 0.39126216929105856 / 9.314245223999023 / 8.722357749938965
Pruned model (after finetuning) has AUROC / IND / OOD = 0.7733748185014858 / 4.458662033081055 / 5.6999359130859375
Notification sent to chrome.
 
Currently running leave_7_encoder_fc2 experiment. 
Starting the process with remaining connection 12 using tech 3!
Loaded pretrained model
Pretrained model has AUROC / IND / OOD = 0.7556878208208504 / 2.7934911251068115 / 3.532350778579712
Pruned model (before finetuning) has AUROC / IND / OOD = 0.39125035128744684 / 9.314298629760742 / 8.722341537475586
Pruned model (after finetuning) has AUROC / IND / OOD = 0.7732954535597996 / 4.229484558105469 / 5.386960029602051
Notification sent to chrome.
 
Currently running leave_7_encoder_fc2 experiment. 
Starting the process with remaining connection 13 using tech 3!
Loaded pretrained model
Pretrained model has AUROC / IND / OOD = 0.7556878208208504 / 2.7934911251068115 / 3.532350778579712
Pruned model (before finetuning) has AUROC / IND / OOD = 0.39125181498514183 / 9.314299583435059 / 8.722350120544434
Pruned model (after finetuning) has AUROC / IND / OOD = 0.6909091145648112 / 4.320540904998779 / 5.126891613006592
Notification sent to chrome.
 
Currently running leave_7_encoder_fc2 experiment. 
Starting the process with remaining connection 14 using tech 3!
Loaded pretrained model
Pretrained model has AUROC / IND / OOD = 0.7556878208208504 / 2.7934911251068115 / 3.532350778579712
Pruned model (before finetuning) has AUROC / IND / OOD = 0.39126314508952187 / 9.31428337097168 / 8.722371101379395
Pruned model (after finetuning) has AUROC / IND / OOD = 0.7565032088590358 / 4.230614185333252 / 5.408429145812988
Notification sent to chrome.
 
Currently running leave_7_encoder_fc2 experiment. 
Starting the process with remaining connection 15 using tech 3!
Loaded pretrained model
Pretrained model has AUROC / IND / OOD = 0.7556878208208504 / 2.7934911251068115 / 3.532350778579712
Pruned model (before finetuning) has AUROC / IND / OOD = 0.39126314508952187 / 9.31428337097168 / 8.722371101379395
Pruned model (after finetuning) has AUROC / IND / OOD = 0.7590333458524663 / 4.240032196044922 / 5.314184188842773
Notification sent to chrome.
 
Currently running leave_7_encoder_fc2 experiment. 
Starting the process with remaining connection 16 using tech 3!
Loaded pretrained model
Pretrained model has AUROC / IND / OOD = 0.7556878208208504 / 2.7934911251068115 / 3.532350778579712
Pruned model (before finetuning) has AUROC / IND / OOD = 0.39126314508952187 / 9.31428337097168 / 8.722371101379395
Pruned model (after finetuning) has AUROC / IND / OOD = 0.6884605109540967 / 4.320990562438965 / 5.176455497741699
Notification sent to chrome.
 
Currently running leave_7_encoder_fc2 experiment. 
Starting the process with remaining connection 1 using tech 4!
Loaded pretrained model
Pretrained model has AUROC / IND / OOD = 0.7556878208208504 / 2.7934911251068115 / 3.532350778579712
Pruned model (before finetuning) has AUROC / IND / OOD = 0.3911611199390755 / 9.314384460449219 / 8.721951484680176
Pruned model (after finetuning) has AUROC / IND / OOD = 0.5329599783849799 / 6.528960704803467 / 6.876687526702881
Notification sent to chrome.
 
Currently running leave_7_encoder_fc2 experiment. 
Starting the process with remaining connection 2 using tech 4!
Loaded pretrained model
Pretrained model has AUROC / IND / OOD = 0.7556878208208504 / 2.7934911251068115 / 3.532350778579712
Pruned model (before finetuning) has AUROC / IND / OOD = 0.39194040343411674 / 9.315360069274902 / 8.727591514587402
Pruned model (after finetuning) has AUROC / IND / OOD = 0.6145214424122779 / 6.210915565490723 / 6.804416656494141
Notification sent to chrome.
 
Currently running leave_7_encoder_fc2 experiment. 
Starting the process with remaining connection 3 using tech 4!
Loaded pretrained model
Pretrained model has AUROC / IND / OOD = 0.7556878208208504 / 2.7934911251068115 / 3.532350778579712
Pruned model (before finetuning) has AUROC / IND / OOD = 0.3918567558213968 / 9.315275192260742 / 8.726981163024902
Pruned model (after finetuning) has AUROC / IND / OOD = 0.588517226529228 / 5.905190467834473 / 6.458045482635498
Notification sent to chrome.
 
Currently running leave_7_encoder_fc2 experiment. 
Starting the process with remaining connection 4 using tech 4!
Loaded pretrained model
Pretrained model has AUROC / IND / OOD = 0.7556878208208504 / 2.7934911251068115 / 3.532350778579712
Pruned model (before finetuning) has AUROC / IND / OOD = 0.3918494915439474 / 9.314876556396484 / 8.726539611816406
Pruned model (after finetuning) has AUROC / IND / OOD = 0.6839408293159349 / 5.559410572052002 / 6.489908695220947
Notification sent to chrome.
 
Currently running leave_7_encoder_fc2 experiment. 
Starting the process with remaining connection 5 using tech 4!
Loaded pretrained model
Pretrained model has AUROC / IND / OOD = 0.7556878208208504 / 2.7934911251068115 / 3.532350778579712
Pruned model (before finetuning) has AUROC / IND / OOD = 0.39184672678163457 / 9.314903259277344 / 8.7265625
Pruned model (after finetuning) has AUROC / IND / OOD = 0.7190129234748487 / 5.299176216125488 / 6.293147563934326
Notification sent to chrome.
 
Currently running leave_7_encoder_fc2 experiment. 
Starting the process with remaining connection 6 using tech 4!
Loaded pretrained model
Pretrained model has AUROC / IND / OOD = 0.7556878208208504 / 2.7934911251068115 / 3.532350778579712
Pruned model (before finetuning) has AUROC / IND / OOD = 0.39184672678163457 / 9.314903259277344 / 8.7265625
Pruned model (after finetuning) has AUROC / IND / OOD = 0.7226527601652178 / 5.221915245056152 / 6.277918815612793
Notification sent to chrome.
 
Currently running leave_7_encoder_fc2 experiment. 
Starting the process with remaining connection 7 using tech 4!
Loaded pretrained model
Pretrained model has AUROC / IND / OOD = 0.7556878208208504 / 2.7934911251068115 / 3.532350778579712
Pruned model (before finetuning) has AUROC / IND / OOD = 0.3918472688918919 / 9.314908027648926 / 8.726554870605469
Pruned model (after finetuning) has AUROC / IND / OOD = 0.7284121395400476 / 4.990813255310059 / 6.080534934997559
Notification sent to chrome.
 
Currently running leave_7_encoder_fc2 experiment. 
Starting the process with remaining connection 8 using tech 4!
Loaded pretrained model
Pretrained model has AUROC / IND / OOD = 0.7556878208208504 / 2.7934911251068115 / 3.532350778579712
Pruned model (before finetuning) has AUROC / IND / OOD = 0.39188033761759455 / 9.314711570739746 / 8.726543426513672
Pruned model (after finetuning) has AUROC / IND / OOD = 0.7096145747860616 / 5.064471244812012 / 6.062573432922363
Notification sent to chrome.
 
Currently running leave_7_encoder_fc2 experiment. 
Starting the process with remaining connection 9 using tech 4!
Loaded pretrained model
Pretrained model has AUROC / IND / OOD = 0.7556878208208504 / 2.7934911251068115 / 3.532350778579712
Pruned model (before finetuning) has AUROC / IND / OOD = 0.39192495329178023 / 9.314905166625977 / 8.727079391479492
Pruned model (after finetuning) has AUROC / IND / OOD = 0.7022369962928332 / 5.104515075683594 / 6.0453972816467285
Notification sent to chrome.
 
Currently running leave_7_encoder_fc2 experiment. 
Starting the process with remaining connection 10 using tech 4!
Loaded pretrained model
Pretrained model has AUROC / IND / OOD = 0.7556878208208504 / 2.7934911251068115 / 3.532350778579712
Pruned model (before finetuning) has AUROC / IND / OOD = 0.3919930965511379 / 9.314570426940918 / 8.72704792022705
Pruned model (after finetuning) has AUROC / IND / OOD = 0.6738846840407944 / 5.162657260894775 / 6.023856163024902
Notification sent to chrome.
 
Currently running leave_7_encoder_fc2 experiment. 
Starting the process with remaining connection 11 using tech 4!
Loaded pretrained model
Pretrained model has AUROC / IND / OOD = 0.7556878208208504 / 2.7934911251068115 / 3.532350778579712
Pruned model (before finetuning) has AUROC / IND / OOD = 0.39202296682632176 / 9.315712928771973 / 8.728205680847168
Pruned model (after finetuning) has AUROC / IND / OOD = 0.7009905221779476 / 5.040900707244873 / 6.03747034072876
Notification sent to chrome.
 
Currently running leave_7_encoder_fc2 experiment. 
Starting the process with remaining connection 12 using tech 4!
Loaded pretrained model
Pretrained model has AUROC / IND / OOD = 0.7556878208208504 / 2.7934911251068115 / 3.532350778579712
Pruned model (before finetuning) has AUROC / IND / OOD = 0.39207148569436084 / 9.315303802490234 / 8.728109359741211
Pruned model (after finetuning) has AUROC / IND / OOD = 0.7491331656983855 / 4.600375652313232 / 5.706845760345459
Notification sent to chrome.
 
Currently running leave_7_encoder_fc2 experiment. 
Starting the process with remaining connection 13 using tech 4!
Loaded pretrained model
Pretrained model has AUROC / IND / OOD = 0.7556878208208504 / 2.7934911251068115 / 3.532350778579712
Pruned model (before finetuning) has AUROC / IND / OOD = 0.39206942567538267 / 9.315335273742676 / 8.728156089782715
Pruned model (after finetuning) has AUROC / IND / OOD = 0.72240268470347 / 4.975046634674072 / 6.069686412811279
Notification sent to chrome.
 
Currently running leave_7_encoder_fc2 experiment. 
Starting the process with remaining connection 14 using tech 4!
Loaded pretrained model
Pretrained model has AUROC / IND / OOD = 0.7556878208208504 / 2.7934911251068115 / 3.532350778579712
Pruned model (before finetuning) has AUROC / IND / OOD = 0.3920747383559054 / 9.315309524536133 / 8.728150367736816
Pruned model (after finetuning) has AUROC / IND / OOD = 0.7346255362554667 / 4.948427200317383 / 6.10648250579834
Notification sent to chrome.
 
Currently running leave_7_encoder_fc2 experiment. 
Starting the process with remaining connection 15 using tech 4!
Loaded pretrained model
Pretrained model has AUROC / IND / OOD = 0.7556878208208504 / 2.7934911251068115 / 3.532350778579712
Pruned model (before finetuning) has AUROC / IND / OOD = 0.39203776643634936 / 9.315511703491211 / 8.728294372558594
Pruned model (after finetuning) has AUROC / IND / OOD = 0.751375658989229 / 4.70806884765625 / 5.9063191413879395
Notification sent to chrome.
 
Currently running leave_7_encoder_fc2 experiment. 
Starting the process with remaining connection 16 using tech 4!
Loaded pretrained model
Pretrained model has AUROC / IND / OOD = 0.7556878208208504 / 2.7934911251068115 / 3.532350778579712
Pruned model (before finetuning) has AUROC / IND / OOD = 0.3920396096112246 / 9.31550121307373 / 8.728297233581543
Pruned model (after finetuning) has AUROC / IND / OOD = 0.7510628613706976 / 4.691030025482178 / 5.854764938354492
Notification sent to chrome.
 
Currently running leave_7_encoder_fc2 experiment. 
Starting the process with remaining connection 1 using tech 5!
Loaded pretrained model
Pretrained model has AUROC / IND / OOD = 0.7556878208208504 / 2.7934911251068115 / 3.532350778579712
Pruned model (before finetuning) has AUROC / IND / OOD = 0.3911611199390755 / 9.314384460449219 / 8.721951484680176
Pruned model (after finetuning) has AUROC / IND / OOD = 0.5459520843922554 / 6.523791790008545 / 6.922787189483643
Notification sent to chrome.
 
Currently running leave_7_encoder_fc2 experiment. 
Starting the process with remaining connection 2 using tech 5!
Loaded pretrained model
Pretrained model has AUROC / IND / OOD = 0.7556878208208504 / 2.7934911251068115 / 3.532350778579712
Pruned model (before finetuning) has AUROC / IND / OOD = 0.39194040343411674 / 9.315360069274902 / 8.727591514587402
Pruned model (after finetuning) has AUROC / IND / OOD = 0.6402623011322732 / 5.943029403686523 / 6.6829094886779785
Notification sent to chrome.
 
Currently running leave_7_encoder_fc2 experiment. 
Starting the process with remaining connection 3 using tech 5!
Loaded pretrained model
Pretrained model has AUROC / IND / OOD = 0.7556878208208504 / 2.7934911251068115 / 3.532350778579712
Pruned model (before finetuning) has AUROC / IND / OOD = 0.3918567558213968 / 9.315275192260742 / 8.726981163024902
Pruned model (after finetuning) has AUROC / IND / OOD = 0.5802101457886273 / 5.9377570152282715 / 6.455576419830322
Notification sent to chrome.
 
Currently running leave_7_encoder_fc2 experiment. 
Starting the process with remaining connection 4 using tech 5!
Loaded pretrained model
Pretrained model has AUROC / IND / OOD = 0.7556878208208504 / 2.7934911251068115 / 3.532350778579712
Pruned model (before finetuning) has AUROC / IND / OOD = 0.3918494915439474 / 9.314876556396484 / 8.726539611816406
Pruned model (after finetuning) has AUROC / IND / OOD = 0.6810614106836487 / 5.508922100067139 / 6.417547702789307
Notification sent to chrome.
 
Currently running leave_7_encoder_fc2 experiment. 
Starting the process with remaining connection 5 using tech 5!
Loaded pretrained model
Pretrained model has AUROC / IND / OOD = 0.7556878208208504 / 2.7934911251068115 / 3.532350778579712
Pruned model (before finetuning) has AUROC / IND / OOD = 0.39184672678163457 / 9.314903259277344 / 8.7265625
Pruned model (after finetuning) has AUROC / IND / OOD = 0.6816104599523637 / 5.19614839553833 / 6.083742141723633
Notification sent to chrome.
 
Currently running leave_7_encoder_fc2 experiment. 
Starting the process with remaining connection 6 using tech 5!
Loaded pretrained model
Pretrained model has AUROC / IND / OOD = 0.7556878208208504 / 2.7934911251068115 / 3.532350778579712
Pruned model (before finetuning) has AUROC / IND / OOD = 0.39184672678163457 / 9.314903259277344 / 8.7265625
Pruned model (after finetuning) has AUROC / IND / OOD = 0.7287235818829354 / 5.423222064971924 / 6.599817276000977
Notification sent to chrome.
 
Currently running leave_7_encoder_fc2 experiment. 
Starting the process with remaining connection 7 using tech 5!
Loaded pretrained model
Pretrained model has AUROC / IND / OOD = 0.7556878208208504 / 2.7934911251068115 / 3.532350778579712
Pruned model (before finetuning) has AUROC / IND / OOD = 0.3918916677219746 / 9.31509780883789 / 8.727099418640137
Pruned model (after finetuning) has AUROC / IND / OOD = 0.6254720696121614 / 5.616901874542236 / 6.2772440910339355
Notification sent to chrome.
 
Currently running leave_7_encoder_fc2 experiment. 
Starting the process with remaining connection 8 using tech 5!
Loaded pretrained model
Pretrained model has AUROC / IND / OOD = 0.7556878208208504 / 2.7934911251068115 / 3.532350778579712
Pruned model (before finetuning) has AUROC / IND / OOD = 0.39192668804460395 / 9.314888954162598 / 8.727087020874023
Pruned model (after finetuning) has AUROC / IND / OOD = 0.7133670077768968 / 5.072478294372559 / 6.076166152954102
Notification sent to chrome.
 
Currently running leave_7_encoder_fc2 experiment. 
Starting the process with remaining connection 9 using tech 5!
Loaded pretrained model
Pretrained model has AUROC / IND / OOD = 0.7556878208208504 / 2.7934911251068115 / 3.532350778579712
Pruned model (before finetuning) has AUROC / IND / OOD = 0.3919942891937042 / 9.314553260803223 / 8.727056503295898
Pruned model (after finetuning) has AUROC / IND / OOD = 0.7185389022657607 / 5.028814315795898 / 6.059831619262695
Notification sent to chrome.
 
Currently running leave_7_encoder_fc2 experiment. 
Starting the process with remaining connection 10 using tech 5!
Loaded pretrained model
Pretrained model has AUROC / IND / OOD = 0.7556878208208504 / 2.7934911251068115 / 3.532350778579712
Pruned model (before finetuning) has AUROC / IND / OOD = 0.39202199102785845 / 9.315695762634277 / 8.7282133102417
Pruned model (after finetuning) has AUROC / IND / OOD = 0.707193510376424 / 5.030121803283691 / 6.019704341888428
Notification sent to chrome.
 
Currently running leave_7_encoder_fc2 experiment. 
Starting the process with remaining connection 11 using tech 5!
Loaded pretrained model
Pretrained model has AUROC / IND / OOD = 0.7556878208208504 / 2.7934911251068115 / 3.532350778579712
Pruned model (before finetuning) has AUROC / IND / OOD = 0.3920702930517945 / 9.315286636352539 / 8.728116989135742
Pruned model (after finetuning) has AUROC / IND / OOD = 0.7438060650428224 / 4.714158535003662 / 5.856639385223389
Notification sent to chrome.
 
Currently running leave_7_encoder_fc2 experiment. 
Starting the process with remaining connection 12 using tech 5!
Loaded pretrained model
Pretrained model has AUROC / IND / OOD = 0.7556878208208504 / 2.7934911251068115 / 3.532350778579712
Pruned model (before finetuning) has AUROC / IND / OOD = 0.3920681246107648 / 9.315320014953613 / 8.728163719177246
Pruned model (after finetuning) has AUROC / IND / OOD = 0.7547938810063648 / 4.726503849029541 / 5.889155387878418
Notification sent to chrome.
 
Currently running leave_7_encoder_fc2 experiment. 
Starting the process with remaining connection 13 using tech 5!
Loaded pretrained model
Pretrained model has AUROC / IND / OOD = 0.7556878208208504 / 2.7934911251068115 / 3.532350778579712
Pruned model (before finetuning) has AUROC / IND / OOD = 0.39206942567538267 / 9.315335273742676 / 8.728156089782715
Pruned model (after finetuning) has AUROC / IND / OOD = 0.7261165736550028 / 4.955371379852295 / 6.082173824310303
Notification sent to chrome.
 
Currently running leave_7_encoder_fc2 experiment. 
Starting the process with remaining connection 14 using tech 5!
Loaded pretrained model
Pretrained model has AUROC / IND / OOD = 0.7556878208208504 / 2.7934911251068115 / 3.532350778579712
Pruned model (before finetuning) has AUROC / IND / OOD = 0.3920747383559054 / 9.315309524536133 / 8.728150367736816
Pruned model (after finetuning) has AUROC / IND / OOD = 0.735430841042864 / 4.810177803039551 / 5.938665390014648
Notification sent to chrome.
 
Currently running leave_7_encoder_fc2 experiment. 
Starting the process with remaining connection 15 using tech 5!
Loaded pretrained model
Pretrained model has AUROC / IND / OOD = 0.7556878208208504 / 2.7934911251068115 / 3.532350778579712
Pruned model (before finetuning) has AUROC / IND / OOD = 0.39208135210104583 / 9.315255165100098 / 8.728143692016602
Pruned model (after finetuning) has AUROC / IND / OOD = 0.7587260235475348 / 4.478209972381592 / 5.636697769165039
Notification sent to chrome.
 
Currently running leave_7_encoder_fc2 experiment. 
Starting the process with remaining connection 16 using tech 5!
Loaded pretrained model
Pretrained model has AUROC / IND / OOD = 0.7556878208208504 / 2.7934911251068115 / 3.532350778579712
Pruned model (before finetuning) has AUROC / IND / OOD = 0.3921028196672397 / 9.315110206604004 / 8.728067398071289
Pruned model (after finetuning) has AUROC / IND / OOD = 0.7707112681737044 / 4.395791053771973 / 5.625667095184326
Notification sent to chrome.
 
Currently running leave_7_encoder_fc2 experiment. 
Starting the process with remaining connection 1 using tech 6!
Loaded pretrained model
Pretrained model has AUROC / IND / OOD = 0.7556878208208504 / 2.7934911251068115 / 3.532350778579712
Pruned model (before finetuning) has AUROC / IND / OOD = 0.3911640473344655 / 9.314340591430664 / 8.721924781799316
Pruned model (after finetuning) has AUROC / IND / OOD = 0.48146937033676757 / 7.230423450469971 / 7.10071325302124
Notification sent to chrome.
 
Currently running leave_7_encoder_fc2 experiment. 
Starting the process with remaining connection 2 using tech 6!
Loaded pretrained model
Pretrained model has AUROC / IND / OOD = 0.7556878208208504 / 2.7934911251068115 / 3.532350778579712
Pruned model (before finetuning) has AUROC / IND / OOD = 0.3911640473344655 / 9.314340591430664 / 8.721924781799316
Pruned model (after finetuning) has AUROC / IND / OOD = 0.4831041038180175 / 7.231128692626953 / 7.10928201675415
Notification sent to chrome.
 
Currently running leave_7_encoder_fc2 experiment. 
Starting the process with remaining connection 3 using tech 6!
Loaded pretrained model
Pretrained model has AUROC / IND / OOD = 0.7556878208208504 / 2.7934911251068115 / 3.532350778579712
Pruned model (before finetuning) has AUROC / IND / OOD = 0.3911640473344655 / 9.314340591430664 / 8.721924781799316
Pruned model (after finetuning) has AUROC / IND / OOD = 0.4777230631918411 / 7.231651782989502 / 7.092522621154785
Notification sent to chrome.
 
Currently running leave_7_encoder_fc2 experiment. 
Starting the process with remaining connection 4 using tech 6!
Loaded pretrained model
Pretrained model has AUROC / IND / OOD = 0.7556878208208504 / 2.7934911251068115 / 3.532350778579712
Pruned model (before finetuning) has AUROC / IND / OOD = 0.3911640473344655 / 9.314340591430664 / 8.721924781799316
Pruned model (after finetuning) has AUROC / IND / OOD = 0.49089075871149496 / 7.231129169464111 / 7.13405704498291
Notification sent to chrome.
 
Currently running leave_7_encoder_fc2 experiment. 
Starting the process with remaining connection 5 using tech 6!
Loaded pretrained model
Pretrained model has AUROC / IND / OOD = 0.7556878208208504 / 2.7934911251068115 / 3.532350778579712
Pruned model (before finetuning) has AUROC / IND / OOD = 0.3911640473344655 / 9.314340591430664 / 8.721924781799316
Pruned model (after finetuning) has AUROC / IND / OOD = 0.47467016927718053 / 7.233214855194092 / 7.0878753662109375
Notification sent to chrome.
 
Currently running leave_7_encoder_fc2 experiment. 
Starting the process with remaining connection 6 using tech 6!
Loaded pretrained model
Pretrained model has AUROC / IND / OOD = 0.7556878208208504 / 2.7934911251068115 / 3.532350778579712
Pruned model (before finetuning) has AUROC / IND / OOD = 0.3911640473344655 / 9.314340591430664 / 8.721924781799316
Pruned model (after finetuning) has AUROC / IND / OOD = 0.4848174432865933 / 7.230538368225098 / 7.117043972015381
Notification sent to chrome.
 
Currently running leave_7_encoder_fc2 experiment. 
Starting the process with remaining connection 7 using tech 6!
Loaded pretrained model
Pretrained model has AUROC / IND / OOD = 0.7556878208208504 / 2.7934911251068115 / 3.532350778579712
Pruned model (before finetuning) has AUROC / IND / OOD = 0.3911640473344655 / 9.314340591430664 / 8.721924781799316
Pruned model (after finetuning) has AUROC / IND / OOD = 0.4788288596949264 / 7.234549045562744 / 7.100906848907471
Notification sent to chrome.
 
Currently running leave_7_encoder_fc2 experiment. 
Starting the process with remaining connection 8 using tech 6!
Loaded pretrained model
Pretrained model has AUROC / IND / OOD = 0.7556878208208504 / 2.7934911251068115 / 3.532350778579712
Pruned model (before finetuning) has AUROC / IND / OOD = 0.3911640473344655 / 9.314340591430664 / 8.721924781799316
Pruned model (after finetuning) has AUROC / IND / OOD = 0.4790393611078825 / 7.230997562408447 / 7.096419334411621
Notification sent to chrome.
 
Currently running leave_7_encoder_fc2 experiment. 
Starting the process with remaining connection 9 using tech 6!
Loaded pretrained model
Pretrained model has AUROC / IND / OOD = 0.7556878208208504 / 2.7934911251068115 / 3.532350778579712
Pruned model (before finetuning) has AUROC / IND / OOD = 0.3911640473344655 / 9.314340591430664 / 8.721924781799316
Pruned model (after finetuning) has AUROC / IND / OOD = 0.47382946468997367 / 7.23346471786499 / 7.079643726348877
Notification sent to chrome.
 
Currently running leave_7_encoder_fc2 experiment. 
Starting the process with remaining connection 10 using tech 6!
Loaded pretrained model
Pretrained model has AUROC / IND / OOD = 0.7556878208208504 / 2.7934911251068115 / 3.532350778579712
Pruned model (before finetuning) has AUROC / IND / OOD = 0.3911640473344655 / 9.314340591430664 / 8.721924781799316
Pruned model (after finetuning) has AUROC / IND / OOD = 0.47589295317381697 / 7.232635498046875 / 7.085667610168457
Notification sent to chrome.
 
Currently running leave_7_encoder_fc2 experiment. 
Starting the process with remaining connection 11 using tech 6!
Loaded pretrained model
Pretrained model has AUROC / IND / OOD = 0.7556878208208504 / 2.7934911251068115 / 3.532350778579712
Pruned model (before finetuning) has AUROC / IND / OOD = 0.3911640473344655 / 9.314340591430664 / 8.721924781799316
Pruned model (after finetuning) has AUROC / IND / OOD = 0.4880247302025671 / 7.229709148406982 / 7.120553016662598
Notification sent to chrome.
 
Currently running leave_7_encoder_fc2 experiment. 
Starting the process with remaining connection 12 using tech 6!
Loaded pretrained model
Pretrained model has AUROC / IND / OOD = 0.7556878208208504 / 2.7934911251068115 / 3.532350778579712
Pruned model (before finetuning) has AUROC / IND / OOD = 0.3911640473344655 / 9.314340591430664 / 8.721924781799316
Pruned model (after finetuning) has AUROC / IND / OOD = 0.477670966396103 / 7.23142147064209 / 7.097282409667969
Notification sent to chrome.
 
Currently running leave_7_encoder_fc2 experiment. 
Starting the process with remaining connection 13 using tech 6!
Loaded pretrained model
Pretrained model has AUROC / IND / OOD = 0.7556878208208504 / 2.7934911251068115 / 3.532350778579712
Pruned model (before finetuning) has AUROC / IND / OOD = 0.3911640473344655 / 9.314340591430664 / 8.721924781799316
Pruned model (after finetuning) has AUROC / IND / OOD = 0.48218425113322727 / 7.231653690338135 / 7.107671737670898
Notification sent to chrome.
 
Currently running leave_7_encoder_fc2 experiment. 
Starting the process with remaining connection 14 using tech 6!
Loaded pretrained model
Pretrained model has AUROC / IND / OOD = 0.7556878208208504 / 2.7934911251068115 / 3.532350778579712
Pruned model (before finetuning) has AUROC / IND / OOD = 0.3911640473344655 / 9.314340591430664 / 8.721924781799316
Pruned model (after finetuning) has AUROC / IND / OOD = 0.4810412116554572 / 7.2340989112854 / 7.104210376739502
Notification sent to chrome.
 
Currently running leave_7_encoder_fc2 experiment. 
Starting the process with remaining connection 15 using tech 6!
Loaded pretrained model
Pretrained model has AUROC / IND / OOD = 0.7556878208208504 / 2.7934911251068115 / 3.532350778579712
Pruned model (before finetuning) has AUROC / IND / OOD = 0.3911640473344655 / 9.314340591430664 / 8.721924781799316
Pruned model (after finetuning) has AUROC / IND / OOD = 0.49036442386256596 / 7.2319159507751465 / 7.130841255187988
Notification sent to chrome.
 
Currently running leave_7_encoder_fc2 experiment. 
Starting the process with remaining connection 16 using tech 6!
Loaded pretrained model
Pretrained model has AUROC / IND / OOD = 0.7556878208208504 / 2.7934911251068115 / 3.532350778579712
Pruned model (before finetuning) has AUROC / IND / OOD = 0.3911640473344655 / 9.314340591430664 / 8.721924781799316
Pruned model (after finetuning) has AUROC / IND / OOD = 0.4800968013760059 / 7.229748725891113 / 7.0987443923950195
Notification sent to chrome.
 
Currently running leave_7_encoder_fc2 experiment. 
Starting the process with remaining connection 1 using tech 7!
Loaded pretrained model
Pretrained model has AUROC / IND / OOD = 0.7556878208208504 / 2.7934911251068115 / 3.532350778579712
Pruned model (before finetuning) has AUROC / IND / OOD = 0.3911640473344655 / 9.314340591430664 / 8.721924781799316
Pruned model (after finetuning) has AUROC / IND / OOD = 0.483878508320742 / 7.2310051918029785 / 7.107972621917725
Notification sent to chrome.
 
Currently running leave_7_encoder_fc2 experiment. 
Starting the process with remaining connection 2 using tech 7!
Loaded pretrained model
Pretrained model has AUROC / IND / OOD = 0.7556878208208504 / 2.7934911251068115 / 3.532350778579712
Pruned model (before finetuning) has AUROC / IND / OOD = 0.3911640473344655 / 9.314340591430664 / 8.721924781799316
Pruned model (after finetuning) has AUROC / IND / OOD = 0.4838988916664209 / 7.230698108673096 / 7.110013008117676
Notification sent to chrome.
 
Currently running leave_7_encoder_fc2 experiment. 
Starting the process with remaining connection 3 using tech 7!
Loaded pretrained model
Pretrained model has AUROC / IND / OOD = 0.7556878208208504 / 2.7934911251068115 / 3.532350778579712
Pruned model (before finetuning) has AUROC / IND / OOD = 0.3911640473344655 / 9.314340591430664 / 8.721924781799316
Pruned model (after finetuning) has AUROC / IND / OOD = 0.4746919621095288 / 7.23405122756958 / 7.084888935089111
Notification sent to chrome.
 
Currently running leave_7_encoder_fc2 experiment. 
Starting the process with remaining connection 4 using tech 7!
Loaded pretrained model
Pretrained model has AUROC / IND / OOD = 0.7556878208208504 / 2.7934911251068115 / 3.532350778579712
Pruned model (before finetuning) has AUROC / IND / OOD = 0.3911640473344655 / 9.314340591430664 / 8.721924781799316
Pruned model (after finetuning) has AUROC / IND / OOD = 0.48598276349594327 / 7.230489730834961 / 7.115846157073975
Notification sent to chrome.
 
Currently running leave_7_encoder_fc2 experiment. 
Starting the process with remaining connection 5 using tech 7!
Loaded pretrained model
Pretrained model has AUROC / IND / OOD = 0.7556878208208504 / 2.7934911251068115 / 3.532350778579712
Pruned model (before finetuning) has AUROC / IND / OOD = 0.3911640473344655 / 9.314340591430664 / 8.721924781799316
Pruned model (after finetuning) has AUROC / IND / OOD = 0.4823681349325442 / 7.230014801025391 / 7.106545448303223
Notification sent to chrome.
 
Currently running leave_7_encoder_fc2 experiment. 
Starting the process with remaining connection 6 using tech 7!
Loaded pretrained model
Pretrained model has AUROC / IND / OOD = 0.7556878208208504 / 2.7934911251068115 / 3.532350778579712
Pruned model (before finetuning) has AUROC / IND / OOD = 0.3911640473344655 / 9.314340591430664 / 8.721924781799316
Pruned model (after finetuning) has AUROC / IND / OOD = 0.4803400462485103 / 7.231506824493408 / 7.10208797454834
Notification sent to chrome.
 
Currently running leave_7_encoder_fc2 experiment. 
Starting the process with remaining connection 7 using tech 7!
Loaded pretrained model
Pretrained model has AUROC / IND / OOD = 0.7556878208208504 / 2.7934911251068115 / 3.532350778579712
Pruned model (before finetuning) has AUROC / IND / OOD = 0.3911640473344655 / 9.314340591430664 / 8.721924781799316
Pruned model (after finetuning) has AUROC / IND / OOD = 0.4733018287764268 / 7.230430603027344 / 7.078979015350342
Notification sent to chrome.
 
Currently running leave_7_encoder_fc2 experiment. 
Starting the process with remaining connection 8 using tech 7!
Loaded pretrained model
Pretrained model has AUROC / IND / OOD = 0.7556878208208504 / 2.7934911251068115 / 3.532350778579712
Pruned model (before finetuning) has AUROC / IND / OOD = 0.3911640473344655 / 9.314340591430664 / 8.721924781799316
Pruned model (after finetuning) has AUROC / IND / OOD = 0.48450632620986 / 7.230214595794678 / 7.114478588104248
Notification sent to chrome.
 
Currently running leave_7_encoder_fc2 experiment. 
Starting the process with remaining connection 9 using tech 7!
Loaded pretrained model
Pretrained model has AUROC / IND / OOD = 0.7556878208208504 / 2.7934911251068115 / 3.532350778579712
Pruned model (before finetuning) has AUROC / IND / OOD = 0.3911640473344655 / 9.314340591430664 / 8.721924781799316
Pruned model (after finetuning) has AUROC / IND / OOD = 0.4789197715850957 / 7.233720302581787 / 7.099955081939697
Notification sent to chrome.
 
Currently running leave_7_encoder_fc2 experiment. 
Starting the process with remaining connection 10 using tech 7!
Loaded pretrained model
Pretrained model has AUROC / IND / OOD = 0.7556878208208504 / 2.7934911251068115 / 3.532350778579712
Pruned model (before finetuning) has AUROC / IND / OOD = 0.3911640473344655 / 9.314340591430664 / 8.721924781799316
Pruned model (after finetuning) has AUROC / IND / OOD = 0.4806429232493308 / 7.230161666870117 / 7.100079536437988
Notification sent to chrome.
 
Currently running leave_7_encoder_fc2 experiment. 
Starting the process with remaining connection 11 using tech 7!
Loaded pretrained model
Pretrained model has AUROC / IND / OOD = 0.7556878208208504 / 2.7934911251068115 / 3.532350778579712
Pruned model (before finetuning) has AUROC / IND / OOD = 0.3911640473344655 / 9.314340591430664 / 8.721924781799316
Pruned model (after finetuning) has AUROC / IND / OOD = 0.47465119541817086 / 7.230935573577881 / 7.081414222717285
Notification sent to chrome.
 
Currently running leave_7_encoder_fc2 experiment. 
Starting the process with remaining connection 12 using tech 7!
Loaded pretrained model
Pretrained model has AUROC / IND / OOD = 0.7556878208208504 / 2.7934911251068115 / 3.532350778579712
Pruned model (before finetuning) has AUROC / IND / OOD = 0.3911640473344655 / 9.314340591430664 / 8.721924781799316
Pruned model (after finetuning) has AUROC / IND / OOD = 0.47835109792506214 / 7.231908321380615 / 7.098999500274658
Notification sent to chrome.
 
Currently running leave_7_encoder_fc2 experiment. 
Starting the process with remaining connection 13 using tech 7!
Loaded pretrained model
Pretrained model has AUROC / IND / OOD = 0.7556878208208504 / 2.7934911251068115 / 3.532350778579712
Pruned model (before finetuning) has AUROC / IND / OOD = 0.3911640473344655 / 9.314340591430664 / 8.721924781799316
Pruned model (after finetuning) has AUROC / IND / OOD = 0.48754371577115835 / 7.232954978942871 / 7.123593330383301
Notification sent to chrome.
 
Currently running leave_7_encoder_fc2 experiment. 
Starting the process with remaining connection 14 using tech 7!
Loaded pretrained model
Pretrained model has AUROC / IND / OOD = 0.7556878208208504 / 2.7934911251068115 / 3.532350778579712
Pruned model (before finetuning) has AUROC / IND / OOD = 0.3911640473344655 / 9.314340591430664 / 8.721924781799316
Pruned model (after finetuning) has AUROC / IND / OOD = 0.4831695365260881 / 7.2320427894592285 / 7.113276481628418
Notification sent to chrome.
 
Currently running leave_7_encoder_fc2 experiment. 
Starting the process with remaining connection 15 using tech 7!
Loaded pretrained model
Pretrained model has AUROC / IND / OOD = 0.7556878208208504 / 2.7934911251068115 / 3.532350778579712
Pruned model (before finetuning) has AUROC / IND / OOD = 0.3911640473344655 / 9.314340591430664 / 8.721924781799316
Pruned model (after finetuning) has AUROC / IND / OOD = 0.47852750060282656 / 7.232339859008789 / 7.0959577560424805
Notification sent to chrome.
 
Currently running leave_7_encoder_fc2 experiment. 
Starting the process with remaining connection 16 using tech 7!
Loaded pretrained model
Pretrained model has AUROC / IND / OOD = 0.7556878208208504 / 2.7934911251068115 / 3.532350778579712
Pruned model (before finetuning) has AUROC / IND / OOD = 0.3911640473344655 / 9.314340591430664 / 8.721924781799316
Pruned model (after finetuning) has AUROC / IND / OOD = 0.4873461707933545 / 7.231118679046631 / 7.120969772338867
Notification sent to chrome.
 
Currently running leave_7_encoder_fc2 experiment. 
Starting the process with remaining connection 1 using tech 8!
Loaded pretrained model
Pretrained model has AUROC / IND / OOD = 0.7556878208208504 / 2.7934911251068115 / 3.532350778579712
Pruned model (before finetuning) has AUROC / IND / OOD = 0.3911640473344655 / 9.314340591430664 / 8.721924781799316
Pruned model (after finetuning) has AUROC / IND / OOD = 0.4796908150042241 / 7.230143070220947 / 7.100901126861572
Notification sent to chrome.
 
Currently running leave_7_encoder_fc2 experiment. 
Starting the process with remaining connection 2 using tech 8!
Loaded pretrained model
Pretrained model has AUROC / IND / OOD = 0.7556878208208504 / 2.7934911251068115 / 3.532350778579712
Pruned model (before finetuning) has AUROC / IND / OOD = 0.3911640473344655 / 9.314340591430664 / 8.721924781799316
Pruned model (after finetuning) has AUROC / IND / OOD = 0.48171597629286794 / 7.235239028930664 / 7.110595703125
Notification sent to chrome.
 
Currently running leave_7_encoder_fc2 experiment. 
Starting the process with remaining connection 3 using tech 8!
Loaded pretrained model
Pretrained model has AUROC / IND / OOD = 0.7556878208208504 / 2.7934911251068115 / 3.532350778579712
Pruned model (before finetuning) has AUROC / IND / OOD = 0.3911279970023471 / 9.3145112991333 / 8.72192096710205
Pruned model (after finetuning) has AUROC / IND / OOD = 0.6109056212063124 / 5.961690902709961 / 6.62042236328125
Notification sent to chrome.
 
Currently running leave_7_encoder_fc2 experiment. 
Starting the process with remaining connection 4 using tech 8!
Loaded pretrained model
Pretrained model has AUROC / IND / OOD = 0.7556878208208504 / 2.7934911251068115 / 3.532350778579712
Pruned model (before finetuning) has AUROC / IND / OOD = 0.391206819833776 / 9.314380645751953 / 8.722197532653809
Pruned model (after finetuning) has AUROC / IND / OOD = 0.5656771455856612 / 5.9897379875183105 / 6.439885139465332
Notification sent to chrome.
 
Currently running leave_7_encoder_fc2 experiment. 
Starting the process with remaining connection 5 using tech 8!
Loaded pretrained model
Pretrained model has AUROC / IND / OOD = 0.7556878208208504 / 2.7934911251068115 / 3.532350778579712
Pruned model (before finetuning) has AUROC / IND / OOD = 0.3911516330095706 / 9.314523696899414 / 8.722006797790527
Pruned model (after finetuning) has AUROC / IND / OOD = 0.5756309404442008 / 5.967038154602051 / 6.415674209594727
Notification sent to chrome.
 
Currently running leave_7_encoder_fc2 experiment. 
Starting the process with remaining connection 6 using tech 8!
Loaded pretrained model
Pretrained model has AUROC / IND / OOD = 0.7556878208208504 / 2.7934911251068115 / 3.532350778579712
Pruned model (before finetuning) has AUROC / IND / OOD = 0.3911624752147191 / 9.31434440612793 / 8.72192096710205
Pruned model (after finetuning) has AUROC / IND / OOD = 0.49664927070991294 / 6.498228073120117 / 6.746262550354004
Notification sent to chrome.
 
Currently running leave_7_encoder_fc2 experiment. 
Starting the process with remaining connection 7 using tech 8!
Loaded pretrained model
Pretrained model has AUROC / IND / OOD = 0.7556878208208504 / 2.7934911251068115 / 3.532350778579712
Pruned model (before finetuning) has AUROC / IND / OOD = 0.39116323416907944 / 9.314274787902832 / 8.72183895111084
Pruned model (after finetuning) has AUROC / IND / OOD = 0.6158851749758436 / 5.954731464385986 / 6.648787021636963
Notification sent to chrome.
 
Currently running leave_7_encoder_fc2 experiment. 
Starting the process with remaining connection 8 using tech 8!
Loaded pretrained model
Pretrained model has AUROC / IND / OOD = 0.7556878208208504 / 2.7934911251068115 / 3.532350778579712
Pruned model (before finetuning) has AUROC / IND / OOD = 0.3911789553665446 / 9.314464569091797 / 8.722074508666992
Pruned model (after finetuning) has AUROC / IND / OOD = 0.7823160056101907 / 4.682638645172119 / 6.061441898345947
Notification sent to chrome.
 
Currently running leave_7_encoder_fc2 experiment. 
Starting the process with remaining connection 9 using tech 8!
Loaded pretrained model
Pretrained model has AUROC / IND / OOD = 0.7556878208208504 / 2.7934911251068115 / 3.532350778579712
Pruned model (before finetuning) has AUROC / IND / OOD = 0.3911514703764934 / 9.314383506774902 / 8.721891403198242
Pruned model (after finetuning) has AUROC / IND / OOD = 0.6302872013406169 / 5.905812740325928 / 6.634393215179443
Notification sent to chrome.
 
Currently running leave_7_encoder_fc2 experiment. 
Starting the process with remaining connection 10 using tech 8!
Loaded pretrained model
Pretrained model has AUROC / IND / OOD = 0.7556878208208504 / 2.7934911251068115 / 3.532350778579712
Pruned model (before finetuning) has AUROC / IND / OOD = 0.3909914936395288 / 9.314804077148438 / 8.721380233764648
Pruned model (after finetuning) has AUROC / IND / OOD = 0.7117809015857376 / 5.018472671508789 / 6.104897975921631
Notification sent to chrome.
 
Currently running leave_7_encoder_fc2 experiment. 
Starting the process with remaining connection 11 using tech 8!
Loaded pretrained model
Pretrained model has AUROC / IND / OOD = 0.7556878208208504 / 2.7934911251068115 / 3.532350778579712
Pruned model (before finetuning) has AUROC / IND / OOD = 0.39120123609812457 / 9.314098358154297 / 8.72194766998291
Pruned model (after finetuning) has AUROC / IND / OOD = 0.778752769099195 / 4.46596622467041 / 5.794555187225342
Notification sent to chrome.
 
Currently running leave_7_encoder_fc2 experiment. 
Starting the process with remaining connection 12 using tech 8!
Loaded pretrained model
Pretrained model has AUROC / IND / OOD = 0.7556878208208504 / 2.7934911251068115 / 3.532350778579712
Pruned model (before finetuning) has AUROC / IND / OOD = 0.3910310676883204 / 9.315194129943848 / 8.72188663482666
Pruned model (after finetuning) has AUROC / IND / OOD = 0.6889050955762067 / 5.048990249633789 / 6.043459892272949
Notification sent to chrome.
 
Currently running leave_7_encoder_fc2 experiment. 
Starting the process with remaining connection 13 using tech 8!
Loaded pretrained model
Pretrained model has AUROC / IND / OOD = 0.7556878208208504 / 2.7934911251068115 / 3.532350778579712
Pruned model (before finetuning) has AUROC / IND / OOD = 0.3911210579910521 / 9.314423561096191 / 8.721723556518555
Pruned model (after finetuning) has AUROC / IND / OOD = 0.7913869739145218 / 4.264433860778809 / 5.617824077606201
Notification sent to chrome.
 
Currently running leave_7_encoder_fc2 experiment. 
Starting the process with remaining connection 14 using tech 8!
Loaded pretrained model
Pretrained model has AUROC / IND / OOD = 0.7556878208208504 / 2.7934911251068115 / 3.532350778579712
Pruned model (before finetuning) has AUROC / IND / OOD = 0.3911618246824101 / 9.314386367797852 / 8.721989631652832
Pruned model (after finetuning) has AUROC / IND / OOD = 0.7434948395440375 / 4.913079261779785 / 6.058061122894287
Notification sent to chrome.
 
Currently running leave_7_encoder_fc2 experiment. 
Starting the process with remaining connection 15 using tech 8!
Loaded pretrained model
Pretrained model has AUROC / IND / OOD = 0.7556878208208504 / 2.7934911251068115 / 3.532350778579712
Pruned model (before finetuning) has AUROC / IND / OOD = 0.3911142274018087 / 9.314253807067871 / 8.721579551696777
Pruned model (after finetuning) has AUROC / IND / OOD = 0.7596155180579095 / 4.734044075012207 / 6.041633129119873
Notification sent to chrome.
 
Currently running leave_7_encoder_fc2 experiment. 
Starting the process with remaining connection 16 using tech 8!
Loaded pretrained model
Pretrained model has AUROC / IND / OOD = 0.7556878208208504 / 2.7934911251068115 / 3.532350778579712
Pruned model (before finetuning) has AUROC / IND / OOD = 0.39100298637698605 / 9.314166069030762 / 8.720990180969238
Pruned model (after finetuning) has AUROC / IND / OOD = 0.7288972740094128 / 3.6116974353790283 / 4.493422508239746
Notification sent to chrome.
