 
Currently running leave_6_encoder_fc4 experiment. 
Starting the process with remaining connection 1 using tech 0!
Loaded pretrained model
Pretrained model has AUROC / IND / OOD = 0.9223454544530998 / 2.7505714893341064 / 4.395536422729492
Pruned model (before finetuning) has AUROC / IND / OOD = 0.5968804128633762 / 9.11562728881836 / 9.65190601348877
Pruned model (after finetuning) has AUROC / IND / OOD = 0.9134451543458295 / 5.791612148284912 / 8.10071086883545
Notification sent to chrome.
 
Currently running leave_6_encoder_fc4 experiment. 
Starting the process with remaining connection 2 using tech 0!
Loaded pretrained model
Pretrained model has AUROC / IND / OOD = 0.9223454544530998 / 2.7505714893341064 / 4.395536422729492
Pruned model (before finetuning) has AUROC / IND / OOD = 0.5657674300261503 / 9.278943061828613 / 9.656688690185547
Pruned model (after finetuning) has AUROC / IND / OOD = 0.9426653810863614 / 5.195221900939941 / 8.067895889282227
Notification sent to chrome.
 
Currently running leave_6_encoder_fc4 experiment. 
Starting the process with remaining connection 3 using tech 0!
Loaded pretrained model
Pretrained model has AUROC / IND / OOD = 0.9223454544530998 / 2.7505714893341064 / 4.395536422729492
Pruned model (before finetuning) has AUROC / IND / OOD = 0.5667109508445625 / 9.424132347106934 / 9.814230918884277
Pruned model (after finetuning) has AUROC / IND / OOD = 0.9532572190367475 / 4.722158432006836 / 7.955361843109131
Notification sent to chrome.
 
Currently running leave_6_encoder_fc4 experiment. 
Starting the process with remaining connection 4 using tech 0!
Loaded pretrained model
Pretrained model has AUROC / IND / OOD = 0.9223454544530998 / 2.7505714893341064 / 4.395536422729492
Pruned model (before finetuning) has AUROC / IND / OOD = 0.5666247144501719 / 9.424744606018066 / 9.814163208007812
Pruned model (after finetuning) has AUROC / IND / OOD = 0.9548416829095859 / 4.411203384399414 / 7.614748477935791
Notification sent to chrome.
 
Currently running leave_6_encoder_fc4 experiment. 
Starting the process with remaining connection 5 using tech 0!
Loaded pretrained model
Pretrained model has AUROC / IND / OOD = 0.9223454544530998 / 2.7505714893341064 / 4.395536422729492
Pruned model (before finetuning) has AUROC / IND / OOD = 0.5473522656274893 / 9.434682846069336 / 9.705076217651367
Pruned model (after finetuning) has AUROC / IND / OOD = 0.9661602385342538 / 4.093531131744385 / 7.278223037719727
Notification sent to chrome.
 
Currently running leave_6_encoder_fc4 experiment. 
Starting the process with remaining connection 6 using tech 0!
Loaded pretrained model
Pretrained model has AUROC / IND / OOD = 0.9223454544530998 / 2.7505714893341064 / 4.395536422729492
Pruned model (before finetuning) has AUROC / IND / OOD = 0.5735767300729281 / 9.459588050842285 / 9.88730525970459
Pruned model (after finetuning) has AUROC / IND / OOD = 0.9626589485670906 / 4.090594291687012 / 7.272014617919922
Notification sent to chrome.
 
Currently running leave_6_encoder_fc4 experiment. 
Starting the process with remaining connection 7 using tech 0!
Loaded pretrained model
Pretrained model has AUROC / IND / OOD = 0.9223454544530998 / 2.7505714893341064 / 4.395536422729492
Pruned model (before finetuning) has AUROC / IND / OOD = 0.5730938293530677 / 9.464739799499512 / 9.887250900268555
Pruned model (after finetuning) has AUROC / IND / OOD = 0.9634743269520709 / 4.067209243774414 / 7.259544372558594
Notification sent to chrome.
 
Currently running leave_6_encoder_fc4 experiment. 
Starting the process with remaining connection 8 using tech 0!
Loaded pretrained model
Pretrained model has AUROC / IND / OOD = 0.9223454544530998 / 2.7505714893341064 / 4.395536422729492
Pruned model (before finetuning) has AUROC / IND / OOD = 0.5968981334611525 / 9.571942329406738 / 10.133195877075195
Pruned model (after finetuning) has AUROC / IND / OOD = 0.9618117654610197 / 4.101642608642578 / 7.140223503112793
Notification sent to chrome.
 
Currently running leave_6_encoder_fc4 experiment. 
Starting the process with remaining connection 9 using tech 0!
Loaded pretrained model
Pretrained model has AUROC / IND / OOD = 0.9223454544530998 / 2.7505714893341064 / 4.395536422729492
Pruned model (before finetuning) has AUROC / IND / OOD = 0.5934640894106324 / 9.587039947509766 / 10.13050651550293
Pruned model (after finetuning) has AUROC / IND / OOD = 0.9391025596624243 / 3.8810503482818604 / 6.299561977386475
Notification sent to chrome.
 
Currently running leave_6_encoder_fc4 experiment. 
Starting the process with remaining connection 10 using tech 0!
Loaded pretrained model
Pretrained model has AUROC / IND / OOD = 0.9223454544530998 / 2.7505714893341064 / 4.395536422729492
Pruned model (before finetuning) has AUROC / IND / OOD = 0.5969936630680577 / 9.753132820129395 / 10.329583168029785
Pruned model (after finetuning) has AUROC / IND / OOD = 0.9484672317863425 / 3.88281512260437 / 6.380535125732422
Notification sent to chrome.
 
Currently running leave_6_encoder_fc4 experiment. 
Starting the process with remaining connection 11 using tech 0!
Loaded pretrained model
Pretrained model has AUROC / IND / OOD = 0.9223454544530998 / 2.7505714893341064 / 4.395536422729492
Pruned model (before finetuning) has AUROC / IND / OOD = 0.6158395476641366 / 9.456089973449707 / 10.152994155883789
Pruned model (after finetuning) has AUROC / IND / OOD = 0.9539905169981514 / 3.9798388481140137 / 6.830837726593018
Notification sent to chrome.
 
Currently running leave_6_encoder_fc4 experiment. 
Starting the process with remaining connection 12 using tech 0!
Loaded pretrained model
Pretrained model has AUROC / IND / OOD = 0.9223454544530998 / 2.7505714893341064 / 4.395536422729492
Pruned model (before finetuning) has AUROC / IND / OOD = 0.6006660982222142 / 9.373761177062988 / 9.965619087219238
Pruned model (after finetuning) has AUROC / IND / OOD = 0.9552273800898521 / 3.6650102138519287 / 6.673861503601074
Notification sent to chrome.
 
Currently running leave_6_encoder_fc4 experiment. 
Starting the process with remaining connection 13 using tech 0!
Loaded pretrained model
Pretrained model has AUROC / IND / OOD = 0.9223454544530998 / 2.7505714893341064 / 4.395536422729492
Pruned model (before finetuning) has AUROC / IND / OOD = 0.6024824306333838 / 9.28464412689209 / 9.87392520904541
Pruned model (after finetuning) has AUROC / IND / OOD = 0.9497663189966193 / 3.4775266647338867 / 6.1182427406311035
Notification sent to chrome.
 
Currently running leave_6_encoder_fc4 experiment. 
Starting the process with remaining connection 14 using tech 0!
Loaded pretrained model
Pretrained model has AUROC / IND / OOD = 0.9223454544530998 / 2.7505714893341064 / 4.395536422729492
Pruned model (before finetuning) has AUROC / IND / OOD = 0.5872202050371289 / 9.253613471984863 / 9.753223419189453
Pruned model (after finetuning) has AUROC / IND / OOD = 0.9481629223678505 / 3.4495019912719727 / 6.047699451446533
Notification sent to chrome.
 
Currently running leave_6_encoder_fc4 experiment. 
Starting the process with remaining connection 15 using tech 0!
Loaded pretrained model
Pretrained model has AUROC / IND / OOD = 0.9223454544530998 / 2.7505714893341064 / 4.395536422729492
Pruned model (before finetuning) has AUROC / IND / OOD = 0.5950178452769008 / 9.303260803222656 / 9.851346969604492
Pruned model (after finetuning) has AUROC / IND / OOD = 0.9435765776873316 / 3.4252853393554688 / 5.904538631439209
Notification sent to chrome.
 
Currently running leave_6_encoder_fc4 experiment. 
Starting the process with remaining connection 16 using tech 0!
Loaded pretrained model
Pretrained model has AUROC / IND / OOD = 0.9223454544530998 / 2.7505714893341064 / 4.395536422729492
Pruned model (before finetuning) has AUROC / IND / OOD = 0.5835903108619991 / 9.136075019836426 / 9.613075256347656
Pruned model (after finetuning) has AUROC / IND / OOD = 0.9364370816034104 / 3.430224657058716 / 6.050298690795898
Notification sent to chrome.
 
Currently running leave_6_encoder_fc4 experiment. 
Starting the process with remaining connection 1 using tech 1!
Loaded pretrained model
Pretrained model has AUROC / IND / OOD = 0.9223454544530998 / 2.7505714893341064 / 4.395536422729492
Pruned model (before finetuning) has AUROC / IND / OOD = 0.5891426301476893 / 9.204276084899902 / 9.689238548278809
Pruned model (after finetuning) has AUROC / IND / OOD = 0.6584818862012073 / 7.166697025299072 / 7.708510875701904
Notification sent to chrome.
 
Currently running leave_6_encoder_fc4 experiment. 
Starting the process with remaining connection 2 using tech 1!
Loaded pretrained model
Pretrained model has AUROC / IND / OOD = 0.9223454544530998 / 2.7505714893341064 / 4.395536422729492
Pruned model (before finetuning) has AUROC / IND / OOD = 0.5891533086838087 / 9.204056739807129 / 9.689065933227539
Pruned model (after finetuning) has AUROC / IND / OOD = 0.890216856248202 / 5.775883674621582 / 7.8086018562316895
Notification sent to chrome.
 
Currently running leave_6_encoder_fc4 experiment. 
Starting the process with remaining connection 3 using tech 1!
Loaded pretrained model
Pretrained model has AUROC / IND / OOD = 0.9223454544530998 / 2.7505714893341064 / 4.395536422729492
Pruned model (before finetuning) has AUROC / IND / OOD = 0.5891533086838087 / 9.204056739807129 / 9.689065933227539
Pruned model (after finetuning) has AUROC / IND / OOD = 0.9012645233863404 / 5.746647357940674 / 7.877936363220215
Notification sent to chrome.
 
Currently running leave_6_encoder_fc4 experiment. 
Starting the process with remaining connection 4 using tech 1!
Loaded pretrained model
Pretrained model has AUROC / IND / OOD = 0.9223454544530998 / 2.7505714893341064 / 4.395536422729492
Pruned model (before finetuning) has AUROC / IND / OOD = 0.5891641603853786 / 9.204315185546875 / 9.689376831054688
Pruned model (after finetuning) has AUROC / IND / OOD = 0.9518758205156267 / 5.217385768890381 / 8.137478828430176
Notification sent to chrome.
 
Currently running leave_6_encoder_fc4 experiment. 
Starting the process with remaining connection 5 using tech 1!
Loaded pretrained model
Pretrained model has AUROC / IND / OOD = 0.9223454544530998 / 2.7505714893341064 / 4.395536422729492
Pruned model (before finetuning) has AUROC / IND / OOD = 0.5891641603853786 / 9.204315185546875 / 9.689376831054688
Pruned model (after finetuning) has AUROC / IND / OOD = 0.9591924071336778 / 4.739185810089111 / 8.060587882995605
Notification sent to chrome.
 
Currently running leave_6_encoder_fc4 experiment. 
Starting the process with remaining connection 6 using tech 1!
Loaded pretrained model
Pretrained model has AUROC / IND / OOD = 0.9223454544530998 / 2.7505714893341064 / 4.395536422729492
Pruned model (before finetuning) has AUROC / IND / OOD = 0.5891191950900437 / 9.204549789428711 / 9.689347267150879
Pruned model (after finetuning) has AUROC / IND / OOD = 0.9512814012455908 / 4.453624725341797 / 7.42465353012085
Notification sent to chrome.
 
Currently running leave_6_encoder_fc4 experiment. 
Starting the process with remaining connection 7 using tech 1!
Loaded pretrained model
Pretrained model has AUROC / IND / OOD = 0.9223454544530998 / 2.7505714893341064 / 4.395536422729492
Pruned model (before finetuning) has AUROC / IND / OOD = 0.589185575179434 / 9.204225540161133 / 9.689387321472168
Pruned model (after finetuning) has AUROC / IND / OOD = 0.9542885924604225 / 4.485856056213379 / 7.443020820617676
Notification sent to chrome.
 
Currently running leave_6_encoder_fc4 experiment. 
Starting the process with remaining connection 8 using tech 1!
Loaded pretrained model
Pretrained model has AUROC / IND / OOD = 0.9223454544530998 / 2.7505714893341064 / 4.395536422729492
Pruned model (before finetuning) has AUROC / IND / OOD = 0.5892469334707574 / 9.204679489135742 / 9.690200805664062
Pruned model (after finetuning) has AUROC / IND / OOD = 0.9483552514616318 / 4.473045825958252 / 7.360759258270264
Notification sent to chrome.
 
Currently running leave_6_encoder_fc4 experiment. 
Starting the process with remaining connection 9 using tech 1!
Loaded pretrained model
Pretrained model has AUROC / IND / OOD = 0.9223454544530998 / 2.7505714893341064 / 4.395536422729492
Pruned model (before finetuning) has AUROC / IND / OOD = 0.5892432392744783 / 9.206548690795898 / 9.692004203796387
Pruned model (after finetuning) has AUROC / IND / OOD = 0.9517421367877762 / 4.4522175788879395 / 7.479883670806885
Notification sent to chrome.
 
Currently running leave_6_encoder_fc4 experiment. 
Starting the process with remaining connection 10 using tech 1!
Loaded pretrained model
Pretrained model has AUROC / IND / OOD = 0.9223454544530998 / 2.7505714893341064 / 4.395536422729492
Pruned model (before finetuning) has AUROC / IND / OOD = 0.5892432392744783 / 9.206548690795898 / 9.692004203796387
Pruned model (after finetuning) has AUROC / IND / OOD = 0.9594322990045526 / 4.4673380851745605 / 7.588955402374268
Notification sent to chrome.
 
Currently running leave_6_encoder_fc4 experiment. 
Starting the process with remaining connection 11 using tech 1!
Loaded pretrained model
Pretrained model has AUROC / IND / OOD = 0.9223454544530998 / 2.7505714893341064 / 4.395536422729492
Pruned model (before finetuning) has AUROC / IND / OOD = 0.5891946375046813 / 9.207274436950684 / 9.692399024963379
Pruned model (after finetuning) has AUROC / IND / OOD = 0.949226504565334 / 4.192014694213867 / 6.943879127502441
Notification sent to chrome.
 
Currently running leave_6_encoder_fc4 experiment. 
Starting the process with remaining connection 12 using tech 1!
Loaded pretrained model
Pretrained model has AUROC / IND / OOD = 0.9223454544530998 / 2.7505714893341064 / 4.395536422729492
Pruned model (before finetuning) has AUROC / IND / OOD = 0.5890320351465834 / 9.207019805908203 / 9.691208839416504
Pruned model (after finetuning) has AUROC / IND / OOD = 0.9332020623774278 / 3.9672353267669678 / 6.301708221435547
Notification sent to chrome.
 
Currently running leave_6_encoder_fc4 experiment. 
Starting the process with remaining connection 13 using tech 1!
Loaded pretrained model
Pretrained model has AUROC / IND / OOD = 0.9223454544530998 / 2.7505714893341064 / 4.395536422729492
Pruned model (before finetuning) has AUROC / IND / OOD = 0.5890320351465834 / 9.207019805908203 / 9.691208839416504
Pruned model (after finetuning) has AUROC / IND / OOD = 0.9370529733893189 / 3.9732887744903564 / 6.384891033172607
Notification sent to chrome.
 
Currently running leave_6_encoder_fc4 experiment. 
Starting the process with remaining connection 14 using tech 1!
Loaded pretrained model
Pretrained model has AUROC / IND / OOD = 0.9223454544530998 / 2.7505714893341064 / 4.395536422729492
Pruned model (before finetuning) has AUROC / IND / OOD = 0.5890320351465834 / 9.207019805908203 / 9.691208839416504
Pruned model (after finetuning) has AUROC / IND / OOD = 0.9260804023349167 / 3.959646701812744 / 6.2725300788879395
Notification sent to chrome.
 
Currently running leave_6_encoder_fc4 experiment. 
Starting the process with remaining connection 15 using tech 1!
Loaded pretrained model
Pretrained model has AUROC / IND / OOD = 0.9223454544530998 / 2.7505714893341064 / 4.395536422729492
Pruned model (before finetuning) has AUROC / IND / OOD = 0.5890320351465834 / 9.207019805908203 / 9.691208839416504
Pruned model (after finetuning) has AUROC / IND / OOD = 0.9382292285733153 / 3.9919230937957764 / 6.534862995147705
Notification sent to chrome.
 
Currently running leave_6_encoder_fc4 experiment. 
Starting the process with remaining connection 16 using tech 1!
Loaded pretrained model
Pretrained model has AUROC / IND / OOD = 0.9223454544530998 / 2.7505714893341064 / 4.395536422729492
Pruned model (before finetuning) has AUROC / IND / OOD = 0.58915769554189 / 9.207178115844727 / 9.692081451416016
Pruned model (after finetuning) has AUROC / IND / OOD = 0.9377176978322919 / 3.759124517440796 / 6.249009609222412
Notification sent to chrome.
 
Currently running leave_6_encoder_fc4 experiment. 
Starting the process with remaining connection 1 using tech 2!
Loaded pretrained model
Pretrained model has AUROC / IND / OOD = 0.9223454544530998 / 2.7505714893341064 / 4.395536422729492
Pruned model (before finetuning) has AUROC / IND / OOD = 0.5945247855172728 / 9.213762283325195 / 9.730243682861328
Pruned model (after finetuning) has AUROC / IND / OOD = 0.9047486699738959 / 5.759577751159668 / 7.901156425476074
Notification sent to chrome.
 
Currently running leave_6_encoder_fc4 experiment. 
Starting the process with remaining connection 2 using tech 2!
Loaded pretrained model
Pretrained model has AUROC / IND / OOD = 0.9223454544530998 / 2.7505714893341064 / 4.395536422729492
Pruned model (before finetuning) has AUROC / IND / OOD = 0.5973828235573355 / 9.27136516571045 / 9.807859420776367
Pruned model (after finetuning) has AUROC / IND / OOD = 0.9377930825251124 / 5.1722187995910645 / 7.958465576171875
Notification sent to chrome.
 
Currently running leave_6_encoder_fc4 experiment. 
Starting the process with remaining connection 3 using tech 2!
Loaded pretrained model
Pretrained model has AUROC / IND / OOD = 0.9223454544530998 / 2.7505714893341064 / 4.395536422729492
Pruned model (before finetuning) has AUROC / IND / OOD = 0.5973828235573355 / 9.27136516571045 / 9.807859420776367
Pruned model (after finetuning) has AUROC / IND / OOD = 0.9589417790048667 / 4.7532172203063965 / 7.866673946380615
Notification sent to chrome.
 
Currently running leave_6_encoder_fc4 experiment. 
Starting the process with remaining connection 4 using tech 2!
Loaded pretrained model
Pretrained model has AUROC / IND / OOD = 0.9223454544530998 / 2.7505714893341064 / 4.395536422729492
Pruned model (before finetuning) has AUROC / IND / OOD = 0.5973828235573355 / 9.27136516571045 / 9.807859420776367
Pruned model (after finetuning) has AUROC / IND / OOD = 0.9618431084075751 / 4.756591796875 / 7.914438724517822
Notification sent to chrome.
 
Currently running leave_6_encoder_fc4 experiment. 
Starting the process with remaining connection 5 using tech 2!
Loaded pretrained model
Pretrained model has AUROC / IND / OOD = 0.9223454544530998 / 2.7505714893341064 / 4.395536422729492
Pruned model (before finetuning) has AUROC / IND / OOD = 0.5973828235573355 / 9.27136516571045 / 9.807859420776367
Pruned model (after finetuning) has AUROC / IND / OOD = 0.958223373272213 / 4.748875617980957 / 7.825343132019043
Notification sent to chrome.
 
Currently running leave_6_encoder_fc4 experiment. 
Starting the process with remaining connection 6 using tech 2!
Loaded pretrained model
Pretrained model has AUROC / IND / OOD = 0.9223454544530998 / 2.7505714893341064 / 4.395536422729492
Pruned model (before finetuning) has AUROC / IND / OOD = 0.595622596752155 / 9.270903587341309 / 9.7964448928833
Pruned model (after finetuning) has AUROC / IND / OOD = 0.9630504179290429 / 4.397019863128662 / 7.468520164489746
Notification sent to chrome.
 
Currently running leave_6_encoder_fc4 experiment. 
Starting the process with remaining connection 7 using tech 2!
Loaded pretrained model
Pretrained model has AUROC / IND / OOD = 0.9223454544530998 / 2.7505714893341064 / 4.395536422729492
Pruned model (before finetuning) has AUROC / IND / OOD = 0.595622596752155 / 9.270903587341309 / 9.7964448928833
Pruned model (after finetuning) has AUROC / IND / OOD = 0.9541616044633281 / 4.722233295440674 / 7.696812152862549
Notification sent to chrome.
 
Currently running leave_6_encoder_fc4 experiment. 
Starting the process with remaining connection 8 using tech 2!
Loaded pretrained model
Pretrained model has AUROC / IND / OOD = 0.9223454544530998 / 2.7505714893341064 / 4.395536422729492
Pruned model (before finetuning) has AUROC / IND / OOD = 0.595622596752155 / 9.270903587341309 / 9.7964448928833
Pruned model (after finetuning) has AUROC / IND / OOD = 0.9548631554254582 / 4.715393543243408 / 7.781649589538574
Notification sent to chrome.
 
Currently running leave_6_encoder_fc4 experiment. 
Starting the process with remaining connection 9 using tech 2!
Loaded pretrained model
Pretrained model has AUROC / IND / OOD = 0.9223454544530998 / 2.7505714893341064 / 4.395536422729492
Pruned model (before finetuning) has AUROC / IND / OOD = 0.5880167083879959 / 9.374886512756348 / 9.865509986877441
Pruned model (after finetuning) has AUROC / IND / OOD = 0.9466403362826872 / 4.147907733917236 / 6.737466335296631
Notification sent to chrome.
 
Currently running leave_6_encoder_fc4 experiment. 
Starting the process with remaining connection 10 using tech 2!
Loaded pretrained model
Pretrained model has AUROC / IND / OOD = 0.9223454544530998 / 2.7505714893341064 / 4.395536422729492
Pruned model (before finetuning) has AUROC / IND / OOD = 0.5891205226918315 / 9.362653732299805 / 9.8594970703125
Pruned model (after finetuning) has AUROC / IND / OOD = 0.9575136258120883 / 4.084568023681641 / 7.045230865478516
Notification sent to chrome.
 
Currently running leave_6_encoder_fc4 experiment. 
Starting the process with remaining connection 11 using tech 2!
Loaded pretrained model
Pretrained model has AUROC / IND / OOD = 0.9223454544530998 / 2.7505714893341064 / 4.395536422729492
Pruned model (before finetuning) has AUROC / IND / OOD = 0.5891205226918315 / 9.362653732299805 / 9.8594970703125
Pruned model (after finetuning) has AUROC / IND / OOD = 0.9374976622664173 / 3.8684959411621094 / 6.310938358306885
Notification sent to chrome.
 
Currently running leave_6_encoder_fc4 experiment. 
Starting the process with remaining connection 12 using tech 2!
Loaded pretrained model
Pretrained model has AUROC / IND / OOD = 0.9223454544530998 / 2.7505714893341064 / 4.395536422729492
Pruned model (before finetuning) has AUROC / IND / OOD = 0.5891205226918315 / 9.362653732299805 / 9.8594970703125
Pruned model (after finetuning) has AUROC / IND / OOD = 0.9536174031739609 / 4.113223075866699 / 7.020015716552734
Notification sent to chrome.
 
Currently running leave_6_encoder_fc4 experiment. 
Starting the process with remaining connection 13 using tech 2!
Loaded pretrained model
Pretrained model has AUROC / IND / OOD = 0.9223454544530998 / 2.7505714893341064 / 4.395536422729492
Pruned model (before finetuning) has AUROC / IND / OOD = 0.5891205226918315 / 9.362653732299805 / 9.8594970703125
Pruned model (after finetuning) has AUROC / IND / OOD = 0.9405308860206534 / 3.8589463233947754 / 6.351735591888428
Notification sent to chrome.
 
Currently running leave_6_encoder_fc4 experiment. 
Starting the process with remaining connection 14 using tech 2!
Loaded pretrained model
Pretrained model has AUROC / IND / OOD = 0.9223454544530998 / 2.7505714893341064 / 4.395536422729492
Pruned model (before finetuning) has AUROC / IND / OOD = 0.5891205226918315 / 9.362653732299805 / 9.8594970703125
Pruned model (after finetuning) has AUROC / IND / OOD = 0.9370645177526911 / 3.6910855770111084 / 6.0832624435424805
Notification sent to chrome.
 
Currently running leave_6_encoder_fc4 experiment. 
Starting the process with remaining connection 15 using tech 2!
Loaded pretrained model
Pretrained model has AUROC / IND / OOD = 0.9223454544530998 / 2.7505714893341064 / 4.395536422729492
Pruned model (before finetuning) has AUROC / IND / OOD = 0.5887407131368853 / 9.259297370910645 / 9.755504608154297
Pruned model (after finetuning) has AUROC / IND / OOD = 0.9472827801043519 / 4.074117660522461 / 6.881782054901123
Notification sent to chrome.
 
Currently running leave_6_encoder_fc4 experiment. 
Starting the process with remaining connection 16 using tech 2!
Loaded pretrained model
Pretrained model has AUROC / IND / OOD = 0.9223454544530998 / 2.7505714893341064 / 4.395536422729492
Pruned model (before finetuning) has AUROC / IND / OOD = 0.5887407131368853 / 9.259297370910645 / 9.755504608154297
Pruned model (after finetuning) has AUROC / IND / OOD = 0.9518152126079226 / 4.091202735900879 / 6.925433158874512
Notification sent to chrome.
 
Currently running leave_6_encoder_fc4 experiment. 
Starting the process with remaining connection 1 using tech 3!
Loaded pretrained model
Pretrained model has AUROC / IND / OOD = 0.9223454544530998 / 2.7505714893341064 / 4.395536422729492
Pruned model (before finetuning) has AUROC / IND / OOD = 0.5891426301476893 / 9.204276084899902 / 9.689238548278809
Pruned model (after finetuning) has AUROC / IND / OOD = 0.6573033798663531 / 7.1638031005859375 / 7.699663162231445
Notification sent to chrome.
 
Currently running leave_6_encoder_fc4 experiment. 
Starting the process with remaining connection 2 using tech 3!
Loaded pretrained model
Pretrained model has AUROC / IND / OOD = 0.9223454544530998 / 2.7505714893341064 / 4.395536422729492
Pruned model (before finetuning) has AUROC / IND / OOD = 0.5922486988348044 / 9.207392692565918 / 9.7103853225708
Pruned model (after finetuning) has AUROC / IND / OOD = 0.8953139235643082 / 5.814102649688721 / 7.804381847381592
Notification sent to chrome.
 
Currently running leave_6_encoder_fc4 experiment. 
Starting the process with remaining connection 3 using tech 3!
Loaded pretrained model
Pretrained model has AUROC / IND / OOD = 0.9223454544530998 / 2.7505714893341064 / 4.395536422729492
Pruned model (before finetuning) has AUROC / IND / OOD = 0.5922486988348044 / 9.207392692565918 / 9.7103853225708
Pruned model (after finetuning) has AUROC / IND / OOD = 0.9079574257732069 / 5.777727127075195 / 7.923645973205566
Notification sent to chrome.
 
Currently running leave_6_encoder_fc4 experiment. 
Starting the process with remaining connection 4 using tech 3!
Loaded pretrained model
Pretrained model has AUROC / IND / OOD = 0.9223454544530998 / 2.7505714893341064 / 4.395536422729492
Pruned model (before finetuning) has AUROC / IND / OOD = 0.5922486988348044 / 9.207392692565918 / 9.7103853225708
Pruned model (after finetuning) has AUROC / IND / OOD = 0.8899171068532422 / 5.802968978881836 / 7.841498374938965
Notification sent to chrome.
 
Currently running leave_6_encoder_fc4 experiment. 
Starting the process with remaining connection 5 using tech 3!
Loaded pretrained model
Pretrained model has AUROC / IND / OOD = 0.9223454544530998 / 2.7505714893341064 / 4.395536422729492
Pruned model (before finetuning) has AUROC / IND / OOD = 0.5922486988348044 / 9.207392692565918 / 9.7103853225708
Pruned model (after finetuning) has AUROC / IND / OOD = 0.9083962270249852 / 5.341163635253906 / 7.656742572784424
Notification sent to chrome.
 
Currently running leave_6_encoder_fc4 experiment. 
Starting the process with remaining connection 6 using tech 3!
Loaded pretrained model
Pretrained model has AUROC / IND / OOD = 0.9223454544530998 / 2.7505714893341064 / 4.395536422729492
Pruned model (before finetuning) has AUROC / IND / OOD = 0.5917902144434762 / 9.212103843688965 / 9.712674140930176
Pruned model (after finetuning) has AUROC / IND / OOD = 0.9354180606485438 / 5.209041595458984 / 7.827279567718506
Notification sent to chrome.
 
Currently running leave_6_encoder_fc4 experiment. 
Starting the process with remaining connection 7 using tech 3!
Loaded pretrained model
Pretrained model has AUROC / IND / OOD = 0.9223454544530998 / 2.7505714893341064 / 4.395536422729492
Pruned model (before finetuning) has AUROC / IND / OOD = 0.5914400161805797 / 9.212325096130371 / 9.710725784301758
Pruned model (after finetuning) has AUROC / IND / OOD = 0.9559422070698604 / 4.632007598876953 / 7.779014587402344
Notification sent to chrome.
 
Currently running leave_6_encoder_fc4 experiment. 
Starting the process with remaining connection 8 using tech 3!
Loaded pretrained model
Pretrained model has AUROC / IND / OOD = 0.9223454544530998 / 2.7505714893341064 / 4.395536422729492
Pruned model (before finetuning) has AUROC / IND / OOD = 0.5914400161805797 / 9.212325096130371 / 9.710725784301758
Pruned model (after finetuning) has AUROC / IND / OOD = 0.9300136823794688 / 4.96603536605835 / 7.566365718841553
Notification sent to chrome.
 
Currently running leave_6_encoder_fc4 experiment. 
Starting the process with remaining connection 9 using tech 3!
Loaded pretrained model
Pretrained model has AUROC / IND / OOD = 0.9223454544530998 / 2.7505714893341064 / 4.395536422729492
Pruned model (before finetuning) has AUROC / IND / OOD = 0.5914400161805797 / 9.212325096130371 / 9.710725784301758
Pruned model (after finetuning) has AUROC / IND / OOD = 0.9481075094236638 / 4.500428676605225 / 7.179485321044922
Notification sent to chrome.
 
Currently running leave_6_encoder_fc4 experiment. 
Starting the process with remaining connection 10 using tech 3!
Loaded pretrained model
Pretrained model has AUROC / IND / OOD = 0.9223454544530998 / 2.7505714893341064 / 4.395536422729492
Pruned model (before finetuning) has AUROC / IND / OOD = 0.5914400161805797 / 9.212325096130371 / 9.710725784301758
Pruned model (after finetuning) has AUROC / IND / OOD = 0.9566030064292869 / 4.793883323669434 / 7.8274312019348145
Notification sent to chrome.
 
Currently running leave_6_encoder_fc4 experiment. 
Starting the process with remaining connection 11 using tech 3!
Loaded pretrained model
Pretrained model has AUROC / IND / OOD = 0.9223454544530998 / 2.7505714893341064 / 4.395536422729492
Pruned model (before finetuning) has AUROC / IND / OOD = 0.5909834943310249 / 9.208824157714844 / 9.704252243041992
Pruned model (after finetuning) has AUROC / IND / OOD = 0.9521713562179557 / 4.787694931030273 / 7.833083629608154
Notification sent to chrome.
 
Currently running leave_6_encoder_fc4 experiment. 
Starting the process with remaining connection 12 using tech 3!
Loaded pretrained model
Pretrained model has AUROC / IND / OOD = 0.9223454544530998 / 2.7505714893341064 / 4.395536422729492
Pruned model (before finetuning) has AUROC / IND / OOD = 0.5909834943310249 / 9.208824157714844 / 9.704252243041992
Pruned model (after finetuning) has AUROC / IND / OOD = 0.9651969768544749 / 4.200078964233398 / 7.36461877822876
Notification sent to chrome.
 
Currently running leave_6_encoder_fc4 experiment. 
Starting the process with remaining connection 13 using tech 3!
Loaded pretrained model
Pretrained model has AUROC / IND / OOD = 0.9223454544530998 / 2.7505714893341064 / 4.395536422729492
Pruned model (before finetuning) has AUROC / IND / OOD = 0.5909834943310249 / 9.208824157714844 / 9.704252243041992
Pruned model (after finetuning) has AUROC / IND / OOD = 0.9425950181916076 / 4.533541202545166 / 7.286439895629883
Notification sent to chrome.
 
Currently running leave_6_encoder_fc4 experiment. 
Starting the process with remaining connection 14 using tech 3!
Loaded pretrained model
Pretrained model has AUROC / IND / OOD = 0.9223454544530998 / 2.7505714893341064 / 4.395536422729492
Pruned model (before finetuning) has AUROC / IND / OOD = 0.5910498166985985 / 9.213238716125488 / 9.707296371459961
Pruned model (after finetuning) has AUROC / IND / OOD = 0.9537113742918111 / 4.14609956741333 / 7.010331630706787
Notification sent to chrome.
 
Currently running leave_6_encoder_fc4 experiment. 
Starting the process with remaining connection 15 using tech 3!
Loaded pretrained model
Pretrained model has AUROC / IND / OOD = 0.9223454544530998 / 2.7505714893341064 / 4.395536422729492
Pruned model (before finetuning) has AUROC / IND / OOD = 0.5910498166985985 / 9.213238716125488 / 9.707296371459961
Pruned model (after finetuning) has AUROC / IND / OOD = 0.9529711497123838 / 4.4590864181518555 / 7.404908657073975
Notification sent to chrome.
 
Currently running leave_6_encoder_fc4 experiment. 
Starting the process with remaining connection 16 using tech 3!
Loaded pretrained model
Pretrained model has AUROC / IND / OOD = 0.9223454544530998 / 2.7505714893341064 / 4.395536422729492
Pruned model (before finetuning) has AUROC / IND / OOD = 0.5950605016995612 / 9.177599906921387 / 9.69528865814209
Pruned model (after finetuning) has AUROC / IND / OOD = 0.9589558631281808 / 4.137425422668457 / 7.167017459869385
Notification sent to chrome.
 
Currently running leave_6_encoder_fc4 experiment. 
Starting the process with remaining connection 1 using tech 4!
Loaded pretrained model
Pretrained model has AUROC / IND / OOD = 0.9223454544530998 / 2.7505714893341064 / 4.395536422729492
Pruned model (before finetuning) has AUROC / IND / OOD = 0.5891940025646958 / 9.203803062438965 / 9.68914794921875
Pruned model (after finetuning) has AUROC / IND / OOD = 0.9079022437162875 / 5.818276882171631 / 8.032198905944824
Notification sent to chrome.
 
Currently running leave_6_encoder_fc4 experiment. 
Starting the process with remaining connection 2 using tech 4!
Loaded pretrained model
Pretrained model has AUROC / IND / OOD = 0.9223454544530998 / 2.7505714893341064 / 4.395536422729492
Pruned model (before finetuning) has AUROC / IND / OOD = 0.5918942868792769 / 9.200002670288086 / 9.701848983764648
Pruned model (after finetuning) has AUROC / IND / OOD = 0.9028596080734813 / 5.761218547821045 / 7.8951005935668945
Notification sent to chrome.
 
Currently running leave_6_encoder_fc4 experiment. 
Starting the process with remaining connection 3 using tech 4!
Loaded pretrained model
Pretrained model has AUROC / IND / OOD = 0.9223454544530998 / 2.7505714893341064 / 4.395536422729492
Pruned model (before finetuning) has AUROC / IND / OOD = 0.5901613624934716 / 9.204486846923828 / 9.696905136108398
Pruned model (after finetuning) has AUROC / IND / OOD = 0.9117084780419281 / 5.719458103179932 / 7.911137104034424
Notification sent to chrome.
 
Currently running leave_6_encoder_fc4 experiment. 
Starting the process with remaining connection 4 using tech 4!
Loaded pretrained model
Pretrained model has AUROC / IND / OOD = 0.9223454544530998 / 2.7505714893341064 / 4.395536422729492
Pruned model (before finetuning) has AUROC / IND / OOD = 0.5892092988461639 / 9.224019050598145 / 9.710410118103027
Pruned model (after finetuning) has AUROC / IND / OOD = 0.9391327481726428 / 5.187253475189209 / 8.015379905700684
Notification sent to chrome.
 
Currently running leave_6_encoder_fc4 experiment. 
Starting the process with remaining connection 5 using tech 4!
Loaded pretrained model
Pretrained model has AUROC / IND / OOD = 0.9223454544530998 / 2.7505714893341064 / 4.395536422729492
Pruned model (before finetuning) has AUROC / IND / OOD = 0.5836660418857209 / 9.184332847595215 / 9.627416610717773
Pruned model (after finetuning) has AUROC / IND / OOD = 0.9604893009149139 / 4.671647548675537 / 8.007418632507324
Notification sent to chrome.
 
Currently running leave_6_encoder_fc4 experiment. 
Starting the process with remaining connection 6 using tech 4!
Loaded pretrained model
Pretrained model has AUROC / IND / OOD = 0.9223454544530998 / 2.7505714893341064 / 4.395536422729492
Pruned model (before finetuning) has AUROC / IND / OOD = 0.5727619866279331 / 9.09915828704834 / 9.483575820922852
Pruned model (after finetuning) has AUROC / IND / OOD = 0.9407370106286645 / 4.384539604187012 / 7.171889305114746
Notification sent to chrome.
 
Currently running leave_6_encoder_fc4 experiment. 
Starting the process with remaining connection 7 using tech 4!
Loaded pretrained model
Pretrained model has AUROC / IND / OOD = 0.9223454544530998 / 2.7505714893341064 / 4.395536422729492
Pruned model (before finetuning) has AUROC / IND / OOD = 0.5728120314431516 / 9.097967147827148 / 9.48350715637207
Pruned model (after finetuning) has AUROC / IND / OOD = 0.9185646754486948 / 4.078334808349609 / 6.4772443771362305
Notification sent to chrome.
 
Currently running leave_6_encoder_fc4 experiment. 
Starting the process with remaining connection 8 using tech 4!
Loaded pretrained model
Pretrained model has AUROC / IND / OOD = 0.9223454544530998 / 2.7505714893341064 / 4.395536422729492
Pruned model (before finetuning) has AUROC / IND / OOD = 0.5722692731992063 / 9.09541130065918 / 9.477641105651855
Pruned model (after finetuning) has AUROC / IND / OOD = 0.9618363549550024 / 4.062231063842773 / 7.084689140319824
Notification sent to chrome.
 
Currently running leave_6_encoder_fc4 experiment. 
Starting the process with remaining connection 9 using tech 4!
Loaded pretrained model
Pretrained model has AUROC / IND / OOD = 0.9223454544530998 / 2.7505714893341064 / 4.395536422729492
Pruned model (before finetuning) has AUROC / IND / OOD = 0.5674514063112572 / 9.105672836303711 / 9.455231666564941
Pruned model (after finetuning) has AUROC / IND / OOD = 0.9489632930804471 / 4.1015143394470215 / 6.852697372436523
Notification sent to chrome.
 
Currently running leave_6_encoder_fc4 experiment. 
Starting the process with remaining connection 10 using tech 4!
Loaded pretrained model
Pretrained model has AUROC / IND / OOD = 0.9223454544530998 / 2.7505714893341064 / 4.395536422729492
Pruned model (before finetuning) has AUROC / IND / OOD = 0.567500931630124 / 9.104774475097656 / 9.455331802368164
Pruned model (after finetuning) has AUROC / IND / OOD = 0.9525229975262739 / 4.11361837387085 / 6.912788391113281
Notification sent to chrome.
 
Currently running leave_6_encoder_fc4 experiment. 
Starting the process with remaining connection 11 using tech 4!
Loaded pretrained model
Pretrained model has AUROC / IND / OOD = 0.9223454544530998 / 2.7505714893341064 / 4.395536422729492
Pruned model (before finetuning) has AUROC / IND / OOD = 0.5644015586737651 / 9.244892120361328 / 9.583483695983887
Pruned model (after finetuning) has AUROC / IND / OOD = 0.9360090166095684 / 4.097957611083984 / 6.674592018127441
Notification sent to chrome.
 
Currently running leave_6_encoder_fc4 experiment. 
Starting the process with remaining connection 12 using tech 4!
Loaded pretrained model
Pretrained model has AUROC / IND / OOD = 0.9223454544530998 / 2.7505714893341064 / 4.395536422729492
Pruned model (before finetuning) has AUROC / IND / OOD = 0.5668207377402324 / 9.231075286865234 / 9.5841064453125
Pruned model (after finetuning) has AUROC / IND / OOD = 0.9720677201590905 / 4.110293388366699 / 7.654725074768066
Notification sent to chrome.
 
Currently running leave_6_encoder_fc4 experiment. 
Starting the process with remaining connection 13 using tech 4!
Loaded pretrained model
Pretrained model has AUROC / IND / OOD = 0.9223454544530998 / 2.7505714893341064 / 4.395536422729492
Pruned model (before finetuning) has AUROC / IND / OOD = 0.5726583182448505 / 9.153429985046387 / 9.537867546081543
Pruned model (after finetuning) has AUROC / IND / OOD = 0.9291647098970751 / 3.8199615478515625 / 6.418790340423584
Notification sent to chrome.
 
Currently running leave_6_encoder_fc4 experiment. 
Starting the process with remaining connection 14 using tech 4!
Loaded pretrained model
Pretrained model has AUROC / IND / OOD = 0.9223454544530998 / 2.7505714893341064 / 4.395536422729492
Pruned model (before finetuning) has AUROC / IND / OOD = 0.572054548040483 / 9.07160472869873 / 9.445796012878418
Pruned model (after finetuning) has AUROC / IND / OOD = 0.9463241361699218 / 3.8194475173950195 / 6.425826072692871
Notification sent to chrome.
 
Currently running leave_6_encoder_fc4 experiment. 
Starting the process with remaining connection 15 using tech 4!
Loaded pretrained model
Pretrained model has AUROC / IND / OOD = 0.9223454544530998 / 2.7505714893341064 / 4.395536422729492
Pruned model (before finetuning) has AUROC / IND / OOD = 0.5539301861551683 / 9.177446365356445 / 9.4698486328125
Pruned model (after finetuning) has AUROC / IND / OOD = 0.935133261204151 / 3.603775978088379 / 5.995089054107666
Notification sent to chrome.
 
Currently running leave_6_encoder_fc4 experiment. 
Starting the process with remaining connection 16 using tech 4!
Loaded pretrained model
Pretrained model has AUROC / IND / OOD = 0.9223454544530998 / 2.7505714893341064 / 4.395536422729492
Pruned model (before finetuning) has AUROC / IND / OOD = 0.5473092628739277 / 9.078669548034668 / 9.335654258728027
Pruned model (after finetuning) has AUROC / IND / OOD = 0.9388272843178136 / 3.6003782749176025 / 6.283353328704834
Notification sent to chrome.
 
Currently running leave_6_encoder_fc4 experiment. 
Starting the process with remaining connection 1 using tech 5!
Loaded pretrained model
Pretrained model has AUROC / IND / OOD = 0.9223454544530998 / 2.7505714893341064 / 4.395536422729492
Pruned model (before finetuning) has AUROC / IND / OOD = 0.5891740308160618 / 9.208898544311523 / 9.692057609558105
Pruned model (after finetuning) has AUROC / IND / OOD = 0.9015038380390468 / 5.756906509399414 / 7.83951997756958
Notification sent to chrome.
 
Currently running leave_6_encoder_fc4 experiment. 
Starting the process with remaining connection 2 using tech 5!
Loaded pretrained model
Pretrained model has AUROC / IND / OOD = 0.9223454544530998 / 2.7505714893341064 / 4.395536422729492
Pruned model (before finetuning) has AUROC / IND / OOD = 0.5893339202487671 / 9.20709228515625 / 9.692132949829102
Pruned model (after finetuning) has AUROC / IND / OOD = 0.902863475435211 / 5.776094436645508 / 7.85032320022583
Notification sent to chrome.
 
Currently running leave_6_encoder_fc4 experiment. 
Starting the process with remaining connection 3 using tech 5!
Loaded pretrained model
Pretrained model has AUROC / IND / OOD = 0.9223454544530998 / 2.7505714893341064 / 4.395536422729492
Pruned model (before finetuning) has AUROC / IND / OOD = 0.5897884795565487 / 9.169610023498535 / 9.65869426727295
Pruned model (after finetuning) has AUROC / IND / OOD = 0.9511413681178856 / 5.164575099945068 / 8.142963409423828
Notification sent to chrome.
 
Currently running leave_6_encoder_fc4 experiment. 
Starting the process with remaining connection 4 using tech 5!
Loaded pretrained model
Pretrained model has AUROC / IND / OOD = 0.9223454544530998 / 2.7505714893341064 / 4.395536422729492
Pruned model (before finetuning) has AUROC / IND / OOD = 0.5773088495857189 / 9.227618217468262 / 9.645528793334961
Pruned model (after finetuning) has AUROC / IND / OOD = 0.9599079267754884 / 4.7153801918029785 / 7.92057466506958
Notification sent to chrome.
 
Currently running leave_6_encoder_fc4 experiment. 
Starting the process with remaining connection 5 using tech 5!
Loaded pretrained model
Pretrained model has AUROC / IND / OOD = 0.9223454544530998 / 2.7505714893341064 / 4.395536422729492
Pruned model (before finetuning) has AUROC / IND / OOD = 0.5773079260366493 / 9.227602005004883 / 9.6456298828125
Pruned model (after finetuning) has AUROC / IND / OOD = 0.9467562416909445 / 4.742968559265137 / 7.794098377227783
Notification sent to chrome.
 
Currently running leave_6_encoder_fc4 experiment. 
Starting the process with remaining connection 6 using tech 5!
Loaded pretrained model
Pretrained model has AUROC / IND / OOD = 0.9223454544530998 / 2.7505714893341064 / 4.395536422729492
Pruned model (before finetuning) has AUROC / IND / OOD = 0.5708835455418209 / 9.316739082336426 / 9.695511817932129
Pruned model (after finetuning) has AUROC / IND / OOD = 0.9567719004654226 / 4.439711570739746 / 7.361877918243408
Notification sent to chrome.
 
Currently running leave_6_encoder_fc4 experiment. 
Starting the process with remaining connection 7 using tech 5!
Loaded pretrained model
Pretrained model has AUROC / IND / OOD = 0.9223454544530998 / 2.7505714893341064 / 4.395536422729492
Pruned model (before finetuning) has AUROC / IND / OOD = 0.559361347347267 / 9.283650398254395 / 9.588602066040039
Pruned model (after finetuning) has AUROC / IND / OOD = 0.9481136279362511 / 4.431766986846924 / 7.314138412475586
Notification sent to chrome.
 
Currently running leave_6_encoder_fc4 experiment. 
Starting the process with remaining connection 8 using tech 5!
Loaded pretrained model
Pretrained model has AUROC / IND / OOD = 0.9223454544530998 / 2.7505714893341064 / 4.395536422729492
Pruned model (before finetuning) has AUROC / IND / OOD = 0.5702531078580635 / 9.209444046020508 / 9.581462860107422
Pruned model (after finetuning) has AUROC / IND / OOD = 0.9457360662997406 / 4.117272853851318 / 6.802552700042725
Notification sent to chrome.
 
Currently running leave_6_encoder_fc4 experiment. 
Starting the process with remaining connection 9 using tech 5!
Loaded pretrained model
Pretrained model has AUROC / IND / OOD = 0.9223454544530998 / 2.7505714893341064 / 4.395536422729492
Pruned model (before finetuning) has AUROC / IND / OOD = 0.5385537290833452 / 9.352519989013672 / 9.567606925964355
Pruned model (after finetuning) has AUROC / IND / OOD = 0.9514995897133258 / 4.079039096832275 / 6.8408732414245605
Notification sent to chrome.
 
Currently running leave_6_encoder_fc4 experiment. 
Starting the process with remaining connection 10 using tech 5!
Loaded pretrained model
Pretrained model has AUROC / IND / OOD = 0.9223454544530998 / 2.7505714893341064 / 4.395536422729492
Pruned model (before finetuning) has AUROC / IND / OOD = 0.5388044149339732 / 9.346652030944824 / 9.562765121459961
Pruned model (after finetuning) has AUROC / IND / OOD = 0.9503617772593588 / 4.087892532348633 / 6.853695869445801
Notification sent to chrome.
 
Currently running leave_6_encoder_fc4 experiment. 
Starting the process with remaining connection 11 using tech 5!
Loaded pretrained model
Pretrained model has AUROC / IND / OOD = 0.9223454544530998 / 2.7505714893341064 / 4.395536422729492
Pruned model (before finetuning) has AUROC / IND / OOD = 0.5346261057768456 / 9.257484436035156 / 9.445740699768066
Pruned model (after finetuning) has AUROC / IND / OOD = 0.947707497232816 / 4.065364837646484 / 6.888814926147461
Notification sent to chrome.
 
Currently running leave_6_encoder_fc4 experiment. 
Starting the process with remaining connection 12 using tech 5!
Loaded pretrained model
Pretrained model has AUROC / IND / OOD = 0.9223454544530998 / 2.7505714893341064 / 4.395536422729492
Pruned model (before finetuning) has AUROC / IND / OOD = 0.5346665110486484 / 9.25684928894043 / 9.445722579956055
Pruned model (after finetuning) has AUROC / IND / OOD = 0.9508613018624752 / 4.064192771911621 / 6.958739757537842
Notification sent to chrome.
 
Currently running leave_6_encoder_fc4 experiment. 
Starting the process with remaining connection 13 using tech 5!
Loaded pretrained model
Pretrained model has AUROC / IND / OOD = 0.9223454544530998 / 2.7505714893341064 / 4.395536422729492
Pruned model (before finetuning) has AUROC / IND / OOD = 0.5497782558683462 / 9.276308059692383 / 9.55560302734375
Pruned model (after finetuning) has AUROC / IND / OOD = 0.9466107827124545 / 4.048720359802246 / 6.75725793838501
Notification sent to chrome.
 
Currently running leave_6_encoder_fc4 experiment. 
Starting the process with remaining connection 14 using tech 5!
Loaded pretrained model
Pretrained model has AUROC / IND / OOD = 0.9223454544530998 / 2.7505714893341064 / 4.395536422729492
Pruned model (before finetuning) has AUROC / IND / OOD = 0.5480292848174535 / 9.258916854858398 / 9.527312278747559
Pruned model (after finetuning) has AUROC / IND / OOD = 0.9449399670015918 / 3.8189127445220947 / 6.511051654815674
Notification sent to chrome.
 
Currently running leave_6_encoder_fc4 experiment. 
Starting the process with remaining connection 15 using tech 5!
Loaded pretrained model
Pretrained model has AUROC / IND / OOD = 0.9223454544530998 / 2.7505714893341064 / 4.395536422729492
Pruned model (before finetuning) has AUROC / IND / OOD = 0.5658391782445087 / 9.46704387664795 / 9.83663272857666
Pruned model (after finetuning) has AUROC / IND / OOD = 0.9469249048398127 / 3.6461641788482666 / 6.1910810470581055
Notification sent to chrome.
 
Currently running leave_6_encoder_fc4 experiment. 
Starting the process with remaining connection 16 using tech 5!
Loaded pretrained model
Pretrained model has AUROC / IND / OOD = 0.9223454544530998 / 2.7505714893341064 / 4.395536422729492
Pruned model (before finetuning) has AUROC / IND / OOD = 0.5585728096071269 / 9.435412406921387 / 9.759902000427246
Pruned model (after finetuning) has AUROC / IND / OOD = 0.9386846537083497 / 3.645601272583008 / 6.097886562347412
Notification sent to chrome.
 
Currently running leave_6_encoder_fc4 experiment. 
Starting the process with remaining connection 1 using tech 6!
Loaded pretrained model
Pretrained model has AUROC / IND / OOD = 0.9223454544530998 / 2.7505714893341064 / 4.395536422729492
Pruned model (before finetuning) has AUROC / IND / OOD = 0.5891426301476893 / 9.204276084899902 / 9.689238548278809
Pruned model (after finetuning) has AUROC / IND / OOD = 0.6647218454911642 / 7.164657115936279 / 7.733153820037842
Notification sent to chrome.
 
Currently running leave_6_encoder_fc4 experiment. 
Starting the process with remaining connection 2 using tech 6!
Loaded pretrained model
Pretrained model has AUROC / IND / OOD = 0.9223454544530998 / 2.7505714893341064 / 4.395536422729492
Pruned model (before finetuning) has AUROC / IND / OOD = 0.5891426301476893 / 9.204276084899902 / 9.689238548278809
Pruned model (after finetuning) has AUROC / IND / OOD = 0.6638332758424037 / 7.162881374359131 / 7.722100257873535
Notification sent to chrome.
 
Currently running leave_6_encoder_fc4 experiment. 
Starting the process with remaining connection 3 using tech 6!
Loaded pretrained model
Pretrained model has AUROC / IND / OOD = 0.9223454544530998 / 2.7505714893341064 / 4.395536422729492
Pruned model (before finetuning) has AUROC / IND / OOD = 0.5891426301476893 / 9.204276084899902 / 9.689238548278809
Pruned model (after finetuning) has AUROC / IND / OOD = 0.656886512904982 / 7.167038917541504 / 7.712884902954102
Notification sent to chrome.
 
Currently running leave_6_encoder_fc4 experiment. 
Starting the process with remaining connection 4 using tech 6!
Loaded pretrained model
Pretrained model has AUROC / IND / OOD = 0.9223454544530998 / 2.7505714893341064 / 4.395536422729492
Pruned model (before finetuning) has AUROC / IND / OOD = 0.5891426301476893 / 9.204276084899902 / 9.689238548278809
Pruned model (after finetuning) has AUROC / IND / OOD = 0.6541928088775231 / 7.170764446258545 / 7.716862201690674
Notification sent to chrome.
 
Currently running leave_6_encoder_fc4 experiment. 
Starting the process with remaining connection 5 using tech 6!
Loaded pretrained model
Pretrained model has AUROC / IND / OOD = 0.9223454544530998 / 2.7505714893341064 / 4.395536422729492
Pruned model (before finetuning) has AUROC / IND / OOD = 0.5891426301476893 / 9.204276084899902 / 9.689238548278809
Pruned model (after finetuning) has AUROC / IND / OOD = 0.6617604276771032 / 7.164425373077393 / 7.724148273468018
Notification sent to chrome.
 
Currently running leave_6_encoder_fc4 experiment. 
Starting the process with remaining connection 6 using tech 6!
Loaded pretrained model
Pretrained model has AUROC / IND / OOD = 0.9223454544530998 / 2.7505714893341064 / 4.395536422729492
Pruned model (before finetuning) has AUROC / IND / OOD = 0.5891426301476893 / 9.204276084899902 / 9.689238548278809
Pruned model (after finetuning) has AUROC / IND / OOD = 0.6579515958697039 / 7.164610862731934 / 7.704771518707275
Notification sent to chrome.
 
Currently running leave_6_encoder_fc4 experiment. 
Starting the process with remaining connection 7 using tech 6!
Loaded pretrained model
Pretrained model has AUROC / IND / OOD = 0.9223454544530998 / 2.7505714893341064 / 4.395536422729492
Pruned model (before finetuning) has AUROC / IND / OOD = 0.5891426301476893 / 9.204276084899902 / 9.689238548278809
Pruned model (after finetuning) has AUROC / IND / OOD = 0.6634209111827478 / 7.168280601501465 / 7.751025676727295
Notification sent to chrome.
 
Currently running leave_6_encoder_fc4 experiment. 
Starting the process with remaining connection 8 using tech 6!
Loaded pretrained model
Pretrained model has AUROC / IND / OOD = 0.9223454544530998 / 2.7505714893341064 / 4.395536422729492
Pruned model (before finetuning) has AUROC / IND / OOD = 0.5891426301476893 / 9.204276084899902 / 9.689238548278809
Pruned model (after finetuning) has AUROC / IND / OOD = 0.6628035763514178 / 7.163675308227539 / 7.7214860916137695
Notification sent to chrome.
 
Currently running leave_6_encoder_fc4 experiment. 
Starting the process with remaining connection 9 using tech 6!
Loaded pretrained model
Pretrained model has AUROC / IND / OOD = 0.9223454544530998 / 2.7505714893341064 / 4.395536422729492
Pruned model (before finetuning) has AUROC / IND / OOD = 0.5891426301476893 / 9.204276084899902 / 9.689238548278809
Pruned model (after finetuning) has AUROC / IND / OOD = 0.6589273254619246 / 7.165215969085693 / 7.712885856628418
Notification sent to chrome.
 
Currently running leave_6_encoder_fc4 experiment. 
Starting the process with remaining connection 10 using tech 6!
Loaded pretrained model
Pretrained model has AUROC / IND / OOD = 0.9223454544530998 / 2.7505714893341064 / 4.395536422729492
Pruned model (before finetuning) has AUROC / IND / OOD = 0.5891426301476893 / 9.204276084899902 / 9.689238548278809
Pruned model (after finetuning) has AUROC / IND / OOD = 0.6650629237069967 / 7.1639533042907715 / 7.734102725982666
Notification sent to chrome.
 
Currently running leave_6_encoder_fc4 experiment. 
Starting the process with remaining connection 11 using tech 6!
Loaded pretrained model
Pretrained model has AUROC / IND / OOD = 0.9223454544530998 / 2.7505714893341064 / 4.395536422729492
Pruned model (before finetuning) has AUROC / IND / OOD = 0.5891426301476893 / 9.204276084899902 / 9.689238548278809
Pruned model (after finetuning) has AUROC / IND / OOD = 0.6651797526643236 / 7.163949012756348 / 7.741768836975098
Notification sent to chrome.
 
Currently running leave_6_encoder_fc4 experiment. 
Starting the process with remaining connection 12 using tech 6!
Loaded pretrained model
Pretrained model has AUROC / IND / OOD = 0.9223454544530998 / 2.7505714893341064 / 4.395536422729492
Pruned model (before finetuning) has AUROC / IND / OOD = 0.5891426301476893 / 9.204276084899902 / 9.689238548278809
Pruned model (after finetuning) has AUROC / IND / OOD = 0.6558022085752455 / 7.165000915527344 / 7.693098068237305
Notification sent to chrome.
 
Currently running leave_6_encoder_fc4 experiment. 
Starting the process with remaining connection 13 using tech 6!
Loaded pretrained model
Pretrained model has AUROC / IND / OOD = 0.9223454544530998 / 2.7505714893341064 / 4.395536422729492
Pruned model (before finetuning) has AUROC / IND / OOD = 0.5891426301476893 / 9.204276084899902 / 9.689238548278809
Pruned model (after finetuning) has AUROC / IND / OOD = 0.6665197646427552 / 7.162598609924316 / 7.723094463348389
Notification sent to chrome.
 
Currently running leave_6_encoder_fc4 experiment. 
Starting the process with remaining connection 14 using tech 6!
Loaded pretrained model
Pretrained model has AUROC / IND / OOD = 0.9223454544530998 / 2.7505714893341064 / 4.395536422729492
Pruned model (before finetuning) has AUROC / IND / OOD = 0.5891426301476893 / 9.204276084899902 / 9.689238548278809
Pruned model (after finetuning) has AUROC / IND / OOD = 0.6644186327871925 / 7.164579391479492 / 7.735518932342529
Notification sent to chrome.
 
Currently running leave_6_encoder_fc4 experiment. 
Starting the process with remaining connection 15 using tech 6!
Loaded pretrained model
Pretrained model has AUROC / IND / OOD = 0.9223454544530998 / 2.7505714893341064 / 4.395536422729492
Pruned model (before finetuning) has AUROC / IND / OOD = 0.5891426301476893 / 9.204276084899902 / 9.689238548278809
Pruned model (after finetuning) has AUROC / IND / OOD = 0.658697708074451 / 7.163966655731201 / 7.707966327667236
Notification sent to chrome.
 
Currently running leave_6_encoder_fc4 experiment. 
Starting the process with remaining connection 16 using tech 6!
Loaded pretrained model
Pretrained model has AUROC / IND / OOD = 0.9223454544530998 / 2.7505714893341064 / 4.395536422729492
Pruned model (before finetuning) has AUROC / IND / OOD = 0.5891426301476893 / 9.204276084899902 / 9.689238548278809
Pruned model (after finetuning) has AUROC / IND / OOD = 0.6630411593496183 / 7.1639299392700195 / 7.7094526290893555
Notification sent to chrome.
 
Currently running leave_6_encoder_fc4 experiment. 
Starting the process with remaining connection 1 using tech 7!
Loaded pretrained model
Pretrained model has AUROC / IND / OOD = 0.9223454544530998 / 2.7505714893341064 / 4.395536422729492
Pruned model (before finetuning) has AUROC / IND / OOD = 0.5891426301476893 / 9.204276084899902 / 9.689238548278809
Pruned model (after finetuning) has AUROC / IND / OOD = 0.6597000474242447 / 7.163722038269043 / 7.713759422302246
Notification sent to chrome.
 
Currently running leave_6_encoder_fc4 experiment. 
Starting the process with remaining connection 2 using tech 7!
Loaded pretrained model
Pretrained model has AUROC / IND / OOD = 0.9223454544530998 / 2.7505714893341064 / 4.395536422729492
Pruned model (before finetuning) has AUROC / IND / OOD = 0.5891426301476893 / 9.204276084899902 / 9.689238548278809
Pruned model (after finetuning) has AUROC / IND / OOD = 0.6600373160001644 / 7.1677775382995605 / 7.738495826721191
Notification sent to chrome.
 
Currently running leave_6_encoder_fc4 experiment. 
Starting the process with remaining connection 3 using tech 7!
Loaded pretrained model
Pretrained model has AUROC / IND / OOD = 0.9223454544530998 / 2.7505714893341064 / 4.395536422729492
Pruned model (before finetuning) has AUROC / IND / OOD = 0.5891426301476893 / 9.204276084899902 / 9.689238548278809
Pruned model (after finetuning) has AUROC / IND / OOD = 0.6642177608645158 / 7.161628246307373 / 7.715610504150391
Notification sent to chrome.
 
Currently running leave_6_encoder_fc4 experiment. 
Starting the process with remaining connection 4 using tech 7!
Loaded pretrained model
Pretrained model has AUROC / IND / OOD = 0.9223454544530998 / 2.7505714893341064 / 4.395536422729492
Pruned model (before finetuning) has AUROC / IND / OOD = 0.5891426301476893 / 9.204276084899902 / 9.689238548278809
Pruned model (after finetuning) has AUROC / IND / OOD = 0.660878438315465 / 7.165524959564209 / 7.7223100662231445
Notification sent to chrome.
 
Currently running leave_6_encoder_fc4 experiment. 
Starting the process with remaining connection 5 using tech 7!
Loaded pretrained model
Pretrained model has AUROC / IND / OOD = 0.9223454544530998 / 2.7505714893341064 / 4.395536422729492
Pruned model (before finetuning) has AUROC / IND / OOD = 0.5891426301476893 / 9.204276084899902 / 9.689238548278809
Pruned model (after finetuning) has AUROC / IND / OOD = 0.6632938077420196 / 7.163308143615723 / 7.729869365692139
Notification sent to chrome.
 
Currently running leave_6_encoder_fc4 experiment. 
Starting the process with remaining connection 6 using tech 7!
Loaded pretrained model
Pretrained model has AUROC / IND / OOD = 0.9223454544530998 / 2.7505714893341064 / 4.395536422729492
Pruned model (before finetuning) has AUROC / IND / OOD = 0.5891426301476893 / 9.204276084899902 / 9.689238548278809
Pruned model (after finetuning) has AUROC / IND / OOD = 0.6586807378602938 / 7.163788318634033 / 7.703770637512207
Notification sent to chrome.
 
Currently running leave_6_encoder_fc4 experiment. 
Starting the process with remaining connection 7 using tech 7!
Loaded pretrained model
Pretrained model has AUROC / IND / OOD = 0.9223454544530998 / 2.7505714893341064 / 4.395536422729492
Pruned model (before finetuning) has AUROC / IND / OOD = 0.5891426301476893 / 9.204276084899902 / 9.689238548278809
Pruned model (after finetuning) has AUROC / IND / OOD = 0.6632016260004922 / 7.163121223449707 / 7.722819805145264
Notification sent to chrome.
 
Currently running leave_6_encoder_fc4 experiment. 
Starting the process with remaining connection 8 using tech 7!
Loaded pretrained model
Pretrained model has AUROC / IND / OOD = 0.9223454544530998 / 2.7505714893341064 / 4.395536422729492
Pruned model (before finetuning) has AUROC / IND / OOD = 0.5891426301476893 / 9.204276084899902 / 9.689238548278809
Pruned model (after finetuning) has AUROC / IND / OOD = 0.6643991805349103 / 7.163935661315918 / 7.730449676513672
Notification sent to chrome.
 
Currently running leave_6_encoder_fc4 experiment. 
Starting the process with remaining connection 9 using tech 7!
Loaded pretrained model
Pretrained model has AUROC / IND / OOD = 0.9223454544530998 / 2.7505714893341064 / 4.395536422729492
Pruned model (before finetuning) has AUROC / IND / OOD = 0.5891426301476893 / 9.204276084899902 / 9.689238548278809
Pruned model (after finetuning) has AUROC / IND / OOD = 0.6577907251661119 / 7.165162563323975 / 7.707477569580078
Notification sent to chrome.
 
Currently running leave_6_encoder_fc4 experiment. 
Starting the process with remaining connection 10 using tech 7!
Loaded pretrained model
Pretrained model has AUROC / IND / OOD = 0.9223454544530998 / 2.7505714893341064 / 4.395536422729492
Pruned model (before finetuning) has AUROC / IND / OOD = 0.5891426301476893 / 9.204276084899902 / 9.689238548278809
Pruned model (after finetuning) has AUROC / IND / OOD = 0.6636684800552651 / 7.164762496948242 / 7.7256364822387695
Notification sent to chrome.
 
Currently running leave_6_encoder_fc4 experiment. 
Starting the process with remaining connection 11 using tech 7!
Loaded pretrained model
Pretrained model has AUROC / IND / OOD = 0.9223454544530998 / 2.7505714893341064 / 4.395536422729492
Pruned model (before finetuning) has AUROC / IND / OOD = 0.5891426301476893 / 9.204276084899902 / 9.689238548278809
Pruned model (after finetuning) has AUROC / IND / OOD = 0.6620827463024559 / 7.163595199584961 / 7.698851108551025
Notification sent to chrome.
 
Currently running leave_6_encoder_fc4 experiment. 
Starting the process with remaining connection 12 using tech 7!
Loaded pretrained model
Pretrained model has AUROC / IND / OOD = 0.9223454544530998 / 2.7505714893341064 / 4.395536422729492
Pruned model (before finetuning) has AUROC / IND / OOD = 0.5891426301476893 / 9.204276084899902 / 9.689238548278809
Pruned model (after finetuning) has AUROC / IND / OOD = 0.6607594736509141 / 7.1651129722595215 / 7.725772857666016
Notification sent to chrome.
 
Currently running leave_6_encoder_fc4 experiment. 
Starting the process with remaining connection 13 using tech 7!
Loaded pretrained model
Pretrained model has AUROC / IND / OOD = 0.9223454544530998 / 2.7505714893341064 / 4.395536422729492
Pruned model (before finetuning) has AUROC / IND / OOD = 0.5891426301476893 / 9.204276084899902 / 9.689238548278809
Pruned model (after finetuning) has AUROC / IND / OOD = 0.6558682423337346 / 7.166928768157959 / 7.711324214935303
Notification sent to chrome.
 
Currently running leave_6_encoder_fc4 experiment. 
Starting the process with remaining connection 14 using tech 7!
Loaded pretrained model
Pretrained model has AUROC / IND / OOD = 0.9223454544530998 / 2.7505714893341064 / 4.395536422729492
Pruned model (before finetuning) has AUROC / IND / OOD = 0.5891426301476893 / 9.204276084899902 / 9.689238548278809
Pruned model (after finetuning) has AUROC / IND / OOD = 0.6624423532215008 / 7.163203716278076 / 7.703221797943115
Notification sent to chrome.
 
Currently running leave_6_encoder_fc4 experiment. 
Starting the process with remaining connection 15 using tech 7!
Loaded pretrained model
Pretrained model has AUROC / IND / OOD = 0.9223454544530998 / 2.7505714893341064 / 4.395536422729492
Pruned model (before finetuning) has AUROC / IND / OOD = 0.5891426301476893 / 9.204276084899902 / 9.689238548278809
Pruned model (after finetuning) has AUROC / IND / OOD = 0.658624112757953 / 7.164926052093506 / 7.704057693481445
Notification sent to chrome.
 
Currently running leave_6_encoder_fc4 experiment. 
Starting the process with remaining connection 16 using tech 7!
Loaded pretrained model
Pretrained model has AUROC / IND / OOD = 0.9223454544530998 / 2.7505714893341064 / 4.395536422729492
Pruned model (before finetuning) has AUROC / IND / OOD = 0.5891426301476893 / 9.204276084899902 / 9.689238548278809
Pruned model (after finetuning) has AUROC / IND / OOD = 0.6614084977597008 / 7.162805080413818 / 7.702753067016602
Notification sent to chrome.
 
Currently running leave_6_encoder_fc4 experiment. 
Starting the process with remaining connection 1 using tech 8!
Loaded pretrained model
Pretrained model has AUROC / IND / OOD = 0.9223454544530998 / 2.7505714893341064 / 4.395536422729492
Pruned model (before finetuning) has AUROC / IND / OOD = 0.5891426301476893 / 9.204276084899902 / 9.689238548278809
Pruned model (after finetuning) has AUROC / IND / OOD = 0.6633917039434161 / 7.163515090942383 / 7.7302727699279785
Notification sent to chrome.
 
Currently running leave_6_encoder_fc4 experiment. 
Starting the process with remaining connection 2 using tech 8!
Loaded pretrained model
Pretrained model has AUROC / IND / OOD = 0.9223454544530998 / 2.7505714893341064 / 4.395536422729492
Pruned model (before finetuning) has AUROC / IND / OOD = 0.5847452089737568 / 9.25748062133789 / 9.72221851348877
Pruned model (after finetuning) has AUROC / IND / OOD = 0.9290884016551847 / 5.249449253082275 / 7.807960033416748
Notification sent to chrome.
 
Currently running leave_6_encoder_fc4 experiment. 
Starting the process with remaining connection 3 using tech 8!
Loaded pretrained model
Pretrained model has AUROC / IND / OOD = 0.9223454544530998 / 2.7505714893341064 / 4.395536422729492
Pruned model (before finetuning) has AUROC / IND / OOD = 0.5940003828110895 / 9.255778312683105 / 9.768717765808105
Pruned model (after finetuning) has AUROC / IND / OOD = 0.9363084773954439 / 5.173451900482178 / 7.964915752410889
Notification sent to chrome.
 
Currently running leave_6_encoder_fc4 experiment. 
Starting the process with remaining connection 4 using tech 8!
Loaded pretrained model
Pretrained model has AUROC / IND / OOD = 0.9223454544530998 / 2.7505714893341064 / 4.395536422729492
Pruned model (before finetuning) has AUROC / IND / OOD = 0.5891414179895352 / 9.206124305725098 / 9.690990447998047
Pruned model (after finetuning) has AUROC / IND / OOD = 0.6611633532034915 / 7.166022777557373 / 7.7258100509643555
Notification sent to chrome.
 
Currently running leave_6_encoder_fc4 experiment. 
Starting the process with remaining connection 5 using tech 8!
Loaded pretrained model
Pretrained model has AUROC / IND / OOD = 0.9223454544530998 / 2.7505714893341064 / 4.395536422729492
Pruned model (before finetuning) has AUROC / IND / OOD = 0.5858109268784643 / 9.14260482788086 / 9.615320205688477
Pruned model (after finetuning) has AUROC / IND / OOD = 0.9444876588446678 / 5.158336639404297 / 8.11440372467041
Notification sent to chrome.
 
Currently running leave_6_encoder_fc4 experiment. 
Starting the process with remaining connection 6 using tech 8!
Loaded pretrained model
Pretrained model has AUROC / IND / OOD = 0.9223454544530998 / 2.7505714893341064 / 4.395536422729492
Pruned model (before finetuning) has AUROC / IND / OOD = 0.5820559495261962 / 9.21051025390625 / 9.657029151916504
Pruned model (after finetuning) has AUROC / IND / OOD = 0.9592354098872394 / 4.747730255126953 / 8.010664939880371
Notification sent to chrome.
 
Currently running leave_6_encoder_fc4 experiment. 
Starting the process with remaining connection 7 using tech 8!
Loaded pretrained model
Pretrained model has AUROC / IND / OOD = 0.9223454544530998 / 2.7505714893341064 / 4.395536422729492
Pruned model (before finetuning) has AUROC / IND / OOD = 0.5804351209087354 / 9.136075019836426 / 9.564906120300293
Pruned model (after finetuning) has AUROC / IND / OOD = 0.9478629420856233 / 4.152719020843506 / 6.948985576629639
Notification sent to chrome.
 
Currently running leave_6_encoder_fc4 experiment. 
Starting the process with remaining connection 8 using tech 8!
Loaded pretrained model
Pretrained model has AUROC / IND / OOD = 0.9223454544530998 / 2.7505714893341064 / 4.395536422729492
Pruned model (before finetuning) has AUROC / IND / OOD = 0.5751379897753882 / 9.095897674560547 / 9.496658325195312
Pruned model (after finetuning) has AUROC / IND / OOD = 0.9584001174754417 / 4.467591285705566 / 7.758230686187744
Notification sent to chrome.
 
Currently running leave_6_encoder_fc4 experiment. 
Starting the process with remaining connection 9 using tech 8!
Loaded pretrained model
Pretrained model has AUROC / IND / OOD = 0.9223454544530998 / 2.7505714893341064 / 4.395536422729492
Pruned model (before finetuning) has AUROC / IND / OOD = 0.5912874574186157 / 9.162649154663086 / 9.656871795654297
Pruned model (after finetuning) has AUROC / IND / OOD = 0.9476688813373361 / 4.425789833068848 / 7.386477470397949
Notification sent to chrome.
 
Currently running leave_6_encoder_fc4 experiment. 
Starting the process with remaining connection 10 using tech 8!
Loaded pretrained model
Pretrained model has AUROC / IND / OOD = 0.9223454544530998 / 2.7505714893341064 / 4.395536422729492
Pruned model (before finetuning) has AUROC / IND / OOD = 0.5898078163651972 / 9.252059936523438 / 9.734504699707031
Pruned model (after finetuning) has AUROC / IND / OOD = 0.9477005706147928 / 5.204853057861328 / 8.159109115600586
Notification sent to chrome.
 
Currently running leave_6_encoder_fc4 experiment. 
Starting the process with remaining connection 11 using tech 8!
Loaded pretrained model
Pretrained model has AUROC / IND / OOD = 0.9223454544530998 / 2.7505714893341064 / 4.395536422729492
Pruned model (before finetuning) has AUROC / IND / OOD = 0.5840315941519026 / 9.208216667175293 / 9.662575721740723
Pruned model (after finetuning) has AUROC / IND / OOD = 0.9528022556762481 / 4.427718162536621 / 7.391507148742676
Notification sent to chrome.
 
Currently running leave_6_encoder_fc4 experiment. 
Starting the process with remaining connection 12 using tech 8!
Loaded pretrained model
Pretrained model has AUROC / IND / OOD = 0.9223454544530998 / 2.7505714893341064 / 4.395536422729492
Pruned model (before finetuning) has AUROC / IND / OOD = 0.5955449609084768 / 9.140633583068848 / 9.658154487609863
Pruned model (after finetuning) has AUROC / IND / OOD = 0.9568618310560922 / 4.406491756439209 / 7.553766250610352
Notification sent to chrome.
 
Currently running leave_6_encoder_fc4 experiment. 
Starting the process with remaining connection 13 using tech 8!
Loaded pretrained model
Pretrained model has AUROC / IND / OOD = 0.9223454544530998 / 2.7505714893341064 / 4.395536422729492
Pruned model (before finetuning) has AUROC / IND / OOD = 0.5899838679066236 / 9.195425987243652 / 9.683279037475586
Pruned model (after finetuning) has AUROC / IND / OOD = 0.954449636329465 / 4.110410690307617 / 7.037750244140625
Notification sent to chrome.
 
Currently running leave_6_encoder_fc4 experiment. 
Starting the process with remaining connection 14 using tech 8!
Loaded pretrained model
Pretrained model has AUROC / IND / OOD = 0.9223454544530998 / 2.7505714893341064 / 4.395536422729492
Pruned model (before finetuning) has AUROC / IND / OOD = 0.5873798058607501 / 9.317317962646484 / 9.797727584838867
Pruned model (after finetuning) has AUROC / IND / OOD = 0.9648913975560122 / 4.409730434417725 / 7.548598766326904
Notification sent to chrome.
 
Currently running leave_6_encoder_fc4 experiment. 
Starting the process with remaining connection 15 using tech 8!
Loaded pretrained model
Pretrained model has AUROC / IND / OOD = 0.9223454544530998 / 2.7505714893341064 / 4.395536422729492
Pruned model (before finetuning) has AUROC / IND / OOD = 0.5909242717469254 / 9.036762237548828 / 9.522104263305664
Pruned model (after finetuning) has AUROC / IND / OOD = 0.9336986431678842 / 3.7030792236328125 / 6.020133972167969
Notification sent to chrome.
 
Currently running leave_6_encoder_fc4 experiment. 
Starting the process with remaining connection 16 using tech 8!
Loaded pretrained model
Pretrained model has AUROC / IND / OOD = 0.9223454544530998 / 2.7505714893341064 / 4.395536422729492
Pruned model (before finetuning) has AUROC / IND / OOD = 0.5906683332109631 / 9.136990547180176 / 9.601289749145508
Pruned model (after finetuning) has AUROC / IND / OOD = 0.9391700941881519 / 3.87819504737854 / 6.53037166595459
Notification sent to chrome.
