 
Currently running leave_4_encoder_fc4 experiment. 
Starting the process with remaining connection 1 using tech 0!
Loaded pretrained model
Pretrained model has AUROC / IND / OOD = 0.9166617545628363 / 2.7372066974639893 / 4.327578544616699
Pruned model (before finetuning) has AUROC / IND / OOD = 0.4234342471427365 / 9.25967025756836 / 8.851765632629395
Pruned model (after finetuning) has AUROC / IND / OOD = 0.6677803027120686 / 5.793381214141846 / 6.687417507171631
Notification sent to chrome.
 
Currently running leave_4_encoder_fc4 experiment. 
Starting the process with remaining connection 2 using tech 0!
Loaded pretrained model
Pretrained model has AUROC / IND / OOD = 0.9166617545628363 / 2.7372066974639893 / 4.327578544616699
Pruned model (before finetuning) has AUROC / IND / OOD = 0.4212205256831889 / 9.300752639770508 / 8.875399589538574
Pruned model (after finetuning) has AUROC / IND / OOD = 0.7351410552960609 / 5.165998458862305 / 6.39840030670166
Notification sent to chrome.
 
Currently running leave_4_encoder_fc4 experiment. 
Starting the process with remaining connection 3 using tech 0!
Loaded pretrained model
Pretrained model has AUROC / IND / OOD = 0.9166617545628363 / 2.7372066974639893 / 4.327578544616699
Pruned model (before finetuning) has AUROC / IND / OOD = 0.43217186355959725 / 9.24768352508545 / 8.893875122070312
Pruned model (after finetuning) has AUROC / IND / OOD = 0.750826136818917 / 4.708201885223389 / 5.916690826416016
Notification sent to chrome.
 
Currently running leave_4_encoder_fc4 experiment. 
Starting the process with remaining connection 4 using tech 0!
Loaded pretrained model
Pretrained model has AUROC / IND / OOD = 0.9166617545628363 / 2.7372066974639893 / 4.327578544616699
Pruned model (before finetuning) has AUROC / IND / OOD = 0.44187281693684366 / 9.324435234069824 / 9.033998489379883
Pruned model (after finetuning) has AUROC / IND / OOD = 0.7930106634434232 / 4.367669105529785 / 5.742130279541016
Notification sent to chrome.
 
Currently running leave_4_encoder_fc4 experiment. 
Starting the process with remaining connection 5 using tech 0!
Loaded pretrained model
Pretrained model has AUROC / IND / OOD = 0.9166617545628363 / 2.7372066974639893 / 4.327578544616699
Pruned model (before finetuning) has AUROC / IND / OOD = 0.4539013735371529 / 9.256620407104492 / 9.029914855957031
Pruned model (after finetuning) has AUROC / IND / OOD = 0.7993432686561702 / 4.377432346343994 / 5.779461860656738
Notification sent to chrome.
 
Currently running leave_4_encoder_fc4 experiment. 
Starting the process with remaining connection 6 using tech 0!
Loaded pretrained model
Pretrained model has AUROC / IND / OOD = 0.9166617545628363 / 2.7372066974639893 / 4.327578544616699
Pruned model (before finetuning) has AUROC / IND / OOD = 0.4526151927870893 / 9.273677825927734 / 9.048358917236328
Pruned model (after finetuning) has AUROC / IND / OOD = 0.8543040644215076 / 4.034179210662842 / 5.78491735458374
Notification sent to chrome.
 
Currently running leave_4_encoder_fc4 experiment. 
Starting the process with remaining connection 7 using tech 0!
Loaded pretrained model
Pretrained model has AUROC / IND / OOD = 0.9166617545628363 / 2.7372066974639893 / 4.327578544616699
Pruned model (before finetuning) has AUROC / IND / OOD = 0.4587426188582328 / 9.323070526123047 / 9.133055686950684
Pruned model (after finetuning) has AUROC / IND / OOD = 0.8649271947166991 / 3.79020094871521 / 5.514808177947998
Notification sent to chrome.
 
Currently running leave_4_encoder_fc4 experiment. 
Starting the process with remaining connection 8 using tech 0!
Loaded pretrained model
Pretrained model has AUROC / IND / OOD = 0.9166617545628363 / 2.7372066974639893 / 4.327578544616699
Pruned model (before finetuning) has AUROC / IND / OOD = 0.4531786167425276 / 9.361811637878418 / 9.142315864562988
Pruned model (after finetuning) has AUROC / IND / OOD = 0.8855198631928267 / 3.586231231689453 / 5.4276957511901855
Notification sent to chrome.
 
Currently running leave_4_encoder_fc4 experiment. 
Starting the process with remaining connection 9 using tech 0!
Loaded pretrained model
Pretrained model has AUROC / IND / OOD = 0.9166617545628363 / 2.7372066974639893 / 4.327578544616699
Pruned model (before finetuning) has AUROC / IND / OOD = 0.4518279011111066 / 9.350250244140625 / 9.11707878112793
Pruned model (after finetuning) has AUROC / IND / OOD = 0.9056012211828888 / 3.42496395111084 / 5.268039703369141
Notification sent to chrome.
 
Currently running leave_4_encoder_fc4 experiment. 
Starting the process with remaining connection 10 using tech 0!
Loaded pretrained model
Pretrained model has AUROC / IND / OOD = 0.9166617545628363 / 2.7372066974639893 / 4.327578544616699
Pruned model (before finetuning) has AUROC / IND / OOD = 0.44343802776885693 / 9.297571182250977 / 9.026498794555664
Pruned model (after finetuning) has AUROC / IND / OOD = 0.9055517049178402 / 3.4175021648406982 / 5.269410610198975
Notification sent to chrome.
 
Currently running leave_4_encoder_fc4 experiment. 
Starting the process with remaining connection 11 using tech 0!
Loaded pretrained model
Pretrained model has AUROC / IND / OOD = 0.9166617545628363 / 2.7372066974639893 / 4.327578544616699
Pruned model (before finetuning) has AUROC / IND / OOD = 0.44069442016623017 / 9.356271743774414 / 9.064410209655762
Pruned model (after finetuning) has AUROC / IND / OOD = 0.9009702364901335 / 3.441485643386841 / 5.284654140472412
Notification sent to chrome.
 
Currently running leave_4_encoder_fc4 experiment. 
Starting the process with remaining connection 12 using tech 0!
Loaded pretrained model
Pretrained model has AUROC / IND / OOD = 0.9166617545628363 / 2.7372066974639893 / 4.327578544616699
Pruned model (before finetuning) has AUROC / IND / OOD = 0.4301323241726549 / 9.45297622680664 / 9.113364219665527
Pruned model (after finetuning) has AUROC / IND / OOD = 0.9133052067397226 / 3.2710039615631104 / 5.109651565551758
Notification sent to chrome.
 
Currently running leave_4_encoder_fc4 experiment. 
Starting the process with remaining connection 13 using tech 0!
Loaded pretrained model
Pretrained model has AUROC / IND / OOD = 0.9166617545628363 / 2.7372066974639893 / 4.327578544616699
Pruned model (before finetuning) has AUROC / IND / OOD = 0.42572097262817654 / 9.513010025024414 / 9.143664360046387
Pruned model (after finetuning) has AUROC / IND / OOD = 0.9082970063493742 / 3.3355796337127686 / 5.220691680908203
Notification sent to chrome.
 
Currently running leave_4_encoder_fc4 experiment. 
Starting the process with remaining connection 14 using tech 0!
Loaded pretrained model
Pretrained model has AUROC / IND / OOD = 0.9166617545628363 / 2.7372066974639893 / 4.327578544616699
Pruned model (before finetuning) has AUROC / IND / OOD = 0.4157770677246999 / 9.662439346313477 / 9.222557067871094
Pruned model (after finetuning) has AUROC / IND / OOD = 0.9231752042418896 / 3.235382556915283 / 5.163435459136963
Notification sent to chrome.
 
Currently running leave_4_encoder_fc4 experiment. 
Starting the process with remaining connection 15 using tech 0!
Loaded pretrained model
Pretrained model has AUROC / IND / OOD = 0.9166617545628363 / 2.7372066974639893 / 4.327578544616699
Pruned model (before finetuning) has AUROC / IND / OOD = 0.42395538183646286 / 9.706637382507324 / 9.313283920288086
Pruned model (after finetuning) has AUROC / IND / OOD = 0.9225065370503618 / 3.1248092651367188 / 4.964450836181641
Notification sent to chrome.
 
Currently running leave_4_encoder_fc4 experiment. 
Starting the process with remaining connection 16 using tech 0!
Loaded pretrained model
Pretrained model has AUROC / IND / OOD = 0.9166617545628363 / 2.7372066974639893 / 4.327578544616699
Pruned model (before finetuning) has AUROC / IND / OOD = 0.4144148340567112 / 9.811725616455078 / 9.353470802307129
Pruned model (after finetuning) has AUROC / IND / OOD = 0.9206088276039006 / 3.1256227493286133 / 4.934076309204102
Notification sent to chrome.
 
Currently running leave_4_encoder_fc4 experiment. 
Starting the process with remaining connection 1 using tech 1!
Loaded pretrained model
Pretrained model has AUROC / IND / OOD = 0.9166617545628363 / 2.7372066974639893 / 4.327578544616699
Pruned model (before finetuning) has AUROC / IND / OOD = 0.40986848434834333 / 9.321220397949219 / 8.844070434570312
Pruned model (after finetuning) has AUROC / IND / OOD = 0.6543747196713159 / 5.828706741333008 / 6.67060661315918
Notification sent to chrome.
 
Currently running leave_4_encoder_fc4 experiment. 
Starting the process with remaining connection 2 using tech 1!
Loaded pretrained model
Pretrained model has AUROC / IND / OOD = 0.9166617545628363 / 2.7372066974639893 / 4.327578544616699
Pruned model (before finetuning) has AUROC / IND / OOD = 0.4098666775975092 / 9.321157455444336 / 8.844003677368164
Pruned model (after finetuning) has AUROC / IND / OOD = 0.7339082866175322 / 5.2459282875061035 / 6.51293420791626
Notification sent to chrome.
 
Currently running leave_4_encoder_fc4 experiment. 
Starting the process with remaining connection 3 using tech 1!
Loaded pretrained model
Pretrained model has AUROC / IND / OOD = 0.9166617545628363 / 2.7372066974639893 / 4.327578544616699
Pruned model (before finetuning) has AUROC / IND / OOD = 0.4098666775975092 / 9.321157455444336 / 8.844003677368164
Pruned model (after finetuning) has AUROC / IND / OOD = 0.7300291925766028 / 5.186813831329346 / 6.450563430786133
Notification sent to chrome.
 
Currently running leave_4_encoder_fc4 experiment. 
Starting the process with remaining connection 4 using tech 1!
Loaded pretrained model
Pretrained model has AUROC / IND / OOD = 0.9166617545628363 / 2.7372066974639893 / 4.327578544616699
Pruned model (before finetuning) has AUROC / IND / OOD = 0.4098666775975092 / 9.321157455444336 / 8.844003677368164
Pruned model (after finetuning) has AUROC / IND / OOD = 0.732444310293195 / 5.237583160400391 / 6.504249572753906
Notification sent to chrome.
 
Currently running leave_4_encoder_fc4 experiment. 
Starting the process with remaining connection 5 using tech 1!
Loaded pretrained model
Pretrained model has AUROC / IND / OOD = 0.9166617545628363 / 2.7372066974639893 / 4.327578544616699
Pruned model (before finetuning) has AUROC / IND / OOD = 0.4098666775975092 / 9.321157455444336 / 8.844003677368164
Pruned model (after finetuning) has AUROC / IND / OOD = 0.7433577064020861 / 5.264286041259766 / 6.5989990234375
Notification sent to chrome.
 
Currently running leave_4_encoder_fc4 experiment. 
Starting the process with remaining connection 6 using tech 1!
Loaded pretrained model
Pretrained model has AUROC / IND / OOD = 0.9166617545628363 / 2.7372066974639893 / 4.327578544616699
Pruned model (before finetuning) has AUROC / IND / OOD = 0.40987655826613345 / 9.320717811584473 / 8.84361743927002
Pruned model (after finetuning) has AUROC / IND / OOD = 0.7897122139518205 / 4.726371765136719 / 6.237429141998291
Notification sent to chrome.
 
Currently running leave_4_encoder_fc4 experiment. 
Starting the process with remaining connection 7 using tech 1!
Loaded pretrained model
Pretrained model has AUROC / IND / OOD = 0.9166617545628363 / 2.7372066974639893 / 4.327578544616699
Pruned model (before finetuning) has AUROC / IND / OOD = 0.40987655826613345 / 9.320717811584473 / 8.84361743927002
Pruned model (after finetuning) has AUROC / IND / OOD = 0.7785236835674656 / 4.763583183288574 / 6.2067131996154785
Notification sent to chrome.
 
Currently running leave_4_encoder_fc4 experiment. 
Starting the process with remaining connection 8 using tech 1!
Loaded pretrained model
Pretrained model has AUROC / IND / OOD = 0.9166617545628363 / 2.7372066974639893 / 4.327578544616699
Pruned model (before finetuning) has AUROC / IND / OOD = 0.40987655826613345 / 9.320717811584473 / 8.84361743927002
Pruned model (after finetuning) has AUROC / IND / OOD = 0.7473704435437792 / 4.7591872215271 / 5.971619129180908
Notification sent to chrome.
 
Currently running leave_4_encoder_fc4 experiment. 
Starting the process with remaining connection 9 using tech 1!
Loaded pretrained model
Pretrained model has AUROC / IND / OOD = 0.9166617545628363 / 2.7372066974639893 / 4.327578544616699
Pruned model (before finetuning) has AUROC / IND / OOD = 0.40987655826613345 / 9.320717811584473 / 8.84361743927002
Pruned model (after finetuning) has AUROC / IND / OOD = 0.7600044875173843 / 4.745269298553467 / 6.017187595367432
Notification sent to chrome.
 
Currently running leave_4_encoder_fc4 experiment. 
Starting the process with remaining connection 10 using tech 1!
Loaded pretrained model
Pretrained model has AUROC / IND / OOD = 0.9166617545628363 / 2.7372066974639893 / 4.327578544616699
Pruned model (before finetuning) has AUROC / IND / OOD = 0.40987655826613345 / 9.320717811584473 / 8.84361743927002
Pruned model (after finetuning) has AUROC / IND / OOD = 0.7595998882524609 / 4.7758469581604 / 6.032418251037598
Notification sent to chrome.
 
Currently running leave_4_encoder_fc4 experiment. 
Starting the process with remaining connection 11 using tech 1!
Loaded pretrained model
Pretrained model has AUROC / IND / OOD = 0.9166617545628363 / 2.7372066974639893 / 4.327578544616699
Pruned model (before finetuning) has AUROC / IND / OOD = 0.40987655826613345 / 9.320717811584473 / 8.84361743927002
Pruned model (after finetuning) has AUROC / IND / OOD = 0.7648706321233975 / 4.7487921714782715 / 6.034877300262451
Notification sent to chrome.
 
Currently running leave_4_encoder_fc4 experiment. 
Starting the process with remaining connection 12 using tech 1!
Loaded pretrained model
Pretrained model has AUROC / IND / OOD = 0.9166617545628363 / 2.7372066974639893 / 4.327578544616699
Pruned model (before finetuning) has AUROC / IND / OOD = 0.4098449965874994 / 9.320999145507812 / 8.843727111816406
Pruned model (after finetuning) has AUROC / IND / OOD = 0.8173673020557662 / 4.482831954956055 / 6.112436294555664
Notification sent to chrome.
 
Currently running leave_4_encoder_fc4 experiment. 
Starting the process with remaining connection 13 using tech 1!
Loaded pretrained model
Pretrained model has AUROC / IND / OOD = 0.9166617545628363 / 2.7372066974639893 / 4.327578544616699
Pruned model (before finetuning) has AUROC / IND / OOD = 0.4098449965874994 / 9.320999145507812 / 8.843727111816406
Pruned model (after finetuning) has AUROC / IND / OOD = 0.8298182995854861 / 4.446928977966309 / 6.168882846832275
Notification sent to chrome.
 
Currently running leave_4_encoder_fc4 experiment. 
Starting the process with remaining connection 14 using tech 1!
Loaded pretrained model
Pretrained model has AUROC / IND / OOD = 0.9166617545628363 / 2.7372066974639893 / 4.327578544616699
Pruned model (before finetuning) has AUROC / IND / OOD = 0.4098449965874994 / 9.320999145507812 / 8.843727111816406
Pruned model (after finetuning) has AUROC / IND / OOD = 0.8246559607645989 / 4.476326942443848 / 6.148989677429199
Notification sent to chrome.
 
Currently running leave_4_encoder_fc4 experiment. 
Starting the process with remaining connection 15 using tech 1!
Loaded pretrained model
Pretrained model has AUROC / IND / OOD = 0.9166617545628363 / 2.7372066974639893 / 4.327578544616699
Pruned model (before finetuning) has AUROC / IND / OOD = 0.4098449965874994 / 9.320999145507812 / 8.843727111816406
Pruned model (after finetuning) has AUROC / IND / OOD = 0.805302723360701 / 4.467970371246338 / 6.0324835777282715
Notification sent to chrome.
 
Currently running leave_4_encoder_fc4 experiment. 
Starting the process with remaining connection 16 using tech 1!
Loaded pretrained model
Pretrained model has AUROC / IND / OOD = 0.9166617545628363 / 2.7372066974639893 / 4.327578544616699
Pruned model (before finetuning) has AUROC / IND / OOD = 0.4098449965874994 / 9.320999145507812 / 8.843727111816406
Pruned model (after finetuning) has AUROC / IND / OOD = 0.8287009935774524 / 4.451773166656494 / 6.166122913360596
Notification sent to chrome.
 
Currently running leave_4_encoder_fc4 experiment. 
Starting the process with remaining connection 1 using tech 2!
Loaded pretrained model
Pretrained model has AUROC / IND / OOD = 0.9166617545628363 / 2.7372066974639893 / 4.327578544616699
Pruned model (before finetuning) has AUROC / IND / OOD = 0.40986887957508833 / 9.32121753692627 / 8.844070434570312
Pruned model (after finetuning) has AUROC / IND / OOD = 0.4922619684821351 / 7.219949722290039 / 7.168632507324219
Notification sent to chrome.
 
Currently running leave_4_encoder_fc4 experiment. 
Starting the process with remaining connection 2 using tech 2!
Loaded pretrained model
Pretrained model has AUROC / IND / OOD = 0.9166617545628363 / 2.7372066974639893 / 4.327578544616699
Pruned model (before finetuning) has AUROC / IND / OOD = 0.40986887957508833 / 9.32121753692627 / 8.844070434570312
Pruned model (after finetuning) has AUROC / IND / OOD = 0.4942330771812339 / 7.220133304595947 / 7.176304817199707
Notification sent to chrome.
 
Currently running leave_4_encoder_fc4 experiment. 
Starting the process with remaining connection 3 using tech 2!
Loaded pretrained model
Pretrained model has AUROC / IND / OOD = 0.9166617545628363 / 2.7372066974639893 / 4.327578544616699
Pruned model (before finetuning) has AUROC / IND / OOD = 0.4234342471427365 / 9.25967025756836 / 8.851765632629395
Pruned model (after finetuning) has AUROC / IND / OOD = 0.6547440308340098 / 5.7897562980651855 / 6.619050979614258
Notification sent to chrome.
 
Currently running leave_4_encoder_fc4 experiment. 
Starting the process with remaining connection 4 using tech 2!
Loaded pretrained model
Pretrained model has AUROC / IND / OOD = 0.9166617545628363 / 2.7372066974639893 / 4.327578544616699
Pruned model (before finetuning) has AUROC / IND / OOD = 0.4234342471427365 / 9.25967025756836 / 8.851765632629395
Pruned model (after finetuning) has AUROC / IND / OOD = 0.6636395121050047 / 5.781900405883789 / 6.634455680847168
Notification sent to chrome.
 
Currently running leave_4_encoder_fc4 experiment. 
Starting the process with remaining connection 5 using tech 2!
Loaded pretrained model
Pretrained model has AUROC / IND / OOD = 0.9166617545628363 / 2.7372066974639893 / 4.327578544616699
Pruned model (before finetuning) has AUROC / IND / OOD = 0.4234342471427365 / 9.25967025756836 / 8.851765632629395
Pruned model (after finetuning) has AUROC / IND / OOD = 0.6760422355108746 / 5.7737884521484375 / 6.684360027313232
Notification sent to chrome.
 
Currently running leave_4_encoder_fc4 experiment. 
Starting the process with remaining connection 6 using tech 2!
Loaded pretrained model
Pretrained model has AUROC / IND / OOD = 0.9166617545628363 / 2.7372066974639893 / 4.327578544616699
Pruned model (before finetuning) has AUROC / IND / OOD = 0.4234342471427365 / 9.25967025756836 / 8.851765632629395
Pruned model (after finetuning) has AUROC / IND / OOD = 0.6817408405637243 / 5.75150203704834 / 6.679811000823975
Notification sent to chrome.
 
Currently running leave_4_encoder_fc4 experiment. 
Starting the process with remaining connection 7 using tech 2!
Loaded pretrained model
Pretrained model has AUROC / IND / OOD = 0.9166617545628363 / 2.7372066974639893 / 4.327578544616699
Pruned model (before finetuning) has AUROC / IND / OOD = 0.4290911275435099 / 9.25985336303711 / 8.88737964630127
Pruned model (after finetuning) has AUROC / IND / OOD = 0.7391471865050168 / 5.158351898193359 / 6.43078088760376
Notification sent to chrome.
 
Currently running leave_4_encoder_fc4 experiment. 
Starting the process with remaining connection 8 using tech 2!
Loaded pretrained model
Pretrained model has AUROC / IND / OOD = 0.9166617545628363 / 2.7372066974639893 / 4.327578544616699
Pruned model (before finetuning) has AUROC / IND / OOD = 0.4290911275435099 / 9.25985336303711 / 8.88737964630127
Pruned model (after finetuning) has AUROC / IND / OOD = 0.7394341211218658 / 5.158888339996338 / 6.453438758850098
Notification sent to chrome.
 
Currently running leave_4_encoder_fc4 experiment. 
Starting the process with remaining connection 9 using tech 2!
Loaded pretrained model
Pretrained model has AUROC / IND / OOD = 0.9166617545628363 / 2.7372066974639893 / 4.327578544616699
Pruned model (before finetuning) has AUROC / IND / OOD = 0.4290911275435099 / 9.25985336303711 / 8.88737964630127
Pruned model (after finetuning) has AUROC / IND / OOD = 0.7562355488163749 / 5.164393424987793 / 6.515539646148682
Notification sent to chrome.
 
Currently running leave_4_encoder_fc4 experiment. 
Starting the process with remaining connection 10 using tech 2!
Loaded pretrained model
Pretrained model has AUROC / IND / OOD = 0.9166617545628363 / 2.7372066974639893 / 4.327578544616699
Pruned model (before finetuning) has AUROC / IND / OOD = 0.4290911275435099 / 9.25985336303711 / 8.88737964630127
Pruned model (after finetuning) has AUROC / IND / OOD = 0.7327499899499484 / 5.158022403717041 / 6.412405014038086
Notification sent to chrome.
 
Currently running leave_4_encoder_fc4 experiment. 
Starting the process with remaining connection 11 using tech 2!
Loaded pretrained model
Pretrained model has AUROC / IND / OOD = 0.9166617545628363 / 2.7372066974639893 / 4.327578544616699
Pruned model (before finetuning) has AUROC / IND / OOD = 0.43424375507866364 / 9.201459884643555 / 8.860930442810059
Pruned model (after finetuning) has AUROC / IND / OOD = 0.7689226660957333 / 4.691957473754883 / 6.0774006843566895
Notification sent to chrome.
 
Currently running leave_4_encoder_fc4 experiment. 
Starting the process with remaining connection 12 using tech 2!
Loaded pretrained model
Pretrained model has AUROC / IND / OOD = 0.9166617545628363 / 2.7372066974639893 / 4.327578544616699
Pruned model (before finetuning) has AUROC / IND / OOD = 0.43424375507866364 / 9.201459884643555 / 8.860930442810059
Pruned model (after finetuning) has AUROC / IND / OOD = 0.772434763873475 / 4.7004475593566895 / 6.114614963531494
Notification sent to chrome.
 
Currently running leave_4_encoder_fc4 experiment. 
Starting the process with remaining connection 13 using tech 2!
Loaded pretrained model
Pretrained model has AUROC / IND / OOD = 0.9166617545628363 / 2.7372066974639893 / 4.327578544616699
Pruned model (before finetuning) has AUROC / IND / OOD = 0.43585712711259983 / 9.154383659362793 / 8.83491325378418
Pruned model (after finetuning) has AUROC / IND / OOD = 0.7768568994619949 / 4.420558452606201 / 5.728742599487305
Notification sent to chrome.
 
Currently running leave_4_encoder_fc4 experiment. 
Starting the process with remaining connection 14 using tech 2!
Loaded pretrained model
Pretrained model has AUROC / IND / OOD = 0.9166617545628363 / 2.7372066974639893 / 4.327578544616699
Pruned model (before finetuning) has AUROC / IND / OOD = 0.43585712711259983 / 9.154383659362793 / 8.83491325378418
Pruned model (after finetuning) has AUROC / IND / OOD = 0.7678845748195845 / 4.698683738708496 / 6.060908317565918
Notification sent to chrome.
 
Currently running leave_4_encoder_fc4 experiment. 
Starting the process with remaining connection 15 using tech 2!
Loaded pretrained model
Pretrained model has AUROC / IND / OOD = 0.9166617545628363 / 2.7372066974639893 / 4.327578544616699
Pruned model (before finetuning) has AUROC / IND / OOD = 0.43585712711259983 / 9.154383659362793 / 8.83491325378418
Pruned model (after finetuning) has AUROC / IND / OOD = 0.7666907077449536 / 4.7216925621032715 / 6.06798791885376
Notification sent to chrome.
 
Currently running leave_4_encoder_fc4 experiment. 
Starting the process with remaining connection 16 using tech 2!
Loaded pretrained model
Pretrained model has AUROC / IND / OOD = 0.9166617545628363 / 2.7372066974639893 / 4.327578544616699
Pruned model (before finetuning) has AUROC / IND / OOD = 0.43585712711259983 / 9.154383659362793 / 8.83491325378418
Pruned model (after finetuning) has AUROC / IND / OOD = 0.7637858476303785 / 4.705673694610596 / 6.040471076965332
Notification sent to chrome.
 
Currently running leave_4_encoder_fc4 experiment. 
Starting the process with remaining connection 1 using tech 3!
Loaded pretrained model
Pretrained model has AUROC / IND / OOD = 0.9166617545628363 / 2.7372066974639893 / 4.327578544616699
Pruned model (before finetuning) has AUROC / IND / OOD = 0.40986887957508833 / 9.32121753692627 / 8.844070434570312
Pruned model (after finetuning) has AUROC / IND / OOD = 0.49558463972710837 / 7.2187581062316895 / 7.181379318237305
Notification sent to chrome.
 
Currently running leave_4_encoder_fc4 experiment. 
Starting the process with remaining connection 2 using tech 3!
Loaded pretrained model
Pretrained model has AUROC / IND / OOD = 0.9166617545628363 / 2.7372066974639893 / 4.327578544616699
Pruned model (before finetuning) has AUROC / IND / OOD = 0.4093987855924268 / 9.319236755371094 / 8.839322090148926
Pruned model (after finetuning) has AUROC / IND / OOD = 0.6876103529532923 / 5.803669452667236 / 6.767485618591309
Notification sent to chrome.
 
Currently running leave_4_encoder_fc4 experiment. 
Starting the process with remaining connection 3 using tech 3!
Loaded pretrained model
Pretrained model has AUROC / IND / OOD = 0.9166617545628363 / 2.7372066974639893 / 4.327578544616699
Pruned model (before finetuning) has AUROC / IND / OOD = 0.4093987855924268 / 9.319236755371094 / 8.839322090148926
Pruned model (after finetuning) has AUROC / IND / OOD = 0.6842318982763146 / 5.85744047164917 / 6.80654764175415
Notification sent to chrome.
 
Currently running leave_4_encoder_fc4 experiment. 
Starting the process with remaining connection 4 using tech 3!
Loaded pretrained model
Pretrained model has AUROC / IND / OOD = 0.9166617545628363 / 2.7372066974639893 / 4.327578544616699
Pruned model (before finetuning) has AUROC / IND / OOD = 0.4093987855924268 / 9.319236755371094 / 8.839322090148926
Pruned model (after finetuning) has AUROC / IND / OOD = 0.6340236476582929 / 5.82830810546875 / 6.638979434967041
Notification sent to chrome.
 
Currently running leave_4_encoder_fc4 experiment. 
Starting the process with remaining connection 5 using tech 3!
Loaded pretrained model
Pretrained model has AUROC / IND / OOD = 0.9166617545628363 / 2.7372066974639893 / 4.327578544616699
Pruned model (before finetuning) has AUROC / IND / OOD = 0.4093987855924268 / 9.319236755371094 / 8.839322090148926
Pruned model (after finetuning) has AUROC / IND / OOD = 0.6720858464108216 / 5.846022129058838 / 6.776904106140137
Notification sent to chrome.
 
Currently running leave_4_encoder_fc4 experiment. 
Starting the process with remaining connection 6 using tech 3!
Loaded pretrained model
Pretrained model has AUROC / IND / OOD = 0.9166617545628363 / 2.7372066974639893 / 4.327578544616699
Pruned model (before finetuning) has AUROC / IND / OOD = 0.411452440220261 / 9.330048561096191 / 8.860955238342285
Pruned model (after finetuning) has AUROC / IND / OOD = 0.7236020152498803 / 5.208048343658447 / 6.443797588348389
Notification sent to chrome.
 
Currently running leave_4_encoder_fc4 experiment. 
Starting the process with remaining connection 7 using tech 3!
Loaded pretrained model
Pretrained model has AUROC / IND / OOD = 0.9166617545628363 / 2.7372066974639893 / 4.327578544616699
Pruned model (before finetuning) has AUROC / IND / OOD = 0.4122549198954433 / 9.33163833618164 / 8.867448806762695
Pruned model (after finetuning) has AUROC / IND / OOD = 0.7859086082191806 / 4.70380163192749 / 6.122587203979492
Notification sent to chrome.
 
Currently running leave_4_encoder_fc4 experiment. 
Starting the process with remaining connection 8 using tech 3!
Loaded pretrained model
Pretrained model has AUROC / IND / OOD = 0.9166617545628363 / 2.7372066974639893 / 4.327578544616699
Pruned model (before finetuning) has AUROC / IND / OOD = 0.4122549198954433 / 9.33163833618164 / 8.867448806762695
Pruned model (after finetuning) has AUROC / IND / OOD = 0.7893746903116149 / 4.409147262573242 / 5.806841850280762
Notification sent to chrome.
 
Currently running leave_4_encoder_fc4 experiment. 
Starting the process with remaining connection 9 using tech 3!
Loaded pretrained model
Pretrained model has AUROC / IND / OOD = 0.9166617545628363 / 2.7372066974639893 / 4.327578544616699
Pruned model (before finetuning) has AUROC / IND / OOD = 0.4132617882587394 / 9.343084335327148 / 8.8848295211792
Pruned model (after finetuning) has AUROC / IND / OOD = 0.7931120673339901 / 4.406747341156006 / 5.830924987792969
Notification sent to chrome.
 
Currently running leave_4_encoder_fc4 experiment. 
Starting the process with remaining connection 10 using tech 3!
Loaded pretrained model
Pretrained model has AUROC / IND / OOD = 0.9166617545628363 / 2.7372066974639893 / 4.327578544616699
Pruned model (before finetuning) has AUROC / IND / OOD = 0.41601228409892144 / 9.331048011779785 / 8.887713432312012
Pruned model (after finetuning) has AUROC / IND / OOD = 0.7991414771723807 / 4.405160903930664 / 5.902791976928711
Notification sent to chrome.
 
Currently running leave_4_encoder_fc4 experiment. 
Starting the process with remaining connection 11 using tech 3!
Loaded pretrained model
Pretrained model has AUROC / IND / OOD = 0.9166617545628363 / 2.7372066974639893 / 4.327578544616699
Pruned model (before finetuning) has AUROC / IND / OOD = 0.41601228409892144 / 9.331048011779785 / 8.887713432312012
Pruned model (after finetuning) has AUROC / IND / OOD = 0.8158602460162273 / 4.405647277832031 / 5.9930620193481445
Notification sent to chrome.
 
Currently running leave_4_encoder_fc4 experiment. 
Starting the process with remaining connection 12 using tech 3!
Loaded pretrained model
Pretrained model has AUROC / IND / OOD = 0.9166617545628363 / 2.7372066974639893 / 4.327578544616699
Pruned model (before finetuning) has AUROC / IND / OOD = 0.41556234668025344 / 9.334335327148438 / 8.889605522155762
Pruned model (after finetuning) has AUROC / IND / OOD = 0.8344882988040665 / 4.156004905700684 / 5.8007378578186035
Notification sent to chrome.
 
Currently running leave_4_encoder_fc4 experiment. 
Starting the process with remaining connection 13 using tech 3!
Loaded pretrained model
Pretrained model has AUROC / IND / OOD = 0.9166617545628363 / 2.7372066974639893 / 4.327578544616699
Pruned model (before finetuning) has AUROC / IND / OOD = 0.41527829157254625 / 9.33761978149414 / 8.891256332397461
Pruned model (after finetuning) has AUROC / IND / OOD = 0.8475909687752805 / 4.096259593963623 / 5.8452911376953125
Notification sent to chrome.
 
Currently running leave_4_encoder_fc4 experiment. 
Starting the process with remaining connection 14 using tech 3!
Loaded pretrained model
Pretrained model has AUROC / IND / OOD = 0.9166617545628363 / 2.7372066974639893 / 4.327578544616699
Pruned model (before finetuning) has AUROC / IND / OOD = 0.41403807004682647 / 9.336372375488281 / 8.88292407989502
Pruned model (after finetuning) has AUROC / IND / OOD = 0.8489510004656899 / 3.8491029739379883 / 5.489766597747803
Notification sent to chrome.
 
Currently running leave_4_encoder_fc4 experiment. 
Starting the process with remaining connection 15 using tech 3!
Loaded pretrained model
Pretrained model has AUROC / IND / OOD = 0.9166617545628363 / 2.7372066974639893 / 4.327578544616699
Pruned model (before finetuning) has AUROC / IND / OOD = 0.41403807004682647 / 9.336372375488281 / 8.88292407989502
Pruned model (after finetuning) has AUROC / IND / OOD = 0.8305432583576907 / 4.126224994659424 / 5.750140190124512
Notification sent to chrome.
 
Currently running leave_4_encoder_fc4 experiment. 
Starting the process with remaining connection 16 using tech 3!
Loaded pretrained model
Pretrained model has AUROC / IND / OOD = 0.9166617545628363 / 2.7372066974639893 / 4.327578544616699
Pruned model (before finetuning) has AUROC / IND / OOD = 0.41403807004682647 / 9.336372375488281 / 8.88292407989502
Pruned model (after finetuning) has AUROC / IND / OOD = 0.8441047301188527 / 4.093302249908447 / 5.772665023803711
Notification sent to chrome.
 
Currently running leave_4_encoder_fc4 experiment. 
Starting the process with remaining connection 1 using tech 4!
Loaded pretrained model
Pretrained model has AUROC / IND / OOD = 0.9166617545628363 / 2.7372066974639893 / 4.327578544616699
Pruned model (before finetuning) has AUROC / IND / OOD = 0.411053656434585 / 9.353108406066895 / 8.87307357788086
Pruned model (after finetuning) has AUROC / IND / OOD = 0.6911744512784795 / 5.748115539550781 / 6.713949203491211
Notification sent to chrome.
 
Currently running leave_4_encoder_fc4 experiment. 
Starting the process with remaining connection 2 using tech 4!
Loaded pretrained model
Pretrained model has AUROC / IND / OOD = 0.9166617545628363 / 2.7372066974639893 / 4.327578544616699
Pruned model (before finetuning) has AUROC / IND / OOD = 0.4091385005503815 / 9.365724563598633 / 8.888849258422852
Pruned model (after finetuning) has AUROC / IND / OOD = 0.7417098367194104 / 5.146775722503662 / 6.360053539276123
Notification sent to chrome.
 
Currently running leave_4_encoder_fc4 experiment. 
Starting the process with remaining connection 3 using tech 4!
Loaded pretrained model
Pretrained model has AUROC / IND / OOD = 0.9166617545628363 / 2.7372066974639893 / 4.327578544616699
Pruned model (before finetuning) has AUROC / IND / OOD = 0.41551260457135064 / 9.373608589172363 / 8.917515754699707
Pruned model (after finetuning) has AUROC / IND / OOD = 0.7919601507552895 / 4.694838047027588 / 6.172924995422363
Notification sent to chrome.
 
Currently running leave_4_encoder_fc4 experiment. 
Starting the process with remaining connection 4 using tech 4!
Loaded pretrained model
Pretrained model has AUROC / IND / OOD = 0.9166617545628363 / 2.7372066974639893 / 4.327578544616699
Pruned model (before finetuning) has AUROC / IND / OOD = 0.4148641504047799 / 9.42056655883789 / 8.952561378479004
Pruned model (after finetuning) has AUROC / IND / OOD = 0.7710972036465652 / 4.67930269241333 / 6.0162482261657715
Notification sent to chrome.
 
Currently running leave_4_encoder_fc4 experiment. 
Starting the process with remaining connection 5 using tech 4!
Loaded pretrained model
Pretrained model has AUROC / IND / OOD = 0.9166617545628363 / 2.7372066974639893 / 4.327578544616699
Pruned model (before finetuning) has AUROC / IND / OOD = 0.4136641290851201 / 9.447616577148438 / 8.970897674560547
Pruned model (after finetuning) has AUROC / IND / OOD = 0.8224435943681768 / 4.3926801681518555 / 5.947048187255859
Notification sent to chrome.
 
Currently running leave_4_encoder_fc4 experiment. 
Starting the process with remaining connection 6 using tech 4!
Loaded pretrained model
Pretrained model has AUROC / IND / OOD = 0.9166617545628363 / 2.7372066974639893 / 4.327578544616699
Pruned model (before finetuning) has AUROC / IND / OOD = 0.4190643944064801 / 9.28170108795166 / 8.863814353942871
Pruned model (after finetuning) has AUROC / IND / OOD = 0.8188468051450843 / 4.413100242614746 / 5.997572898864746
Notification sent to chrome.
 
Currently running leave_4_encoder_fc4 experiment. 
Starting the process with remaining connection 7 using tech 4!
Loaded pretrained model
Pretrained model has AUROC / IND / OOD = 0.9166617545628363 / 2.7372066974639893 / 4.327578544616699
Pruned model (before finetuning) has AUROC / IND / OOD = 0.4119687757320841 / 9.312980651855469 / 8.860369682312012
Pruned model (after finetuning) has AUROC / IND / OOD = 0.848076307218105 / 4.07417631149292 / 5.844893455505371
Notification sent to chrome.
 
Currently running leave_4_encoder_fc4 experiment. 
Starting the process with remaining connection 8 using tech 4!
Loaded pretrained model
Pretrained model has AUROC / IND / OOD = 0.9166617545628363 / 2.7372066974639893 / 4.327578544616699
Pruned model (before finetuning) has AUROC / IND / OOD = 0.4179185191508813 / 9.308732032775879 / 8.87999439239502
Pruned model (after finetuning) has AUROC / IND / OOD = 0.832459204695384 / 4.0745415687561035 / 5.683857440948486
Notification sent to chrome.
 
Currently running leave_4_encoder_fc4 experiment. 
Starting the process with remaining connection 9 using tech 4!
Loaded pretrained model
Pretrained model has AUROC / IND / OOD = 0.9166617545628363 / 2.7372066974639893 / 4.327578544616699
Pruned model (before finetuning) has AUROC / IND / OOD = 0.4112667965720517 / 9.306486129760742 / 8.851129531860352
Pruned model (after finetuning) has AUROC / IND / OOD = 0.8384741040661378 / 4.076587200164795 / 5.764693737030029
Notification sent to chrome.
 
Currently running leave_4_encoder_fc4 experiment. 
Starting the process with remaining connection 10 using tech 4!
Loaded pretrained model
Pretrained model has AUROC / IND / OOD = 0.9166617545628363 / 2.7372066974639893 / 4.327578544616699
Pruned model (before finetuning) has AUROC / IND / OOD = 0.4108450896351673 / 9.377492904663086 / 8.919595718383789
Pruned model (after finetuning) has AUROC / IND / OOD = 0.8408955454106497 / 3.8658742904663086 / 5.428155422210693
Notification sent to chrome.
 
Currently running leave_4_encoder_fc4 experiment. 
Starting the process with remaining connection 11 using tech 4!
Loaded pretrained model
Pretrained model has AUROC / IND / OOD = 0.9166617545628363 / 2.7372066974639893 / 4.327578544616699
Pruned model (before finetuning) has AUROC / IND / OOD = 0.4174847295677936 / 9.352386474609375 / 8.934248924255371
Pruned model (after finetuning) has AUROC / IND / OOD = 0.8747020554952551 / 3.676668405532837 / 5.401062965393066
Notification sent to chrome.
 
Currently running leave_4_encoder_fc4 experiment. 
Starting the process with remaining connection 12 using tech 4!
Loaded pretrained model
Pretrained model has AUROC / IND / OOD = 0.9166617545628363 / 2.7372066974639893 / 4.327578544616699
Pruned model (before finetuning) has AUROC / IND / OOD = 0.43587807413008334 / 9.405411720275879 / 9.092979431152344
Pruned model (after finetuning) has AUROC / IND / OOD = 0.8999976963926865 / 3.504406690597534 / 5.338246822357178
Notification sent to chrome.
 
Currently running leave_4_encoder_fc4 experiment. 
Starting the process with remaining connection 13 using tech 4!
Loaded pretrained model
Pretrained model has AUROC / IND / OOD = 0.9166617545628363 / 2.7372066974639893 / 4.327578544616699
Pruned model (before finetuning) has AUROC / IND / OOD = 0.43968518044246424 / 9.417387008666992 / 9.113890647888184
Pruned model (after finetuning) has AUROC / IND / OOD = 0.8998078181722093 / 3.5080416202545166 / 5.343217372894287
Notification sent to chrome.
 
Currently running leave_4_encoder_fc4 experiment. 
Starting the process with remaining connection 14 using tech 4!
Loaded pretrained model
Pretrained model has AUROC / IND / OOD = 0.9166617545628363 / 2.7372066974639893 / 4.327578544616699
Pruned model (before finetuning) has AUROC / IND / OOD = 0.42764115353813753 / 9.387598037719727 / 9.017023086547852
Pruned model (after finetuning) has AUROC / IND / OOD = 0.9118389719768429 / 3.3770484924316406 / 5.266489505767822
Notification sent to chrome.
 
Currently running leave_4_encoder_fc4 experiment. 
Starting the process with remaining connection 15 using tech 4!
Loaded pretrained model
Pretrained model has AUROC / IND / OOD = 0.9166617545628363 / 2.7372066974639893 / 4.327578544616699
Pruned model (before finetuning) has AUROC / IND / OOD = 0.43861925391127676 / 9.319903373718262 / 9.010563850402832
Pruned model (after finetuning) has AUROC / IND / OOD = 0.9219340228797892 / 3.2572154998779297 / 5.161037445068359
Notification sent to chrome.
 
Currently running leave_4_encoder_fc4 experiment. 
Starting the process with remaining connection 16 using tech 4!
Loaded pretrained model
Pretrained model has AUROC / IND / OOD = 0.9166617545628363 / 2.7372066974639893 / 4.327578544616699
Pruned model (before finetuning) has AUROC / IND / OOD = 0.44085409177119855 / 9.371620178222656 / 9.076327323913574
Pruned model (after finetuning) has AUROC / IND / OOD = 0.9222687234718163 / 3.2417964935302734 / 5.1352715492248535
Notification sent to chrome.
 
Currently running leave_4_encoder_fc4 experiment. 
Starting the process with remaining connection 1 using tech 5!
Loaded pretrained model
Pretrained model has AUROC / IND / OOD = 0.9166617545628363 / 2.7372066974639893 / 4.327578544616699
Pruned model (before finetuning) has AUROC / IND / OOD = 0.411053656434585 / 9.353108406066895 / 8.87307357788086
Pruned model (after finetuning) has AUROC / IND / OOD = 0.6891979787878418 / 5.758296489715576 / 6.716370582580566
Notification sent to chrome.
 
Currently running leave_4_encoder_fc4 experiment. 
Starting the process with remaining connection 2 using tech 5!
Loaded pretrained model
Pretrained model has AUROC / IND / OOD = 0.9166617545628363 / 2.7372066974639893 / 4.327578544616699
Pruned model (before finetuning) has AUROC / IND / OOD = 0.4091385005503815 / 9.365724563598633 / 8.888849258422852
Pruned model (after finetuning) has AUROC / IND / OOD = 0.7335546151417464 / 5.187804222106934 / 6.3580756187438965
Notification sent to chrome.
 
Currently running leave_4_encoder_fc4 experiment. 
Starting the process with remaining connection 3 using tech 5!
Loaded pretrained model
Pretrained model has AUROC / IND / OOD = 0.9166617545628363 / 2.7372066974639893 / 4.327578544616699
Pruned model (before finetuning) has AUROC / IND / OOD = 0.41551260457135064 / 9.373608589172363 / 8.917515754699707
Pruned model (after finetuning) has AUROC / IND / OOD = 0.7727255378358467 / 4.763881683349609 / 6.213763236999512
Notification sent to chrome.
 
Currently running leave_4_encoder_fc4 experiment. 
Starting the process with remaining connection 4 using tech 5!
Loaded pretrained model
Pretrained model has AUROC / IND / OOD = 0.9166617545628363 / 2.7372066974639893 / 4.327578544616699
Pruned model (before finetuning) has AUROC / IND / OOD = 0.4148641504047799 / 9.42056655883789 / 8.952561378479004
Pruned model (after finetuning) has AUROC / IND / OOD = 0.7793755101248059 / 4.731472969055176 / 6.203930854797363
Notification sent to chrome.
 
Currently running leave_4_encoder_fc4 experiment. 
Starting the process with remaining connection 5 using tech 5!
Loaded pretrained model
Pretrained model has AUROC / IND / OOD = 0.9166617545628363 / 2.7372066974639893 / 4.327578544616699
Pruned model (before finetuning) has AUROC / IND / OOD = 0.4136641290851201 / 9.447616577148438 / 8.970897674560547
Pruned model (after finetuning) has AUROC / IND / OOD = 0.7880806614876155 / 4.420507907867432 / 5.801254749298096
Notification sent to chrome.
 
Currently running leave_4_encoder_fc4 experiment. 
Starting the process with remaining connection 6 using tech 5!
Loaded pretrained model
Pretrained model has AUROC / IND / OOD = 0.9166617545628363 / 2.7372066974639893 / 4.327578544616699
Pruned model (before finetuning) has AUROC / IND / OOD = 0.4190643944064801 / 9.28170108795166 / 8.863814353942871
Pruned model (after finetuning) has AUROC / IND / OOD = 0.8335480543777798 / 4.380679607391357 / 6.035480976104736
Notification sent to chrome.
 
Currently running leave_4_encoder_fc4 experiment. 
Starting the process with remaining connection 7 using tech 5!
Loaded pretrained model
Pretrained model has AUROC / IND / OOD = 0.9166617545628363 / 2.7372066974639893 / 4.327578544616699
Pruned model (before finetuning) has AUROC / IND / OOD = 0.4119687757320841 / 9.312980651855469 / 8.860369682312012
Pruned model (after finetuning) has AUROC / IND / OOD = 0.8391891257087543 / 4.047244071960449 / 5.6932501792907715
Notification sent to chrome.
 
Currently running leave_4_encoder_fc4 experiment. 
Starting the process with remaining connection 8 using tech 5!
Loaded pretrained model
Pretrained model has AUROC / IND / OOD = 0.9166617545628363 / 2.7372066974639893 / 4.327578544616699
Pruned model (before finetuning) has AUROC / IND / OOD = 0.4179185191508813 / 9.308732032775879 / 8.87999439239502
Pruned model (after finetuning) has AUROC / IND / OOD = 0.8315146692358665 / 4.073737621307373 / 5.660687446594238
Notification sent to chrome.
 
Currently running leave_4_encoder_fc4 experiment. 
Starting the process with remaining connection 9 using tech 5!
Loaded pretrained model
Pretrained model has AUROC / IND / OOD = 0.9166617545628363 / 2.7372066974639893 / 4.327578544616699
Pruned model (before finetuning) has AUROC / IND / OOD = 0.4112667965720517 / 9.306486129760742 / 8.851129531860352
Pruned model (after finetuning) has AUROC / IND / OOD = 0.8234407514457394 / 4.064432621002197 / 5.611941337585449
Notification sent to chrome.
 
Currently running leave_4_encoder_fc4 experiment. 
Starting the process with remaining connection 10 using tech 5!
Loaded pretrained model
Pretrained model has AUROC / IND / OOD = 0.9166617545628363 / 2.7372066974639893 / 4.327578544616699
Pruned model (before finetuning) has AUROC / IND / OOD = 0.4108450896351673 / 9.377492904663086 / 8.919595718383789
Pruned model (after finetuning) has AUROC / IND / OOD = 0.8398836520215961 / 3.8756844997406006 / 5.410571098327637
Notification sent to chrome.
 
Currently running leave_4_encoder_fc4 experiment. 
Starting the process with remaining connection 11 using tech 5!
Loaded pretrained model
Pretrained model has AUROC / IND / OOD = 0.9166617545628363 / 2.7372066974639893 / 4.327578544616699
Pruned model (before finetuning) has AUROC / IND / OOD = 0.4174847295677936 / 9.352386474609375 / 8.934248924255371
Pruned model (after finetuning) has AUROC / IND / OOD = 0.8802888678402417 / 3.677663803100586 / 5.417759418487549
Notification sent to chrome.
 
Currently running leave_4_encoder_fc4 experiment. 
Starting the process with remaining connection 12 using tech 5!
Loaded pretrained model
Pretrained model has AUROC / IND / OOD = 0.9166617545628363 / 2.7372066974639893 / 4.327578544616699
Pruned model (before finetuning) has AUROC / IND / OOD = 0.43587807413008334 / 9.405411720275879 / 9.092979431152344
Pruned model (after finetuning) has AUROC / IND / OOD = 0.8981075527153434 / 3.526883363723755 / 5.3158183097839355
Notification sent to chrome.
 
Currently running leave_4_encoder_fc4 experiment. 
Starting the process with remaining connection 13 using tech 5!
Loaded pretrained model
Pretrained model has AUROC / IND / OOD = 0.9166617545628363 / 2.7372066974639893 / 4.327578544616699
Pruned model (before finetuning) has AUROC / IND / OOD = 0.43968518044246424 / 9.417387008666992 / 9.113890647888184
Pruned model (after finetuning) has AUROC / IND / OOD = 0.8998888396549286 / 3.4997036457061768 / 5.336039066314697
Notification sent to chrome.
 
Currently running leave_4_encoder_fc4 experiment. 
Starting the process with remaining connection 14 using tech 5!
Loaded pretrained model
Pretrained model has AUROC / IND / OOD = 0.9166617545628363 / 2.7372066974639893 / 4.327578544616699
Pruned model (before finetuning) has AUROC / IND / OOD = 0.42764115353813753 / 9.387598037719727 / 9.017023086547852
Pruned model (after finetuning) has AUROC / IND / OOD = 0.9107168667869058 / 3.376636505126953 / 5.245724201202393
Notification sent to chrome.
 
Currently running leave_4_encoder_fc4 experiment. 
Starting the process with remaining connection 15 using tech 5!
Loaded pretrained model
Pretrained model has AUROC / IND / OOD = 0.9166617545628363 / 2.7372066974639893 / 4.327578544616699
Pruned model (before finetuning) has AUROC / IND / OOD = 0.43861925391127676 / 9.319903373718262 / 9.010563850402832
Pruned model (after finetuning) has AUROC / IND / OOD = 0.9230434243529234 / 3.2508208751678467 / 5.158498764038086
Notification sent to chrome.
 
Currently running leave_4_encoder_fc4 experiment. 
Starting the process with remaining connection 16 using tech 5!
Loaded pretrained model
Pretrained model has AUROC / IND / OOD = 0.9166617545628363 / 2.7372066974639893 / 4.327578544616699
Pruned model (before finetuning) has AUROC / IND / OOD = 0.44085409177119855 / 9.371620178222656 / 9.076327323913574
Pruned model (after finetuning) has AUROC / IND / OOD = 0.9237037353218434 / 3.27111554145813 / 5.197664260864258
Notification sent to chrome.
 
Currently running leave_4_encoder_fc4 experiment. 
Starting the process with remaining connection 1 using tech 6!
Loaded pretrained model
Pretrained model has AUROC / IND / OOD = 0.9166617545628363 / 2.7372066974639893 / 4.327578544616699
Pruned model (before finetuning) has AUROC / IND / OOD = 0.40986887957508833 / 9.32121753692627 / 8.844070434570312
Pruned model (after finetuning) has AUROC / IND / OOD = 0.4953006410803647 / 7.220805644989014 / 7.180582046508789
Notification sent to chrome.
 
Currently running leave_4_encoder_fc4 experiment. 
Starting the process with remaining connection 2 using tech 6!
Loaded pretrained model
Pretrained model has AUROC / IND / OOD = 0.9166617545628363 / 2.7372066974639893 / 4.327578544616699
Pruned model (before finetuning) has AUROC / IND / OOD = 0.40986887957508833 / 9.32121753692627 / 8.844070434570312
Pruned model (after finetuning) has AUROC / IND / OOD = 0.4943947249199271 / 7.220147609710693 / 7.176482677459717
Notification sent to chrome.
 
Currently running leave_4_encoder_fc4 experiment. 
Starting the process with remaining connection 3 using tech 6!
Loaded pretrained model
Pretrained model has AUROC / IND / OOD = 0.9166617545628363 / 2.7372066974639893 / 4.327578544616699
Pruned model (before finetuning) has AUROC / IND / OOD = 0.40986887957508833 / 9.32121753692627 / 8.844070434570312
Pruned model (after finetuning) has AUROC / IND / OOD = 0.48718482925527085 / 7.220653533935547 / 7.150869369506836
Notification sent to chrome.
 
Currently running leave_4_encoder_fc4 experiment. 
Starting the process with remaining connection 4 using tech 6!
Loaded pretrained model
Pretrained model has AUROC / IND / OOD = 0.9166617545628363 / 2.7372066974639893 / 4.327578544616699
Pruned model (before finetuning) has AUROC / IND / OOD = 0.40986887957508833 / 9.32121753692627 / 8.844070434570312
Pruned model (after finetuning) has AUROC / IND / OOD = 0.4831856992057975 / 7.224872589111328 / 7.13984489440918
Notification sent to chrome.
 
Currently running leave_4_encoder_fc4 experiment. 
Starting the process with remaining connection 5 using tech 6!
Loaded pretrained model
Pretrained model has AUROC / IND / OOD = 0.9166617545628363 / 2.7372066974639893 / 4.327578544616699
Pruned model (before finetuning) has AUROC / IND / OOD = 0.40986887957508833 / 9.32121753692627 / 8.844070434570312
Pruned model (after finetuning) has AUROC / IND / OOD = 0.4939366571225054 / 7.222415447235107 / 7.176536560058594
Notification sent to chrome.
 
Currently running leave_4_encoder_fc4 experiment. 
Starting the process with remaining connection 6 using tech 6!
Loaded pretrained model
Pretrained model has AUROC / IND / OOD = 0.9166617545628363 / 2.7372066974639893 / 4.327578544616699
Pruned model (before finetuning) has AUROC / IND / OOD = 0.40986887957508833 / 9.32121753692627 / 8.844070434570312
Pruned model (after finetuning) has AUROC / IND / OOD = 0.4927455566350891 / 7.218282222747803 / 7.168802738189697
Notification sent to chrome.
 
Currently running leave_4_encoder_fc4 experiment. 
Starting the process with remaining connection 7 using tech 6!
Loaded pretrained model
Pretrained model has AUROC / IND / OOD = 0.9166617545628363 / 2.7372066974639893 / 4.327578544616699
Pruned model (before finetuning) has AUROC / IND / OOD = 0.40986887957508833 / 9.32121753692627 / 8.844070434570312
Pruned model (after finetuning) has AUROC / IND / OOD = 0.4882423431028868 / 7.22075891494751 / 7.153769493103027
Notification sent to chrome.
 
Currently running leave_4_encoder_fc4 experiment. 
Starting the process with remaining connection 8 using tech 6!
Loaded pretrained model
Pretrained model has AUROC / IND / OOD = 0.9166617545628363 / 2.7372066974639893 / 4.327578544616699
Pruned model (before finetuning) has AUROC / IND / OOD = 0.40986887957508833 / 9.32121753692627 / 8.844070434570312
Pruned model (after finetuning) has AUROC / IND / OOD = 0.4884877224505504 / 7.220460414886475 / 7.155978679656982
Notification sent to chrome.
 
Currently running leave_4_encoder_fc4 experiment. 
Starting the process with remaining connection 9 using tech 6!
Loaded pretrained model
Pretrained model has AUROC / IND / OOD = 0.9166617545628363 / 2.7372066974639893 / 4.327578544616699
Pruned model (before finetuning) has AUROC / IND / OOD = 0.40986887957508833 / 9.32121753692627 / 8.844070434570312
Pruned model (after finetuning) has AUROC / IND / OOD = 0.4935392848609186 / 7.218655109405518 / 7.172728538513184
Notification sent to chrome.
 
Currently running leave_4_encoder_fc4 experiment. 
Starting the process with remaining connection 10 using tech 6!
Loaded pretrained model
Pretrained model has AUROC / IND / OOD = 0.9166617545628363 / 2.7372066974639893 / 4.327578544616699
Pruned model (before finetuning) has AUROC / IND / OOD = 0.40986887957508833 / 9.32121753692627 / 8.844070434570312
Pruned model (after finetuning) has AUROC / IND / OOD = 0.4926156399579208 / 7.218441486358643 / 7.168796539306641
Notification sent to chrome.
 
Currently running leave_4_encoder_fc4 experiment. 
Starting the process with remaining connection 11 using tech 6!
Loaded pretrained model
Pretrained model has AUROC / IND / OOD = 0.9166617545628363 / 2.7372066974639893 / 4.327578544616699
Pruned model (before finetuning) has AUROC / IND / OOD = 0.40986887957508833 / 9.32121753692627 / 8.844070434570312
Pruned model (after finetuning) has AUROC / IND / OOD = 0.4882047965621145 / 7.219815254211426 / 7.1552910804748535
Notification sent to chrome.
 
Currently running leave_4_encoder_fc4 experiment. 
Starting the process with remaining connection 12 using tech 6!
Loaded pretrained model
Pretrained model has AUROC / IND / OOD = 0.9166617545628363 / 2.7372066974639893 / 4.327578544616699
Pruned model (before finetuning) has AUROC / IND / OOD = 0.40986887957508833 / 9.32121753692627 / 8.844070434570312
Pruned model (after finetuning) has AUROC / IND / OOD = 0.4810143799298891 / 7.22817325592041 / 7.13850212097168
Notification sent to chrome.
 
Currently running leave_4_encoder_fc4 experiment. 
Starting the process with remaining connection 13 using tech 6!
Loaded pretrained model
Pretrained model has AUROC / IND / OOD = 0.9166617545628363 / 2.7372066974639893 / 4.327578544616699
Pruned model (before finetuning) has AUROC / IND / OOD = 0.40986887957508833 / 9.32121753692627 / 8.844070434570312
Pruned model (after finetuning) has AUROC / IND / OOD = 0.4949991959958787 / 7.219095230102539 / 7.177555084228516
Notification sent to chrome.
 
Currently running leave_4_encoder_fc4 experiment. 
Starting the process with remaining connection 14 using tech 6!
Loaded pretrained model
Pretrained model has AUROC / IND / OOD = 0.9166617545628363 / 2.7372066974639893 / 4.327578544616699
Pruned model (before finetuning) has AUROC / IND / OOD = 0.40986887957508833 / 9.32121753692627 / 8.844070434570312
Pruned model (after finetuning) has AUROC / IND / OOD = 0.49280828476561245 / 7.221627712249756 / 7.171649932861328
Notification sent to chrome.
 
Currently running leave_4_encoder_fc4 experiment. 
Starting the process with remaining connection 15 using tech 6!
Loaded pretrained model
Pretrained model has AUROC / IND / OOD = 0.9166617545628363 / 2.7372066974639893 / 4.327578544616699
Pruned model (before finetuning) has AUROC / IND / OOD = 0.40986887957508833 / 9.32121753692627 / 8.844070434570312
Pruned model (after finetuning) has AUROC / IND / OOD = 0.48941119797065746 / 7.220974922180176 / 7.161169052124023
Notification sent to chrome.
 
Currently running leave_4_encoder_fc4 experiment. 
Starting the process with remaining connection 16 using tech 6!
Loaded pretrained model
Pretrained model has AUROC / IND / OOD = 0.9166617545628363 / 2.7372066974639893 / 4.327578544616699
Pruned model (before finetuning) has AUROC / IND / OOD = 0.40986887957508833 / 9.32121753692627 / 8.844070434570312
Pruned model (after finetuning) has AUROC / IND / OOD = 0.48077199301329454 / 7.2238030433654785 / 7.131539821624756
Notification sent to chrome.
 
Currently running leave_4_encoder_fc4 experiment. 
Starting the process with remaining connection 1 using tech 7!
Loaded pretrained model
Pretrained model has AUROC / IND / OOD = 0.9166617545628363 / 2.7372066974639893 / 4.327578544616699
Pruned model (before finetuning) has AUROC / IND / OOD = 0.40986887957508833 / 9.32121753692627 / 8.844070434570312
Pruned model (after finetuning) has AUROC / IND / OOD = 0.49846956912154416 / 7.219351291656494 / 7.187432765960693
Notification sent to chrome.
 
Currently running leave_4_encoder_fc4 experiment. 
Starting the process with remaining connection 2 using tech 7!
Loaded pretrained model
Pretrained model has AUROC / IND / OOD = 0.9166617545628363 / 2.7372066974639893 / 4.327578544616699
Pruned model (before finetuning) has AUROC / IND / OOD = 0.40986887957508833 / 9.32121753692627 / 8.844070434570312
Pruned model (after finetuning) has AUROC / IND / OOD = 0.4938339546297764 / 7.220758438110352 / 7.175403594970703
Notification sent to chrome.
 
Currently running leave_4_encoder_fc4 experiment. 
Starting the process with remaining connection 3 using tech 7!
Loaded pretrained model
Pretrained model has AUROC / IND / OOD = 0.9166617545628363 / 2.7372066974639893 / 4.327578544616699
Pruned model (before finetuning) has AUROC / IND / OOD = 0.40986887957508833 / 9.32121753692627 / 8.844070434570312
Pruned model (after finetuning) has AUROC / IND / OOD = 0.4864418594356885 / 7.223081588745117 / 7.153049945831299
Notification sent to chrome.
 
Currently running leave_4_encoder_fc4 experiment. 
Starting the process with remaining connection 4 using tech 7!
Loaded pretrained model
Pretrained model has AUROC / IND / OOD = 0.9166617545628363 / 2.7372066974639893 / 4.327578544616699
Pruned model (before finetuning) has AUROC / IND / OOD = 0.40986887957508833 / 9.32121753692627 / 8.844070434570312
Pruned model (after finetuning) has AUROC / IND / OOD = 0.491102034446608 / 7.220983028411865 / 7.167397975921631
Notification sent to chrome.
 
Currently running leave_4_encoder_fc4 experiment. 
Starting the process with remaining connection 5 using tech 7!
Loaded pretrained model
Pretrained model has AUROC / IND / OOD = 0.9166617545628363 / 2.7372066974639893 / 4.327578544616699
Pruned model (before finetuning) has AUROC / IND / OOD = 0.40986887957508833 / 9.32121753692627 / 8.844070434570312
Pruned model (after finetuning) has AUROC / IND / OOD = 0.48982404053626166 / 7.220093250274658 / 7.160765171051025
Notification sent to chrome.
 
Currently running leave_4_encoder_fc4 experiment. 
Starting the process with remaining connection 6 using tech 7!
Loaded pretrained model
Pretrained model has AUROC / IND / OOD = 0.9166617545628363 / 2.7372066974639893 / 4.327578544616699
Pruned model (before finetuning) has AUROC / IND / OOD = 0.40986887957508833 / 9.32121753692627 / 8.844070434570312
Pruned model (after finetuning) has AUROC / IND / OOD = 0.48670620966711065 / 7.221073627471924 / 7.149417400360107
Notification sent to chrome.
 
Currently running leave_4_encoder_fc4 experiment. 
Starting the process with remaining connection 7 using tech 7!
Loaded pretrained model
Pretrained model has AUROC / IND / OOD = 0.9166617545628363 / 2.7372066974639893 / 4.327578544616699
Pruned model (before finetuning) has AUROC / IND / OOD = 0.40986887957508833 / 9.32121753692627 / 8.844070434570312
Pruned model (after finetuning) has AUROC / IND / OOD = 0.49409503012531175 / 7.217849254608154 / 7.172387599945068
Notification sent to chrome.
 
Currently running leave_4_encoder_fc4 experiment. 
Starting the process with remaining connection 8 using tech 7!
Loaded pretrained model
Pretrained model has AUROC / IND / OOD = 0.9166617545628363 / 2.7372066974639893 / 4.327578544616699
Pruned model (before finetuning) has AUROC / IND / OOD = 0.40986887957508833 / 9.32121753692627 / 8.844070434570312
Pruned model (after finetuning) has AUROC / IND / OOD = 0.49463496631990594 / 7.223401069641113 / 7.180196285247803
Notification sent to chrome.
 
Currently running leave_4_encoder_fc4 experiment. 
Starting the process with remaining connection 9 using tech 7!
Loaded pretrained model
Pretrained model has AUROC / IND / OOD = 0.9166617545628363 / 2.7372066974639893 / 4.327578544616699
Pruned model (before finetuning) has AUROC / IND / OOD = 0.40986887957508833 / 9.32121753692627 / 8.844070434570312
Pruned model (after finetuning) has AUROC / IND / OOD = 0.4949552693662234 / 7.219048976898193 / 7.1778998374938965
Notification sent to chrome.
 
Currently running leave_4_encoder_fc4 experiment. 
Starting the process with remaining connection 10 using tech 7!
Loaded pretrained model
Pretrained model has AUROC / IND / OOD = 0.9166617545628363 / 2.7372066974639893 / 4.327578544616699
Pruned model (before finetuning) has AUROC / IND / OOD = 0.40986887957508833 / 9.32121753692627 / 8.844070434570312
Pruned model (after finetuning) has AUROC / IND / OOD = 0.4846394560957289 / 7.225290775299072 / 7.146693706512451
Notification sent to chrome.
 
Currently running leave_4_encoder_fc4 experiment. 
Starting the process with remaining connection 11 using tech 7!
Loaded pretrained model
Pretrained model has AUROC / IND / OOD = 0.9166617545628363 / 2.7372066974639893 / 4.327578544616699
Pruned model (before finetuning) has AUROC / IND / OOD = 0.40986887957508833 / 9.32121753692627 / 8.844070434570312
Pruned model (after finetuning) has AUROC / IND / OOD = 0.4882050788669323 / 7.221090316772461 / 7.1547322273254395
Notification sent to chrome.
 
Currently running leave_4_encoder_fc4 experiment. 
Starting the process with remaining connection 12 using tech 7!
Loaded pretrained model
Pretrained model has AUROC / IND / OOD = 0.9166617545628363 / 2.7372066974639893 / 4.327578544616699
Pruned model (before finetuning) has AUROC / IND / OOD = 0.40986887957508833 / 9.32121753692627 / 8.844070434570312
Pruned model (after finetuning) has AUROC / IND / OOD = 0.4883659926130992 / 7.220782279968262 / 7.156981468200684
Notification sent to chrome.
 
Currently running leave_4_encoder_fc4 experiment. 
Starting the process with remaining connection 13 using tech 7!
Loaded pretrained model
Pretrained model has AUROC / IND / OOD = 0.9166617545628363 / 2.7372066974639893 / 4.327578544616699
Pruned model (before finetuning) has AUROC / IND / OOD = 0.40986887957508833 / 9.32121753692627 / 8.844070434570312
Pruned model (after finetuning) has AUROC / IND / OOD = 0.4983642694244911 / 7.218937397003174 / 7.189966678619385
Notification sent to chrome.
 
Currently running leave_4_encoder_fc4 experiment. 
Starting the process with remaining connection 14 using tech 7!
Loaded pretrained model
Pretrained model has AUROC / IND / OOD = 0.9166617545628363 / 2.7372066974639893 / 4.327578544616699
Pruned model (before finetuning) has AUROC / IND / OOD = 0.40986887957508833 / 9.32121753692627 / 8.844070434570312
Pruned model (after finetuning) has AUROC / IND / OOD = 0.4935804449033592 / 7.222618103027344 / 7.175934314727783
Notification sent to chrome.
 
Currently running leave_4_encoder_fc4 experiment. 
Starting the process with remaining connection 15 using tech 7!
Loaded pretrained model
Pretrained model has AUROC / IND / OOD = 0.9166617545628363 / 2.7372066974639893 / 4.327578544616699
Pruned model (before finetuning) has AUROC / IND / OOD = 0.40986887957508833 / 9.32121753692627 / 8.844070434570312
Pruned model (after finetuning) has AUROC / IND / OOD = 0.49218512511072 / 7.218602180480957 / 7.166671276092529
Notification sent to chrome.
 
Currently running leave_4_encoder_fc4 experiment. 
Starting the process with remaining connection 16 using tech 7!
Loaded pretrained model
Pretrained model has AUROC / IND / OOD = 0.9166617545628363 / 2.7372066974639893 / 4.327578544616699
Pruned model (before finetuning) has AUROC / IND / OOD = 0.40986887957508833 / 9.32121753692627 / 8.844070434570312
Pruned model (after finetuning) has AUROC / IND / OOD = 0.49347751656677585 / 7.2180023193359375 / 7.172604084014893
Notification sent to chrome.
 
Currently running leave_4_encoder_fc4 experiment. 
Starting the process with remaining connection 1 using tech 8!
Loaded pretrained model
Pretrained model has AUROC / IND / OOD = 0.9166617545628363 / 2.7372066974639893 / 4.327578544616699
Pruned model (before finetuning) has AUROC / IND / OOD = 0.40986887957508833 / 9.32121753692627 / 8.844070434570312
Pruned model (after finetuning) has AUROC / IND / OOD = 0.4957255098312089 / 7.22206974029541 / 7.184257507324219
Notification sent to chrome.
 
Currently running leave_4_encoder_fc4 experiment. 
Starting the process with remaining connection 2 using tech 8!
Loaded pretrained model
Pretrained model has AUROC / IND / OOD = 0.9166617545628363 / 2.7372066974639893 / 4.327578544616699
Pruned model (before finetuning) has AUROC / IND / OOD = 0.4028605495503675 / 9.230295181274414 / 8.721039772033691
Pruned model (after finetuning) has AUROC / IND / OOD = 0.6665823139870971 / 5.747228622436523 / 6.607358455657959
Notification sent to chrome.
 
Currently running leave_4_encoder_fc4 experiment. 
Starting the process with remaining connection 3 using tech 8!
Loaded pretrained model
Pretrained model has AUROC / IND / OOD = 0.9166617545628363 / 2.7372066974639893 / 4.327578544616699
Pruned model (before finetuning) has AUROC / IND / OOD = 0.40986887957508833 / 9.32121753692627 / 8.844070434570312
Pruned model (after finetuning) has AUROC / IND / OOD = 0.4903335442714933 / 7.221647262573242 / 7.164431571960449
Notification sent to chrome.
 
Currently running leave_4_encoder_fc4 experiment. 
Starting the process with remaining connection 4 using tech 8!
Loaded pretrained model
Pretrained model has AUROC / IND / OOD = 0.9166617545628363 / 2.7372066974639893 / 4.327578544616699
Pruned model (before finetuning) has AUROC / IND / OOD = 0.4114260164893115 / 9.316959381103516 / 8.853047370910645
Pruned model (after finetuning) has AUROC / IND / OOD = 0.6478651093377852 / 5.795591831207275 / 6.587663173675537
Notification sent to chrome.
 
Currently running leave_4_encoder_fc4 experiment. 
Starting the process with remaining connection 5 using tech 8!
Loaded pretrained model
Pretrained model has AUROC / IND / OOD = 0.9166617545628363 / 2.7372066974639893 / 4.327578544616699
Pruned model (before finetuning) has AUROC / IND / OOD = 0.40962141117177275 / 9.348505973815918 / 8.864433288574219
Pruned model (after finetuning) has AUROC / IND / OOD = 0.7612548720165463 / 5.175992012023926 / 6.57646369934082
Notification sent to chrome.
 
Currently running leave_4_encoder_fc4 experiment. 
Starting the process with remaining connection 6 using tech 8!
Loaded pretrained model
Pretrained model has AUROC / IND / OOD = 0.9166617545628363 / 2.7372066974639893 / 4.327578544616699
Pruned model (before finetuning) has AUROC / IND / OOD = 0.4104067831749942 / 9.384544372558594 / 8.907817840576172
Pruned model (after finetuning) has AUROC / IND / OOD = 0.7814055076089054 / 4.748173236846924 / 6.240682125091553
Notification sent to chrome.
 
Currently running leave_4_encoder_fc4 experiment. 
Starting the process with remaining connection 7 using tech 8!
Loaded pretrained model
Pretrained model has AUROC / IND / OOD = 0.9166617545628363 / 2.7372066974639893 / 4.327578544616699
Pruned model (before finetuning) has AUROC / IND / OOD = 0.4104152523195293 / 9.29587459564209 / 8.819464683532715
Pruned model (after finetuning) has AUROC / IND / OOD = 0.7940292192261776 / 4.719624042510986 / 6.254214763641357
Notification sent to chrome.
 
Currently running leave_4_encoder_fc4 experiment. 
Starting the process with remaining connection 8 using tech 8!
Loaded pretrained model
Pretrained model has AUROC / IND / OOD = 0.9166617545628363 / 2.7372066974639893 / 4.327578544616699
Pruned model (before finetuning) has AUROC / IND / OOD = 0.40994781200215547 / 9.309609413146973 / 8.830145835876465
Pruned model (after finetuning) has AUROC / IND / OOD = 0.8477001078178561 / 3.910491466522217 / 5.50437593460083
Notification sent to chrome.
 
Currently running leave_4_encoder_fc4 experiment. 
Starting the process with remaining connection 9 using tech 8!
Loaded pretrained model
Pretrained model has AUROC / IND / OOD = 0.9166617545628363 / 2.7372066974639893 / 4.327578544616699
Pruned model (before finetuning) has AUROC / IND / OOD = 0.4149162638741526 / 9.570120811462402 / 9.119503021240234
Pruned model (after finetuning) has AUROC / IND / OOD = 0.8596006674137582 / 4.063360214233398 / 5.939844131469727
Notification sent to chrome.
 
Currently running leave_4_encoder_fc4 experiment. 
Starting the process with remaining connection 10 using tech 8!
Loaded pretrained model
Pretrained model has AUROC / IND / OOD = 0.9166617545628363 / 2.7372066974639893 / 4.327578544616699
Pruned model (before finetuning) has AUROC / IND / OOD = 0.4180557192923499 / 9.138665199279785 / 8.717616081237793
Pruned model (after finetuning) has AUROC / IND / OOD = 0.7428054052564705 / 5.190128326416016 / 6.47026252746582
Notification sent to chrome.
 
Currently running leave_4_encoder_fc4 experiment. 
Starting the process with remaining connection 11 using tech 8!
Loaded pretrained model
Pretrained model has AUROC / IND / OOD = 0.9166617545628363 / 2.7372066974639893 / 4.327578544616699
Pruned model (before finetuning) has AUROC / IND / OOD = 0.4121745759442871 / 9.411863327026367 / 8.940147399902344
Pruned model (after finetuning) has AUROC / IND / OOD = 0.8554133529727148 / 3.862623691558838 / 5.545629024505615
Notification sent to chrome.
 
Currently running leave_4_encoder_fc4 experiment. 
Starting the process with remaining connection 12 using tech 8!
Loaded pretrained model
Pretrained model has AUROC / IND / OOD = 0.9166617545628363 / 2.7372066974639893 / 4.327578544616699
Pruned model (before finetuning) has AUROC / IND / OOD = 0.4083831093188143 / 9.271040916442871 / 8.797171592712402
Pruned model (after finetuning) has AUROC / IND / OOD = 0.7554740033397789 / 4.70473575592041 / 5.957000255584717
Notification sent to chrome.
 
Currently running leave_4_encoder_fc4 experiment. 
Starting the process with remaining connection 13 using tech 8!
Loaded pretrained model
Pretrained model has AUROC / IND / OOD = 0.9166617545628363 / 2.7372066974639893 / 4.327578544616699
Pruned model (before finetuning) has AUROC / IND / OOD = 0.4168677241579299 / 9.2545747756958 / 8.822722434997559
Pruned model (after finetuning) has AUROC / IND / OOD = 0.7315302072930401 / 5.09852933883667 / 6.362043380737305
Notification sent to chrome.
 
Currently running leave_4_encoder_fc4 experiment. 
Starting the process with remaining connection 14 using tech 8!
Loaded pretrained model
Pretrained model has AUROC / IND / OOD = 0.9166617545628363 / 2.7372066974639893 / 4.327578544616699
Pruned model (before finetuning) has AUROC / IND / OOD = 0.40907345752035196 / 9.303133010864258 / 8.831649780273438
Pruned model (after finetuning) has AUROC / IND / OOD = 0.8143911317442056 / 4.398860931396484 / 6.003532409667969
Notification sent to chrome.
 
Currently running leave_4_encoder_fc4 experiment. 
Starting the process with remaining connection 15 using tech 8!
Loaded pretrained model
Pretrained model has AUROC / IND / OOD = 0.9166617545628363 / 2.7372066974639893 / 4.327578544616699
Pruned model (before finetuning) has AUROC / IND / OOD = 0.41002098541093873 / 9.287690162658691 / 8.815004348754883
Pruned model (after finetuning) has AUROC / IND / OOD = 0.826204741456214 / 4.141961574554443 / 5.699397087097168
Notification sent to chrome.
 
Currently running leave_4_encoder_fc4 experiment. 
Starting the process with remaining connection 16 using tech 8!
Loaded pretrained model
Pretrained model has AUROC / IND / OOD = 0.9166617545628363 / 2.7372066974639893 / 4.327578544616699
Pruned model (before finetuning) has AUROC / IND / OOD = 0.4185311206055867 / 9.300151824951172 / 8.865735054016113
Pruned model (after finetuning) has AUROC / IND / OOD = 0.8957931048967916 / 3.5708539485931396 / 5.5128984451293945
Notification sent to chrome.
