 
Currently running leave_1_encoder_fc3 experiment. 
Starting the process with remaining connection 1 using tech 0!
Loaded pretrained model
Pretrained model has AUROC / IND / OOD = 0.3141697165758527 / 3.0057060718536377 / 2.6190078258514404
Pruned model (before finetuning) has AUROC / IND / OOD = 0.11883872378382543 / 9.243791580200195 / 6.970122814178467
Pruned model (after finetuning) has AUROC / IND / OOD = 0.22377686839548688 / 7.313902854919434 / 6.537955284118652
Notification sent to chrome.
 
Currently running leave_1_encoder_fc3 experiment. 
Starting the process with remaining connection 2 using tech 0!
Loaded pretrained model
Pretrained model has AUROC / IND / OOD = 0.3141697165758527 / 3.0057060718536377 / 2.6190078258514404
Pruned model (before finetuning) has AUROC / IND / OOD = 0.11901955668855643 / 9.245497703552246 / 6.973509788513184
Pruned model (after finetuning) has AUROC / IND / OOD = 0.3938146102452102 / 5.8911967277526855 / 5.531660556793213
Notification sent to chrome.
 
Currently running leave_1_encoder_fc3 experiment. 
Starting the process with remaining connection 3 using tech 0!
Loaded pretrained model
Pretrained model has AUROC / IND / OOD = 0.3141697165758527 / 3.0057060718536377 / 2.6190078258514404
Pruned model (before finetuning) has AUROC / IND / OOD = 0.11443945029579772 / 9.259324073791504 / 6.948128700256348
Pruned model (after finetuning) has AUROC / IND / OOD = 0.628459590877355 / 5.736049175262451 / 6.125685691833496
Notification sent to chrome.
 
Currently running leave_1_encoder_fc3 experiment. 
Starting the process with remaining connection 4 using tech 0!
Loaded pretrained model
Pretrained model has AUROC / IND / OOD = 0.3141697165758527 / 3.0057060718536377 / 2.6190078258514404
Pruned model (before finetuning) has AUROC / IND / OOD = 0.11480896760263473 / 9.253128051757812 / 6.948033332824707
Pruned model (after finetuning) has AUROC / IND / OOD = 0.46871953507209213 / 5.253594875335693 / 5.101987838745117
Notification sent to chrome.
 
Currently running leave_1_encoder_fc3 experiment. 
Starting the process with remaining connection 5 using tech 0!
Loaded pretrained model
Pretrained model has AUROC / IND / OOD = 0.3141697165758527 / 3.0057060718536377 / 2.6190078258514404
Pruned model (before finetuning) has AUROC / IND / OOD = 0.1150218525061433 / 9.254929542541504 / 6.949236869812012
Pruned model (after finetuning) has AUROC / IND / OOD = 0.3692190990158297 / 4.81484317779541 / 4.350131034851074
Notification sent to chrome.
 
Currently running leave_1_encoder_fc3 experiment. 
Starting the process with remaining connection 6 using tech 0!
Loaded pretrained model
Pretrained model has AUROC / IND / OOD = 0.3141697165758527 / 3.0057060718536377 / 2.6190078258514404
Pruned model (before finetuning) has AUROC / IND / OOD = 0.11133532602348989 / 9.238180160522461 / 6.909173965454102
Pruned model (after finetuning) has AUROC / IND / OOD = 0.36887239080579715 / 4.498898983001709 / 4.062424659729004
Notification sent to chrome.
 
Currently running leave_1_encoder_fc3 experiment. 
Starting the process with remaining connection 7 using tech 0!
Loaded pretrained model
Pretrained model has AUROC / IND / OOD = 0.3141697165758527 / 3.0057060718536377 / 2.6190078258514404
Pruned model (before finetuning) has AUROC / IND / OOD = 0.11125556872420622 / 9.238786697387695 / 6.909623622894287
Pruned model (after finetuning) has AUROC / IND / OOD = 0.30216010594552156 / 4.218250751495361 / 3.6150765419006348
Notification sent to chrome.
 
Currently running leave_1_encoder_fc3 experiment. 
Starting the process with remaining connection 8 using tech 0!
Loaded pretrained model
Pretrained model has AUROC / IND / OOD = 0.3141697165758527 / 3.0057060718536377 / 2.6190078258514404
Pruned model (before finetuning) has AUROC / IND / OOD = 0.11084992459084009 / 9.237319946289062 / 6.910359859466553
Pruned model (after finetuning) has AUROC / IND / OOD = 0.4284056242561576 / 4.223542213439941 / 3.9613144397735596
Notification sent to chrome.
 
Currently running leave_1_encoder_fc3 experiment. 
Starting the process with remaining connection 9 using tech 0!
Loaded pretrained model
Pretrained model has AUROC / IND / OOD = 0.3141697165758527 / 3.0057060718536377 / 2.6190078258514404
Pruned model (before finetuning) has AUROC / IND / OOD = 0.10979459389620619 / 9.231228828430176 / 6.912688732147217
Pruned model (after finetuning) has AUROC / IND / OOD = 0.3035947434722005 / 4.213383197784424 / 3.606485605239868
Notification sent to chrome.
 
Currently running leave_1_encoder_fc3 experiment. 
Starting the process with remaining connection 10 using tech 0!
Loaded pretrained model
Pretrained model has AUROC / IND / OOD = 0.3141697165758527 / 3.0057060718536377 / 2.6190078258514404
Pruned model (before finetuning) has AUROC / IND / OOD = 0.11093584382477248 / 9.23193359375 / 6.916116237640381
Pruned model (after finetuning) has AUROC / IND / OOD = 0.34125728313344317 / 4.17580509185791 / 3.66308856010437
Notification sent to chrome.
 
Currently running leave_1_encoder_fc3 experiment. 
Starting the process with remaining connection 11 using tech 0!
Loaded pretrained model
Pretrained model has AUROC / IND / OOD = 0.3141697165758527 / 3.0057060718536377 / 2.6190078258514404
Pruned model (before finetuning) has AUROC / IND / OOD = 0.1109461302801941 / 9.231549263000488 / 6.916133880615234
Pruned model (after finetuning) has AUROC / IND / OOD = 0.3305680657736831 / 4.149882793426514 / 3.607280731201172
Notification sent to chrome.
 
Currently running leave_1_encoder_fc3 experiment. 
Starting the process with remaining connection 12 using tech 0!
Loaded pretrained model
Pretrained model has AUROC / IND / OOD = 0.3141697165758527 / 3.0057060718536377 / 2.6190078258514404
Pruned model (before finetuning) has AUROC / IND / OOD = 0.10885584302968412 / 9.229589462280273 / 6.896755695343018
Pruned model (after finetuning) has AUROC / IND / OOD = 0.37578732380718116 / 3.9118611812591553 / 3.5238070487976074
Notification sent to chrome.
 
Currently running leave_1_encoder_fc3 experiment. 
Starting the process with remaining connection 13 using tech 0!
Loaded pretrained model
Pretrained model has AUROC / IND / OOD = 0.3141697165758527 / 3.0057060718536377 / 2.6190078258514404
Pruned model (before finetuning) has AUROC / IND / OOD = 0.10890797100909133 / 9.227632522583008 / 6.89692497253418
Pruned model (after finetuning) has AUROC / IND / OOD = 0.39698209311975274 / 3.878274917602539 / 3.5442521572113037
Notification sent to chrome.
 
Currently running leave_1_encoder_fc3 experiment. 
Starting the process with remaining connection 14 using tech 0!
Loaded pretrained model
Pretrained model has AUROC / IND / OOD = 0.3141697165758527 / 3.0057060718536377 / 2.6190078258514404
Pruned model (before finetuning) has AUROC / IND / OOD = 0.10864593970745719 / 9.226950645446777 / 6.893571853637695
Pruned model (after finetuning) has AUROC / IND / OOD = 0.31060121101893057 / 3.970503807067871 / 3.4100539684295654
Notification sent to chrome.
 
Currently running leave_1_encoder_fc3 experiment. 
Starting the process with remaining connection 15 using tech 0!
Loaded pretrained model
Pretrained model has AUROC / IND / OOD = 0.3141697165758527 / 3.0057060718536377 / 2.6190078258514404
Pruned model (before finetuning) has AUROC / IND / OOD = 0.10862039749447785 / 9.227168083190918 / 6.893570423126221
Pruned model (after finetuning) has AUROC / IND / OOD = 0.42340874249324795 / 3.690777540206909 / 3.4358601570129395
Notification sent to chrome.
 
Currently running leave_1_encoder_fc3 experiment. 
Starting the process with remaining connection 16 using tech 0!
Loaded pretrained model
Pretrained model has AUROC / IND / OOD = 0.3141697165758527 / 3.0057060718536377 / 2.6190078258514404
Pruned model (before finetuning) has AUROC / IND / OOD = 0.10862039749447785 / 9.227168083190918 / 6.893570423126221
Pruned model (after finetuning) has AUROC / IND / OOD = 0.3674274171306753 / 3.688915252685547 / 3.3005189895629883
Notification sent to chrome.
 
Currently running leave_1_encoder_fc3 experiment. 
Starting the process with remaining connection 1 using tech 1!
Loaded pretrained model
Pretrained model has AUROC / IND / OOD = 0.3141697165758527 / 3.0057060718536377 / 2.6190078258514404
Pruned model (before finetuning) has AUROC / IND / OOD = 0.11819837951057344 / 9.262572288513184 / 6.983417987823486
Pruned model (after finetuning) has AUROC / IND / OOD = 0.23473567039612792 / 7.318986415863037 / 6.578633785247803
Notification sent to chrome.
 
Currently running leave_1_encoder_fc3 experiment. 
Starting the process with remaining connection 2 using tech 1!
Loaded pretrained model
Pretrained model has AUROC / IND / OOD = 0.3141697165758527 / 3.0057060718536377 / 2.6190078258514404
Pruned model (before finetuning) has AUROC / IND / OOD = 0.11819837951057344 / 9.262572288513184 / 6.983417987823486
Pruned model (after finetuning) has AUROC / IND / OOD = 0.70146937294861 / 6.411720275878906 / 7.051462173461914
Notification sent to chrome.
 
Currently running leave_1_encoder_fc3 experiment. 
Starting the process with remaining connection 3 using tech 1!
Loaded pretrained model
Pretrained model has AUROC / IND / OOD = 0.3141697165758527 / 3.0057060718536377 / 2.6190078258514404
Pruned model (before finetuning) has AUROC / IND / OOD = 0.11819837951057344 / 9.262572288513184 / 6.983417987823486
Pruned model (after finetuning) has AUROC / IND / OOD = 0.6742766559578205 / 6.4263763427734375 / 6.9470534324646
Notification sent to chrome.
 
Currently running leave_1_encoder_fc3 experiment. 
Starting the process with remaining connection 4 using tech 1!
Loaded pretrained model
Pretrained model has AUROC / IND / OOD = 0.3141697165758527 / 3.0057060718536377 / 2.6190078258514404
Pruned model (before finetuning) has AUROC / IND / OOD = 0.1181984292035948 / 9.262571334838867 / 6.983417510986328
Pruned model (after finetuning) has AUROC / IND / OOD = 0.5526313697135943 / 5.814239501953125 / 5.927601337432861
Notification sent to chrome.
 
Currently running leave_1_encoder_fc3 experiment. 
Starting the process with remaining connection 5 using tech 1!
Loaded pretrained model
Pretrained model has AUROC / IND / OOD = 0.3141697165758527 / 3.0057060718536377 / 2.6190078258514404
Pruned model (before finetuning) has AUROC / IND / OOD = 0.1181984292035948 / 9.262571334838867 / 6.983417510986328
Pruned model (after finetuning) has AUROC / IND / OOD = 0.6071774612332317 / 5.7546892166137695 / 6.028825283050537
Notification sent to chrome.
 
Currently running leave_1_encoder_fc3 experiment. 
Starting the process with remaining connection 6 using tech 1!
Loaded pretrained model
Pretrained model has AUROC / IND / OOD = 0.3141697165758527 / 3.0057060718536377 / 2.6190078258514404
Pruned model (before finetuning) has AUROC / IND / OOD = 0.1181984292035948 / 9.262571334838867 / 6.983417510986328
Pruned model (after finetuning) has AUROC / IND / OOD = 0.621037143048816 / 5.767447471618652 / 6.125187873840332
Notification sent to chrome.
 
Currently running leave_1_encoder_fc3 experiment. 
Starting the process with remaining connection 7 using tech 1!
Loaded pretrained model
Pretrained model has AUROC / IND / OOD = 0.3141697165758527 / 3.0057060718536377 / 2.6190078258514404
Pruned model (before finetuning) has AUROC / IND / OOD = 0.1181984292035948 / 9.262571334838867 / 6.983417510986328
Pruned model (after finetuning) has AUROC / IND / OOD = 0.37913966472118493 / 5.812890529632568 / 5.368706226348877
Notification sent to chrome.
 
Currently running leave_1_encoder_fc3 experiment. 
Starting the process with remaining connection 8 using tech 1!
Loaded pretrained model
Pretrained model has AUROC / IND / OOD = 0.3141697165758527 / 3.0057060718536377 / 2.6190078258514404
Pruned model (before finetuning) has AUROC / IND / OOD = 0.1181984292035948 / 9.262571334838867 / 6.983417510986328
Pruned model (after finetuning) has AUROC / IND / OOD = 0.4916671263271143 / 5.749875068664551 / 5.672245979309082
Notification sent to chrome.
 
Currently running leave_1_encoder_fc3 experiment. 
Starting the process with remaining connection 9 using tech 1!
Loaded pretrained model
Pretrained model has AUROC / IND / OOD = 0.3141697165758527 / 3.0057060718536377 / 2.6190078258514404
Pruned model (before finetuning) has AUROC / IND / OOD = 0.1181984292035948 / 9.262571334838867 / 6.983417510986328
Pruned model (after finetuning) has AUROC / IND / OOD = 0.4456938760805126 / 5.710552215576172 / 5.47055721282959
Notification sent to chrome.
 
Currently running leave_1_encoder_fc3 experiment. 
Starting the process with remaining connection 10 using tech 1!
Loaded pretrained model
Pretrained model has AUROC / IND / OOD = 0.3141697165758527 / 3.0057060718536377 / 2.6190078258514404
Pruned model (before finetuning) has AUROC / IND / OOD = 0.1181984292035948 / 9.262568473815918 / 6.9834160804748535
Pruned model (after finetuning) has AUROC / IND / OOD = 0.41794852299917257 / 5.297931671142578 / 5.003621578216553
Notification sent to chrome.
 
Currently running leave_1_encoder_fc3 experiment. 
Starting the process with remaining connection 11 using tech 1!
Loaded pretrained model
Pretrained model has AUROC / IND / OOD = 0.3141697165758527 / 3.0057060718536377 / 2.6190078258514404
Pruned model (before finetuning) has AUROC / IND / OOD = 0.11819823043150936 / 9.26257038116455 / 6.983415603637695
Pruned model (after finetuning) has AUROC / IND / OOD = 0.525166036807621 / 5.325658321380615 / 5.341920375823975
Notification sent to chrome.
 
Currently running leave_1_encoder_fc3 experiment. 
Starting the process with remaining connection 12 using tech 1!
Loaded pretrained model
Pretrained model has AUROC / IND / OOD = 0.3141697165758527 / 3.0057060718536377 / 2.6190078258514404
Pruned model (before finetuning) has AUROC / IND / OOD = 0.11819823043150936 / 9.26257038116455 / 6.983415603637695
Pruned model (after finetuning) has AUROC / IND / OOD = 0.5786094401832679 / 5.333486080169678 / 5.55230712890625
Notification sent to chrome.
 
Currently running leave_1_encoder_fc3 experiment. 
Starting the process with remaining connection 13 using tech 1!
Loaded pretrained model
Pretrained model has AUROC / IND / OOD = 0.3141697165758527 / 3.0057060718536377 / 2.6190078258514404
Pruned model (before finetuning) has AUROC / IND / OOD = 0.11819823043150936 / 9.26257038116455 / 6.983415603637695
Pruned model (after finetuning) has AUROC / IND / OOD = 0.45938837829309437 / 5.343997001647949 / 5.176556587219238
Notification sent to chrome.
 
Currently running leave_1_encoder_fc3 experiment. 
Starting the process with remaining connection 14 using tech 1!
Loaded pretrained model
Pretrained model has AUROC / IND / OOD = 0.3141697165758527 / 3.0057060718536377 / 2.6190078258514404
Pruned model (before finetuning) has AUROC / IND / OOD = 0.11819832981755207 / 9.262572288513184 / 6.983415603637695
Pruned model (after finetuning) has AUROC / IND / OOD = 0.41590107113307545 / 4.9541497230529785 / 4.638522148132324
Notification sent to chrome.
 
Currently running leave_1_encoder_fc3 experiment. 
Starting the process with remaining connection 15 using tech 1!
Loaded pretrained model
Pretrained model has AUROC / IND / OOD = 0.3141697165758527 / 3.0057060718536377 / 2.6190078258514404
Pruned model (before finetuning) has AUROC / IND / OOD = 0.11819823043150936 / 9.262574195861816 / 6.983415603637695
Pruned model (after finetuning) has AUROC / IND / OOD = 0.28107918334488696 / 4.726751804351807 / 4.033644676208496
Notification sent to chrome.
 
Currently running leave_1_encoder_fc3 experiment. 
Starting the process with remaining connection 16 using tech 1!
Loaded pretrained model
Pretrained model has AUROC / IND / OOD = 0.3141697165758527 / 3.0057060718536377 / 2.6190078258514404
Pruned model (before finetuning) has AUROC / IND / OOD = 0.11819832981755207 / 9.262574195861816 / 6.983415603637695
Pruned model (after finetuning) has AUROC / IND / OOD = 0.2847924943660537 / 4.549437999725342 / 3.947052001953125
Notification sent to chrome.
 
Currently running leave_1_encoder_fc3 experiment. 
Starting the process with remaining connection 1 using tech 2!
Loaded pretrained model
Pretrained model has AUROC / IND / OOD = 0.3141697165758527 / 3.0057060718536377 / 2.6190078258514404
Pruned model (before finetuning) has AUROC / IND / OOD = 0.11900822667968623 / 9.247418403625488 / 6.980935096740723
Pruned model (after finetuning) has AUROC / IND / OOD = 0.7629473924829366 / 6.3536577224731445 / 7.24790096282959
Notification sent to chrome.
 
Currently running leave_1_encoder_fc3 experiment. 
Starting the process with remaining connection 2 using tech 2!
Loaded pretrained model
Pretrained model has AUROC / IND / OOD = 0.3141697165758527 / 3.0057060718536377 / 2.6190078258514404
Pruned model (before finetuning) has AUROC / IND / OOD = 0.11900822667968623 / 9.247418403625488 / 6.980935096740723
Pruned model (after finetuning) has AUROC / IND / OOD = 0.6187539971824058 / 6.315694808959961 / 6.636348724365234
Notification sent to chrome.
 
Currently running leave_1_encoder_fc3 experiment. 
Starting the process with remaining connection 3 using tech 2!
Loaded pretrained model
Pretrained model has AUROC / IND / OOD = 0.3141697165758527 / 3.0057060718536377 / 2.6190078258514404
Pruned model (before finetuning) has AUROC / IND / OOD = 0.11900822667968623 / 9.247418403625488 / 6.980935096740723
Pruned model (after finetuning) has AUROC / IND / OOD = 0.581406113732418 / 6.307799339294434 / 6.497066974639893
Notification sent to chrome.
 
Currently running leave_1_encoder_fc3 experiment. 
Starting the process with remaining connection 4 using tech 2!
Loaded pretrained model
Pretrained model has AUROC / IND / OOD = 0.3141697165758527 / 3.0057060718536377 / 2.6190078258514404
Pruned model (before finetuning) has AUROC / IND / OOD = 0.11903068792534119 / 9.246845245361328 / 6.980941295623779
Pruned model (after finetuning) has AUROC / IND / OOD = 0.4092133346253519 / 5.7187957763671875 / 5.346473217010498
Notification sent to chrome.
 
Currently running leave_1_encoder_fc3 experiment. 
Starting the process with remaining connection 5 using tech 2!
Loaded pretrained model
Pretrained model has AUROC / IND / OOD = 0.3141697165758527 / 3.0057060718536377 / 2.6190078258514404
Pruned model (before finetuning) has AUROC / IND / OOD = 0.11903068792534119 / 9.246845245361328 / 6.980941295623779
Pruned model (after finetuning) has AUROC / IND / OOD = 0.6069665640505775 / 5.710460662841797 / 6.005832672119141
Notification sent to chrome.
 
Currently running leave_1_encoder_fc3 experiment. 
Starting the process with remaining connection 6 using tech 2!
Loaded pretrained model
Pretrained model has AUROC / IND / OOD = 0.3141697165758527 / 3.0057060718536377 / 2.6190078258514404
Pruned model (before finetuning) has AUROC / IND / OOD = 0.11906259084505467 / 9.245220184326172 / 6.97920560836792
Pruned model (after finetuning) has AUROC / IND / OOD = 0.3497776982689436 / 5.258968353271484 / 4.735316276550293
Notification sent to chrome.
 
Currently running leave_1_encoder_fc3 experiment. 
Starting the process with remaining connection 7 using tech 2!
Loaded pretrained model
Pretrained model has AUROC / IND / OOD = 0.3141697165758527 / 3.0057060718536377 / 2.6190078258514404
Pruned model (before finetuning) has AUROC / IND / OOD = 0.11906259084505467 / 9.245220184326172 / 6.97920560836792
Pruned model (after finetuning) has AUROC / IND / OOD = 0.47975103796298363 / 5.268735408782959 / 5.16286563873291
Notification sent to chrome.
 
Currently running leave_1_encoder_fc3 experiment. 
Starting the process with remaining connection 8 using tech 2!
Loaded pretrained model
Pretrained model has AUROC / IND / OOD = 0.3141697165758527 / 3.0057060718536377 / 2.6190078258514404
Pruned model (before finetuning) has AUROC / IND / OOD = 0.11906259084505467 / 9.245220184326172 / 6.97920560836792
Pruned model (after finetuning) has AUROC / IND / OOD = 0.41067634686722765 / 5.245030879974365 / 4.922718524932861
Notification sent to chrome.
 
Currently running leave_1_encoder_fc3 experiment. 
Starting the process with remaining connection 9 using tech 2!
Loaded pretrained model
Pretrained model has AUROC / IND / OOD = 0.3141697165758527 / 3.0057060718536377 / 2.6190078258514404
Pruned model (before finetuning) has AUROC / IND / OOD = 0.11905483873372243 / 9.245582580566406 / 6.979198932647705
Pruned model (after finetuning) has AUROC / IND / OOD = 0.4032917651209652 / 5.334368705749512 / 4.9805588722229
Notification sent to chrome.
 
Currently running leave_1_encoder_fc3 experiment. 
Starting the process with remaining connection 10 using tech 2!
Loaded pretrained model
Pretrained model has AUROC / IND / OOD = 0.3141697165758527 / 3.0057060718536377 / 2.6190078258514404
Pruned model (before finetuning) has AUROC / IND / OOD = 0.11905483873372243 / 9.245582580566406 / 6.979198932647705
Pruned model (after finetuning) has AUROC / IND / OOD = 0.45676617694194116 / 5.263671875 / 5.08732795715332
Notification sent to chrome.
 
Currently running leave_1_encoder_fc3 experiment. 
Starting the process with remaining connection 11 using tech 2!
Loaded pretrained model
Pretrained model has AUROC / IND / OOD = 0.3141697165758527 / 3.0057060718536377 / 2.6190078258514404
Pruned model (before finetuning) has AUROC / IND / OOD = 0.11905483873372243 / 9.245582580566406 / 6.979198932647705
Pruned model (after finetuning) has AUROC / IND / OOD = 0.4108209038663655 / 5.235131740570068 / 4.91190767288208
Notification sent to chrome.
 
Currently running leave_1_encoder_fc3 experiment. 
Starting the process with remaining connection 12 using tech 2!
Loaded pretrained model
Pretrained model has AUROC / IND / OOD = 0.3141697165758527 / 3.0057060718536377 / 2.6190078258514404
Pruned model (before finetuning) has AUROC / IND / OOD = 0.11930434739397372 / 9.24660873413086 / 6.981884479522705
Pruned model (after finetuning) has AUROC / IND / OOD = 0.35339510175888456 / 4.892587661743164 / 4.40089750289917
Notification sent to chrome.
 
Currently running leave_1_encoder_fc3 experiment. 
Starting the process with remaining connection 13 using tech 2!
Loaded pretrained model
Pretrained model has AUROC / IND / OOD = 0.3141697165758527 / 3.0057060718536377 / 2.6190078258514404
Pruned model (before finetuning) has AUROC / IND / OOD = 0.11930434739397372 / 9.24660873413086 / 6.981884479522705
Pruned model (after finetuning) has AUROC / IND / OOD = 0.35683569747882454 / 4.868592739105225 / 4.379791736602783
Notification sent to chrome.
 
Currently running leave_1_encoder_fc3 experiment. 
Starting the process with remaining connection 14 using tech 2!
Loaded pretrained model
Pretrained model has AUROC / IND / OOD = 0.3141697165758527 / 3.0057060718536377 / 2.6190078258514404
Pruned model (before finetuning) has AUROC / IND / OOD = 0.11930434739397372 / 9.24660873413086 / 6.981884479522705
Pruned model (after finetuning) has AUROC / IND / OOD = 0.3307200270330036 / 4.863956928253174 / 4.300815105438232
Notification sent to chrome.
 
Currently running leave_1_encoder_fc3 experiment. 
Starting the process with remaining connection 15 using tech 2!
Loaded pretrained model
Pretrained model has AUROC / IND / OOD = 0.3141697165758527 / 3.0057060718536377 / 2.6190078258514404
Pruned model (before finetuning) has AUROC / IND / OOD = 0.11880180186895453 / 9.242086410522461 / 6.971864223480225
Pruned model (after finetuning) has AUROC / IND / OOD = 0.4233511979745124 / 4.526088237762451 / 4.233678817749023
Notification sent to chrome.
 
Currently running leave_1_encoder_fc3 experiment. 
Starting the process with remaining connection 16 using tech 2!
Loaded pretrained model
Pretrained model has AUROC / IND / OOD = 0.3141697165758527 / 3.0057060718536377 / 2.6190078258514404
Pruned model (before finetuning) has AUROC / IND / OOD = 0.11880180186895453 / 9.242086410522461 / 6.971864223480225
Pruned model (after finetuning) has AUROC / IND / OOD = 0.28498097999607425 / 4.52439022064209 / 3.8603954315185547
Notification sent to chrome.
 
Currently running leave_1_encoder_fc3 experiment. 
Starting the process with remaining connection 1 using tech 3!
Loaded pretrained model
Pretrained model has AUROC / IND / OOD = 0.3141697165758527 / 3.0057060718536377 / 2.6190078258514404
Pruned model (before finetuning) has AUROC / IND / OOD = 0.11819837951057344 / 9.262572288513184 / 6.983417987823486
Pruned model (after finetuning) has AUROC / IND / OOD = 0.22919156908199595 / 7.316991329193115 / 6.5292253494262695
Notification sent to chrome.
 
Currently running leave_1_encoder_fc3 experiment. 
Starting the process with remaining connection 2 using tech 3!
Loaded pretrained model
Pretrained model has AUROC / IND / OOD = 0.3141697165758527 / 3.0057060718536377 / 2.6190078258514404
Pruned model (before finetuning) has AUROC / IND / OOD = 0.11820061569653466 / 9.262571334838867 / 6.983437538146973
Pruned model (after finetuning) has AUROC / IND / OOD = 0.5437092858864366 / 6.539646625518799 / 6.6073479652404785
Notification sent to chrome.
 
Currently running leave_1_encoder_fc3 experiment. 
Starting the process with remaining connection 3 using tech 3!
Loaded pretrained model
Pretrained model has AUROC / IND / OOD = 0.3141697165758527 / 3.0057060718536377 / 2.6190078258514404
Pruned model (before finetuning) has AUROC / IND / OOD = 0.11820061569653466 / 9.262571334838867 / 6.983437538146973
Pruned model (after finetuning) has AUROC / IND / OOD = 0.39284102457071435 / 5.873071670532227 / 5.493566989898682
Notification sent to chrome.
 
Currently running leave_1_encoder_fc3 experiment. 
Starting the process with remaining connection 4 using tech 3!
Loaded pretrained model
Pretrained model has AUROC / IND / OOD = 0.3141697165758527 / 3.0057060718536377 / 2.6190078258514404
Pruned model (before finetuning) has AUROC / IND / OOD = 0.11820061569653466 / 9.262571334838867 / 6.983437538146973
Pruned model (after finetuning) has AUROC / IND / OOD = 0.20362729240119162 / 7.321053981781006 / 6.443506240844727
Notification sent to chrome.
 
Currently running leave_1_encoder_fc3 experiment. 
Starting the process with remaining connection 5 using tech 3!
Loaded pretrained model
Pretrained model has AUROC / IND / OOD = 0.3141697165758527 / 3.0057060718536377 / 2.6190078258514404
Pruned model (before finetuning) has AUROC / IND / OOD = 0.11820061569653466 / 9.262571334838867 / 6.983437538146973
Pruned model (after finetuning) has AUROC / IND / OOD = 0.3786491946003563 / 5.727628707885742 / 5.291598320007324
Notification sent to chrome.
 
Currently running leave_1_encoder_fc3 experiment. 
Starting the process with remaining connection 6 using tech 3!
Loaded pretrained model
Pretrained model has AUROC / IND / OOD = 0.3141697165758527 / 3.0057060718536377 / 2.6190078258514404
Pruned model (before finetuning) has AUROC / IND / OOD = 0.11820061569653466 / 9.262571334838867 / 6.983437538146973
Pruned model (after finetuning) has AUROC / IND / OOD = 0.21123181545999586 / 7.315473556518555 / 6.484836101531982
Notification sent to chrome.
 
Currently running leave_1_encoder_fc3 experiment. 
Starting the process with remaining connection 7 using tech 3!
Loaded pretrained model
Pretrained model has AUROC / IND / OOD = 0.3141697165758527 / 3.0057060718536377 / 2.6190078258514404
Pruned model (before finetuning) has AUROC / IND / OOD = 0.11820061569653466 / 9.262571334838867 / 6.983437538146973
Pruned model (after finetuning) has AUROC / IND / OOD = 0.20649438096160966 / 7.3168253898620605 / 6.452713966369629
Notification sent to chrome.
 
Currently running leave_1_encoder_fc3 experiment. 
Starting the process with remaining connection 8 using tech 3!
Loaded pretrained model
Pretrained model has AUROC / IND / OOD = 0.3141697165758527 / 3.0057060718536377 / 2.6190078258514404
Pruned model (before finetuning) has AUROC / IND / OOD = 0.11820061569653466 / 9.262571334838867 / 6.983437538146973
Pruned model (after finetuning) has AUROC / IND / OOD = 0.22056659982955293 / 7.315486907958984 / 6.523707866668701
Notification sent to chrome.
 
Currently running leave_1_encoder_fc3 experiment. 
Starting the process with remaining connection 9 using tech 3!
Loaded pretrained model
Pretrained model has AUROC / IND / OOD = 0.3141697165758527 / 3.0057060718536377 / 2.6190078258514404
Pruned model (before finetuning) has AUROC / IND / OOD = 0.11820061569653466 / 9.262571334838867 / 6.983437538146973
Pruned model (after finetuning) has AUROC / IND / OOD = 0.5285765682496378 / 6.432558059692383 / 6.448579788208008
Notification sent to chrome.
 
Currently running leave_1_encoder_fc3 experiment. 
Starting the process with remaining connection 10 using tech 3!
Loaded pretrained model
Pretrained model has AUROC / IND / OOD = 0.3141697165758527 / 3.0057060718536377 / 2.6190078258514404
Pruned model (before finetuning) has AUROC / IND / OOD = 0.11815589197731016 / 9.263323783874512 / 6.983499526977539
Pruned model (after finetuning) has AUROC / IND / OOD = 0.5262686752585901 / 5.817969799041748 / 5.880314826965332
Notification sent to chrome.
 
Currently running leave_1_encoder_fc3 experiment. 
Starting the process with remaining connection 11 using tech 3!
Loaded pretrained model
Pretrained model has AUROC / IND / OOD = 0.3141697165758527 / 3.0057060718536377 / 2.6190078258514404
Pruned model (before finetuning) has AUROC / IND / OOD = 0.11820344819875221 / 9.265295028686523 / 6.985023498535156
Pruned model (after finetuning) has AUROC / IND / OOD = 0.20956058945861936 / 7.317166328430176 / 6.480623722076416
Notification sent to chrome.
 
Currently running leave_1_encoder_fc3 experiment. 
Starting the process with remaining connection 12 using tech 3!
Loaded pretrained model
Pretrained model has AUROC / IND / OOD = 0.3141697165758527 / 3.0057060718536377 / 2.6190078258514404
Pruned model (before finetuning) has AUROC / IND / OOD = 0.11820344819875221 / 9.265295028686523 / 6.985023498535156
Pruned model (after finetuning) has AUROC / IND / OOD = 0.41419068703086687 / 5.8957343101501465 / 5.583681106567383
Notification sent to chrome.
 
Currently running leave_1_encoder_fc3 experiment. 
Starting the process with remaining connection 13 using tech 3!
Loaded pretrained model
Pretrained model has AUROC / IND / OOD = 0.3141697165758527 / 3.0057060718536377 / 2.6190078258514404
Pruned model (before finetuning) has AUROC / IND / OOD = 0.11820324942666677 / 9.265140533447266 / 6.98492431640625
Pruned model (after finetuning) has AUROC / IND / OOD = 0.4811475112492577 / 5.904052734375 / 5.778174877166748
Notification sent to chrome.
 
Currently running leave_1_encoder_fc3 experiment. 
Starting the process with remaining connection 14 using tech 3!
Loaded pretrained model
Pretrained model has AUROC / IND / OOD = 0.3141697165758527 / 3.0057060718536377 / 2.6190078258514404
Pruned model (before finetuning) has AUROC / IND / OOD = 0.11820324942666677 / 9.265140533447266 / 6.98492431640625
Pruned model (after finetuning) has AUROC / IND / OOD = 0.583438111068872 / 6.50679349899292 / 6.698948860168457
Notification sent to chrome.
 
Currently running leave_1_encoder_fc3 experiment. 
Starting the process with remaining connection 15 using tech 3!
Loaded pretrained model
Pretrained model has AUROC / IND / OOD = 0.3141697165758527 / 3.0057060718536377 / 2.6190078258514404
Pruned model (before finetuning) has AUROC / IND / OOD = 0.11804328759090718 / 9.267068862915039 / 6.984703063964844
Pruned model (after finetuning) has AUROC / IND / OOD = 0.47857381028695234 / 5.333179473876953 / 5.207276821136475
Notification sent to chrome.
 
Currently running leave_1_encoder_fc3 experiment. 
Starting the process with remaining connection 16 using tech 3!
Loaded pretrained model
Pretrained model has AUROC / IND / OOD = 0.3141697165758527 / 3.0057060718536377 / 2.6190078258514404
Pruned model (before finetuning) has AUROC / IND / OOD = 0.11804328759090718 / 9.267068862915039 / 6.984703063964844
Pruned model (after finetuning) has AUROC / IND / OOD = 0.4039432903240233 / 4.987441062927246 / 4.650644779205322
Notification sent to chrome.
 
Currently running leave_1_encoder_fc3 experiment. 
Starting the process with remaining connection 1 using tech 4!
Loaded pretrained model
Pretrained model has AUROC / IND / OOD = 0.3141697165758527 / 3.0057060718536377 / 2.6190078258514404
Pruned model (before finetuning) has AUROC / IND / OOD = 0.1183407500167714 / 9.264562606811523 / 6.9867119789123535
Pruned model (after finetuning) has AUROC / IND / OOD = 0.673942768547299 / 6.379750728607178 / 6.895257949829102
Notification sent to chrome.
 
Currently running leave_1_encoder_fc3 experiment. 
Starting the process with remaining connection 2 using tech 4!
Loaded pretrained model
Pretrained model has AUROC / IND / OOD = 0.3141697165758527 / 3.0057060718536377 / 2.6190078258514404
Pruned model (before finetuning) has AUROC / IND / OOD = 0.11889656646068911 / 9.270557403564453 / 6.993265628814697
Pruned model (after finetuning) has AUROC / IND / OOD = 0.5583673854762206 / 5.730762481689453 / 5.867015361785889
Notification sent to chrome.
 
Currently running leave_1_encoder_fc3 experiment. 
Starting the process with remaining connection 3 using tech 4!
Loaded pretrained model
Pretrained model has AUROC / IND / OOD = 0.3141697165758527 / 3.0057060718536377 / 2.6190078258514404
Pruned model (before finetuning) has AUROC / IND / OOD = 0.11970447560196884 / 9.276397705078125 / 7.015576362609863
Pruned model (after finetuning) has AUROC / IND / OOD = 0.49173247265020337 / 5.7103376388549805 / 5.602205276489258
Notification sent to chrome.
 
Currently running leave_1_encoder_fc3 experiment. 
Starting the process with remaining connection 4 using tech 4!
Loaded pretrained model
Pretrained model has AUROC / IND / OOD = 0.3141697165758527 / 3.0057060718536377 / 2.6190078258514404
Pruned model (before finetuning) has AUROC / IND / OOD = 0.11909727657396434 / 9.27302074432373 / 7.012983322143555
Pruned model (after finetuning) has AUROC / IND / OOD = 0.5648164464023495 / 5.740814685821533 / 5.837117671966553
Notification sent to chrome.
 
Currently running leave_1_encoder_fc3 experiment. 
Starting the process with remaining connection 5 using tech 4!
Loaded pretrained model
Pretrained model has AUROC / IND / OOD = 0.3141697165758527 / 3.0057060718536377 / 2.6190078258514404
Pruned model (before finetuning) has AUROC / IND / OOD = 0.11909697841583618 / 9.27302074432373 / 7.012983322143555
Pruned model (after finetuning) has AUROC / IND / OOD = 0.55471638950384 / 5.6535844802856445 / 5.743694305419922
Notification sent to chrome.
 
Currently running leave_1_encoder_fc3 experiment. 
Starting the process with remaining connection 6 using tech 4!
Loaded pretrained model
Pretrained model has AUROC / IND / OOD = 0.3141697165758527 / 3.0057060718536377 / 2.6190078258514404
Pruned model (before finetuning) has AUROC / IND / OOD = 0.11844262071056053 / 9.255855560302734 / 6.9885101318359375
Pruned model (after finetuning) has AUROC / IND / OOD = 0.39266068859619696 / 5.2328948974609375 / 4.841464519500732
Notification sent to chrome.
 
Currently running leave_1_encoder_fc3 experiment. 
Starting the process with remaining connection 7 using tech 4!
Loaded pretrained model
Pretrained model has AUROC / IND / OOD = 0.3141697165758527 / 3.0057060718536377 / 2.6190078258514404
Pruned model (before finetuning) has AUROC / IND / OOD = 0.118417326962688 / 9.255521774291992 / 6.9888834953308105
Pruned model (after finetuning) has AUROC / IND / OOD = 0.3708326314194066 / 4.871784210205078 / 4.426852703094482
Notification sent to chrome.
 
Currently running leave_1_encoder_fc3 experiment. 
Starting the process with remaining connection 8 using tech 4!
Loaded pretrained model
Pretrained model has AUROC / IND / OOD = 0.3141697165758527 / 3.0057060718536377 / 2.6190078258514404
Pruned model (before finetuning) has AUROC / IND / OOD = 0.1116670766340929 / 9.244719505310059 / 6.935190677642822
Pruned model (after finetuning) has AUROC / IND / OOD = 0.36100022113394503 / 4.897157192230225 / 4.421660900115967
Notification sent to chrome.
 
Currently running leave_1_encoder_fc3 experiment. 
Starting the process with remaining connection 9 using tech 4!
Loaded pretrained model
Pretrained model has AUROC / IND / OOD = 0.3141697165758527 / 3.0057060718536377 / 2.6190078258514404
Pruned model (before finetuning) has AUROC / IND / OOD = 0.11197179424107576 / 9.241095542907715 / 6.935303211212158
Pruned model (after finetuning) has AUROC / IND / OOD = 0.43279555545616955 / 4.497811317443848 / 4.225457668304443
Notification sent to chrome.
 
Currently running leave_1_encoder_fc3 experiment. 
Starting the process with remaining connection 10 using tech 4!
Loaded pretrained model
Pretrained model has AUROC / IND / OOD = 0.3141697165758527 / 3.0057060718536377 / 2.6190078258514404
Pruned model (before finetuning) has AUROC / IND / OOD = 0.1120412650849378 / 9.23996353149414 / 6.935261249542236
Pruned model (after finetuning) has AUROC / IND / OOD = 0.3700766514854486 / 4.206495761871338 / 3.7818872928619385
Notification sent to chrome.
 
Currently running leave_1_encoder_fc3 experiment. 
Starting the process with remaining connection 11 using tech 4!
Loaded pretrained model
Pretrained model has AUROC / IND / OOD = 0.3141697165758527 / 3.0057060718536377 / 2.6190078258514404
Pruned model (before finetuning) has AUROC / IND / OOD = 0.11197119792481942 / 9.239104270935059 / 6.935467720031738
Pruned model (after finetuning) has AUROC / IND / OOD = 0.3021461918995406 / 4.232928276062012 / 3.630528211593628
Notification sent to chrome.
 
Currently running leave_1_encoder_fc3 experiment. 
Starting the process with remaining connection 12 using tech 4!
Loaded pretrained model
Pretrained model has AUROC / IND / OOD = 0.3141697165758527 / 3.0057060718536377 / 2.6190078258514404
Pruned model (before finetuning) has AUROC / IND / OOD = 0.11191087059688773 / 9.239546775817871 / 6.935469627380371
Pruned model (after finetuning) has AUROC / IND / OOD = 0.3186396038472337 / 4.22847843170166 / 3.6756579875946045
Notification sent to chrome.
 
Currently running leave_1_encoder_fc3 experiment. 
Starting the process with remaining connection 13 using tech 4!
Loaded pretrained model
Pretrained model has AUROC / IND / OOD = 0.3141697165758527 / 3.0057060718536377 / 2.6190078258514404
Pruned model (before finetuning) has AUROC / IND / OOD = 0.1120582600982431 / 9.24107837677002 / 6.93873929977417
Pruned model (after finetuning) has AUROC / IND / OOD = 0.42338215672682006 / 3.9842658042907715 / 3.7196011543273926
Notification sent to chrome.
 
Currently running leave_1_encoder_fc3 experiment. 
Starting the process with remaining connection 14 using tech 4!
Loaded pretrained model
Pretrained model has AUROC / IND / OOD = 0.3141697165758527 / 3.0057060718536377 / 2.6190078258514404
Pruned model (before finetuning) has AUROC / IND / OOD = 0.11205736562385862 / 9.241127014160156 / 6.938741683959961
Pruned model (after finetuning) has AUROC / IND / OOD = 0.4236548223350254 / 3.962656021118164 / 3.7029473781585693
Notification sent to chrome.
 
Currently running leave_1_encoder_fc3 experiment. 
Starting the process with remaining connection 15 using tech 4!
Loaded pretrained model
Pretrained model has AUROC / IND / OOD = 0.3141697165758527 / 3.0057060718536377 / 2.6190078258514404
Pruned model (before finetuning) has AUROC / IND / OOD = 0.1100795833737089 / 9.22803020477295 / 6.915195465087891
Pruned model (after finetuning) has AUROC / IND / OOD = 0.3806590785423049 / 3.7736244201660156 / 3.4047224521636963
Notification sent to chrome.
 
Currently running leave_1_encoder_fc3 experiment. 
Starting the process with remaining connection 16 using tech 4!
Loaded pretrained model
Pretrained model has AUROC / IND / OOD = 0.3141697165758527 / 3.0057060718536377 / 2.6190078258514404
Pruned model (before finetuning) has AUROC / IND / OOD = 0.1100795833737089 / 9.22803020477295 / 6.915195465087891
Pruned model (after finetuning) has AUROC / IND / OOD = 0.32852826663287543 / 3.772679567337036 / 3.285860300064087
Notification sent to chrome.
 
Currently running leave_1_encoder_fc3 experiment. 
Starting the process with remaining connection 1 using tech 5!
Loaded pretrained model
Pretrained model has AUROC / IND / OOD = 0.3141697165758527 / 3.0057060718536377 / 2.6190078258514404
Pruned model (before finetuning) has AUROC / IND / OOD = 0.1183407500167714 / 9.264562606811523 / 6.9867119789123535
Pruned model (after finetuning) has AUROC / IND / OOD = 0.44044172126687386 / 6.44253396987915 / 6.217077732086182
Notification sent to chrome.
 
Currently running leave_1_encoder_fc3 experiment. 
Starting the process with remaining connection 2 using tech 5!
Loaded pretrained model
Pretrained model has AUROC / IND / OOD = 0.3141697165758527 / 3.0057060718536377 / 2.6190078258514404
Pruned model (before finetuning) has AUROC / IND / OOD = 0.11855915084565098 / 9.2694091796875 / 6.987943172454834
Pruned model (after finetuning) has AUROC / IND / OOD = 0.7210888734840523 / 5.771350860595703 / 6.510951042175293
Notification sent to chrome.
 
Currently running leave_1_encoder_fc3 experiment. 
Starting the process with remaining connection 3 using tech 5!
Loaded pretrained model
Pretrained model has AUROC / IND / OOD = 0.3141697165758527 / 3.0057060718536377 / 2.6190078258514404
Pruned model (before finetuning) has AUROC / IND / OOD = 0.11887067639656025 / 9.248838424682617 / 6.969301700592041
Pruned model (after finetuning) has AUROC / IND / OOD = 0.5024866387888817 / 5.329154968261719 / 5.265774726867676
Notification sent to chrome.
 
Currently running leave_1_encoder_fc3 experiment. 
Starting the process with remaining connection 4 using tech 5!
Loaded pretrained model
Pretrained model has AUROC / IND / OOD = 0.3141697165758527 / 3.0057060718536377 / 2.6190078258514404
Pruned model (before finetuning) has AUROC / IND / OOD = 0.1188605390202027 / 9.248757362365723 / 6.969980716705322
Pruned model (after finetuning) has AUROC / IND / OOD = 0.35144311018682095 / 4.895435810089111 / 4.3876118659973145
Notification sent to chrome.
 
Currently running leave_1_encoder_fc3 experiment. 
Starting the process with remaining connection 5 using tech 5!
Loaded pretrained model
Pretrained model has AUROC / IND / OOD = 0.3141697165758527 / 3.0057060718536377 / 2.6190078258514404
Pruned model (before finetuning) has AUROC / IND / OOD = 0.11909320174621277 / 9.253397941589355 / 6.983696460723877
Pruned model (after finetuning) has AUROC / IND / OOD = 0.42454755746376754 / 4.943618297576904 / 4.672664165496826
Notification sent to chrome.
 
Currently running leave_1_encoder_fc3 experiment. 
Starting the process with remaining connection 6 using tech 5!
Loaded pretrained model
Pretrained model has AUROC / IND / OOD = 0.3141697165758527 / 3.0057060718536377 / 2.6190078258514404
Pruned model (before finetuning) has AUROC / IND / OOD = 0.11374990993139879 / 9.256805419921875 / 6.946420192718506
Pruned model (after finetuning) has AUROC / IND / OOD = 0.5232036097010716 / 4.841608047485352 / 4.816914081573486
Notification sent to chrome.
 
Currently running leave_1_encoder_fc3 experiment. 
Starting the process with remaining connection 7 using tech 5!
Loaded pretrained model
Pretrained model has AUROC / IND / OOD = 0.3141697165758527 / 3.0057060718536377 / 2.6190078258514404
Pruned model (before finetuning) has AUROC / IND / OOD = 0.11405885144519728 / 9.252837181091309 / 6.946505069732666
Pruned model (after finetuning) has AUROC / IND / OOD = 0.3117905140991525 / 4.54831075668335 / 3.9527735710144043
Notification sent to chrome.
 
Currently running leave_1_encoder_fc3 experiment. 
Starting the process with remaining connection 8 using tech 5!
Loaded pretrained model
Pretrained model has AUROC / IND / OOD = 0.3141697165758527 / 3.0057060718536377 / 2.6190078258514404
Pruned model (before finetuning) has AUROC / IND / OOD = 0.11378787539971824 / 9.254706382751465 / 6.946750164031982
Pruned model (after finetuning) has AUROC / IND / OOD = 0.2191572560507465 / 4.609929084777832 / 3.7292702198028564
Notification sent to chrome.
 
Currently running leave_1_encoder_fc3 experiment. 
Starting the process with remaining connection 9 using tech 5!
Loaded pretrained model
Pretrained model has AUROC / IND / OOD = 0.3141697165758527 / 3.0057060718536377 / 2.6190078258514404
Pruned model (before finetuning) has AUROC / IND / OOD = 0.11098091539514648 / 9.233197212219238 / 6.910426616668701
Pruned model (after finetuning) has AUROC / IND / OOD = 0.5089215372039226 / 4.1685099601745605 / 4.125826358795166
Notification sent to chrome.
 
Currently running leave_1_encoder_fc3 experiment. 
Starting the process with remaining connection 10 using tech 5!
Loaded pretrained model
Pretrained model has AUROC / IND / OOD = 0.3141697165758527 / 3.0057060718536377 / 2.6190078258514404
Pruned model (before finetuning) has AUROC / IND / OOD = 0.11000196287434374 / 9.227334022521973 / 6.9128947257995605
Pruned model (after finetuning) has AUROC / IND / OOD = 0.3227511050485625 / 4.2119317054748535 / 3.6639554500579834
Notification sent to chrome.
 
Currently running leave_1_encoder_fc3 experiment. 
Starting the process with remaining connection 11 using tech 5!
Loaded pretrained model
Pretrained model has AUROC / IND / OOD = 0.3141697165758527 / 3.0057060718536377 / 2.6190078258514404
Pruned model (before finetuning) has AUROC / IND / OOD = 0.11000196287434374 / 9.227334022521973 / 6.9128947257995605
Pruned model (after finetuning) has AUROC / IND / OOD = 0.34155494433139283 / 4.179226398468018 / 3.679722785949707
Notification sent to chrome.
 
Currently running leave_1_encoder_fc3 experiment. 
Starting the process with remaining connection 12 using tech 5!
Loaded pretrained model
Pretrained model has AUROC / IND / OOD = 0.3141697165758527 / 3.0057060718536377 / 2.6190078258514404
Pruned model (before finetuning) has AUROC / IND / OOD = 0.1100588116907802 / 9.226202964782715 / 6.912842273712158
Pruned model (after finetuning) has AUROC / IND / OOD = 0.32734452917104584 / 3.9572246074676514 / 3.4449667930603027
Notification sent to chrome.
 
Currently running leave_1_encoder_fc3 experiment. 
Starting the process with remaining connection 13 using tech 5!
Loaded pretrained model
Pretrained model has AUROC / IND / OOD = 0.3141697165758527 / 3.0057060718536377 / 2.6190078258514404
Pruned model (before finetuning) has AUROC / IND / OOD = 0.11003058605464741 / 9.226532936096191 / 6.9128570556640625
Pruned model (after finetuning) has AUROC / IND / OOD = 0.38228577959654236 / 3.9301271438598633 / 3.5559232234954834
Notification sent to chrome.
 
Currently running leave_1_encoder_fc3 experiment. 
Starting the process with remaining connection 14 using tech 5!
Loaded pretrained model
Pretrained model has AUROC / IND / OOD = 0.3141697165758527 / 3.0057060718536377 / 2.6190078258514404
Pruned model (before finetuning) has AUROC / IND / OOD = 0.10998079364724414 / 9.226908683776855 / 6.912861347198486
Pruned model (after finetuning) has AUROC / IND / OOD = 0.3978569884538265 / 3.9216480255126953 / 3.586073637008667
Notification sent to chrome.
 
Currently running leave_1_encoder_fc3 experiment. 
Starting the process with remaining connection 15 using tech 5!
Loaded pretrained model
Pretrained model has AUROC / IND / OOD = 0.3141697165758527 / 3.0057060718536377 / 2.6190078258514404
Pruned model (before finetuning) has AUROC / IND / OOD = 0.11036054771648143 / 9.227034568786621 / 6.916283130645752
Pruned model (after finetuning) has AUROC / IND / OOD = 0.43239259474595687 / 3.6844587326049805 / 3.457561731338501
Notification sent to chrome.
 
Currently running leave_1_encoder_fc3 experiment. 
Starting the process with remaining connection 16 using tech 5!
Loaded pretrained model
Pretrained model has AUROC / IND / OOD = 0.3141697165758527 / 3.0057060718536377 / 2.6190078258514404
Pruned model (before finetuning) has AUROC / IND / OOD = 0.11036641149300197 / 9.226797103881836 / 6.916174411773682
Pruned model (after finetuning) has AUROC / IND / OOD = 0.4589541109794246 / 3.7499516010284424 / 3.5962369441986084
Notification sent to chrome.
 
Currently running leave_1_encoder_fc3 experiment. 
Starting the process with remaining connection 1 using tech 6!
Loaded pretrained model
Pretrained model has AUROC / IND / OOD = 0.3141697165758527 / 3.0057060718536377 / 2.6190078258514404
Pruned model (before finetuning) has AUROC / IND / OOD = 0.11819837951057344 / 9.262572288513184 / 6.983417987823486
Pruned model (after finetuning) has AUROC / IND / OOD = 0.244839255499154 / 7.315069675445557 / 6.605565071105957
Notification sent to chrome.
 
Currently running leave_1_encoder_fc3 experiment. 
Starting the process with remaining connection 2 using tech 6!
Loaded pretrained model
Pretrained model has AUROC / IND / OOD = 0.3141697165758527 / 3.0057060718536377 / 2.6190078258514404
Pruned model (before finetuning) has AUROC / IND / OOD = 0.11819837951057344 / 9.262572288513184 / 6.983417987823486
Pruned model (after finetuning) has AUROC / IND / OOD = 0.23656005028933763 / 7.314797878265381 / 6.560483455657959
Notification sent to chrome.
 
Currently running leave_1_encoder_fc3 experiment. 
Starting the process with remaining connection 3 using tech 6!
Loaded pretrained model
Pretrained model has AUROC / IND / OOD = 0.3141697165758527 / 3.0057060718536377 / 2.6190078258514404
Pruned model (before finetuning) has AUROC / IND / OOD = 0.11819837951057344 / 9.262572288513184 / 6.983417987823486
Pruned model (after finetuning) has AUROC / IND / OOD = 0.2106078201907715 / 7.318228721618652 / 6.483699321746826
Notification sent to chrome.
 
Currently running leave_1_encoder_fc3 experiment. 
Starting the process with remaining connection 4 using tech 6!
Loaded pretrained model
Pretrained model has AUROC / IND / OOD = 0.3141697165758527 / 3.0057060718536377 / 2.6190078258514404
Pruned model (before finetuning) has AUROC / IND / OOD = 0.11819837951057344 / 9.262572288513184 / 6.983417987823486
Pruned model (after finetuning) has AUROC / IND / OOD = 0.19098081600910377 / 7.326164245605469 / 6.399791240692139
Notification sent to chrome.
 
Currently running leave_1_encoder_fc3 experiment. 
Starting the process with remaining connection 5 using tech 6!
Loaded pretrained model
Pretrained model has AUROC / IND / OOD = 0.3141697165758527 / 3.0057060718536377 / 2.6190078258514404
Pruned model (before finetuning) has AUROC / IND / OOD = 0.11819837951057344 / 9.262572288513184 / 6.983417987823486
Pruned model (after finetuning) has AUROC / IND / OOD = 0.21850463760121847 / 7.315141201019287 / 6.507728099822998
Notification sent to chrome.
 
Currently running leave_1_encoder_fc3 experiment. 
Starting the process with remaining connection 6 using tech 6!
Loaded pretrained model
Pretrained model has AUROC / IND / OOD = 0.3141697165758527 / 3.0057060718536377 / 2.6190078258514404
Pruned model (before finetuning) has AUROC / IND / OOD = 0.11819837951057344 / 9.262572288513184 / 6.983417987823486
Pruned model (after finetuning) has AUROC / IND / OOD = 0.20141654926690367 / 7.3212456703186035 / 6.447054386138916
Notification sent to chrome.
 
Currently running leave_1_encoder_fc3 experiment. 
Starting the process with remaining connection 7 using tech 6!
Loaded pretrained model
Pretrained model has AUROC / IND / OOD = 0.3141697165758527 / 3.0057060718536377 / 2.6190078258514404
Pruned model (before finetuning) has AUROC / IND / OOD = 0.11819837951057344 / 9.262572288513184 / 6.983417987823486
Pruned model (after finetuning) has AUROC / IND / OOD = 0.22852692492129867 / 7.314126968383789 / 6.519124507904053
Notification sent to chrome.
 
Currently running leave_1_encoder_fc3 experiment. 
Starting the process with remaining connection 8 using tech 6!
Loaded pretrained model
Pretrained model has AUROC / IND / OOD = 0.3141697165758527 / 3.0057060718536377 / 2.6190078258514404
Pruned model (before finetuning) has AUROC / IND / OOD = 0.11819837951057344 / 9.262572288513184 / 6.983417987823486
Pruned model (after finetuning) has AUROC / IND / OOD = 0.20593980684322596 / 7.3178229331970215 / 6.466412544250488
Notification sent to chrome.
 
Currently running leave_1_encoder_fc3 experiment. 
Starting the process with remaining connection 9 using tech 6!
Loaded pretrained model
Pretrained model has AUROC / IND / OOD = 0.3141697165758527 / 3.0057060718536377 / 2.6190078258514404
Pruned model (before finetuning) has AUROC / IND / OOD = 0.11819837951057344 / 9.262572288513184 / 6.983417987823486
Pruned model (after finetuning) has AUROC / IND / OOD = 0.2104408019459787 / 7.316530704498291 / 6.496524333953857
Notification sent to chrome.
 
Currently running leave_1_encoder_fc3 experiment. 
Starting the process with remaining connection 10 using tech 6!
Loaded pretrained model
Pretrained model has AUROC / IND / OOD = 0.3141697165758527 / 3.0057060718536377 / 2.6190078258514404
Pruned model (before finetuning) has AUROC / IND / OOD = 0.11819837951057344 / 9.262572288513184 / 6.983417987823486
Pruned model (after finetuning) has AUROC / IND / OOD = 0.21620494395869516 / 7.315406322479248 / 6.502807140350342
Notification sent to chrome.
 
Currently running leave_1_encoder_fc3 experiment. 
Starting the process with remaining connection 11 using tech 6!
Loaded pretrained model
Pretrained model has AUROC / IND / OOD = 0.3141697165758527 / 3.0057060718536377 / 2.6190078258514404
Pruned model (before finetuning) has AUROC / IND / OOD = 0.11819837951057344 / 9.262572288513184 / 6.983417987823486
Pruned model (after finetuning) has AUROC / IND / OOD = 0.21229599151243198 / 7.317169666290283 / 6.4849019050598145
Notification sent to chrome.
 
Currently running leave_1_encoder_fc3 experiment. 
Starting the process with remaining connection 12 using tech 6!
Loaded pretrained model
Pretrained model has AUROC / IND / OOD = 0.3141697165758527 / 3.0057060718536377 / 2.6190078258514404
Pruned model (before finetuning) has AUROC / IND / OOD = 0.11819837951057344 / 9.262572288513184 / 6.983417987823486
Pruned model (after finetuning) has AUROC / IND / OOD = 0.19518260943024468 / 7.323168754577637 / 6.414937496185303
Notification sent to chrome.
 
Currently running leave_1_encoder_fc3 experiment. 
Starting the process with remaining connection 13 using tech 6!
Loaded pretrained model
Pretrained model has AUROC / IND / OOD = 0.3141697165758527 / 3.0057060718536377 / 2.6190078258514404
Pruned model (before finetuning) has AUROC / IND / OOD = 0.11819837951057344 / 9.262572288513184 / 6.983417987823486
Pruned model (after finetuning) has AUROC / IND / OOD = 0.22510700149824459 / 7.31455135345459 / 6.522758960723877
Notification sent to chrome.
 
Currently running leave_1_encoder_fc3 experiment. 
Starting the process with remaining connection 14 using tech 6!
Loaded pretrained model
Pretrained model has AUROC / IND / OOD = 0.3141697165758527 / 3.0057060718536377 / 2.6190078258514404
Pruned model (before finetuning) has AUROC / IND / OOD = 0.11819837951057344 / 9.262572288513184 / 6.983417987823486
Pruned model (after finetuning) has AUROC / IND / OOD = 0.19875012112673957 / 7.3215460777282715 / 6.425043106079102
Notification sent to chrome.
 
Currently running leave_1_encoder_fc3 experiment. 
Starting the process with remaining connection 15 using tech 6!
Loaded pretrained model
Pretrained model has AUROC / IND / OOD = 0.3141697165758527 / 3.0057060718536377 / 2.6190078258514404
Pruned model (before finetuning) has AUROC / IND / OOD = 0.11819837951057344 / 9.262572288513184 / 6.983417987823486
Pruned model (after finetuning) has AUROC / IND / OOD = 0.1826541042708667 / 7.327829360961914 / 6.375550746917725
Notification sent to chrome.
 
Currently running leave_1_encoder_fc3 experiment. 
Starting the process with remaining connection 16 using tech 6!
Loaded pretrained model
Pretrained model has AUROC / IND / OOD = 0.3141697165758527 / 3.0057060718536377 / 2.6190078258514404
Pruned model (before finetuning) has AUROC / IND / OOD = 0.11819837951057344 / 9.262572288513184 / 6.983417987823486
Pruned model (after finetuning) has AUROC / IND / OOD = 0.21153320363454758 / 7.318566799163818 / 6.475732326507568
Notification sent to chrome.
 
Currently running leave_1_encoder_fc3 experiment. 
Starting the process with remaining connection 1 using tech 7!
Loaded pretrained model
Pretrained model has AUROC / IND / OOD = 0.3141697165758527 / 3.0057060718536377 / 2.6190078258514404
Pruned model (before finetuning) has AUROC / IND / OOD = 0.11819837951057344 / 9.262572288513184 / 6.983417987823486
Pruned model (after finetuning) has AUROC / IND / OOD = 0.21582702853124824 / 7.318442344665527 / 6.475775241851807
Notification sent to chrome.
 
Currently running leave_1_encoder_fc3 experiment. 
Starting the process with remaining connection 2 using tech 7!
Loaded pretrained model
Pretrained model has AUROC / IND / OOD = 0.3141697165758527 / 3.0057060718536377 / 2.6190078258514404
Pruned model (before finetuning) has AUROC / IND / OOD = 0.11819837951057344 / 9.262572288513184 / 6.983417987823486
Pruned model (after finetuning) has AUROC / IND / OOD = 0.20832517125457484 / 7.3150248527526855 / 6.482169151306152
Notification sent to chrome.
 
Currently running leave_1_encoder_fc3 experiment. 
Starting the process with remaining connection 3 using tech 7!
Loaded pretrained model
Pretrained model has AUROC / IND / OOD = 0.3141697165758527 / 3.0057060718536377 / 2.6190078258514404
Pruned model (before finetuning) has AUROC / IND / OOD = 0.11819837951057344 / 9.262572288513184 / 6.983417987823486
Pruned model (after finetuning) has AUROC / IND / OOD = 0.22001933058530926 / 7.318587779998779 / 6.504979133605957
Notification sent to chrome.
 
Currently running leave_1_encoder_fc3 experiment. 
Starting the process with remaining connection 4 using tech 7!
Loaded pretrained model
Pretrained model has AUROC / IND / OOD = 0.3141697165758527 / 3.0057060718536377 / 2.6190078258514404
Pruned model (before finetuning) has AUROC / IND / OOD = 0.11819837951057344 / 9.262572288513184 / 6.983417987823486
Pruned model (after finetuning) has AUROC / IND / OOD = 0.2244542836626738 / 7.314162254333496 / 6.527055740356445
Notification sent to chrome.
 
Currently running leave_1_encoder_fc3 experiment. 
Starting the process with remaining connection 5 using tech 7!
Loaded pretrained model
Pretrained model has AUROC / IND / OOD = 0.3141697165758527 / 3.0057060718536377 / 2.6190078258514404
Pruned model (before finetuning) has AUROC / IND / OOD = 0.11819837951057344 / 9.262572288513184 / 6.983417987823486
Pruned model (after finetuning) has AUROC / IND / OOD = 0.22949772778659827 / 7.3136372566223145 / 6.549516677856445
Notification sent to chrome.
 
Currently running leave_1_encoder_fc3 experiment. 
Starting the process with remaining connection 6 using tech 7!
Loaded pretrained model
Pretrained model has AUROC / IND / OOD = 0.3141697165758527 / 3.0057060718536377 / 2.6190078258514404
Pruned model (before finetuning) has AUROC / IND / OOD = 0.11819837951057344 / 9.262572288513184 / 6.983417987823486
Pruned model (after finetuning) has AUROC / IND / OOD = 0.1988952744421337 / 7.324188232421875 / 6.413538455963135
Notification sent to chrome.
 
Currently running leave_1_encoder_fc3 experiment. 
Starting the process with remaining connection 7 using tech 7!
Loaded pretrained model
Pretrained model has AUROC / IND / OOD = 0.3141697165758527 / 3.0057060718536377 / 2.6190078258514404
Pruned model (before finetuning) has AUROC / IND / OOD = 0.11819837951057344 / 9.262572288513184 / 6.983417987823486
Pruned model (after finetuning) has AUROC / IND / OOD = 0.2254019792730408 / 7.314418315887451 / 6.519089221954346
Notification sent to chrome.
 
Currently running leave_1_encoder_fc3 experiment. 
Starting the process with remaining connection 8 using tech 7!
Loaded pretrained model
Pretrained model has AUROC / IND / OOD = 0.3141697165758527 / 3.0057060718536377 / 2.6190078258514404
Pruned model (before finetuning) has AUROC / IND / OOD = 0.11819837951057344 / 9.262572288513184 / 6.983417987823486
Pruned model (after finetuning) has AUROC / IND / OOD = 0.21272712816575604 / 7.315861225128174 / 6.48555850982666
Notification sent to chrome.
 
Currently running leave_1_encoder_fc3 experiment. 
Starting the process with remaining connection 9 using tech 7!
Loaded pretrained model
Pretrained model has AUROC / IND / OOD = 0.3141697165758527 / 3.0057060718536377 / 2.6190078258514404
Pruned model (before finetuning) has AUROC / IND / OOD = 0.11819837951057344 / 9.262572288513184 / 6.983417987823486
Pruned model (after finetuning) has AUROC / IND / OOD = 0.2107448735436839 / 7.320432186126709 / 6.471908092498779
Notification sent to chrome.
 
Currently running leave_1_encoder_fc3 experiment. 
Starting the process with remaining connection 10 using tech 7!
Loaded pretrained model
Pretrained model has AUROC / IND / OOD = 0.3141697165758527 / 3.0057060718536377 / 2.6190078258514404
Pruned model (before finetuning) has AUROC / IND / OOD = 0.11819837951057344 / 9.262572288513184 / 6.983417987823486
Pruned model (after finetuning) has AUROC / IND / OOD = 0.2566325027144813 / 7.317218780517578 / 6.630985736846924
Notification sent to chrome.
 
Currently running leave_1_encoder_fc3 experiment. 
Starting the process with remaining connection 11 using tech 7!
Loaded pretrained model
Pretrained model has AUROC / IND / OOD = 0.3141697165758527 / 3.0057060718536377 / 2.6190078258514404
Pruned model (before finetuning) has AUROC / IND / OOD = 0.11819837951057344 / 9.262572288513184 / 6.983417987823486
Pruned model (after finetuning) has AUROC / IND / OOD = 0.21288510228066124 / 7.317081928253174 / 6.488406181335449
Notification sent to chrome.
 
Currently running leave_1_encoder_fc3 experiment. 
Starting the process with remaining connection 12 using tech 7!
Loaded pretrained model
Pretrained model has AUROC / IND / OOD = 0.3141697165758527 / 3.0057060718536377 / 2.6190078258514404
Pruned model (before finetuning) has AUROC / IND / OOD = 0.11819837951057344 / 9.262572288513184 / 6.983417987823486
Pruned model (after finetuning) has AUROC / IND / OOD = 0.20787679112283866 / 7.318722724914551 / 6.475429058074951
Notification sent to chrome.
 
Currently running leave_1_encoder_fc3 experiment. 
Starting the process with remaining connection 13 using tech 7!
Loaded pretrained model
Pretrained model has AUROC / IND / OOD = 0.3141697165758527 / 3.0057060718536377 / 2.6190078258514404
Pruned model (before finetuning) has AUROC / IND / OOD = 0.11819837951057344 / 9.262572288513184 / 6.983417987823486
Pruned model (after finetuning) has AUROC / IND / OOD = 0.21071744299589287 / 7.316551208496094 / 6.488312244415283
Notification sent to chrome.
 
Currently running leave_1_encoder_fc3 experiment. 
Starting the process with remaining connection 14 using tech 7!
Loaded pretrained model
Pretrained model has AUROC / IND / OOD = 0.3141697165758527 / 3.0057060718536377 / 2.6190078258514404
Pruned model (before finetuning) has AUROC / IND / OOD = 0.11819837951057344 / 9.262572288513184 / 6.983417987823486
Pruned model (after finetuning) has AUROC / IND / OOD = 0.2456667436908498 / 7.31602668762207 / 6.6049370765686035
Notification sent to chrome.
 
Currently running leave_1_encoder_fc3 experiment. 
Starting the process with remaining connection 15 using tech 7!
Loaded pretrained model
Pretrained model has AUROC / IND / OOD = 0.3141697165758527 / 3.0057060718536377 / 2.6190078258514404
Pruned model (before finetuning) has AUROC / IND / OOD = 0.11819837951057344 / 9.262572288513184 / 6.983417987823486
Pruned model (after finetuning) has AUROC / IND / OOD = 0.22503166687786202 / 7.313492298126221 / 6.524178504943848
Notification sent to chrome.
 
Currently running leave_1_encoder_fc3 experiment. 
Starting the process with remaining connection 16 using tech 7!
Loaded pretrained model
Pretrained model has AUROC / IND / OOD = 0.3141697165758527 / 3.0057060718536377 / 2.6190078258514404
Pruned model (before finetuning) has AUROC / IND / OOD = 0.11819837951057344 / 9.262572288513184 / 6.983417987823486
Pruned model (after finetuning) has AUROC / IND / OOD = 0.21155183851755777 / 7.31699275970459 / 6.467489719390869
Notification sent to chrome.
 
Currently running leave_1_encoder_fc3 experiment. 
Starting the process with remaining connection 1 using tech 8!
Loaded pretrained model
Pretrained model has AUROC / IND / OOD = 0.3141697165758527 / 3.0057060718536377 / 2.6190078258514404
Pruned model (before finetuning) has AUROC / IND / OOD = 0.11819837951057344 / 9.262572288513184 / 6.983417987823486
Pruned model (after finetuning) has AUROC / IND / OOD = 0.22366252475333626 / 7.315398693084717 / 6.540113925933838
Notification sent to chrome.
 
Currently running leave_1_encoder_fc3 experiment. 
Starting the process with remaining connection 2 using tech 8!
Loaded pretrained model
Pretrained model has AUROC / IND / OOD = 0.3141697165758527 / 3.0057060718536377 / 2.6190078258514404
Pruned model (before finetuning) has AUROC / IND / OOD = 0.11831843785018051 / 9.260490417480469 / 6.982611179351807
Pruned model (after finetuning) has AUROC / IND / OOD = 0.5067053278372853 / 6.356068134307861 / 6.3013787269592285
Notification sent to chrome.
 
Currently running leave_1_encoder_fc3 experiment. 
Starting the process with remaining connection 3 using tech 8!
Loaded pretrained model
Pretrained model has AUROC / IND / OOD = 0.3141697165758527 / 3.0057060718536377 / 2.6190078258514404
Pruned model (before finetuning) has AUROC / IND / OOD = 0.11819837951057344 / 9.262572288513184 / 6.983417987823486
Pruned model (after finetuning) has AUROC / IND / OOD = 0.20867217762273554 / 7.317293167114258 / 6.465630531311035
Notification sent to chrome.
 
Currently running leave_1_encoder_fc3 experiment. 
Starting the process with remaining connection 4 using tech 8!
Loaded pretrained model
Pretrained model has AUROC / IND / OOD = 0.3141697165758527 / 3.0057060718536377 / 2.6190078258514404
Pruned model (before finetuning) has AUROC / IND / OOD = 0.11826476938711113 / 9.267229080200195 / 6.9873528480529785
Pruned model (after finetuning) has AUROC / IND / OOD = 0.3836023465044686 / 5.1977128982543945 / 4.751729488372803
Notification sent to chrome.
 
Currently running leave_1_encoder_fc3 experiment. 
Starting the process with remaining connection 5 using tech 8!
Loaded pretrained model
Pretrained model has AUROC / IND / OOD = 0.3141697165758527 / 3.0057060718536377 / 2.6190078258514404
Pruned model (before finetuning) has AUROC / IND / OOD = 0.11819768380827439 / 9.262249946594238 / 6.983544826507568
Pruned model (after finetuning) has AUROC / IND / OOD = 0.6553688588743041 / 6.279409885406494 / 6.701778411865234
Notification sent to chrome.
 
Currently running leave_1_encoder_fc3 experiment. 
Starting the process with remaining connection 6 using tech 8!
Loaded pretrained model
Pretrained model has AUROC / IND / OOD = 0.3141697165758527 / 3.0057060718536377 / 2.6190078258514404
Pruned model (before finetuning) has AUROC / IND / OOD = 0.11820498868241439 / 9.264466285705566 / 6.985006809234619
Pruned model (after finetuning) has AUROC / IND / OOD = 0.45563809566403535 / 5.254840850830078 / 5.051048755645752
Notification sent to chrome.
 
Currently running leave_1_encoder_fc3 experiment. 
Starting the process with remaining connection 7 using tech 8!
Loaded pretrained model
Pretrained model has AUROC / IND / OOD = 0.3141697165758527 / 3.0057060718536377 / 2.6190078258514404
Pruned model (before finetuning) has AUROC / IND / OOD = 0.11820354758479493 / 9.262621879577637 / 6.983516216278076
Pruned model (after finetuning) has AUROC / IND / OOD = 0.21151128901212757 / 7.320944309234619 / 6.4681549072265625
Notification sent to chrome.
 
Currently running leave_1_encoder_fc3 experiment. 
Starting the process with remaining connection 8 using tech 8!
Loaded pretrained model
Pretrained model has AUROC / IND / OOD = 0.3141697165758527 / 3.0057060718536377 / 2.6190078258514404
Pruned model (before finetuning) has AUROC / IND / OOD = 0.11811216211851289 / 9.263214111328125 / 6.983548164367676
Pruned model (after finetuning) has AUROC / IND / OOD = 0.4600941682754783 / 5.723608493804932 / 5.527639389038086
Notification sent to chrome.
 
Currently running leave_1_encoder_fc3 experiment. 
Starting the process with remaining connection 9 using tech 8!
Loaded pretrained model
Pretrained model has AUROC / IND / OOD = 0.3141697165758527 / 3.0057060718536377 / 2.6190078258514404
Pruned model (before finetuning) has AUROC / IND / OOD = 0.11808716652876855 / 9.26386547088623 / 6.9834699630737305
Pruned model (after finetuning) has AUROC / IND / OOD = 0.460598303977181 / 5.346906661987305 / 5.1592488288879395
Notification sent to chrome.
 
Currently running leave_1_encoder_fc3 experiment. 
Starting the process with remaining connection 10 using tech 8!
Loaded pretrained model
Pretrained model has AUROC / IND / OOD = 0.3141697165758527 / 3.0057060718536377 / 2.6190078258514404
Pruned model (before finetuning) has AUROC / IND / OOD = 0.11810113026777085 / 9.264215469360352 / 6.984604835510254
Pruned model (after finetuning) has AUROC / IND / OOD = 0.6037501832430163 / 5.704184055328369 / 6.018233776092529
Notification sent to chrome.
 
Currently running leave_1_encoder_fc3 experiment. 
Starting the process with remaining connection 11 using tech 8!
Loaded pretrained model
Pretrained model has AUROC / IND / OOD = 0.3141697165758527 / 3.0057060718536377 / 2.6190078258514404
Pruned model (before finetuning) has AUROC / IND / OOD = 0.11824076765779397 / 9.261738777160645 / 6.983253002166748
Pruned model (after finetuning) has AUROC / IND / OOD = 0.5786788613341085 / 6.339974403381348 / 6.52855920791626
Notification sent to chrome.
 
Currently running leave_1_encoder_fc3 experiment. 
Starting the process with remaining connection 12 using tech 8!
Loaded pretrained model
Pretrained model has AUROC / IND / OOD = 0.3141697165758527 / 3.0057060718536377 / 2.6190078258514404
Pruned model (before finetuning) has AUROC / IND / OOD = 0.11787343684389683 / 9.255943298339844 / 6.974629878997803
Pruned model (after finetuning) has AUROC / IND / OOD = 0.2815651314007718 / 4.597963809967041 / 3.915332555770874
Notification sent to chrome.
 
Currently running leave_1_encoder_fc3 experiment. 
Starting the process with remaining connection 13 using tech 8!
Loaded pretrained model
Pretrained model has AUROC / IND / OOD = 0.3141697165758527 / 3.0057060718536377 / 2.6190078258514404
Pruned model (before finetuning) has AUROC / IND / OOD = 0.11826968899622581 / 9.261834144592285 / 6.983895301818848
Pruned model (after finetuning) has AUROC / IND / OOD = 0.36384236379764 / 4.920129299163818 / 4.44577693939209
Notification sent to chrome.
 
Currently running leave_1_encoder_fc3 experiment. 
Starting the process with remaining connection 14 using tech 8!
Loaded pretrained model
Pretrained model has AUROC / IND / OOD = 0.3141697165758527 / 3.0057060718536377 / 2.6190078258514404
Pruned model (before finetuning) has AUROC / IND / OOD = 0.11794519356674145 / 9.268625259399414 / 6.985170841217041
Pruned model (after finetuning) has AUROC / IND / OOD = 0.4616068735387146 / 4.585620403289795 / 4.411078929901123
Notification sent to chrome.
 
Currently running leave_1_encoder_fc3 experiment. 
Starting the process with remaining connection 15 using tech 8!
Loaded pretrained model
Pretrained model has AUROC / IND / OOD = 0.3141697165758527 / 3.0057060718536377 / 2.6190078258514404
Pruned model (before finetuning) has AUROC / IND / OOD = 0.11727751813174117 / 9.267448425292969 / 6.978419303894043
Pruned model (after finetuning) has AUROC / IND / OOD = 0.34869662658924494 / 4.14532470703125 / 3.69512677192688
Notification sent to chrome.
 
Currently running leave_1_encoder_fc3 experiment. 
Starting the process with remaining connection 16 using tech 8!
Loaded pretrained model
Pretrained model has AUROC / IND / OOD = 0.3141697165758527 / 3.0057060718536377 / 2.6190078258514404
Pruned model (before finetuning) has AUROC / IND / OOD = 0.11793426110204214 / 9.264327049255371 / 6.9831461906433105
Pruned model (after finetuning) has AUROC / IND / OOD = 0.49356043044095105 / 5.682224750518799 / 5.637510299682617
Notification sent to chrome.
