 
Currently running leave_3_encoder_fc4 experiment. 
Starting the process with remaining connection 1 using tech 0!
Loaded pretrained model
Pretrained model has AUROC / IND / OOD = 0.9285812619081708 / 2.7500503063201904 / 4.2608513832092285
Pruned model (before finetuning) has AUROC / IND / OOD = 0.5843371072368638 / 8.954583168029785 / 9.416178703308105
Pruned model (after finetuning) has AUROC / IND / OOD = 0.8005116245773631 / 5.744816303253174 / 7.178799152374268
Notification sent to chrome.
 
Currently running leave_3_encoder_fc4 experiment. 
Starting the process with remaining connection 2 using tech 0!
Loaded pretrained model
Pretrained model has AUROC / IND / OOD = 0.9285812619081708 / 2.7500503063201904 / 4.2608513832092285
Pruned model (before finetuning) has AUROC / IND / OOD = 0.5735930461789227 / 8.947765350341797 / 9.34731388092041
Pruned model (after finetuning) has AUROC / IND / OOD = 0.8510281500897587 / 5.1062188148498535 / 6.886089324951172
Notification sent to chrome.
 
Currently running leave_3_encoder_fc4 experiment. 
Starting the process with remaining connection 3 using tech 0!
Loaded pretrained model
Pretrained model has AUROC / IND / OOD = 0.9285812619081708 / 2.7500503063201904 / 4.2608513832092285
Pruned model (before finetuning) has AUROC / IND / OOD = 0.5743252678994262 / 8.967246055603027 / 9.369593620300293
Pruned model (after finetuning) has AUROC / IND / OOD = 0.8800143173382966 / 4.66603946685791 / 6.581608772277832
Notification sent to chrome.
 
Currently running leave_3_encoder_fc4 experiment. 
Starting the process with remaining connection 4 using tech 0!
Loaded pretrained model
Pretrained model has AUROC / IND / OOD = 0.9285812619081708 / 2.7500503063201904 / 4.2608513832092285
Pruned model (before finetuning) has AUROC / IND / OOD = 0.5834562605315037 / 8.975531578063965 / 9.432442665100098
Pruned model (after finetuning) has AUROC / IND / OOD = 0.9026950737342921 / 4.364765167236328 / 6.504610538482666
Notification sent to chrome.
 
Currently running leave_3_encoder_fc4 experiment. 
Starting the process with remaining connection 5 using tech 0!
Loaded pretrained model
Pretrained model has AUROC / IND / OOD = 0.9285812619081708 / 2.7500503063201904 / 4.2608513832092285
Pruned model (before finetuning) has AUROC / IND / OOD = 0.5791020275553695 / 9.074522972106934 / 9.514026641845703
Pruned model (after finetuning) has AUROC / IND / OOD = 0.934054229672133 / 4.019880771636963 / 6.330819129943848
Notification sent to chrome.
 
Currently running leave_3_encoder_fc4 experiment. 
Starting the process with remaining connection 6 using tech 0!
Loaded pretrained model
Pretrained model has AUROC / IND / OOD = 0.9285812619081708 / 2.7500503063201904 / 4.2608513832092285
Pruned model (before finetuning) has AUROC / IND / OOD = 0.5751322151125012 / 9.065085411071777 / 9.483696937561035
Pruned model (after finetuning) has AUROC / IND / OOD = 0.9285085738829723 / 4.006218433380127 / 6.238518238067627
Notification sent to chrome.
 
Currently running leave_3_encoder_fc4 experiment. 
Starting the process with remaining connection 7 using tech 0!
Loaded pretrained model
Pretrained model has AUROC / IND / OOD = 0.9285812619081708 / 2.7500503063201904 / 4.2608513832092285
Pruned model (before finetuning) has AUROC / IND / OOD = 0.5661582726682012 / 9.019124031066895 / 9.381394386291504
Pruned model (after finetuning) has AUROC / IND / OOD = 0.919567726516812 / 4.005559921264648 / 6.12161111831665
Notification sent to chrome.
 
Currently running leave_3_encoder_fc4 experiment. 
Starting the process with remaining connection 8 using tech 0!
Loaded pretrained model
Pretrained model has AUROC / IND / OOD = 0.9285812619081708 / 2.7500503063201904 / 4.2608513832092285
Pruned model (before finetuning) has AUROC / IND / OOD = 0.5747950417956145 / 9.024422645568848 / 9.429550170898438
Pruned model (after finetuning) has AUROC / IND / OOD = 0.9390862234165575 / 3.7618894577026367 / 6.054545879364014
Notification sent to chrome.
 
Currently running leave_3_encoder_fc4 experiment. 
Starting the process with remaining connection 9 using tech 0!
Loaded pretrained model
Pretrained model has AUROC / IND / OOD = 0.9285812619081708 / 2.7500503063201904 / 4.2608513832092285
Pruned model (before finetuning) has AUROC / IND / OOD = 0.5713917554158084 / 8.944255828857422 / 9.33012866973877
Pruned model (after finetuning) has AUROC / IND / OOD = 0.9373626361523805 / 3.7511651515960693 / 5.995397567749023
Notification sent to chrome.
 
Currently running leave_3_encoder_fc4 experiment. 
Starting the process with remaining connection 10 using tech 0!
Loaded pretrained model
Pretrained model has AUROC / IND / OOD = 0.9285812619081708 / 2.7500503063201904 / 4.2608513832092285
Pruned model (before finetuning) has AUROC / IND / OOD = 0.5738171675899514 / 9.072527885437012 / 9.478790283203125
Pruned model (after finetuning) has AUROC / IND / OOD = 0.9375625282216764 / 3.5306384563446045 / 5.764688491821289
Notification sent to chrome.
 
Currently running leave_3_encoder_fc4 experiment. 
Starting the process with remaining connection 11 using tech 0!
Loaded pretrained model
Pretrained model has AUROC / IND / OOD = 0.9285812619081708 / 2.7500503063201904 / 4.2608513832092285
Pruned model (before finetuning) has AUROC / IND / OOD = 0.581918247998326 / 9.06649398803711 / 9.53453540802002
Pruned model (after finetuning) has AUROC / IND / OOD = 0.9426057555699953 / 3.3917720317840576 / 5.556934833526611
Notification sent to chrome.
 
Currently running leave_3_encoder_fc4 experiment. 
Starting the process with remaining connection 12 using tech 0!
Loaded pretrained model
Pretrained model has AUROC / IND / OOD = 0.9285812619081708 / 2.7500503063201904 / 4.2608513832092285
Pruned model (before finetuning) has AUROC / IND / OOD = 0.584099659687882 / 8.94419002532959 / 9.414047241210938
Pruned model (after finetuning) has AUROC / IND / OOD = 0.9390847916827278 / 3.3636298179626465 / 5.581113338470459
Notification sent to chrome.
 
Currently running leave_3_encoder_fc4 experiment. 
Starting the process with remaining connection 13 using tech 0!
Loaded pretrained model
Pretrained model has AUROC / IND / OOD = 0.9285812619081708 / 2.7500503063201904 / 4.2608513832092285
Pruned model (before finetuning) has AUROC / IND / OOD = 0.5887929382482185 / 8.903646469116211 / 9.398765563964844
Pruned model (after finetuning) has AUROC / IND / OOD = 0.9374510732497052 / 3.2576582431793213 / 5.290205478668213
Notification sent to chrome.
 
Currently running leave_3_encoder_fc4 experiment. 
Starting the process with remaining connection 14 using tech 0!
Loaded pretrained model
Pretrained model has AUROC / IND / OOD = 0.9285812619081708 / 2.7500503063201904 / 4.2608513832092285
Pruned model (before finetuning) has AUROC / IND / OOD = 0.5906494014251258 / 8.86280345916748 / 9.37098217010498
Pruned model (after finetuning) has AUROC / IND / OOD = 0.9386372096608993 / 3.2269070148468018 / 5.225523471832275
Notification sent to chrome.
 
Currently running leave_3_encoder_fc4 experiment. 
Starting the process with remaining connection 15 using tech 0!
Loaded pretrained model
Pretrained model has AUROC / IND / OOD = 0.9285812619081708 / 2.7500503063201904 / 4.2608513832092285
Pruned model (before finetuning) has AUROC / IND / OOD = 0.5979643498276412 / 8.876006126403809 / 9.42815113067627
Pruned model (after finetuning) has AUROC / IND / OOD = 0.9424822960605294 / 3.1331820487976074 / 5.160106182098389
Notification sent to chrome.
 
Currently running leave_3_encoder_fc4 experiment. 
Starting the process with remaining connection 16 using tech 0!
Loaded pretrained model
Pretrained model has AUROC / IND / OOD = 0.9285812619081708 / 2.7500503063201904 / 4.2608513832092285
Pruned model (before finetuning) has AUROC / IND / OOD = 0.604566790383154 / 8.846691131591797 / 9.430095672607422
Pruned model (after finetuning) has AUROC / IND / OOD = 0.9410327206246766 / 3.1275625228881836 / 5.087742328643799
Notification sent to chrome.
 
Currently running leave_3_encoder_fc4 experiment. 
Starting the process with remaining connection 1 using tech 1!
Loaded pretrained model
Pretrained model has AUROC / IND / OOD = 0.9285812619081708 / 2.7500503063201904 / 4.2608513832092285
Pruned model (before finetuning) has AUROC / IND / OOD = 0.5717806914173063 / 8.981689453125 / 9.378202438354492
Pruned model (after finetuning) has AUROC / IND / OOD = 0.7785632551019283 / 5.800079345703125 / 7.103320121765137
Notification sent to chrome.
 
Currently running leave_3_encoder_fc4 experiment. 
Starting the process with remaining connection 2 using tech 1!
Loaded pretrained model
Pretrained model has AUROC / IND / OOD = 0.9285812619081708 / 2.7500503063201904 / 4.2608513832092285
Pruned model (before finetuning) has AUROC / IND / OOD = 0.5717654379453518 / 8.981609344482422 / 9.378039360046387
Pruned model (after finetuning) has AUROC / IND / OOD = 0.8707274309188425 / 5.161739349365234 / 7.112790107727051
Notification sent to chrome.
 
Currently running leave_3_encoder_fc4 experiment. 
Starting the process with remaining connection 3 using tech 1!
Loaded pretrained model
Pretrained model has AUROC / IND / OOD = 0.9285812619081708 / 2.7500503063201904 / 4.2608513832092285
Pruned model (before finetuning) has AUROC / IND / OOD = 0.5717829491514224 / 8.981399536132812 / 9.377898216247559
Pruned model (after finetuning) has AUROC / IND / OOD = 0.892485049394817 / 4.698042869567871 / 6.762173652648926
Notification sent to chrome.
 
Currently running leave_3_encoder_fc4 experiment. 
Starting the process with remaining connection 4 using tech 1!
Loaded pretrained model
Pretrained model has AUROC / IND / OOD = 0.9285812619081708 / 2.7500503063201904 / 4.2608513832092285
Pruned model (before finetuning) has AUROC / IND / OOD = 0.5717829491514224 / 8.981399536132812 / 9.377898216247559
Pruned model (after finetuning) has AUROC / IND / OOD = 0.8912939019152193 / 4.7015790939331055 / 6.748793601989746
Notification sent to chrome.
 
Currently running leave_3_encoder_fc4 experiment. 
Starting the process with remaining connection 5 using tech 1!
Loaded pretrained model
Pretrained model has AUROC / IND / OOD = 0.9285812619081708 / 2.7500503063201904 / 4.2608513832092285
Pruned model (before finetuning) has AUROC / IND / OOD = 0.57177623101576 / 8.981350898742676 / 9.37781047821045
Pruned model (after finetuning) has AUROC / IND / OOD = 0.9022641218515624 / 4.715743064880371 / 6.8704047203063965
Notification sent to chrome.
 
Currently running leave_3_encoder_fc4 experiment. 
Starting the process with remaining connection 6 using tech 1!
Loaded pretrained model
Pretrained model has AUROC / IND / OOD = 0.9285812619081708 / 2.7500503063201904 / 4.2608513832092285
Pruned model (before finetuning) has AUROC / IND / OOD = 0.5717686318131256 / 8.981548309326172 / 9.377979278564453
Pruned model (after finetuning) has AUROC / IND / OOD = 0.8971933611603652 / 4.409698486328125 / 6.346490383148193
Notification sent to chrome.
 
Currently running leave_3_encoder_fc4 experiment. 
Starting the process with remaining connection 7 using tech 1!
Loaded pretrained model
Pretrained model has AUROC / IND / OOD = 0.9285812619081708 / 2.7500503063201904 / 4.2608513832092285
Pruned model (before finetuning) has AUROC / IND / OOD = 0.5717686318131256 / 8.981548309326172 / 9.377979278564453
Pruned model (after finetuning) has AUROC / IND / OOD = 0.9058279276203482 / 4.401849746704102 / 6.4422221183776855
Notification sent to chrome.
 
Currently running leave_3_encoder_fc4 experiment. 
Starting the process with remaining connection 8 using tech 1!
Loaded pretrained model
Pretrained model has AUROC / IND / OOD = 0.9285812619081708 / 2.7500503063201904 / 4.2608513832092285
Pruned model (before finetuning) has AUROC / IND / OOD = 0.5717686318131256 / 8.981548309326172 / 9.377979278564453
Pruned model (after finetuning) has AUROC / IND / OOD = 0.9081785041685481 / 4.42170524597168 / 6.480207920074463
Notification sent to chrome.
 
Currently running leave_3_encoder_fc4 experiment. 
Starting the process with remaining connection 9 using tech 1!
Loaded pretrained model
Pretrained model has AUROC / IND / OOD = 0.9285812619081708 / 2.7500503063201904 / 4.2608513832092285
Pruned model (before finetuning) has AUROC / IND / OOD = 0.5717686318131256 / 8.981548309326172 / 9.377979278564453
Pruned model (after finetuning) has AUROC / IND / OOD = 0.9035456337624863 / 4.386779308319092 / 6.366000175476074
Notification sent to chrome.
 
Currently running leave_3_encoder_fc4 experiment. 
Starting the process with remaining connection 10 using tech 1!
Loaded pretrained model
Pretrained model has AUROC / IND / OOD = 0.9285812619081708 / 2.7500503063201904 / 4.2608513832092285
Pruned model (before finetuning) has AUROC / IND / OOD = 0.5718301963678014 / 8.98206615447998 / 9.378795623779297
Pruned model (after finetuning) has AUROC / IND / OOD = 0.9202283064791462 / 4.153431415557861 / 6.279660701751709
Notification sent to chrome.
 
Currently running leave_3_encoder_fc4 experiment. 
Starting the process with remaining connection 11 using tech 1!
Loaded pretrained model
Pretrained model has AUROC / IND / OOD = 0.9285812619081708 / 2.7500503063201904 / 4.2608513832092285
Pruned model (before finetuning) has AUROC / IND / OOD = 0.5718301963678014 / 8.98206615447998 / 9.378795623779297
Pruned model (after finetuning) has AUROC / IND / OOD = 0.9045318230376986 / 4.418650150299072 / 6.453563213348389
Notification sent to chrome.
 
Currently running leave_3_encoder_fc4 experiment. 
Starting the process with remaining connection 12 using tech 1!
Loaded pretrained model
Pretrained model has AUROC / IND / OOD = 0.9285812619081708 / 2.7500503063201904 / 4.2608513832092285
Pruned model (before finetuning) has AUROC / IND / OOD = 0.5718586107776518 / 8.981714248657227 / 9.378582000732422
Pruned model (after finetuning) has AUROC / IND / OOD = 0.9283484399607925 / 4.008277416229248 / 6.210062503814697
Notification sent to chrome.
 
Currently running leave_3_encoder_fc4 experiment. 
Starting the process with remaining connection 13 using tech 1!
Loaded pretrained model
Pretrained model has AUROC / IND / OOD = 0.9285812619081708 / 2.7500503063201904 / 4.2608513832092285
Pruned model (before finetuning) has AUROC / IND / OOD = 0.5719196246654699 / 8.981892585754395 / 9.379138946533203
Pruned model (after finetuning) has AUROC / IND / OOD = 0.9052128327404487 / 3.728505849838257 / 5.519428253173828
Notification sent to chrome.
 
Currently running leave_3_encoder_fc4 experiment. 
Starting the process with remaining connection 14 using tech 1!
Loaded pretrained model
Pretrained model has AUROC / IND / OOD = 0.9285812619081708 / 2.7500503063201904 / 4.2608513832092285
Pruned model (before finetuning) has AUROC / IND / OOD = 0.5718201742309937 / 8.981903076171875 / 9.378599166870117
Pruned model (after finetuning) has AUROC / IND / OOD = 0.920383484399608 / 3.585106611251831 / 5.459458351135254
Notification sent to chrome.
 
Currently running leave_3_encoder_fc4 experiment. 
Starting the process with remaining connection 15 using tech 1!
Loaded pretrained model
Pretrained model has AUROC / IND / OOD = 0.9285812619081708 / 2.7500503063201904 / 4.2608513832092285
Pruned model (before finetuning) has AUROC / IND / OOD = 0.5718201742309937 / 8.981903076171875 / 9.378599166870117
Pruned model (after finetuning) has AUROC / IND / OOD = 0.9176595557219793 / 3.5697057247161865 / 5.421907901763916
Notification sent to chrome.
 
Currently running leave_3_encoder_fc4 experiment. 
Starting the process with remaining connection 16 using tech 1!
Loaded pretrained model
Pretrained model has AUROC / IND / OOD = 0.9285812619081708 / 2.7500503063201904 / 4.2608513832092285
Pruned model (before finetuning) has AUROC / IND / OOD = 0.5717126840603971 / 8.981619834899902 / 9.377690315246582
Pruned model (after finetuning) has AUROC / IND / OOD = 0.9168190178305929 / 3.706937789916992 / 5.641846656799316
Notification sent to chrome.
 
Currently running leave_3_encoder_fc4 experiment. 
Starting the process with remaining connection 1 using tech 2!
Loaded pretrained model
Pretrained model has AUROC / IND / OOD = 0.9285812619081708 / 2.7500503063201904 / 4.2608513832092285
Pruned model (before finetuning) has AUROC / IND / OOD = 0.5913867443474047 / 8.961692810058594 / 9.458623886108398
Pruned model (after finetuning) has AUROC / IND / OOD = 0.7890068723223824 / 5.764620304107666 / 7.1772027015686035
Notification sent to chrome.
 
Currently running leave_3_encoder_fc4 experiment. 
Starting the process with remaining connection 2 using tech 2!
Loaded pretrained model
Pretrained model has AUROC / IND / OOD = 0.9285812619081708 / 2.7500503063201904 / 4.2608513832092285
Pruned model (before finetuning) has AUROC / IND / OOD = 0.599752199914096 / 8.928625106811523 / 9.463272094726562
Pruned model (after finetuning) has AUROC / IND / OOD = 0.8607071663784843 / 5.148650169372559 / 7.002573013305664
Notification sent to chrome.
 
Currently running leave_3_encoder_fc4 experiment. 
Starting the process with remaining connection 3 using tech 2!
Loaded pretrained model
Pretrained model has AUROC / IND / OOD = 0.9285812619081708 / 2.7500503063201904 / 4.2608513832092285
Pruned model (before finetuning) has AUROC / IND / OOD = 0.599752199914096 / 8.928625106811523 / 9.463272094726562
Pruned model (after finetuning) has AUROC / IND / OOD = 0.8852432295509862 / 4.755718231201172 / 6.8097124099731445
Notification sent to chrome.
 
Currently running leave_3_encoder_fc4 experiment. 
Starting the process with remaining connection 4 using tech 2!
Loaded pretrained model
Pretrained model has AUROC / IND / OOD = 0.9285812619081708 / 2.7500503063201904 / 4.2608513832092285
Pruned model (before finetuning) has AUROC / IND / OOD = 0.6082886926067468 / 8.923892974853516 / 9.491714477539062
Pruned model (after finetuning) has AUROC / IND / OOD = 0.8629174880780626 / 5.10325288772583 / 6.989985942840576
Notification sent to chrome.
 
Currently running leave_3_encoder_fc4 experiment. 
Starting the process with remaining connection 5 using tech 2!
Loaded pretrained model
Pretrained model has AUROC / IND / OOD = 0.9285812619081708 / 2.7500503063201904 / 4.2608513832092285
Pruned model (before finetuning) has AUROC / IND / OOD = 0.6145720767849865 / 9.046228408813477 / 9.659934043884277
Pruned model (after finetuning) has AUROC / IND / OOD = 0.9066049736230575 / 4.632891654968262 / 6.822052001953125
Notification sent to chrome.
 
Currently running leave_3_encoder_fc4 experiment. 
Starting the process with remaining connection 6 using tech 2!
Loaded pretrained model
Pretrained model has AUROC / IND / OOD = 0.9285812619081708 / 2.7500503063201904 / 4.2608513832092285
Pruned model (before finetuning) has AUROC / IND / OOD = 0.6236969019482593 / 9.124279975891113 / 9.804407119750977
Pruned model (after finetuning) has AUROC / IND / OOD = 0.921654808973667 / 4.329189300537109 / 6.630573749542236
Notification sent to chrome.
 
Currently running leave_3_encoder_fc4 experiment. 
Starting the process with remaining connection 7 using tech 2!
Loaded pretrained model
Pretrained model has AUROC / IND / OOD = 0.9285812619081708 / 2.7500503063201904 / 4.2608513832092285
Pruned model (before finetuning) has AUROC / IND / OOD = 0.6236969019482593 / 9.124279975891113 / 9.804407119750977
Pruned model (after finetuning) has AUROC / IND / OOD = 0.917912421942973 / 4.318025588989258 / 6.482029438018799
Notification sent to chrome.
 
Currently running leave_3_encoder_fc4 experiment. 
Starting the process with remaining connection 8 using tech 2!
Loaded pretrained model
Pretrained model has AUROC / IND / OOD = 0.9285812619081708 / 2.7500503063201904 / 4.2608513832092285
Pruned model (before finetuning) has AUROC / IND / OOD = 0.6284210729193054 / 9.130424499511719 / 9.833653450012207
Pruned model (after finetuning) has AUROC / IND / OOD = 0.9379582374255224 / 3.9909212589263916 / 6.378093242645264
Notification sent to chrome.
 
Currently running leave_3_encoder_fc4 experiment. 
Starting the process with remaining connection 9 using tech 2!
Loaded pretrained model
Pretrained model has AUROC / IND / OOD = 0.9285812619081708 / 2.7500503063201904 / 4.2608513832092285
Pruned model (before finetuning) has AUROC / IND / OOD = 0.6284210729193054 / 9.130424499511719 / 9.833653450012207
Pruned model (after finetuning) has AUROC / IND / OOD = 0.9312558508353616 / 3.9873921871185303 / 6.255722522735596
Notification sent to chrome.
 
Currently running leave_3_encoder_fc4 experiment. 
Starting the process with remaining connection 10 using tech 2!
Loaded pretrained model
Pretrained model has AUROC / IND / OOD = 0.9285812619081708 / 2.7500503063201904 / 4.2608513832092285
Pruned model (before finetuning) has AUROC / IND / OOD = 0.615368561327768 / 9.049848556518555 / 9.664441108703613
Pruned model (after finetuning) has AUROC / IND / OOD = 0.9432712915340477 / 3.734879732131958 / 6.079133033752441
Notification sent to chrome.
 
Currently running leave_3_encoder_fc4 experiment. 
Starting the process with remaining connection 11 using tech 2!
Loaded pretrained model
Pretrained model has AUROC / IND / OOD = 0.9285812619081708 / 2.7500503063201904 / 4.2608513832092285
Pruned model (before finetuning) has AUROC / IND / OOD = 0.6183958523772288 / 9.023353576660156 / 9.64991283416748
Pruned model (after finetuning) has AUROC / IND / OOD = 0.9585700283042765 / 3.53470516204834 / 6.016715049743652
Notification sent to chrome.
 
Currently running leave_3_encoder_fc4 experiment. 
Starting the process with remaining connection 12 using tech 2!
Loaded pretrained model
Pretrained model has AUROC / IND / OOD = 0.9285812619081708 / 2.7500503063201904 / 4.2608513832092285
Pruned model (before finetuning) has AUROC / IND / OOD = 0.6183958523772288 / 9.023353576660156 / 9.64991283416748
Pruned model (after finetuning) has AUROC / IND / OOD = 0.9602798488970142 / 3.540754556655884 / 6.069595813751221
Notification sent to chrome.
 
Currently running leave_3_encoder_fc4 experiment. 
Starting the process with remaining connection 13 using tech 2!
Loaded pretrained model
Pretrained model has AUROC / IND / OOD = 0.9285812619081708 / 2.7500503063201904 / 4.2608513832092285
Pruned model (before finetuning) has AUROC / IND / OOD = 0.6183958523772288 / 9.023353576660156 / 9.64991283416748
Pruned model (after finetuning) has AUROC / IND / OOD = 0.9594077027280036 / 3.5492820739746094 / 6.074896812438965
Notification sent to chrome.
 
Currently running leave_3_encoder_fc4 experiment. 
Starting the process with remaining connection 14 using tech 2!
Loaded pretrained model
Pretrained model has AUROC / IND / OOD = 0.9285812619081708 / 2.7500503063201904 / 4.2608513832092285
Pruned model (before finetuning) has AUROC / IND / OOD = 0.6232512472604324 / 9.026752471923828 / 9.672883033752441
Pruned model (after finetuning) has AUROC / IND / OOD = 0.9509614643333076 / 3.5422465801239014 / 5.90616512298584
Notification sent to chrome.
 
Currently running leave_3_encoder_fc4 experiment. 
Starting the process with remaining connection 15 using tech 2!
Loaded pretrained model
Pretrained model has AUROC / IND / OOD = 0.9285812619081708 / 2.7500503063201904 / 4.2608513832092285
Pruned model (before finetuning) has AUROC / IND / OOD = 0.6232875912730318 / 9.068848609924316 / 9.7233247756958
Pruned model (after finetuning) has AUROC / IND / OOD = 0.9574782761924692 / 3.3940489292144775 / 5.791371822357178
Notification sent to chrome.
 
Currently running leave_3_encoder_fc4 experiment. 
Starting the process with remaining connection 16 using tech 2!
Loaded pretrained model
Pretrained model has AUROC / IND / OOD = 0.9285812619081708 / 2.7500503063201904 / 4.2608513832092285
Pruned model (before finetuning) has AUROC / IND / OOD = 0.6232875912730318 / 9.068848609924316 / 9.7233247756958
Pruned model (after finetuning) has AUROC / IND / OOD = 0.9571455082104429 / 3.3925814628601074 / 5.791134834289551
Notification sent to chrome.
 
Currently running leave_3_encoder_fc4 experiment. 
Starting the process with remaining connection 1 using tech 3!
Loaded pretrained model
Pretrained model has AUROC / IND / OOD = 0.9285812619081708 / 2.7500503063201904 / 4.2608513832092285
Pruned model (before finetuning) has AUROC / IND / OOD = 0.5717844910186236 / 8.981701850891113 / 9.378239631652832
Pruned model (after finetuning) has AUROC / IND / OOD = 0.6197350741748257 / 7.18049430847168 / 7.528868675231934
Notification sent to chrome.
 
Currently running leave_3_encoder_fc4 experiment. 
Starting the process with remaining connection 2 using tech 3!
Loaded pretrained model
Pretrained model has AUROC / IND / OOD = 0.9285812619081708 / 2.7500503063201904 / 4.2608513832092285
Pruned model (before finetuning) has AUROC / IND / OOD = 0.5717844910186236 / 8.981701850891113 / 9.378239631652832
Pruned model (after finetuning) has AUROC / IND / OOD = 0.6161117413187369 / 7.183084964752197 / 7.524332046508789
Notification sent to chrome.
 
Currently running leave_3_encoder_fc4 experiment. 
Starting the process with remaining connection 3 using tech 3!
Loaded pretrained model
Pretrained model has AUROC / IND / OOD = 0.9285812619081708 / 2.7500503063201904 / 4.2608513832092285
Pruned model (before finetuning) has AUROC / IND / OOD = 0.5742541768081146 / 8.983720779418945 / 9.392329216003418
Pruned model (after finetuning) has AUROC / IND / OOD = 0.7657839844051146 / 5.798481464385986 / 7.027097225189209
Notification sent to chrome.
 
Currently running leave_3_encoder_fc4 experiment. 
Starting the process with remaining connection 4 using tech 3!
Loaded pretrained model
Pretrained model has AUROC / IND / OOD = 0.9285812619081708 / 2.7500503063201904 / 4.2608513832092285
Pruned model (before finetuning) has AUROC / IND / OOD = 0.5742541768081146 / 8.983720779418945 / 9.392329216003418
Pruned model (after finetuning) has AUROC / IND / OOD = 0.776560975341138 / 5.821446418762207 / 7.1266865730285645
Notification sent to chrome.
 
Currently running leave_3_encoder_fc4 experiment. 
Starting the process with remaining connection 5 using tech 3!
Loaded pretrained model
Pretrained model has AUROC / IND / OOD = 0.9285812619081708 / 2.7500503063201904 / 4.2608513832092285
Pruned model (before finetuning) has AUROC / IND / OOD = 0.5744564918115839 / 8.98390007019043 / 9.393485069274902
Pruned model (after finetuning) has AUROC / IND / OOD = 0.8910648795691583 / 4.695153713226318 / 6.6526618003845215
Notification sent to chrome.
 
Currently running leave_3_encoder_fc4 experiment. 
Starting the process with remaining connection 6 using tech 3!
Loaded pretrained model
Pretrained model has AUROC / IND / OOD = 0.9285812619081708 / 2.7500503063201904 / 4.2608513832092285
Pruned model (before finetuning) has AUROC / IND / OOD = 0.5744564918115839 / 8.98390007019043 / 9.393485069274902
Pruned model (after finetuning) has AUROC / IND / OOD = 0.8469647242811044 / 5.1511616706848145 / 6.870656490325928
Notification sent to chrome.
 
Currently running leave_3_encoder_fc4 experiment. 
Starting the process with remaining connection 7 using tech 3!
Loaded pretrained model
Pretrained model has AUROC / IND / OOD = 0.9285812619081708 / 2.7500503063201904 / 4.2608513832092285
Pruned model (before finetuning) has AUROC / IND / OOD = 0.5744444322074032 / 8.983907699584961 / 9.393433570861816
Pruned model (after finetuning) has AUROC / IND / OOD = 0.8922936375951276 / 4.678654193878174 / 6.747134685516357
Notification sent to chrome.
 
Currently running leave_3_encoder_fc4 experiment. 
Starting the process with remaining connection 8 using tech 3!
Loaded pretrained model
Pretrained model has AUROC / IND / OOD = 0.9285812619081708 / 2.7500503063201904 / 4.2608513832092285
Pruned model (before finetuning) has AUROC / IND / OOD = 0.5744444322074032 / 8.983907699584961 / 9.393433570861816
Pruned model (after finetuning) has AUROC / IND / OOD = 0.8689183801583719 / 5.099746227264404 / 7.018393039703369
Notification sent to chrome.
 
Currently running leave_3_encoder_fc4 experiment. 
Starting the process with remaining connection 9 using tech 3!
Loaded pretrained model
Pretrained model has AUROC / IND / OOD = 0.9285812619081708 / 2.7500503063201904 / 4.2608513832092285
Pruned model (before finetuning) has AUROC / IND / OOD = 0.5740966310201654 / 8.985971450805664 / 9.393411636352539
Pruned model (after finetuning) has AUROC / IND / OOD = 0.8904181213449488 / 4.701071262359619 / 6.743667125701904
Notification sent to chrome.
 
Currently running leave_3_encoder_fc4 experiment. 
Starting the process with remaining connection 10 using tech 3!
Loaded pretrained model
Pretrained model has AUROC / IND / OOD = 0.9285812619081708 / 2.7500503063201904 / 4.2608513832092285
Pruned model (before finetuning) has AUROC / IND / OOD = 0.5742739457483013 / 8.984943389892578 / 9.393430709838867
Pruned model (after finetuning) has AUROC / IND / OOD = 0.8860415312943976 / 4.6692376136779785 / 6.7528157234191895
Notification sent to chrome.
 
Currently running leave_3_encoder_fc4 experiment. 
Starting the process with remaining connection 11 using tech 3!
Loaded pretrained model
Pretrained model has AUROC / IND / OOD = 0.9285812619081708 / 2.7500503063201904 / 4.2608513832092285
Pruned model (before finetuning) has AUROC / IND / OOD = 0.5742739457483013 / 8.984943389892578 / 9.393430709838867
Pruned model (after finetuning) has AUROC / IND / OOD = 0.8937798323770086 / 4.682034492492676 / 6.80157995223999
Notification sent to chrome.
 
Currently running leave_3_encoder_fc4 experiment. 
Starting the process with remaining connection 12 using tech 3!
Loaded pretrained model
Pretrained model has AUROC / IND / OOD = 0.9285812619081708 / 2.7500503063201904 / 4.2608513832092285
Pruned model (before finetuning) has AUROC / IND / OOD = 0.5742739457483013 / 8.984943389892578 / 9.393430709838867
Pruned model (after finetuning) has AUROC / IND / OOD = 0.8935256996222425 / 4.688506126403809 / 6.775893211364746
Notification sent to chrome.
 
Currently running leave_3_encoder_fc4 experiment. 
Starting the process with remaining connection 13 using tech 3!
Loaded pretrained model
Pretrained model has AUROC / IND / OOD = 0.9285812619081708 / 2.7500503063201904 / 4.2608513832092285
Pruned model (before finetuning) has AUROC / IND / OOD = 0.5737454707650965 / 8.980173110961914 / 9.38569450378418
Pruned model (after finetuning) has AUROC / IND / OOD = 0.9100053965352041 / 4.381483554840088 / 6.496667385101318
Notification sent to chrome.
 
Currently running leave_3_encoder_fc4 experiment. 
Starting the process with remaining connection 14 using tech 3!
Loaded pretrained model
Pretrained model has AUROC / IND / OOD = 0.9285812619081708 / 2.7500503063201904 / 4.2608513832092285
Pruned model (before finetuning) has AUROC / IND / OOD = 0.5724735404574941 / 8.977445602416992 / 9.3761568069458
Pruned model (after finetuning) has AUROC / IND / OOD = 0.9260256170222136 / 4.084652900695801 / 6.281604290008545
Notification sent to chrome.
 
Currently running leave_3_encoder_fc4 experiment. 
Starting the process with remaining connection 15 using tech 3!
Loaded pretrained model
Pretrained model has AUROC / IND / OOD = 0.9285812619081708 / 2.7500503063201904 / 4.2608513832092285
Pruned model (before finetuning) has AUROC / IND / OOD = 0.5729682595623299 / 8.980464935302734 / 9.382223129272461
Pruned model (after finetuning) has AUROC / IND / OOD = 0.9331860483044967 / 3.8438732624053955 / 6.076705455780029
Notification sent to chrome.
 
Currently running leave_3_encoder_fc4 experiment. 
Starting the process with remaining connection 16 using tech 3!
Loaded pretrained model
Pretrained model has AUROC / IND / OOD = 0.9285812619081708 / 2.7500503063201904 / 4.2608513832092285
Pruned model (before finetuning) has AUROC / IND / OOD = 0.5730183151796825 / 8.981157302856445 / 9.383216857910156
Pruned model (after finetuning) has AUROC / IND / OOD = 0.9332383616559655 / 3.838801622390747 / 6.031479358673096
Notification sent to chrome.
 
Currently running leave_3_encoder_fc4 experiment. 
Starting the process with remaining connection 1 using tech 4!
Loaded pretrained model
Pretrained model has AUROC / IND / OOD = 0.9285812619081708 / 2.7500503063201904 / 4.2608513832092285
Pruned model (before finetuning) has AUROC / IND / OOD = 0.5843371072368638 / 8.954583168029785 / 9.416178703308105
Pruned model (after finetuning) has AUROC / IND / OOD = 0.8016366920340532 / 5.750615119934082 / 7.153433322906494
Notification sent to chrome.
 
Currently running leave_3_encoder_fc4 experiment. 
Starting the process with remaining connection 2 using tech 4!
Loaded pretrained model
Pretrained model has AUROC / IND / OOD = 0.9285812619081708 / 2.7500503063201904 / 4.2608513832092285
Pruned model (before finetuning) has AUROC / IND / OOD = 0.5827752508287536 / 8.964137077331543 / 9.417304992675781
Pruned model (after finetuning) has AUROC / IND / OOD = 0.7918712210486899 / 5.726364612579346 / 7.095212459564209
Notification sent to chrome.
 
Currently running leave_3_encoder_fc4 experiment. 
Starting the process with remaining connection 3 using tech 4!
Loaded pretrained model
Pretrained model has AUROC / IND / OOD = 0.9285812619081708 / 2.7500503063201904 / 4.2608513832092285
Pruned model (before finetuning) has AUROC / IND / OOD = 0.5790581394068217 / 9.012868881225586 / 9.444483757019043
Pruned model (after finetuning) has AUROC / IND / OOD = 0.7924632980539432 / 5.747529983520508 / 7.120556831359863
Notification sent to chrome.
 
Currently running leave_3_encoder_fc4 experiment. 
Starting the process with remaining connection 4 using tech 4!
Loaded pretrained model
Pretrained model has AUROC / IND / OOD = 0.9285812619081708 / 2.7500503063201904 / 4.2608513832092285
Pruned model (before finetuning) has AUROC / IND / OOD = 0.5828155045760415 / 8.970646858215332 / 9.422399520874023
Pruned model (after finetuning) has AUROC / IND / OOD = 0.7820241963017214 / 5.795846939086914 / 7.131402969360352
Notification sent to chrome.
 
Currently running leave_3_encoder_fc4 experiment. 
Starting the process with remaining connection 5 using tech 4!
Loaded pretrained model
Pretrained model has AUROC / IND / OOD = 0.9285812619081708 / 2.7500503063201904 / 4.2608513832092285
Pruned model (before finetuning) has AUROC / IND / OOD = 0.5717107567263957 / 8.943045616149902 / 9.330583572387695
Pruned model (after finetuning) has AUROC / IND / OOD = 0.8464894987830262 / 5.171525478363037 / 6.942716121673584
Notification sent to chrome.
 
Currently running leave_3_encoder_fc4 experiment. 
Starting the process with remaining connection 6 using tech 4!
Loaded pretrained model
Pretrained model has AUROC / IND / OOD = 0.9285812619081708 / 2.7500503063201904 / 4.2608513832092285
Pruned model (before finetuning) has AUROC / IND / OOD = 0.5716515049725217 / 8.9323148727417 / 9.318804740905762
Pruned model (after finetuning) has AUROC / IND / OOD = 0.8566744127137964 / 5.163637638092041 / 7.046228408813477
Notification sent to chrome.
 
Currently running leave_3_encoder_fc4 experiment. 
Starting the process with remaining connection 7 using tech 4!
Loaded pretrained model
Pretrained model has AUROC / IND / OOD = 0.9285812619081708 / 2.7500503063201904 / 4.2608513832092285
Pruned model (before finetuning) has AUROC / IND / OOD = 0.5763674710073899 / 8.940826416015625 / 9.358193397521973
Pruned model (after finetuning) has AUROC / IND / OOD = 0.8496160750669062 / 5.141271591186523 / 6.8989434242248535
Notification sent to chrome.
 
Currently running leave_3_encoder_fc4 experiment. 
Starting the process with remaining connection 8 using tech 4!
Loaded pretrained model
Pretrained model has AUROC / IND / OOD = 0.9285812619081708 / 2.7500503063201904 / 4.2608513832092285
Pruned model (before finetuning) has AUROC / IND / OOD = 0.5713254551261578 / 8.90034008026123 / 9.292563438415527
Pruned model (after finetuning) has AUROC / IND / OOD = 0.8497770900560578 / 5.121074676513672 / 6.919289588928223
Notification sent to chrome.
 
Currently running leave_3_encoder_fc4 experiment. 
Starting the process with remaining connection 9 using tech 4!
Loaded pretrained model
Pretrained model has AUROC / IND / OOD = 0.9285812619081708 / 2.7500503063201904 / 4.2608513832092285
Pruned model (before finetuning) has AUROC / IND / OOD = 0.5736855031443078 / 8.883187294006348 / 9.28600788116455
Pruned model (after finetuning) has AUROC / IND / OOD = 0.8861530413330544 / 4.631843090057373 / 6.657125949859619
Notification sent to chrome.
 
Currently running leave_3_encoder_fc4 experiment. 
Starting the process with remaining connection 10 using tech 4!
Loaded pretrained model
Pretrained model has AUROC / IND / OOD = 0.9285812619081708 / 2.7500503063201904 / 4.2608513832092285
Pruned model (before finetuning) has AUROC / IND / OOD = 0.576394343550039 / 8.866742134094238 / 9.282997131347656
Pruned model (after finetuning) has AUROC / IND / OOD = 0.8797208669699006 / 4.647251129150391 / 6.611427307128906
Notification sent to chrome.
 
Currently running leave_3_encoder_fc4 experiment. 
Starting the process with remaining connection 11 using tech 4!
Loaded pretrained model
Pretrained model has AUROC / IND / OOD = 0.9285812619081708 / 2.7500503063201904 / 4.2608513832092285
Pruned model (before finetuning) has AUROC / IND / OOD = 0.5735502593640899 / 8.877605438232422 / 9.276406288146973
Pruned model (after finetuning) has AUROC / IND / OOD = 0.8729200762122931 / 4.648540019989014 / 6.529249668121338
Notification sent to chrome.
 
Currently running leave_3_encoder_fc4 experiment. 
Starting the process with remaining connection 12 using tech 4!
Loaded pretrained model
Pretrained model has AUROC / IND / OOD = 0.9285812619081708 / 2.7500503063201904 / 4.2608513832092285
Pruned model (before finetuning) has AUROC / IND / OOD = 0.5757710437339618 / 8.89368724822998 / 9.305109024047852
Pruned model (after finetuning) has AUROC / IND / OOD = 0.8897684996530799 / 4.3177690505981445 / 6.265798091888428
Notification sent to chrome.
 
Currently running leave_3_encoder_fc4 experiment. 
Starting the process with remaining connection 13 using tech 4!
Loaded pretrained model
Pretrained model has AUROC / IND / OOD = 0.9285812619081708 / 2.7500503063201904 / 4.2608513832092285
Pruned model (before finetuning) has AUROC / IND / OOD = 0.5759918060771594 / 8.861959457397461 / 9.276342391967773
Pruned model (after finetuning) has AUROC / IND / OOD = 0.9331011354750602 / 4.029650688171387 / 6.324056148529053
Notification sent to chrome.
 
Currently running leave_3_encoder_fc4 experiment. 
Starting the process with remaining connection 14 using tech 4!
Loaded pretrained model
Pretrained model has AUROC / IND / OOD = 0.9285812619081708 / 2.7500503063201904 / 4.2608513832092285
Pruned model (before finetuning) has AUROC / IND / OOD = 0.5767715503474707 / 8.910481452941895 / 9.330343246459961
Pruned model (after finetuning) has AUROC / IND / OOD = 0.9338194803907531 / 3.9761321544647217 / 6.331571102142334
Notification sent to chrome.
 
Currently running leave_3_encoder_fc4 experiment. 
Starting the process with remaining connection 15 using tech 4!
Loaded pretrained model
Pretrained model has AUROC / IND / OOD = 0.9285812619081708 / 2.7500503063201904 / 4.2608513832092285
Pruned model (before finetuning) has AUROC / IND / OOD = 0.5843433848390401 / 8.857877731323242 / 9.321831703186035
Pruned model (after finetuning) has AUROC / IND / OOD = 0.9366383991013116 / 3.7262930870056152 / 5.972961902618408
Notification sent to chrome.
 
Currently running leave_3_encoder_fc4 experiment. 
Starting the process with remaining connection 16 using tech 4!
Loaded pretrained model
Pretrained model has AUROC / IND / OOD = 0.9285812619081708 / 2.7500503063201904 / 4.2608513832092285
Pruned model (before finetuning) has AUROC / IND / OOD = 0.5703066663729777 / 8.78408145904541 / 9.165939331054688
Pruned model (after finetuning) has AUROC / IND / OOD = 0.9304402030859371 / 3.5433125495910645 / 5.652484893798828
Notification sent to chrome.
 
Currently running leave_3_encoder_fc4 experiment. 
Starting the process with remaining connection 1 using tech 5!
Loaded pretrained model
Pretrained model has AUROC / IND / OOD = 0.9285812619081708 / 2.7500503063201904 / 4.2608513832092285
Pruned model (before finetuning) has AUROC / IND / OOD = 0.5843371072368638 / 8.954583168029785 / 9.416178703308105
Pruned model (after finetuning) has AUROC / IND / OOD = 0.7803544091895285 / 5.795764923095703 / 7.141887187957764
Notification sent to chrome.
 
Currently running leave_3_encoder_fc4 experiment. 
Starting the process with remaining connection 2 using tech 5!
Loaded pretrained model
Pretrained model has AUROC / IND / OOD = 0.9285812619081708 / 2.7500503063201904 / 4.2608513832092285
Pruned model (before finetuning) has AUROC / IND / OOD = 0.579660844282426 / 9.003851890563965 / 9.438197135925293
Pruned model (after finetuning) has AUROC / IND / OOD = 0.7848300091410699 / 5.773681640625 / 7.181399345397949
Notification sent to chrome.
 
Currently running leave_3_encoder_fc4 experiment. 
Starting the process with remaining connection 3 using tech 5!
Loaded pretrained model
Pretrained model has AUROC / IND / OOD = 0.9285812619081708 / 2.7500503063201904 / 4.2608513832092285
Pruned model (before finetuning) has AUROC / IND / OOD = 0.5825206224738158 / 8.965391159057617 / 9.41533374786377
Pruned model (after finetuning) has AUROC / IND / OOD = 0.7764394982323595 / 5.7836527824401855 / 7.102135181427002
Notification sent to chrome.
 
Currently running leave_3_encoder_fc4 experiment. 
Starting the process with remaining connection 4 using tech 5!
Loaded pretrained model
Pretrained model has AUROC / IND / OOD = 0.9285812619081708 / 2.7500503063201904 / 4.2608513832092285
Pruned model (before finetuning) has AUROC / IND / OOD = 0.5741715217127942 / 8.935053825378418 / 9.333992004394531
Pruned model (after finetuning) has AUROC / IND / OOD = 0.8578181477769579 / 5.169653415679932 / 7.011980056762695
Notification sent to chrome.
 
Currently running leave_3_encoder_fc4 experiment. 
Starting the process with remaining connection 5 using tech 5!
Loaded pretrained model
Pretrained model has AUROC / IND / OOD = 0.9285812619081708 / 2.7500503063201904 / 4.2608513832092285
Pruned model (before finetuning) has AUROC / IND / OOD = 0.5777234881441425 / 8.936834335327148 / 9.360969543457031
Pruned model (after finetuning) has AUROC / IND / OOD = 0.8520078414960517 / 5.119112968444824 / 6.873295307159424
Notification sent to chrome.
 
Currently running leave_3_encoder_fc4 experiment. 
Starting the process with remaining connection 6 using tech 5!
Loaded pretrained model
Pretrained model has AUROC / IND / OOD = 0.9285812619081708 / 2.7500503063201904 / 4.2608513832092285
Pruned model (before finetuning) has AUROC / IND / OOD = 0.5825298186103371 / 8.93903636932373 / 9.389041900634766
Pruned model (after finetuning) has AUROC / IND / OOD = 0.865009030936464 / 4.641454696655273 / 6.443667888641357
Notification sent to chrome.
 
Currently running leave_3_encoder_fc4 experiment. 
Starting the process with remaining connection 7 using tech 5!
Loaded pretrained model
Pretrained model has AUROC / IND / OOD = 0.9285812619081708 / 2.7500503063201904 / 4.2608513832092285
Pruned model (before finetuning) has AUROC / IND / OOD = 0.5799177303714799 / 8.94511604309082 / 9.37873649597168
Pruned model (after finetuning) has AUROC / IND / OOD = 0.8767209991299464 / 4.649341106414795 / 6.5942277908325195
Notification sent to chrome.
 
Currently running leave_3_encoder_fc4 experiment. 
Starting the process with remaining connection 8 using tech 5!
Loaded pretrained model
Pretrained model has AUROC / IND / OOD = 0.9285812619081708 / 2.7500503063201904 / 4.2608513832092285
Pruned model (before finetuning) has AUROC / IND / OOD = 0.5794840802211478 / 8.980981826782227 / 9.4104585647583
Pruned model (after finetuning) has AUROC / IND / OOD = 0.9170638443154661 / 4.280416488647461 / 6.4956278800964355
Notification sent to chrome.
 
Currently running leave_3_encoder_fc4 experiment. 
Starting the process with remaining connection 9 using tech 5!
Loaded pretrained model
Pretrained model has AUROC / IND / OOD = 0.9285812619081708 / 2.7500503063201904 / 4.2608513832092285
Pruned model (before finetuning) has AUROC / IND / OOD = 0.5806712078326854 / 8.95347785949707 / 9.389378547668457
Pruned model (after finetuning) has AUROC / IND / OOD = 0.9292248813312922 / 4.027492046356201 / 6.330885887145996
Notification sent to chrome.
 
Currently running leave_3_encoder_fc4 experiment. 
Starting the process with remaining connection 10 using tech 5!
Loaded pretrained model
Pretrained model has AUROC / IND / OOD = 0.9285812619081708 / 2.7500503063201904 / 4.2608513832092285
Pruned model (before finetuning) has AUROC / IND / OOD = 0.5790092401898699 / 8.997478485107422 / 9.42702865600586
Pruned model (after finetuning) has AUROC / IND / OOD = 0.9299230167733125 / 4.014169216156006 / 6.307652473449707
Notification sent to chrome.
 
Currently running leave_3_encoder_fc4 experiment. 
Starting the process with remaining connection 11 using tech 5!
Loaded pretrained model
Pretrained model has AUROC / IND / OOD = 0.9285812619081708 / 2.7500503063201904 / 4.2608513832092285
Pruned model (before finetuning) has AUROC / IND / OOD = 0.5860731395720218 / 8.927739143371582 / 9.398184776306152
Pruned model (after finetuning) has AUROC / IND / OOD = 0.9479146246104032 / 3.7477426528930664 / 6.141759872436523
Notification sent to chrome.
 
Currently running leave_3_encoder_fc4 experiment. 
Starting the process with remaining connection 12 using tech 5!
Loaded pretrained model
Pretrained model has AUROC / IND / OOD = 0.9285812619081708 / 2.7500503063201904 / 4.2608513832092285
Pruned model (before finetuning) has AUROC / IND / OOD = 0.5768711109153184 / 8.858441352844238 / 9.272209167480469
Pruned model (after finetuning) has AUROC / IND / OOD = 0.930208482472274 / 3.538459062576294 / 5.656348705291748
Notification sent to chrome.
 
Currently running leave_3_encoder_fc4 experiment. 
Starting the process with remaining connection 13 using tech 5!
Loaded pretrained model
Pretrained model has AUROC / IND / OOD = 0.9285812619081708 / 2.7500503063201904 / 4.2608513832092285
Pruned model (before finetuning) has AUROC / IND / OOD = 0.5763511712684061 / 8.850340843200684 / 9.260919570922852
Pruned model (after finetuning) has AUROC / IND / OOD = 0.9337678278395135 / 3.548070192337036 / 5.7225165367126465
Notification sent to chrome.
 
Currently running leave_3_encoder_fc4 experiment. 
Starting the process with remaining connection 14 using tech 5!
Loaded pretrained model
Pretrained model has AUROC / IND / OOD = 0.9285812619081708 / 2.7500503063201904 / 4.2608513832092285
Pruned model (before finetuning) has AUROC / IND / OOD = 0.5765450610689544 / 8.84951114654541 / 9.263155937194824
Pruned model (after finetuning) has AUROC / IND / OOD = 0.9345389266401611 / 3.3881704807281494 / 5.439510822296143
Notification sent to chrome.
 
Currently running leave_3_encoder_fc4 experiment. 
Starting the process with remaining connection 15 using tech 5!
Loaded pretrained model
Pretrained model has AUROC / IND / OOD = 0.9285812619081708 / 2.7500503063201904 / 4.2608513832092285
Pruned model (before finetuning) has AUROC / IND / OOD = 0.580501272040441 / 8.85439682006836 / 9.29825496673584
Pruned model (after finetuning) has AUROC / IND / OOD = 0.9286758664743004 / 3.406567096710205 / 5.3450798988342285
Notification sent to chrome.
 
Currently running leave_3_encoder_fc4 experiment. 
Starting the process with remaining connection 16 using tech 5!
Loaded pretrained model
Pretrained model has AUROC / IND / OOD = 0.9285812619081708 / 2.7500503063201904 / 4.2608513832092285
Pruned model (before finetuning) has AUROC / IND / OOD = 0.5759120144494984 / 8.874781608581543 / 9.285247802734375
Pruned model (after finetuning) has AUROC / IND / OOD = 0.9311905417460544 / 3.407177448272705 / 5.406064510345459
Notification sent to chrome.
 
Currently running leave_3_encoder_fc4 experiment. 
Starting the process with remaining connection 1 using tech 6!
Loaded pretrained model
Pretrained model has AUROC / IND / OOD = 0.9285812619081708 / 2.7500503063201904 / 4.2608513832092285
Pruned model (before finetuning) has AUROC / IND / OOD = 0.581018623553123 / 8.967303276062012 / 9.412213325500488
Pruned model (after finetuning) has AUROC / IND / OOD = 0.7869129615964934 / 5.76584005355835 / 7.134008884429932
Notification sent to chrome.
 
Currently running leave_3_encoder_fc4 experiment. 
Starting the process with remaining connection 2 using tech 6!
Loaded pretrained model
Pretrained model has AUROC / IND / OOD = 0.9285812619081708 / 2.7500503063201904 / 4.2608513832092285
Pruned model (before finetuning) has AUROC / IND / OOD = 0.5833813147721891 / 8.997735023498535 / 9.4583740234375
Pruned model (after finetuning) has AUROC / IND / OOD = 0.8563667551404751 / 5.136142253875732 / 6.953130722045898
Notification sent to chrome.
 
Currently running leave_3_encoder_fc4 experiment. 
Starting the process with remaining connection 3 using tech 6!
Loaded pretrained model
Pretrained model has AUROC / IND / OOD = 0.9285812619081708 / 2.7500503063201904 / 4.2608513832092285
Pruned model (before finetuning) has AUROC / IND / OOD = 0.5830126433110496 / 8.999300956726074 / 9.458475112915039
Pruned model (after finetuning) has AUROC / IND / OOD = 0.8706344232866 / 4.745002746582031 / 6.665196895599365
Notification sent to chrome.
 
Currently running leave_3_encoder_fc4 experiment. 
Starting the process with remaining connection 4 using tech 6!
Loaded pretrained model
Pretrained model has AUROC / IND / OOD = 0.9285812619081708 / 2.7500503063201904 / 4.2608513832092285
Pruned model (before finetuning) has AUROC / IND / OOD = 0.5830126433110496 / 8.999300956726074 / 9.458475112915039
Pruned model (after finetuning) has AUROC / IND / OOD = 0.8788411766649411 / 4.689358711242676 / 6.610218524932861
Notification sent to chrome.
 
Currently running leave_3_encoder_fc4 experiment. 
Starting the process with remaining connection 5 using tech 6!
Loaded pretrained model
Pretrained model has AUROC / IND / OOD = 0.9285812619081708 / 2.7500503063201904 / 4.2608513832092285
Pruned model (before finetuning) has AUROC / IND / OOD = 0.5825513496844679 / 9.002354621887207 / 9.459015846252441
Pruned model (after finetuning) has AUROC / IND / OOD = 0.9016437405698301 / 4.382277488708496 / 6.4078474044799805
Notification sent to chrome.
 
Currently running leave_3_encoder_fc4 experiment. 
Starting the process with remaining connection 6 using tech 6!
Loaded pretrained model
Pretrained model has AUROC / IND / OOD = 0.9285812619081708 / 2.7500503063201904 / 4.2608513832092285
Pruned model (before finetuning) has AUROC / IND / OOD = 0.5825513496844679 / 9.002354621887207 / 9.459015846252441
Pruned model (after finetuning) has AUROC / IND / OOD = 0.9158556261632838 / 4.3768439292907715 / 6.615005970001221
Notification sent to chrome.
 
Currently running leave_3_encoder_fc4 experiment. 
Starting the process with remaining connection 7 using tech 6!
Loaded pretrained model
Pretrained model has AUROC / IND / OOD = 0.9285812619081708 / 2.7500503063201904 / 4.2608513832092285
Pruned model (before finetuning) has AUROC / IND / OOD = 0.5847028050969725 / 9.000662803649902 / 9.469202041625977
Pruned model (after finetuning) has AUROC / IND / OOD = 0.9238020793180541 / 4.108490943908691 / 6.256752014160156
Notification sent to chrome.
 
Currently running leave_3_encoder_fc4 experiment. 
Starting the process with remaining connection 8 using tech 6!
Loaded pretrained model
Pretrained model has AUROC / IND / OOD = 0.9285812619081708 / 2.7500503063201904 / 4.2608513832092285
Pruned model (before finetuning) has AUROC / IND / OOD = 0.5847028050969725 / 9.000662803649902 / 9.469202041625977
Pruned model (after finetuning) has AUROC / IND / OOD = 0.9293931100562782 / 4.108419418334961 / 6.360883712768555
Notification sent to chrome.
 
Currently running leave_3_encoder_fc4 experiment. 
Starting the process with remaining connection 9 using tech 6!
Loaded pretrained model
Pretrained model has AUROC / IND / OOD = 0.9285812619081708 / 2.7500503063201904 / 4.2608513832092285
Pruned model (before finetuning) has AUROC / IND / OOD = 0.5904294650822146 / 9.018004417419434 / 9.515562057495117
Pruned model (after finetuning) has AUROC / IND / OOD = 0.9275895108976971 / 4.085598468780518 / 6.291967868804932
Notification sent to chrome.
 
Currently running leave_3_encoder_fc4 experiment. 
Starting the process with remaining connection 10 using tech 6!
Loaded pretrained model
Pretrained model has AUROC / IND / OOD = 0.9285812619081708 / 2.7500503063201904 / 4.2608513832092285
Pruned model (before finetuning) has AUROC / IND / OOD = 0.5904294650822146 / 9.018004417419434 / 9.515562057495117
Pruned model (after finetuning) has AUROC / IND / OOD = 0.9269620810801881 / 4.068631649017334 / 6.302363395690918
Notification sent to chrome.
 
Currently running leave_3_encoder_fc4 experiment. 
Starting the process with remaining connection 11 using tech 6!
Loaded pretrained model
Pretrained model has AUROC / IND / OOD = 0.9285812619081708 / 2.7500503063201904 / 4.2608513832092285
Pruned model (before finetuning) has AUROC / IND / OOD = 0.5904294650822146 / 9.018004417419434 / 9.515562057495117
Pruned model (after finetuning) has AUROC / IND / OOD = 0.9157839844051148 / 4.1028265953063965 / 6.167928218841553
Notification sent to chrome.
 
Currently running leave_3_encoder_fc4 experiment. 
Starting the process with remaining connection 12 using tech 6!
Loaded pretrained model
Pretrained model has AUROC / IND / OOD = 0.9285812619081708 / 2.7500503063201904 / 4.2608513832092285
Pruned model (before finetuning) has AUROC / IND / OOD = 0.590413550810031 / 9.018025398254395 / 9.515495300292969
Pruned model (after finetuning) has AUROC / IND / OOD = 0.9136083547175631 / 4.091219425201416 / 6.16313362121582
Notification sent to chrome.
 
Currently running leave_3_encoder_fc4 experiment. 
Starting the process with remaining connection 13 using tech 6!
Loaded pretrained model
Pretrained model has AUROC / IND / OOD = 0.9285812619081708 / 2.7500503063201904 / 4.2608513832092285
Pruned model (before finetuning) has AUROC / IND / OOD = 0.5890018612539786 / 9.022088050842285 / 9.511865615844727
Pruned model (after finetuning) has AUROC / IND / OOD = 0.9404837608343704 / 3.877126455307007 / 6.317859172821045
Notification sent to chrome.
 
Currently running leave_3_encoder_fc4 experiment. 
Starting the process with remaining connection 14 using tech 6!
Loaded pretrained model
Pretrained model has AUROC / IND / OOD = 0.9285812619081708 / 2.7500503063201904 / 4.2608513832092285
Pruned model (before finetuning) has AUROC / IND / OOD = 0.5939621581735482 / 9.021127700805664 / 9.538036346435547
Pruned model (after finetuning) has AUROC / IND / OOD = 0.92218097115607 / 3.725644588470459 / 5.658402442932129
Notification sent to chrome.
 
Currently running leave_3_encoder_fc4 experiment. 
Starting the process with remaining connection 15 using tech 6!
Loaded pretrained model
Pretrained model has AUROC / IND / OOD = 0.9285812619081708 / 2.7500503063201904 / 4.2608513832092285
Pruned model (before finetuning) has AUROC / IND / OOD = 0.5939621581735482 / 9.021127700805664 / 9.538036346435547
Pruned model (after finetuning) has AUROC / IND / OOD = 0.9262735272414895 / 3.716876268386841 / 5.707863807678223
Notification sent to chrome.
 
Currently running leave_3_encoder_fc4 experiment. 
Starting the process with remaining connection 16 using tech 6!
Loaded pretrained model
Pretrained model has AUROC / IND / OOD = 0.9285812619081708 / 2.7500503063201904 / 4.2608513832092285
Pruned model (before finetuning) has AUROC / IND / OOD = 0.5939621581735482 / 9.021127700805664 / 9.538036346435547
Pruned model (after finetuning) has AUROC / IND / OOD = 0.9182875362063458 / 3.7085671424865723 / 5.6257195472717285
Notification sent to chrome.
 
Currently running leave_3_encoder_fc4 experiment. 
Starting the process with remaining connection 1 using tech 7!
Loaded pretrained model
Pretrained model has AUROC / IND / OOD = 0.9285812619081708 / 2.7500503063201904 / 4.2608513832092285
Pruned model (before finetuning) has AUROC / IND / OOD = 0.581018623553123 / 8.967303276062012 / 9.412213325500488
Pruned model (after finetuning) has AUROC / IND / OOD = 0.7868219914316237 / 5.753079891204834 / 7.127415657043457
Notification sent to chrome.
 
Currently running leave_3_encoder_fc4 experiment. 
Starting the process with remaining connection 2 using tech 7!
Loaded pretrained model
Pretrained model has AUROC / IND / OOD = 0.9285812619081708 / 2.7500503063201904 / 4.2608513832092285
Pruned model (before finetuning) has AUROC / IND / OOD = 0.5833813147721891 / 8.997735023498535 / 9.4583740234375
Pruned model (after finetuning) has AUROC / IND / OOD = 0.8543520303087039 / 5.137772560119629 / 6.95255184173584
Notification sent to chrome.
 
Currently running leave_3_encoder_fc4 experiment. 
Starting the process with remaining connection 3 using tech 7!
Loaded pretrained model
Pretrained model has AUROC / IND / OOD = 0.9285812619081708 / 2.7500503063201904 / 4.2608513832092285
Pruned model (before finetuning) has AUROC / IND / OOD = 0.5830126433110496 / 8.999300956726074 / 9.458475112915039
Pruned model (after finetuning) has AUROC / IND / OOD = 0.8911695062720956 / 4.676985740661621 / 6.700098991394043
Notification sent to chrome.
 
Currently running leave_3_encoder_fc4 experiment. 
Starting the process with remaining connection 4 using tech 7!
Loaded pretrained model
Pretrained model has AUROC / IND / OOD = 0.9285812619081708 / 2.7500503063201904 / 4.2608513832092285
Pruned model (before finetuning) has AUROC / IND / OOD = 0.5830126433110496 / 8.999300956726074 / 9.458475112915039
Pruned model (after finetuning) has AUROC / IND / OOD = 0.8759580501987908 / 4.700308322906494 / 6.635776996612549
Notification sent to chrome.
 
Currently running leave_3_encoder_fc4 experiment. 
Starting the process with remaining connection 5 using tech 7!
Loaded pretrained model
Pretrained model has AUROC / IND / OOD = 0.9285812619081708 / 2.7500503063201904 / 4.2608513832092285
Pruned model (before finetuning) has AUROC / IND / OOD = 0.5825513496844679 / 9.002354621887207 / 9.459015846252441
Pruned model (after finetuning) has AUROC / IND / OOD = 0.882890670602099 / 4.38368558883667 / 6.2515106201171875
Notification sent to chrome.
 
Currently running leave_3_encoder_fc4 experiment. 
Starting the process with remaining connection 6 using tech 7!
Loaded pretrained model
Pretrained model has AUROC / IND / OOD = 0.9285812619081708 / 2.7500503063201904 / 4.2608513832092285
Pruned model (before finetuning) has AUROC / IND / OOD = 0.5825513496844679 / 9.002354621887207 / 9.459015846252441
Pruned model (after finetuning) has AUROC / IND / OOD = 0.9159407592594633 / 4.3847737312316895 / 6.640926361083984
Notification sent to chrome.
 
Currently running leave_3_encoder_fc4 experiment. 
Starting the process with remaining connection 7 using tech 7!
Loaded pretrained model
Pretrained model has AUROC / IND / OOD = 0.9285812619081708 / 2.7500503063201904 / 4.2608513832092285
Pruned model (before finetuning) has AUROC / IND / OOD = 0.5825513496844679 / 9.002354621887207 / 9.459015846252441
Pruned model (after finetuning) has AUROC / IND / OOD = 0.9102390995495544 / 4.375885486602783 / 6.5603227615356445
Notification sent to chrome.
 
Currently running leave_3_encoder_fc4 experiment. 
Starting the process with remaining connection 8 using tech 7!
Loaded pretrained model
Pretrained model has AUROC / IND / OOD = 0.9285812619081708 / 2.7500503063201904 / 4.2608513832092285
Pruned model (before finetuning) has AUROC / IND / OOD = 0.5847028050969725 / 9.000662803649902 / 9.469202041625977
Pruned model (after finetuning) has AUROC / IND / OOD = 0.931547869469928 / 4.098026275634766 / 6.368764877319336
Notification sent to chrome.
 
Currently running leave_3_encoder_fc4 experiment. 
Starting the process with remaining connection 9 using tech 7!
Loaded pretrained model
Pretrained model has AUROC / IND / OOD = 0.9285812619081708 / 2.7500503063201904 / 4.2608513832092285
Pruned model (before finetuning) has AUROC / IND / OOD = 0.5847028050969725 / 9.000662803649902 / 9.469202041625977
Pruned model (after finetuning) has AUROC / IND / OOD = 0.9295677265168119 / 4.108616828918457 / 6.334917068481445
Notification sent to chrome.
 
Currently running leave_3_encoder_fc4 experiment. 
Starting the process with remaining connection 10 using tech 7!
Loaded pretrained model
Pretrained model has AUROC / IND / OOD = 0.9285812619081708 / 2.7500503063201904 / 4.2608513832092285
Pruned model (before finetuning) has AUROC / IND / OOD = 0.5904294650822146 / 9.018004417419434 / 9.515562057495117
Pruned model (after finetuning) has AUROC / IND / OOD = 0.9254111278758577 / 4.0748467445373535 / 6.270414352416992
Notification sent to chrome.
 
Currently running leave_3_encoder_fc4 experiment. 
Starting the process with remaining connection 11 using tech 7!
Loaded pretrained model
Pretrained model has AUROC / IND / OOD = 0.9285812619081708 / 2.7500503063201904 / 4.2608513832092285
Pruned model (before finetuning) has AUROC / IND / OOD = 0.5903100805074946 / 9.018336296081543 / 9.515161514282227
Pruned model (after finetuning) has AUROC / IND / OOD = 0.9266662628443044 / 4.064888000488281 / 6.24754524230957
Notification sent to chrome.
 
Currently running leave_3_encoder_fc4 experiment. 
Starting the process with remaining connection 12 using tech 7!
Loaded pretrained model
Pretrained model has AUROC / IND / OOD = 0.9285812619081708 / 2.7500503063201904 / 4.2608513832092285
Pruned model (before finetuning) has AUROC / IND / OOD = 0.5903100805074946 / 9.018336296081543 / 9.515161514282227
Pruned model (after finetuning) has AUROC / IND / OOD = 0.923721186356678 / 4.089872360229492 / 6.244223117828369
Notification sent to chrome.
 
Currently running leave_3_encoder_fc4 experiment. 
Starting the process with remaining connection 13 using tech 7!
Loaded pretrained model
Pretrained model has AUROC / IND / OOD = 0.9285812619081708 / 2.7500503063201904 / 4.2608513832092285
Pruned model (before finetuning) has AUROC / IND / OOD = 0.5903100805074946 / 9.018336296081543 / 9.515161514282227
Pruned model (after finetuning) has AUROC / IND / OOD = 0.9230315862509498 / 4.03991174697876 / 6.156248569488525
Notification sent to chrome.
 
Currently running leave_3_encoder_fc4 experiment. 
Starting the process with remaining connection 14 using tech 7!
Loaded pretrained model
Pretrained model has AUROC / IND / OOD = 0.9285812619081708 / 2.7500503063201904 / 4.2608513832092285
Pruned model (before finetuning) has AUROC / IND / OOD = 0.5902909723675371 / 9.018357276916504 / 9.515094757080078
Pruned model (after finetuning) has AUROC / IND / OOD = 0.9206223086157337 / 4.095759868621826 / 6.231675148010254
Notification sent to chrome.
 
Currently running leave_3_encoder_fc4 experiment. 
Starting the process with remaining connection 15 using tech 7!
Loaded pretrained model
Pretrained model has AUROC / IND / OOD = 0.9285812619081708 / 2.7500503063201904 / 4.2608513832092285
Pruned model (before finetuning) has AUROC / IND / OOD = 0.5888958028172115 / 9.022216796875 / 9.51141357421875
Pruned model (after finetuning) has AUROC / IND / OOD = 0.9358821132391325 / 3.8678531646728516 / 6.151614665985107
Notification sent to chrome.
 
Currently running leave_3_encoder_fc4 experiment. 
Starting the process with remaining connection 16 using tech 7!
Loaded pretrained model
Pretrained model has AUROC / IND / OOD = 0.9285812619081708 / 2.7500503063201904 / 4.2608513832092285
Pruned model (before finetuning) has AUROC / IND / OOD = 0.5938146895890923 / 9.021305084228516 / 9.53739070892334
Pruned model (after finetuning) has AUROC / IND / OOD = 0.9224995869998568 / 3.710671901702881 / 5.664406776428223
Notification sent to chrome.
 
Currently running leave_3_encoder_fc4 experiment. 
Starting the process with remaining connection 1 using tech 8!
Loaded pretrained model
Pretrained model has AUROC / IND / OOD = 0.9285812619081708 / 2.7500503063201904 / 4.2608513832092285
Pruned model (before finetuning) has AUROC / IND / OOD = 0.5682940340752651 / 8.977455139160156 / 9.354780197143555
Pruned model (after finetuning) has AUROC / IND / OOD = 0.80760647143691 / 5.754809856414795 / 7.233249664306641
Notification sent to chrome.
 
Currently running leave_3_encoder_fc4 experiment. 
Starting the process with remaining connection 2 using tech 8!
Loaded pretrained model
Pretrained model has AUROC / IND / OOD = 0.9285812619081708 / 2.7500503063201904 / 4.2608513832092285
Pruned model (before finetuning) has AUROC / IND / OOD = 0.5773010715977047 / 8.933314323425293 / 9.359147071838379
Pruned model (after finetuning) has AUROC / IND / OOD = 0.7880597803940572 / 5.768333435058594 / 7.1056342124938965
Notification sent to chrome.
 
Currently running leave_3_encoder_fc4 experiment. 
Starting the process with remaining connection 3 using tech 8!
Loaded pretrained model
Pretrained model has AUROC / IND / OOD = 0.9285812619081708 / 2.7500503063201904 / 4.2608513832092285
Pruned model (before finetuning) has AUROC / IND / OOD = 0.5717844910186236 / 8.981701850891113 / 9.378239631652832
Pruned model (after finetuning) has AUROC / IND / OOD = 0.6229099439421139 / 7.182104110717773 / 7.5387959480285645
Notification sent to chrome.
 
Currently running leave_3_encoder_fc4 experiment. 
Starting the process with remaining connection 4 using tech 8!
Loaded pretrained model
Pretrained model has AUROC / IND / OOD = 0.9285812619081708 / 2.7500503063201904 / 4.2608513832092285
Pruned model (before finetuning) has AUROC / IND / OOD = 0.574015572858732 / 8.978796005249023 / 9.387275695800781
Pruned model (after finetuning) has AUROC / IND / OOD = 0.8442105639929954 / 5.178138256072998 / 6.948772430419922
Notification sent to chrome.
 
Currently running leave_3_encoder_fc4 experiment. 
Starting the process with remaining connection 5 using tech 8!
Loaded pretrained model
Pretrained model has AUROC / IND / OOD = 0.9285812619081708 / 2.7500503063201904 / 4.2608513832092285
Pruned model (before finetuning) has AUROC / IND / OOD = 0.5692213570634037 / 9.0404052734375 / 9.424627304077148
Pruned model (after finetuning) has AUROC / IND / OOD = 0.8816591592418418 / 5.109747886657715 / 7.170448303222656
Notification sent to chrome.
 
Currently running leave_3_encoder_fc4 experiment. 
Starting the process with remaining connection 6 using tech 8!
Loaded pretrained model
Pretrained model has AUROC / IND / OOD = 0.9285812619081708 / 2.7500503063201904 / 4.2608513832092285
Pruned model (before finetuning) has AUROC / IND / OOD = 0.5752820515644446 / 8.963262557983398 / 9.380465507507324
Pruned model (after finetuning) has AUROC / IND / OOD = 0.9122033282304871 / 4.400049209594727 / 6.506791591644287
Notification sent to chrome.
 
Currently running leave_3_encoder_fc4 experiment. 
Starting the process with remaining connection 7 using tech 8!
Loaded pretrained model
Pretrained model has AUROC / IND / OOD = 0.9285812619081708 / 2.7500503063201904 / 4.2608513832092285
Pruned model (before finetuning) has AUROC / IND / OOD = 0.5823060826661087 / 9.039572715759277 / 9.499560356140137
Pruned model (after finetuning) has AUROC / IND / OOD = 0.8441963017213845 / 5.169772624969482 / 6.9237470626831055
Notification sent to chrome.
 
Currently running leave_3_encoder_fc4 experiment. 
Starting the process with remaining connection 8 using tech 8!
Loaded pretrained model
Pretrained model has AUROC / IND / OOD = 0.9285812619081708 / 2.7500503063201904 / 4.2608513832092285
Pruned model (before finetuning) has AUROC / IND / OOD = 0.5607572770625228 / 9.093086242675781 / 9.435404777526855
Pruned model (after finetuning) has AUROC / IND / OOD = 0.9261328318593818 / 4.0446929931640625 / 6.319899082183838
Notification sent to chrome.
 
Currently running leave_3_encoder_fc4 experiment. 
Starting the process with remaining connection 9 using tech 8!
Loaded pretrained model
Pretrained model has AUROC / IND / OOD = 0.9285812619081708 / 2.7500503063201904 / 4.2608513832092285
Pruned model (before finetuning) has AUROC / IND / OOD = 0.591795008755603 / 8.952362060546875 / 9.446670532226562
Pruned model (after finetuning) has AUROC / IND / OOD = 0.9284718444035727 / 4.066187858581543 / 6.367146968841553
Notification sent to chrome.
 
Currently running leave_3_encoder_fc4 experiment. 
Starting the process with remaining connection 10 using tech 8!
Loaded pretrained model
Pretrained model has AUROC / IND / OOD = 0.9285812619081708 / 2.7500503063201904 / 4.2608513832092285
Pruned model (before finetuning) has AUROC / IND / OOD = 0.5818444586394124 / 9.001259803771973 / 9.453625679016113
Pruned model (after finetuning) has AUROC / IND / OOD = 0.9372539345146973 / 4.011162757873535 / 6.364806175231934
Notification sent to chrome.
 
Currently running leave_3_encoder_fc4 experiment. 
Starting the process with remaining connection 11 using tech 8!
Loaded pretrained model
Pretrained model has AUROC / IND / OOD = 0.9285812619081708 / 2.7500503063201904 / 4.2608513832092285
Pruned model (before finetuning) has AUROC / IND / OOD = 0.5733839029064197 / 8.94919490814209 / 9.35758113861084
Pruned model (after finetuning) has AUROC / IND / OOD = 0.8634562054648179 / 4.695600986480713 / 6.507779121398926
Notification sent to chrome.
 
Currently running leave_3_encoder_fc4 experiment. 
Starting the process with remaining connection 12 using tech 8!
Loaded pretrained model
Pretrained model has AUROC / IND / OOD = 0.9285812619081708 / 2.7500503063201904 / 4.2608513832092285
Pruned model (before finetuning) has AUROC / IND / OOD = 0.5701540765867465 / 8.96618366241455 / 9.357799530029297
Pruned model (after finetuning) has AUROC / IND / OOD = 0.9296216918688531 / 3.8407022953033447 / 5.975769996643066
Notification sent to chrome.
 
Currently running leave_3_encoder_fc4 experiment. 
Starting the process with remaining connection 13 using tech 8!
Loaded pretrained model
Pretrained model has AUROC / IND / OOD = 0.9285812619081708 / 2.7500503063201904 / 4.2608513832092285
Pruned model (before finetuning) has AUROC / IND / OOD = 0.573821793191555 / 8.889102935791016 / 9.30385971069336
Pruned model (after finetuning) has AUROC / IND / OOD = 0.9222911595942687 / 3.793321371078491 / 5.912570476531982
Notification sent to chrome.
 
Currently running leave_3_encoder_fc4 experiment. 
Starting the process with remaining connection 14 using tech 8!
Loaded pretrained model
Pretrained model has AUROC / IND / OOD = 0.9285812619081708 / 2.7500503063201904 / 4.2608513832092285
Pruned model (before finetuning) has AUROC / IND / OOD = 0.5783800482384167 / 8.985685348510742 / 9.419235229492188
Pruned model (after finetuning) has AUROC / IND / OOD = 0.9179017390059363 / 4.341126441955566 / 6.6148200035095215
Notification sent to chrome.
 
Currently running leave_3_encoder_fc4 experiment. 
Starting the process with remaining connection 15 using tech 8!
Loaded pretrained model
Pretrained model has AUROC / IND / OOD = 0.9285812619081708 / 2.7500503063201904 / 4.2608513832092285
Pruned model (before finetuning) has AUROC / IND / OOD = 0.5769628520137887 / 8.973474502563477 / 9.392637252807617
Pruned model (after finetuning) has AUROC / IND / OOD = 0.9224368109780946 / 4.082151412963867 / 6.203150272369385
Notification sent to chrome.
 
Currently running leave_3_encoder_fc4 experiment. 
Starting the process with remaining connection 16 using tech 8!
Loaded pretrained model
Pretrained model has AUROC / IND / OOD = 0.9285812619081708 / 2.7500503063201904 / 4.2608513832092285
Pruned model (before finetuning) has AUROC / IND / OOD = 0.5719516734765802 / 9.010544776916504 / 9.406363487243652
Pruned model (after finetuning) has AUROC / IND / OOD = 0.913282084604456 / 4.043768882751465 / 6.081330299377441
Notification sent to chrome.
